**** The Simulator log: stage 2
0.0,OOP_Ex0_Elevator_Simulator
0.0,Simulated Building, ex0.simulator.Builging_A [-2,10]
0) ex0.simulator.Elevator_A, Elev_0, speed: 1.0, open/close: 2.0,  start/stop: 3.0
1) ex0.simulator.Elevator_A, Elev_1, speed: 1.0, open/close: 2.0,  start/stop: 3.0
0.0,Simulated Period starTime,0.0,  endTime,1000.0,  dt,1.0
0.0,Simulated  calls,Elevetor log, size: 100
0.0,**** Simulation starts!! ****
5.0, elevID,0,  pos,-2,  cmd, goto,0
5.0,Elevator call,4.374727290393253,0,-1,1,0, got allocated to elevator, 0
, elevID,0,  pos,0,  WRONG cmd, stop,0,  the elevator is not moving!
17.0, elevID,0,  pos,0,  cmd, goto,-1
17.0,Elevator call,16.957882888088932,-1,0,1,0, got allocated to elevator, 0
23.0, elevID,1,  pos,-2,  cmd, goto,0
23.0,Elevator call,22.094056301593582,0,-1,1,1, got allocated to elevator, 1
, elevID,0,  pos,-1,  WRONG cmd, stop,-1,  the elevator is not moving!
28.0,Elev,0,  arrived at src, -1, Elevator call,16.957882888088932,-1,0,2,0
, elevID,1,  pos,0,  WRONG cmd, stop,0,  the elevator is not moving!
35.0,Elev,1,  arrived at src, 0, Elevator call,22.094056301593582,0,-1,2,1
86.0, elevID,0,  pos,-1,  cmd, goto,3
86.0,Elevator call,85.5209666204754,3,2,1,0, got allocated to elevator, 0
92.0, elevID,1,  pos,0,  cmd, goto,-1
92.0,Elevator call,91.21019413453945,-1,-2,1,1, got allocated to elevator, 1
, elevID,0,  pos,3,  WRONG cmd, stop,3,  the elevator is not moving!
, elevID,1,  pos,-1,  WRONG cmd, stop,-1,  the elevator is not moving!
100.0,Elev,0,  arrived at src, 3, Elevator call,85.5209666204754,3,2,2,0
103.0,Elev,1,  arrived at dest, -1, this call is done!, Elevator call,22.094056301593582,0,-1,3,1, Done, dt, 80.90594369840642
103.0,Elev,1,  arrived at src, -1, Elevator call,91.21019413453945,-1,-2,2,1
105.0, elevID,0,  pos,3,  cmd, goto,0
105.0,Elevator call,104.13701241869234,0,4,1,0, got allocated to elevator, 0
, elevID,1,  pos,-1,  WRONG cmd, stop,-1,  the elevator is not moving!
110.0, elevID,1,  pos,-1,  cmd, goto,0
110.0,Elevator call,109.21352909346587,-1,0,1,1, got allocated to elevator, 1
, elevID,0,  pos,0,  WRONG cmd, stop,0,  the elevator is not moving!
115.0,Elevator call,114.39235096774041,3,0,1,1, got allocated to elevator, 1
118.0,Elev,0,  arrived at src, 0, Elevator call,4.374727290393253,0,-1,2,0
118.0,Elev,0,  arrived at dest, 0, this call is done!, Elevator call,16.957882888088932,-1,0,3,0, Done, dt, 101.04211711191107
118.0,Elev,0,  arrived at src, 0, Elevator call,104.13701241869234,0,4,2,0
121.0, elevID,1,  pos,0,  cmd, goto,3
, elevID,0,  pos,0,  WRONG cmd, stop,0,  the elevator is not moving!
125.0, elevID,0,  pos,0,  cmd, goto,9
125.0,Elevator call,124.42557095980362,0,9,1,0, got allocated to elevator, 0
, elevID,1,  pos,3,  WRONG cmd, stop,3,  the elevator is not moving!
131.0,Elevator call,130.02495678190564,8,10,1,1, got allocated to elevator, 1
131.0,Elevator call,130.224911275492,-1,1,1,0, got allocated to elevator, 0
134.0,Elev,1,  arrived at src, 3, Elevator call,114.39235096774041,3,0,2,1
134.0, elevID,1,  pos,3,  cmd, goto,8
138.0,Elevator call,137.9515274326701,0,4,1,0, got allocated to elevator, 0
144.0, elevID,0,  pos,9,  cmd, goto,-1
144.0,Elevator call,143.91335838799415,0,6,1,0, got allocated to elevator, 0
, elevID,1,  pos,8,  WRONG cmd, stop,8,  the elevator is not moving!
149.0,Elev,1,  arrived at src, 8, Elevator call,130.02495678190564,8,10,2,1
, elevID,0,  pos,-1,  WRONG cmd, stop,-1,  the elevator is not moving!
, elevID,0,  pos,-1,  WRONG cmd, stop,-1,  the elevator is not moving!
, elevID,0,  pos,-1,  WRONG cmd, stop,1,  the elevator is not moving!
164.0,Elev,0,  arrived at dest, -1, this call is done!, Elevator call,4.374727290393253,0,-1,3,0, Done, dt, 159.62527270960675
164.0,Elev,0,  arrived at src, -1, Elevator call,130.224911275492,-1,1,2,0
164.0, elevID,0,  pos,-1,  cmd, goto,0
170.0, elevID,1,  pos,8,  cmd, goto,-1
170.0,Elevator call,169.78458339380109,-1,0,1,1, got allocated to elevator, 1
, elevID,0,  pos,0,  WRONG cmd, stop,0,  the elevator is not moving!
, elevID,0,  pos,0,  WRONG cmd, stop,0,  the elevator is not moving!
171.0,Elevator call,170.0099620835246,0,6,1,0, got allocated to elevator, 0
172.0,Elevator call,171.21173315221364,-1,8,1,1, got allocated to elevator, 1
, elevID,0,  pos,0,  WRONG cmd, stop,0,  the elevator is not moving!
175.0, elevID,0,  pos,0,  cmd, goto,-1
175.0,Elevator call,174.84385152106802,0,-1,1,0, got allocated to elevator, 0
, elevID,1,  pos,-1,  WRONG cmd, stop,-1,  the elevator is not moving!
, elevID,1,  pos,-1,  WRONG cmd, stop,-1,  the elevator is not moving!
, elevID,0,  pos,-1,  WRONG cmd, stop,-1,  the elevator is not moving!
188.0, elevID,0,  pos,-1,  cmd, goto,-2
188.0,Elevator call,187.11678617348463,-1,-2,1,0, got allocated to elevator, 0
, elevID,0,  pos,-1,  cmd, stop,-1
188.0,Elevator call,187.7299317966884,-1,-2,1,0, got allocated to elevator, 0
189.0,Elev,1,  arrived at src, -1, Elevator call,109.21352909346587,-1,0,2,1
189.0,Elev,1,  arrived at src, -1, Elevator call,169.78458339380109,-1,0,2,1
189.0,Elev,1,  arrived at src, -1, Elevator call,171.21173315221364,-1,8,2,1
196.0,Elevator call,195.90869649656992,0,7,1,0, got allocated to elevator, 0
, elevID,1,  pos,-1,  WRONG cmd, stop,-1,  the elevator is not moving!
198.0, elevID,1,  pos,-1,  cmd, goto,1
198.0,Elevator call,197.5359191292572,-1,1,1,1, got allocated to elevator, 1
198.0,Elev,0,  arrived at src, -1, Elevator call,187.11678617348463,-1,-2,2,0
198.0,Elev,0,  arrived at src, -1, Elevator call,187.7299317966884,-1,-2,2,0
198.0, elevID,0,  pos,-1,  cmd, goto,0
, elevID,0,  pos,0,  WRONG cmd, stop,0,  the elevator is not moving!
206.0,Elevator call,205.9895199338651,-1,0,1,0, got allocated to elevator, 0
209.0,Elev,0,  arrived at src, 0, Elevator call,124.42557095980362,0,9,2,0
209.0,Elev,0,  arrived at src, 0, Elevator call,137.9515274326701,0,4,2,0
209.0,Elev,0,  arrived at src, 0, Elevator call,143.91335838799415,0,6,2,0
209.0,Elev,0,  arrived at src, 0, Elevator call,170.0099620835246,0,6,2,0
209.0,Elev,0,  arrived at src, 0, Elevator call,174.84385152106802,0,-1,2,0
209.0,Elev,0,  arrived at src, 0, Elevator call,195.90869649656992,0,7,2,0
209.0, elevID,0,  pos,0,  cmd, goto,-1
, elevID,0,  pos,-1,  WRONG cmd, stop,-1,  the elevator is not moving!
220.0,Elev,0,  arrived at dest, -1, this call is done!, Elevator call,174.84385152106802,0,-1,3,0, Done, dt, 45.15614847893198
220.0,Elev,0,  arrived at src, -1, Elevator call,205.9895199338651,-1,0,2,0
228.0, elevID,1,  pos,1,  cmd, goto,-1
228.0,Elevator call,227.0798304557929,-1,5,1,1, got allocated to elevator, 1
, elevID,0,  pos,-1,  WRONG cmd, stop,-1,  the elevator is not moving!
232.0, elevID,0,  pos,-1,  cmd, goto,0
232.0,Elevator call,231.51578817426258,-1,0,1,0, got allocated to elevator, 0
233.0,Elevator call,232.95043623946805,0,-1,1,0, got allocated to elevator, 0
, elevID,1,  pos,-1,  WRONG cmd, stop,-1,  the elevator is not moving!
, elevID,0,  pos,0,  WRONG cmd, stop,0,  the elevator is not moving!
240.0,Elev,1,  arrived at src, -1, Elevator call,197.5359191292572,-1,1,2,1
240.0,Elev,1,  arrived at src, -1, Elevator call,227.0798304557929,-1,5,2,1
243.0,Elev,0,  arrived at dest, 0, this call is done!, Elevator call,205.9895199338651,-1,0,3,0, Done, dt, 37.0104800661349
243.0,Elev,0,  arrived at src, 0, Elevator call,232.95043623946805,0,-1,2,0
252.0, elevID,0,  pos,0,  cmd, goto,-1
252.0,Elevator call,251.10444690749756,-1,-2,1,0, got allocated to elevator, 0
252.0, elevID,1,  pos,-1,  cmd, goto,0
252.0,Elevator call,251.23593354161653,0,9,1,1, got allocated to elevator, 1
255.0,Elevator call,254.69771525200505,3,4,1,0, got allocated to elevator, 0
258.0,Elevator call,257.7974435335086,-1,0,1,1, got allocated to elevator, 1
, elevID,0,  pos,-1,  WRONG cmd, stop,-1,  the elevator is not moving!
263.0,Elev,0,  arrived at src, -1, Elevator call,231.51578817426258,-1,0,2,0
263.0,Elev,0,  arrived at dest, -1, this call is done!, Elevator call,232.95043623946805,0,-1,3,0, Done, dt, 30.049563760531953
263.0,Elev,0,  arrived at src, -1, Elevator call,251.10444690749756,-1,-2,2,0
263.0, elevID,0,  pos,-1,  cmd, goto,3
263.0,Elev,1,  arrived at dest, 0, this call is done!, Elevator call,109.21352909346587,-1,0,3,1, Done, dt, 153.78647090653413
263.0,Elev,1,  arrived at dest, 0, this call is done!, Elevator call,114.39235096774041,3,0,3,1, Done, dt, 148.6076490322596
263.0,Elev,1,  arrived at dest, 0, this call is done!, Elevator call,169.78458339380109,-1,0,3,1, Done, dt, 93.21541660619891
263.0,Elev,1,  arrived at src, 0, Elevator call,251.23593354161653,0,9,2,1
263.0, elevID,1,  pos,0,  cmd, goto,-1
, elevID,1,  pos,-1,  WRONG cmd, stop,-1,  the elevator is not moving!
, elevID,0,  pos,3,  WRONG cmd, stop,3,  the elevator is not moving!
274.0,Elev,1,  arrived at src, -1, Elevator call,257.7974435335086,-1,0,2,1
274.0, elevID,1,  pos,-1,  cmd, goto,0
277.0,Elev,0,  arrived at src, 3, Elevator call,254.69771525200505,3,4,2,0
, elevID,1,  pos,0,  WRONG cmd, stop,0,  the elevator is not moving!
285.0,Elev,1,  arrived at dest, 0, this call is done!, Elevator call,257.7974435335086,-1,0,3,1, Done, dt, 27.202556466491387
296.0, elevID,0,  pos,3,  cmd, goto,0
296.0,Elevator call,295.7943356681491,0,1,1,0, got allocated to elevator, 0
, elevID,0,  pos,0,  WRONG cmd, stop,0,  the elevator is not moving!
305.0, elevID,1,  pos,0,  cmd, goto,6
305.0,Elevator call,304.99843880775313,6,0,1,1, got allocated to elevator, 1
309.0,Elev,0,  arrived at dest, 0, this call is done!, Elevator call,231.51578817426258,-1,0,3,0, Done, dt, 77.48421182573742
309.0,Elev,0,  arrived at src, 0, Elevator call,295.7943356681491,0,1,2,0
, elevID,0,  pos,0,  WRONG cmd, stop,0,  the elevator is not moving!
310.0, elevID,0,  pos,0,  cmd, goto,-1
310.0,Elevator call,309.30053828560517,0,-1,1,0, got allocated to elevator, 0
, elevID,0,  pos,0,  cmd, stop,0
313.0,Elevator call,312.30185564398687,0,-1,1,0, got allocated to elevator, 0
, elevID,1,  pos,6,  WRONG cmd, stop,6,  the elevator is not moving!
317.0,Elevator call,316.03237827404377,0,-1,1,1, got allocated to elevator, 1
320.0, elevID,0,  pos,0,  cmd, goto,6
320.0,Elevator call,319.90520204415634,6,5,1,0, got allocated to elevator, 0
321.0, elevID,1,  pos,6,  cmd, goto,0
321.0,Elevator call,320.97607492210807,-1,0,1,1, got allocated to elevator, 1
322.0,Elevator call,321.37040904796595,7,-1,1,1, got allocated to elevator, 1
, elevID,0,  pos,6,  WRONG cmd, stop,6,  the elevator is not moving!
, elevID,1,  pos,0,  WRONG cmd, stop,0,  the elevator is not moving!
, elevID,1,  pos,0,  WRONG cmd, stop,0,  the elevator is not moving!
, elevID,1,  pos,0,  WRONG cmd, stop,10,  the elevator is not moving!
333.0,Elevator call,332.4267319393355,0,10,1,1, got allocated to elevator, 1
, elevID,1,  pos,0,  WRONG cmd, stop,0,  the elevator is not moving!
336.0,Elev,0,  arrived at dest, 6, this call is done!, Elevator call,143.91335838799415,0,6,3,0, Done, dt, 192.08664161200585
336.0,Elev,0,  arrived at dest, 6, this call is done!, Elevator call,170.0099620835246,0,6,3,0, Done, dt, 165.9900379164754
336.0,Elev,0,  arrived at src, 6, Elevator call,319.90520204415634,6,5,2,0
337.0, elevID,0,  pos,6,  cmd, goto,-1
337.0,Elevator call,336.93043046159545,-1,0,1,0, got allocated to elevator, 0
337.0,Elev,1,  arrived at src, 0, Elevator call,316.03237827404377,0,-1,2,1
337.0,Elev,1,  arrived at src, 0, Elevator call,332.4267319393355,0,10,2,1
337.0, elevID,1,  pos,0,  cmd, goto,-1
, elevID,1,  pos,-1,  WRONG cmd, stop,-1,  the elevator is not moving!
348.0,Elev,1,  arrived at dest, -1, this call is done!, Elevator call,316.03237827404377,0,-1,3,1, Done, dt, 31.967621725956235
348.0,Elev,1,  arrived at src, -1, Elevator call,320.97607492210807,-1,0,2,1
, elevID,0,  pos,-1,  WRONG cmd, stop,-1,  the elevator is not moving!
354.0,Elev,0,  arrived at src, -1, Elevator call,336.93043046159545,-1,0,2,0
376.0, elevID,0,  pos,-1,  cmd, goto,1
376.0,Elevator call,375.49048095381363,1,0,1,0, got allocated to elevator, 0
, elevID,0,  pos,1,  WRONG cmd, stop,1,  the elevator is not moving!
388.0,Elev,0,  arrived at dest, 1, this call is done!, Elevator call,130.224911275492,-1,1,3,0, Done, dt, 257.775088724508
388.0,Elev,0,  arrived at dest, 1, this call is done!, Elevator call,295.7943356681491,0,1,3,0, Done, dt, 92.20566433185093
388.0,Elev,0,  arrived at src, 1, Elevator call,375.49048095381363,1,0,2,0
393.0, elevID,0,  pos,1,  cmd, goto,0
393.0,Elevator call,392.5160764870397,0,5,1,0, got allocated to elevator, 0
, elevID,0,  pos,0,  WRONG cmd, stop,0,  the elevator is not moving!
404.0,Elev,0,  arrived at src, 0, Elevator call,309.30053828560517,0,-1,2,0
404.0,Elev,0,  arrived at src, 0, Elevator call,312.30185564398687,0,-1,2,0
404.0,Elev,0,  arrived at dest, 0, this call is done!, Elevator call,336.93043046159545,-1,0,3,0, Done, dt, 67.06956953840455
404.0,Elev,0,  arrived at dest, 0, this call is done!, Elevator call,375.49048095381363,1,0,3,0, Done, dt, 28.50951904618637
404.0,Elev,0,  arrived at src, 0, Elevator call,392.5160764870397,0,5,2,0
406.0, elevID,0,  pos,0,  cmd, goto,-1
406.0,Elevator call,405.1821140884023,-1,10,1,0, got allocated to elevator, 0
, elevID,0,  pos,-1,  WRONG cmd, stop,-1,  the elevator is not moving!
417.0,Elev,0,  arrived at dest, -1, this call is done!, Elevator call,309.30053828560517,0,-1,3,0, Done, dt, 107.69946171439483
417.0,Elev,0,  arrived at dest, -1, this call is done!, Elevator call,312.30185564398687,0,-1,3,0, Done, dt, 104.69814435601313
417.0,Elev,0,  arrived at src, -1, Elevator call,405.1821140884023,-1,10,2,0
427.0, elevID,0,  pos,-1,  cmd, goto,2
427.0,Elevator call,426.8615805478589,2,0,1,0, got allocated to elevator, 0
, elevID,0,  pos,2,  WRONG cmd, stop,2,  the elevator is not moving!
438.0,Elevator call,437.17111576125836,1,0,1,0, got allocated to elevator, 0
440.0,Elev,0,  arrived at dest, 2, this call is done!, Elevator call,85.5209666204754,3,2,3,0, Done, dt, 354.4790333795246
440.0,Elev,0,  arrived at src, 2, Elevator call,426.8615805478589,2,0,2,0
440.0, elevID,0,  pos,2,  cmd, goto,1
, elevID,0,  pos,1,  WRONG cmd, stop,1,  the elevator is not moving!
451.0,Elev,0,  arrived at src, 1, Elevator call,437.17111576125836,1,0,2,0
473.0, elevID,0,  pos,1,  cmd, goto,10
473.0,Elevator call,472.7445473930129,10,-1,1,0, got allocated to elevator, 0
, elevID,0,  pos,10,  WRONG cmd, stop,10,  the elevator is not moving!
492.0,Elev,0,  arrived at dest, 10, this call is done!, Elevator call,405.1821140884023,-1,10,3,0, Done, dt, 86.81788591159773
492.0,Elev,0,  arrived at src, 10, Elevator call,472.7445473930129,10,-1,2,0
501.0, elevID,0,  pos,10,  cmd, goto,8
501.0,Elevator call,500.3712044996745,8,-1,1,0, got allocated to elevator, 0
504.0, elevID,1,  pos,-1,  cmd, goto,1
504.0,Elevator call,503.13847841893045,1,-1,1,1, got allocated to elevator, 1
505.0,Elevator call,504.4317942159655,0,-1,1,1, got allocated to elevator, 1
, elevID,0,  pos,8,  WRONG cmd, stop,8,  the elevator is not moving!
510.0, elevID,1,  pos,0,  cmd, stop,0
513.0,Elev,0,  arrived at src, 8, Elevator call,500.3712044996745,8,-1,2,0
515.0,Elev,1,  arrived at dest, 0, this call is done!, Elevator call,320.97607492210807,-1,0,3,1, Done, dt, 194.02392507789193
515.0,Elev,1,  arrived at src, 0, Elevator call,504.4317942159655,0,-1,2,1
515.0, elevID,1,  pos,0,  cmd, goto,1
, elevID,1,  pos,1,  WRONG cmd, stop,1,  the elevator is not moving!
526.0,Elev,1,  arrived at dest, 1, this call is done!, Elevator call,197.5359191292572,-1,1,3,1, Done, dt, 328.4640808707428
526.0,Elev,1,  arrived at src, 1, Elevator call,503.13847841893045,1,-1,2,1
530.0, elevID,0,  pos,8,  cmd, goto,3
530.0,Elevator call,529.6277472128405,3,-1,1,0, got allocated to elevator, 0
538.0, elevID,1,  pos,1,  cmd, goto,-1
538.0,Elevator call,537.7866883694313,-1,6,1,1, got allocated to elevator, 1
, elevID,0,  pos,3,  WRONG cmd, stop,3,  the elevator is not moving!
545.0, elevID,0,  pos,3,  cmd, goto,6
545.0,Elevator call,544.7880392034898,6,-1,1,0, got allocated to elevator, 0
, elevID,1,  pos,-1,  WRONG cmd, stop,-1,  the elevator is not moving!
550.0,Elev,1,  arrived at dest, -1, this call is done!, Elevator call,503.13847841893045,1,-1,3,1, Done, dt, 46.86152158106955
550.0,Elev,1,  arrived at dest, -1, this call is done!, Elevator call,504.4317942159655,0,-1,3,1, Done, dt, 45.56820578403449
550.0,Elev,1,  arrived at src, -1, Elevator call,537.7866883694313,-1,6,2,1
, elevID,0,  pos,6,  WRONG cmd, stop,6,  the elevator is not moving!
555.0,Elevator call,554.0892922920482,4,0,1,0, got allocated to elevator, 0
558.0, elevID,1,  pos,-1,  cmd, goto,10
558.0,Elevator call,557.2441390036331,10,0,1,1, got allocated to elevator, 1
558.0,Elev,0,  arrived at src, 6, Elevator call,544.7880392034898,6,-1,2,0
558.0, elevID,0,  pos,6,  cmd, goto,4
, elevID,0,  pos,4,  WRONG cmd, stop,4,  the elevator is not moving!
566.0,Elevator call,565.0195521745534,0,-1,1,1, got allocated to elevator, 1
570.0,Elev,0,  arrived at dest, 4, this call is done!, Elevator call,104.13701241869234,0,4,3,0, Done, dt, 465.86298758130766
570.0,Elev,0,  arrived at dest, 4, this call is done!, Elevator call,137.9515274326701,0,4,3,0, Done, dt, 432.0484725673299
570.0,Elev,0,  arrived at dest, 4, this call is done!, Elevator call,254.69771525200505,3,4,3,0, Done, dt, 315.3022847479949
570.0,Elev,0,  arrived at src, 4, Elevator call,554.0892922920482,4,0,2,0
579.0,Elev,1,  arrived at dest, 10, this call is done!, Elevator call,130.02495678190564,8,10,3,1, Done, dt, 448.97504321809436
579.0,Elev,1,  arrived at dest, 10, this call is done!, Elevator call,332.4267319393355,0,10,3,1, Done, dt, 246.57326806066447
579.0,Elev,1,  arrived at src, 10, Elevator call,557.2441390036331,10,0,2,1
579.0, elevID,1,  pos,10,  cmd, goto,0
582.0, elevID,0,  pos,4,  cmd, goto,0
582.0,Elevator call,581.8703090238192,0,3,1,0, got allocated to elevator, 0
, elevID,0,  pos,0,  WRONG cmd, stop,0,  the elevator is not moving!
, elevID,1,  pos,0,  WRONG cmd, stop,0,  the elevator is not moving!
596.0,Elev,0,  arrived at dest, 0, this call is done!, Elevator call,426.8615805478589,2,0,3,0, Done, dt, 169.13841945214108
596.0,Elev,0,  arrived at dest, 0, this call is done!, Elevator call,437.17111576125836,1,0,3,0, Done, dt, 158.82888423874164
596.0,Elev,0,  arrived at dest, 0, this call is done!, Elevator call,554.0892922920482,4,0,3,0, Done, dt, 41.910707707951815
596.0,Elev,0,  arrived at src, 0, Elevator call,581.8703090238192,0,3,2,0
597.0, elevID,0,  pos,0,  cmd, goto,8
597.0,Elevator call,596.1232022872633,8,0,1,0, got allocated to elevator, 0
599.0,Elev,1,  arrived at dest, 0, this call is done!, Elevator call,557.2441390036331,10,0,3,1, Done, dt, 41.75586099636689
599.0,Elev,1,  arrived at src, 0, Elevator call,565.0195521745534,0,-1,2,1
599.0, elevID,1,  pos,0,  cmd, goto,10
601.0,Elevator call,600.9312879686208,1,0,1,1, got allocated to elevator, 1
604.0,Elevator call,603.9342326983083,7,0,1,1, got allocated to elevator, 1
605.0, elevID,1,  pos,1,  cmd, stop,1
, elevID,0,  pos,8,  WRONG cmd, stop,8,  the elevator is not moving!
610.0,Elev,1,  arrived at src, 1, Elevator call,600.9312879686208,1,0,2,1
610.0, elevID,1,  pos,1,  cmd, goto,7
615.0,Elev,0,  arrived at src, 8, Elevator call,596.1232022872633,8,0,2,0
618.0, elevID,0,  pos,8,  cmd, goto,0
618.0,Elevator call,617.9628338542149,0,3,1,0, got allocated to elevator, 0
620.0,Elevator call,619.6454196970012,9,0,1,0, got allocated to elevator, 0
, elevID,1,  pos,7,  WRONG cmd, stop,7,  the elevator is not moving!
626.0,Elev,1,  arrived at src, 7, Elevator call,321.37040904796595,7,-1,2,1
626.0,Elev,1,  arrived at src, 7, Elevator call,603.9342326983083,7,0,2,1
626.0, elevID,1,  pos,7,  cmd, goto,10
627.0,Elevator call,626.2116172047942,0,1,1,0, got allocated to elevator, 0
, elevID,0,  pos,0,  WRONG cmd, stop,0,  the elevator is not moving!
, elevID,1,  pos,10,  WRONG cmd, stop,10,  the elevator is not moving!
636.0,Elev,0,  arrived at dest, 0, this call is done!, Elevator call,596.1232022872633,8,0,3,0, Done, dt, 39.876797712736675
636.0,Elev,0,  arrived at src, 0, Elevator call,617.9628338542149,0,3,2,0
636.0,Elev,0,  arrived at src, 0, Elevator call,626.2116172047942,0,1,2,0
636.0, elevID,0,  pos,0,  cmd, goto,9
644.0, elevID,1,  pos,10,  cmd, goto,-1
644.0,Elevator call,643.8547514955396,-1,2,1,1, got allocated to elevator, 1
, elevID,0,  pos,9,  WRONG cmd, stop,9,  the elevator is not moving!
655.0,Elev,0,  arrived at dest, 9, this call is done!, Elevator call,124.42557095980362,0,9,3,0, Done, dt, 530.5744290401964
655.0,Elev,0,  arrived at src, 9, Elevator call,619.6454196970012,9,0,2,0
655.0, elevID,0,  pos,9,  cmd, goto,0
, elevID,1,  pos,-1,  WRONG cmd, stop,-1,  the elevator is not moving!
661.0,Elevator call,660.0732907797126,6,10,1,1, got allocated to elevator, 1
662.0,Elevator call,661.0420820268716,-1,3,1,0, got allocated to elevator, 0
, elevID,1,  pos,-1,  WRONG cmd, stop,-1,  the elevator is not moving!
663.0,Elevator call,662.1730527520776,-1,5,1,1, got allocated to elevator, 1
665.0,Elev,1,  arrived at dest, -1, this call is done!, Elevator call,321.37040904796595,7,-1,3,1, Done, dt, 343.62959095203405
665.0,Elev,1,  arrived at dest, -1, this call is done!, Elevator call,565.0195521745534,0,-1,3,1, Done, dt, 99.98044782544662
665.0,Elev,1,  arrived at src, -1, Elevator call,643.8547514955396,-1,2,2,1
665.0,Elev,1,  arrived at src, -1, Elevator call,662.1730527520776,-1,5,2,1
665.0, elevID,1,  pos,-1,  cmd, goto,6
666.0, elevID,1,  pos,-1,  cmd, stop,-1
, elevID,1,  pos,-1,  WRONG cmd, stop,-1,  the elevator is not moving!
, elevID,1,  pos,-1,  WRONG cmd, stop,8,  the elevator is not moving!
666.0,Elevator call,665.1155548533167,-1,8,1,1, got allocated to elevator, 1
667.0,Elevator call,666.0340294605869,4,0,1,1, got allocated to elevator, 1
667.0,Elevator call,666.2411586665262,5,-1,1,1, got allocated to elevator, 1
, elevID,0,  pos,0,  WRONG cmd, stop,0,  the elevator is not moving!
, elevID,0,  pos,0,  WRONG cmd, stop,0,  the elevator is not moving!
673.0,Elevator call,672.677314157026,0,-1,1,0, got allocated to elevator, 0
674.0,Elev,0,  arrived at dest, 0, this call is done!, Elevator call,619.6454196970012,9,0,3,0, Done, dt, 54.354580302998784
674.0,Elev,0,  arrived at src, 0, Elevator call,672.677314157026,0,-1,2,0
674.0, elevID,0,  pos,0,  cmd, goto,-1
675.0,Elev,1,  arrived at src, -1, Elevator call,665.1155548533167,-1,8,2,1
675.0, elevID,1,  pos,-1,  cmd, goto,4
, elevID,0,  pos,0,  cmd, stop,0
678.0,Elevator call,677.7341948387335,0,-1,1,0, got allocated to elevator, 0
679.0,Elevator call,678.9953584914538,-1,-2,1,0, got allocated to elevator, 0
684.0,Elev,0,  arrived at src, 0, Elevator call,677.7341948387335,0,-1,2,0
684.0, elevID,0,  pos,0,  cmd, goto,-1
, elevID,1,  pos,4,  WRONG cmd, stop,4,  the elevator is not moving!
, elevID,0,  pos,-1,  WRONG cmd, stop,-1,  the elevator is not moving!
690.0,Elev,1,  arrived at src, 4, Elevator call,666.0340294605869,4,0,2,1
690.0, elevID,1,  pos,4,  cmd, goto,5
, elevID,0,  pos,-1,  WRONG cmd, stop,-1,  the elevator is not moving!
695.0,Elev,0,  arrived at dest, -1, this call is done!, Elevator call,472.7445473930129,10,-1,3,0, Done, dt, 222.2554526069871
695.0,Elev,0,  arrived at dest, -1, this call is done!, Elevator call,500.3712044996745,8,-1,3,0, Done, dt, 194.6287955003255
695.0,Elev,0,  arrived at dest, -1, this call is done!, Elevator call,544.7880392034898,6,-1,3,0, Done, dt, 150.2119607965102
695.0,Elev,0,  arrived at src, -1, Elevator call,661.0420820268716,-1,3,2,0
695.0,Elev,0,  arrived at dest, -1, this call is done!, Elevator call,672.677314157026,0,-1,3,0, Done, dt, 22.32268584297401
695.0,Elev,0,  arrived at dest, -1, this call is done!, Elevator call,677.7341948387335,0,-1,3,0, Done, dt, 17.265805161266485
695.0,Elev,0,  arrived at src, -1, Elevator call,678.9953584914538,-1,-2,2,0
696.0, elevID,0,  pos,-1,  cmd, goto,0
696.0,Elevator call,695.2239881566923,0,10,1,0, got allocated to elevator, 0
, elevID,1,  pos,5,  WRONG cmd, stop,5,  the elevator is not moving!
701.0,Elev,1,  arrived at dest, 5, this call is done!, Elevator call,227.0798304557929,-1,5,3,1, Done, dt, 473.9201695442071
701.0,Elev,1,  arrived at dest, 5, this call is done!, Elevator call,662.1730527520776,-1,5,3,1, Done, dt, 38.82694724792236
701.0,Elev,1,  arrived at src, 5, Elevator call,666.2411586665262,5,-1,2,1
, elevID,0,  pos,0,  WRONG cmd, stop,0,  the elevator is not moving!
707.0, elevID,0,  pos,0,  cmd, goto,-1
707.0,Elevator call,706.1583474999188,-1,-2,1,0, got allocated to elevator, 0
711.0, elevID,1,  pos,5,  cmd, goto,0
711.0,Elevator call,710.3249770041223,0,1,1,1, got allocated to elevator, 1
, elevID,0,  pos,-1,  WRONG cmd, stop,-1,  the elevator is not moving!
714.0,Elevator call,713.0191971398395,1,0,1,0, got allocated to elevator, 0
714.0,Elevator call,713.2499766424826,10,-1,1,1, got allocated to elevator, 1
718.0,Elev,0,  arrived at src, -1, Elevator call,706.1583474999188,-1,-2,2,0
718.0, elevID,0,  pos,-1,  cmd, goto,1
, elevID,1,  pos,0,  WRONG cmd, stop,0,  the elevator is not moving!
723.0,Elevator call,722.6161212799507,10,0,1,0, got allocated to elevator, 0
, elevID,0,  pos,1,  WRONG cmd, stop,1,  the elevator is not moving!
726.0,Elev,1,  arrived at dest, 0, this call is done!, Elevator call,600.9312879686208,1,0,3,1, Done, dt, 125.06871203137916
726.0,Elev,1,  arrived at dest, 0, this call is done!, Elevator call,603.9342326983083,7,0,3,1, Done, dt, 122.06576730169172
726.0,Elev,1,  arrived at dest, 0, this call is done!, Elevator call,666.0340294605869,4,0,3,1, Done, dt, 59.96597053941309
726.0,Elev,1,  arrived at src, 0, Elevator call,710.3249770041223,0,1,2,1
726.0, elevID,1,  pos,0,  cmd, goto,10
728.0,Elevator call,727.514602863032,-1,0,1,1, got allocated to elevator, 1
730.0,Elev,0,  arrived at dest, 1, this call is done!, Elevator call,626.2116172047942,0,1,3,0, Done, dt, 103.78838279520585
730.0,Elev,0,  arrived at src, 1, Elevator call,713.0191971398395,1,0,2,0
730.0, elevID,0,  pos,1,  cmd, goto,10
733.0,Elevator call,732.9746341348998,6,-1,1,0, got allocated to elevator, 0
738.0,Elevator call,737.314720213409,1,0,1,1, got allocated to elevator, 1
740.0, elevID,0,  pos,6,  cmd, stop,6
745.0,Elev,0,  arrived at src, 6, Elevator call,732.9746341348998,6,-1,2,0
745.0, elevID,0,  pos,6,  cmd, goto,10
746.0,Elev,1,  arrived at src, 10, Elevator call,713.2499766424826,10,-1,2,1
746.0, elevID,1,  pos,10,  cmd, goto,-1
, elevID,0,  pos,10,  WRONG cmd, stop,10,  the elevator is not moving!
759.0,Elev,0,  arrived at src, 10, Elevator call,722.6161212799507,10,0,2,0
, elevID,1,  pos,-1,  WRONG cmd, stop,-1,  the elevator is not moving!
767.0,Elev,1,  arrived at dest, -1, this call is done!, Elevator call,666.2411586665262,5,-1,3,1, Done, dt, 100.75884133347381
767.0,Elev,1,  arrived at dest, -1, this call is done!, Elevator call,713.2499766424826,10,-1,3,1, Done, dt, 53.75002335751742
767.0,Elev,1,  arrived at src, -1, Elevator call,727.514602863032,-1,0,2,1
767.0, elevID,1,  pos,-1,  cmd, goto,1
, elevID,1,  pos,1,  WRONG cmd, stop,1,  the elevator is not moving!
779.0,Elev,1,  arrived at dest, 1, this call is done!, Elevator call,710.3249770041223,0,1,3,1, Done, dt, 68.67502299587773
779.0,Elev,1,  arrived at src, 1, Elevator call,737.314720213409,1,0,2,1
779.0, elevID,1,  pos,1,  cmd, goto,10
780.0, elevID,0,  pos,10,  cmd, goto,-1
780.0,Elevator call,779.399691386574,-1,5,1,0, got allocated to elevator, 0
, elevID,1,  pos,10,  WRONG cmd, stop,10,  the elevator is not moving!
, elevID,0,  pos,-1,  WRONG cmd, stop,-1,  the elevator is not moving!
801.0,Elev,0,  arrived at dest, -1, this call is done!, Elevator call,732.9746341348998,6,-1,3,0, Done, dt, 68.02536586510018
801.0,Elev,0,  arrived at src, -1, Elevator call,779.399691386574,-1,5,2,0
806.0, elevID,1,  pos,10,  cmd, goto,-1
806.0,Elevator call,805.6754743307536,-1,-2,1,1, got allocated to elevator, 1
811.0, elevID,0,  pos,-1,  cmd, goto,2
811.0,Elevator call,810.4469089359914,2,0,1,0, got allocated to elevator, 0
817.0,Elevator call,816.1516998390152,7,-1,1,1, got allocated to elevator, 1
, elevID,0,  pos,2,  WRONG cmd, stop,2,  the elevator is not moving!
824.0,Elev,0,  arrived at src, 2, Elevator call,810.4469089359914,2,0,2,0
826.0, elevID,0,  pos,2,  cmd, goto,7
826.0,Elevator call,825.4575184586336,7,0,1,0, got allocated to elevator, 0
827.0,Elev,1,  arrived at src, -1, Elevator call,805.6754743307536,-1,-2,2,1
827.0, elevID,1,  pos,-1,  cmd, goto,7
, elevID,0,  pos,7,  WRONG cmd, stop,7,  the elevator is not moving!
840.0,Elevator call,839.8525652620532,0,1,1,0, got allocated to elevator, 0
, elevID,1,  pos,7,  WRONG cmd, stop,7,  the elevator is not moving!
841.0,Elev,0,  arrived at dest, 7, this call is done!, Elevator call,195.90869649656992,0,7,3,0, Done, dt, 645.09130350343
841.0,Elev,0,  arrived at src, 7, Elevator call,825.4575184586336,7,0,2,0
841.0, elevID,0,  pos,7,  cmd, goto,0
845.0,Elev,1,  arrived at src, 7, Elevator call,816.1516998390152,7,-1,2,1
845.0, elevID,1,  pos,7,  cmd, goto,-1
, elevID,0,  pos,0,  WRONG cmd, stop,0,  the elevator is not moving!
855.0,Elevator call,854.2002278085795,6,-1,1,0, got allocated to elevator, 0
858.0,Elev,0,  arrived at src, 0, Elevator call,695.2239881566923,0,10,2,0
858.0,Elev,0,  arrived at dest, 0, this call is done!, Elevator call,713.0191971398395,1,0,3,0, Done, dt, 144.98080286016045
858.0,Elev,0,  arrived at dest, 0, this call is done!, Elevator call,722.6161212799507,10,0,3,0, Done, dt, 135.38387872004932
858.0,Elev,0,  arrived at dest, 0, this call is done!, Elevator call,810.4469089359914,2,0,3,0, Done, dt, 47.55309106400864
858.0,Elev,0,  arrived at dest, 0, this call is done!, Elevator call,825.4575184586336,7,0,3,0, Done, dt, 32.54248154136644
858.0,Elev,0,  arrived at src, 0, Elevator call,839.8525652620532,0,1,2,0
858.0, elevID,0,  pos,0,  cmd, goto,6
, elevID,1,  pos,-1,  WRONG cmd, stop,-1,  the elevator is not moving!
863.0,Elev,1,  arrived at dest, -1, this call is done!, Elevator call,816.1516998390152,7,-1,3,1, Done, dt, 46.84830016098476
864.0, elevID,1,  pos,-1,  cmd, goto,0
864.0,Elevator call,863.893291272948,0,-1,1,1, got allocated to elevator, 1
, elevID,0,  pos,6,  WRONG cmd, stop,6,  the elevator is not moving!
, elevID,1,  pos,0,  WRONG cmd, stop,0,  the elevator is not moving!
, elevID,1,  pos,0,  WRONG cmd, stop,0,  the elevator is not moving!
871.0,Elevator call,870.5053023797483,0,7,1,1, got allocated to elevator, 1
874.0,Elev,0,  arrived at src, 6, Elevator call,854.2002278085795,6,-1,2,0
875.0,Elev,1,  arrived at dest, 0, this call is done!, Elevator call,727.514602863032,-1,0,3,1, Done, dt, 147.485397136968
875.0,Elev,1,  arrived at dest, 0, this call is done!, Elevator call,737.314720213409,1,0,3,1, Done, dt, 137.68527978659097
875.0,Elev,1,  arrived at src, 0, Elevator call,863.893291272948,0,-1,2,1
875.0,Elev,1,  arrived at src, 0, Elevator call,870.5053023797483,0,7,2,1
887.0, elevID,0,  pos,6,  cmd, goto,-1
887.0,Elevator call,886.5649993239458,-1,-2,1,0, got allocated to elevator, 0
893.0, elevID,1,  pos,0,  cmd, goto,9
893.0,Elevator call,892.5212150591021,9,-1,1,1, got allocated to elevator, 1
, elevID,0,  pos,-1,  WRONG cmd, stop,-1,  the elevator is not moving!
904.0,Elev,0,  arrived at dest, -1, this call is done!, Elevator call,854.2002278085795,6,-1,3,0, Done, dt, 49.799772191420516
904.0,Elev,0,  arrived at src, -1, Elevator call,886.5649993239458,-1,-2,2,0
, elevID,1,  pos,9,  WRONG cmd, stop,9,  the elevator is not moving!
911.0, elevID,0,  pos,-1,  cmd, goto,6
911.0,Elevator call,910.5388559417848,6,5,1,0, got allocated to elevator, 0
912.0,Elev,1,  arrived at dest, 9, this call is done!, Elevator call,251.23593354161653,0,9,3,1, Done, dt, 660.7640664583835
912.0,Elev,1,  arrived at src, 9, Elevator call,892.5212150591021,9,-1,2,1
916.0, elevID,1,  pos,9,  cmd, goto,4
916.0,Elevator call,915.9490574608818,4,-1,1,1, got allocated to elevator, 1
, elevID,0,  pos,6,  WRONG cmd, stop,6,  the elevator is not moving!
, elevID,1,  pos,4,  WRONG cmd, stop,4,  the elevator is not moving!
928.0,Elev,0,  arrived at src, 6, Elevator call,910.5388559417848,6,5,2,0
931.0,Elev,1,  arrived at src, 4, Elevator call,915.9490574608818,4,-1,2,1
934.0, elevID,0,  pos,6,  cmd, goto,7
934.0,Elevator call,933.8580452488764,7,5,1,0, got allocated to elevator, 0
, elevID,0,  pos,7,  WRONG cmd, stop,7,  the elevator is not moving!
945.0,Elev,0,  arrived at src, 7, Elevator call,933.8580452488764,7,5,2,0
962.0, elevID,0,  pos,7,  cmd, goto,6
962.0,Elevator call,961.6862855708133,6,-1,1,0, got allocated to elevator, 0
, elevID,0,  pos,6,  WRONG cmd, stop,6,  the elevator is not moving!
973.0, elevID,0,  pos,6,  cmd, goto,1
973.0,Elevator call,972.8032126022729,1,0,1,0, got allocated to elevator, 0
976.0, elevID,1,  pos,4,  cmd, goto,0
976.0,Elevator call,975.8361202753667,0,-1,1,1, got allocated to elevator, 1
979.0,Elevator call,978.5925148564796,10,0,1,1, got allocated to elevator, 1
979.0,Elevator call,978.6210500641439,10,-1,1,0, got allocated to elevator, 0
, elevID,0,  pos,1,  WRONG cmd, stop,1,  the elevator is not moving!
, elevID,1,  pos,0,  WRONG cmd, stop,0,  the elevator is not moving!
985.0,Elevator call,984.1840185574983,7,0,1,1, got allocated to elevator, 1
988.0,Elev,0,  arrived at dest, 1, this call is done!, Elevator call,839.8525652620532,0,1,3,0, Done, dt, 148.1474347379468
988.0,Elev,0,  arrived at src, 1, Elevator call,972.8032126022729,1,0,2,0
988.0, elevID,0,  pos,1,  cmd, goto,10
990.0,Elev,1,  arrived at src, 0, Elevator call,975.8361202753667,0,-1,2,1
990.0, elevID,1,  pos,0,  cmd, goto,7
1000.0,************* Simulation Ended ************
Code Owners,123456789,  Case,2,  Total waiting time: 21870.79282212021,  average waiting time per call: 218.70792822120208,  unCompleted calls,34,  certificate, -7316237880
