**** The Simulator log: stage 2
0.0,OOP_Ex0_Elevator_Simulator
0.0,Simulated Building, ex0.simulator.Builging_A [-2,10]
0) ex0.simulator.Elevator_A, Elev_0, speed: 1.0, open/close: 2.0,  start/stop: 3.0
1) ex0.simulator.Elevator_A, Elev_1, speed: 1.0, open/close: 2.0,  start/stop: 3.0
0.0,Simulated Period starTime,0.0,  endTime,1000.0,  dt,1.0
0.0,Simulated  calls,Elevetor log, size: 100
0.0,**** Simulation starts!! ****
5.0,Elevator call,4.374727290393253,0,-1,1,0, got allocated to elevator, 0
5.0, elevID,2,  pos,-2,  cmd, goto,0
17.0,Elevator call,16.957882888088932,-1,0,1,1, got allocated to elevator, 1
17.0,Elev,2,  arrived at src, 0, Elevator call,4.374727290393253,0,-1,2,0
17.0, elevID,2,  pos,0,  cmd, goto,-1
17.0, elevID,3,  pos,-2,  cmd, goto,-1
23.0,Elevator call,22.094056301593582,0,-1,1,0, got allocated to elevator, 0
28.0,Elev,2,  arrived at dest, -1, this call is done!, Elevator call,4.374727290393253,0,-1,3,0, Done, dt, 23.625272709606747
28.0,Elev,3,  arrived at src, -1, Elevator call,16.957882888088932,-1,0,2,1
28.0, elevID,3,  pos,-1,  cmd, goto,0
29.0, elevID,2,  pos,-1,  cmd, goto,0
39.0,Elev,3,  arrived at dest, 0, this call is done!, Elevator call,16.957882888088932,-1,0,3,1, Done, dt, 22.042117111911068
40.0,Elev,2,  arrived at src, 0, Elevator call,22.094056301593582,0,-1,2,0
40.0, elevID,2,  pos,0,  cmd, goto,-1
51.0,Elev,2,  arrived at dest, -1, this call is done!, Elevator call,22.094056301593582,0,-1,3,0, Done, dt, 28.905943698406418
86.0,Elevator call,85.5209666204754,3,2,1,1, got allocated to elevator, 1
86.0, elevID,3,  pos,0,  cmd, goto,3
92.0,Elevator call,91.21019413453945,-1,-2,1,0, got allocated to elevator, 0
92.0,Elev,2,  arrived at src, -1, Elevator call,91.21019413453945,-1,-2,2,0
92.0, elevID,2,  pos,-1,  cmd, goto,-2
99.0,Elev,3,  arrived at src, 3, Elevator call,85.5209666204754,3,2,2,1
99.0, elevID,3,  pos,3,  cmd, goto,2
103.0,Elev,2,  arrived at dest, -2, this call is done!, Elevator call,91.21019413453945,-1,-2,3,0, Done, dt, 11.78980586546055
105.0,Elevator call,104.13701241869234,0,4,1,1, got allocated to elevator, 1
110.0,Elevator call,109.21352909346587,-1,0,1,0, got allocated to elevator, 0
110.0, elevID,2,  pos,-2,  cmd, goto,-1
110.0,Elev,3,  arrived at dest, 2, this call is done!, Elevator call,85.5209666204754,3,2,3,1, Done, dt, 24.479033379524594
112.0, elevID,3,  pos,2,  cmd, goto,0
115.0,Elevator call,114.39235096774041,3,0,1,0, got allocated to elevator, 0
121.0,Elev,2,  arrived at src, -1, Elevator call,109.21352909346587,-1,0,2,0
121.0, elevID,2,  pos,-1,  cmd, goto,0
124.0,Elev,3,  arrived at src, 0, Elevator call,104.13701241869234,0,4,2,1
124.0, elevID,3,  pos,0,  cmd, goto,4
125.0,Elevator call,124.42557095980362,0,9,1,1, got allocated to elevator, 1
131.0,Elevator call,130.02495678190564,8,10,1,0, got allocated to elevator, 0
131.0,Elevator call,130.224911275492,-1,1,1,0, got allocated to elevator, 0
132.0,Elev,2,  arrived at dest, 0, this call is done!, Elevator call,109.21352909346587,-1,0,3,0, Done, dt, 22.786470906534134
133.0, elevID,2,  pos,0,  cmd, goto,-1
138.0, elevID,3,  pos,4,  cmd, goto,4
138.0,Elevator call,137.9515274326701,0,4,1,1, got allocated to elevator, 1
138.0,Elev,3,  arrived at dest, 4, this call is done!, Elevator call,104.13701241869234,0,4,3,1, Done, dt, 33.862987581307664
139.0, elevID,3,  pos,4,  cmd, goto,0
144.0,Elevator call,143.91335838799415,0,6,1,1, got allocated to elevator, 1
144.0,Elev,2,  arrived at src, -1, Elevator call,130.224911275492,-1,1,2,0
144.0, elevID,2,  pos,-1,  cmd, goto,1
153.0,Elev,3,  arrived at src, 0, Elevator call,124.42557095980362,0,9,2,1
153.0,Elev,3,  arrived at src, 0, Elevator call,137.9515274326701,0,4,2,1
153.0,Elev,3,  arrived at src, 0, Elevator call,143.91335838799415,0,6,2,1
153.0, elevID,3,  pos,0,  cmd, goto,4
156.0,Elev,2,  arrived at dest, 1, this call is done!, Elevator call,130.224911275492,-1,1,3,0, Done, dt, 25.77508872450801
159.0, elevID,2,  pos,1,  cmd, goto,3
167.0,Elev,3,  arrived at dest, 4, this call is done!, Elevator call,137.9515274326701,0,4,3,1, Done, dt, 29.048472567329895
168.0, elevID,3,  pos,4,  cmd, goto,6
170.0,Elevator call,169.78458339380109,-1,0,1,0, got allocated to elevator, 0
171.0,Elevator call,170.0099620835246,0,6,1,1, got allocated to elevator, 1
171.0,Elev,2,  arrived at src, 3, Elevator call,114.39235096774041,3,0,2,0
171.0, elevID,2,  pos,3,  cmd, goto,0
172.0,Elevator call,171.21173315221364,-1,8,1,0, got allocated to elevator, 0
175.0,Elevator call,174.84385152106802,0,-1,1,0, got allocated to elevator, 0
180.0,Elev,3,  arrived at dest, 6, this call is done!, Elevator call,143.91335838799415,0,6,3,1, Done, dt, 36.08664161200585
181.0, elevID,3,  pos,6,  cmd, goto,0
184.0,Elev,2,  arrived at dest, 0, this call is done!, Elevator call,114.39235096774041,3,0,3,0, Done, dt, 69.60764903225959
184.0,Elev,2,  arrived at src, 0, Elevator call,174.84385152106802,0,-1,2,0
185.0, elevID,2,  pos,0,  cmd, goto,-1
188.0,Elevator call,187.11678617348463,-1,-2,1,0, got allocated to elevator, 0
188.0,Elevator call,187.7299317966884,-1,-2,1,0, got allocated to elevator, 0
196.0,Elevator call,195.90869649656992,0,7,1,1, got allocated to elevator, 1
196.0,Elev,2,  arrived at src, -1, Elevator call,169.78458339380109,-1,0,2,0
196.0,Elev,2,  arrived at src, -1, Elevator call,171.21173315221364,-1,8,2,0
196.0,Elev,2,  arrived at dest, -1, this call is done!, Elevator call,174.84385152106802,0,-1,3,0, Done, dt, 21.156148478931982
196.0,Elev,2,  arrived at src, -1, Elevator call,187.11678617348463,-1,-2,2,0
196.0,Elev,2,  arrived at src, -1, Elevator call,187.7299317966884,-1,-2,2,0
197.0,Elev,3,  arrived at src, 0, Elevator call,170.0099620835246,0,6,2,1
197.0,Elev,3,  arrived at src, 0, Elevator call,195.90869649656992,0,7,2,1
197.0, elevID,3,  pos,0,  cmd, goto,6
198.0, elevID,2,  pos,-1,  cmd, goto,-2
198.0,Elevator call,197.5359191292572,-1,1,1,0, got allocated to elevator, 0
206.0,Elevator call,205.9895199338651,-1,0,1,0, got allocated to elevator, 0
209.0,Elev,2,  arrived at dest, -2, this call is done!, Elevator call,187.11678617348463,-1,-2,3,0, Done, dt, 21.883213826515373
209.0,Elev,2,  arrived at dest, -2, this call is done!, Elevator call,187.7299317966884,-1,-2,3,0, Done, dt, 21.27006820331161
210.0, elevID,2,  pos,-2,  cmd, goto,-1
213.0,Elev,3,  arrived at dest, 6, this call is done!, Elevator call,170.0099620835246,0,6,3,1, Done, dt, 42.99003791647539
214.0, elevID,3,  pos,6,  cmd, goto,7
221.0,Elev,2,  arrived at src, -1, Elevator call,197.5359191292572,-1,1,2,0
221.0,Elev,2,  arrived at src, -1, Elevator call,205.9895199338651,-1,0,2,0
221.0, elevID,2,  pos,-1,  cmd, goto,0
225.0,Elev,3,  arrived at dest, 7, this call is done!, Elevator call,195.90869649656992,0,7,3,1, Done, dt, 29.091303503430083
226.0, elevID,3,  pos,7,  cmd, goto,9
228.0,Elevator call,227.0798304557929,-1,5,1,1, got allocated to elevator, 1
232.0, elevID,2,  pos,0,  cmd, goto,0
232.0,Elevator call,231.51578817426258,-1,0,1,0, got allocated to elevator, 0
232.0,Elev,2,  arrived at dest, 0, this call is done!, Elevator call,169.78458339380109,-1,0,3,0, Done, dt, 62.215416606198914
232.0,Elev,2,  arrived at dest, 0, this call is done!, Elevator call,205.9895199338651,-1,0,3,0, Done, dt, 26.010480066134903
233.0,Elevator call,232.95043623946805,0,-1,1,1, got allocated to elevator, 1
233.0, elevID,2,  pos,0,  cmd, goto,-1
238.0,Elev,3,  arrived at dest, 9, this call is done!, Elevator call,124.42557095980362,0,9,3,1, Done, dt, 113.57442904019638
239.0, elevID,3,  pos,9,  cmd, goto,0
244.0,Elev,2,  arrived at src, -1, Elevator call,231.51578817426258,-1,0,2,0
244.0, elevID,2,  pos,-1,  cmd, goto,0
252.0,Elevator call,251.10444690749756,-1,-2,1,0, got allocated to elevator, 0
252.0,Elevator call,251.23593354161653,0,9,1,1, got allocated to elevator, 1
255.0,Elevator call,254.69771525200505,3,4,1,1, got allocated to elevator, 1
255.0,Elev,2,  arrived at dest, 0, this call is done!, Elevator call,231.51578817426258,-1,0,3,0, Done, dt, 23.484211825737418
256.0, elevID,2,  pos,0,  cmd, goto,-1
258.0,Elevator call,257.7974435335086,-1,0,1,0, got allocated to elevator, 0
258.0,Elev,3,  arrived at src, 0, Elevator call,232.95043623946805,0,-1,2,1
258.0,Elev,3,  arrived at src, 0, Elevator call,251.23593354161653,0,9,2,1
258.0, elevID,3,  pos,0,  cmd, goto,-1
267.0,Elev,2,  arrived at src, -1, Elevator call,251.10444690749756,-1,-2,2,0
267.0,Elev,2,  arrived at src, -1, Elevator call,257.7974435335086,-1,0,2,0
267.0, elevID,2,  pos,-1,  cmd, goto,-2
269.0,Elev,3,  arrived at src, -1, Elevator call,227.0798304557929,-1,5,2,1
269.0,Elev,3,  arrived at dest, -1, this call is done!, Elevator call,232.95043623946805,0,-1,3,1, Done, dt, 36.04956376053195
270.0, elevID,3,  pos,-1,  cmd, goto,9
278.0,Elev,2,  arrived at dest, -2, this call is done!, Elevator call,251.10444690749756,-1,-2,3,0, Done, dt, 26.89555309250244
279.0, elevID,2,  pos,-2,  cmd, goto,0
290.0,Elev,3,  arrived at dest, 9, this call is done!, Elevator call,251.23593354161653,0,9,3,1, Done, dt, 38.76406645838347
291.0,Elev,2,  arrived at dest, 0, this call is done!, Elevator call,257.7974435335086,-1,0,3,0, Done, dt, 33.20255646649139
291.0, elevID,3,  pos,9,  cmd, goto,3
292.0, elevID,2,  pos,0,  cmd, goto,1
296.0,Elevator call,295.7943356681491,0,1,1,0, got allocated to elevator, 0
303.0,Elev,2,  arrived at dest, 1, this call is done!, Elevator call,197.5359191292572,-1,1,3,0, Done, dt, 105.4640808707428
305.0,Elevator call,304.99843880775313,6,0,1,1, got allocated to elevator, 1
306.0, elevID,2,  pos,1,  cmd, goto,8
307.0,Elev,3,  arrived at src, 3, Elevator call,254.69771525200505,3,4,2,1
307.0, elevID,3,  pos,3,  cmd, goto,4
310.0,Elevator call,309.30053828560517,0,-1,1,0, got allocated to elevator, 0
313.0,Elevator call,312.30185564398687,0,-1,1,0, got allocated to elevator, 0
317.0,Elevator call,316.03237827404377,0,-1,1,0, got allocated to elevator, 0
318.0,Elev,3,  arrived at dest, 4, this call is done!, Elevator call,254.69771525200505,3,4,3,1, Done, dt, 63.302284747994946
320.0,Elevator call,319.90520204415634,6,5,1,1, got allocated to elevator, 1
321.0,Elevator call,320.97607492210807,-1,0,1,0, got allocated to elevator, 0
321.0, elevID,3,  pos,4,  cmd, goto,6
322.0,Elevator call,321.37040904796595,7,-1,1,1, got allocated to elevator, 1
323.0,Elev,2,  arrived at src, 8, Elevator call,130.02495678190564,8,10,2,0
323.0,Elev,2,  arrived at dest, 8, this call is done!, Elevator call,171.21173315221364,-1,8,3,0, Done, dt, 151.78826684778636
324.0, elevID,2,  pos,8,  cmd, goto,-1
333.0,Elevator call,332.4267319393355,0,10,1,0, got allocated to elevator, 0
333.0,Elev,3,  arrived at src, 6, Elevator call,304.99843880775313,6,0,2,1
333.0,Elev,3,  arrived at src, 6, Elevator call,319.90520204415634,6,5,2,1
333.0, elevID,3,  pos,6,  cmd, goto,5
337.0,Elevator call,336.93043046159545,-1,0,1,0, got allocated to elevator, 0
343.0,Elev,2,  arrived at src, -1, Elevator call,320.97607492210807,-1,0,2,0
343.0,Elev,2,  arrived at src, -1, Elevator call,336.93043046159545,-1,0,2,0
343.0, elevID,2,  pos,-1,  cmd, goto,0
344.0,Elev,3,  arrived at dest, 5, this call is done!, Elevator call,227.0798304557929,-1,5,3,1, Done, dt, 116.92016954420711
344.0,Elev,3,  arrived at dest, 5, this call is done!, Elevator call,319.90520204415634,6,5,3,1, Done, dt, 24.09479795584366
345.0, elevID,3,  pos,5,  cmd, goto,0
354.0,Elev,2,  arrived at src, 0, Elevator call,295.7943356681491,0,1,2,0
354.0,Elev,2,  arrived at src, 0, Elevator call,309.30053828560517,0,-1,2,0
354.0,Elev,2,  arrived at src, 0, Elevator call,312.30185564398687,0,-1,2,0
354.0,Elev,2,  arrived at src, 0, Elevator call,316.03237827404377,0,-1,2,0
354.0,Elev,2,  arrived at dest, 0, this call is done!, Elevator call,320.97607492210807,-1,0,3,0, Done, dt, 33.02392507789193
354.0,Elev,2,  arrived at src, 0, Elevator call,332.4267319393355,0,10,2,0
354.0,Elev,2,  arrived at dest, 0, this call is done!, Elevator call,336.93043046159545,-1,0,3,0, Done, dt, 17.06956953840455
358.0, elevID,2,  pos,0,  cmd, goto,10
360.0,Elev,3,  arrived at dest, 0, this call is done!, Elevator call,304.99843880775313,6,0,3,1, Done, dt, 55.00156119224687
363.0, elevID,3,  pos,0,  cmd, goto,7
376.0,Elevator call,375.49048095381363,1,0,1,1, got allocated to elevator, 1
378.0,Elev,2,  arrived at dest, 10, this call is done!, Elevator call,130.02495678190564,8,10,3,0, Done, dt, 247.97504321809436
378.0,Elev,2,  arrived at dest, 10, this call is done!, Elevator call,332.4267319393355,0,10,3,0, Done, dt, 45.573268060664475
380.0, elevID,2,  pos,10,  cmd, goto,-1
380.0,Elev,3,  arrived at src, 7, Elevator call,321.37040904796595,7,-1,2,1
380.0, elevID,3,  pos,7,  cmd, goto,-1
393.0,Elevator call,392.5160764870397,0,5,1,0, got allocated to elevator, 0
398.0,Elev,3,  arrived at dest, -1, this call is done!, Elevator call,321.37040904796595,7,-1,3,1, Done, dt, 76.62959095203405
401.0,Elev,2,  arrived at dest, -1, this call is done!, Elevator call,309.30053828560517,0,-1,3,0, Done, dt, 91.69946171439483
401.0,Elev,2,  arrived at dest, -1, this call is done!, Elevator call,312.30185564398687,0,-1,3,0, Done, dt, 88.69814435601313
401.0,Elev,2,  arrived at dest, -1, this call is done!, Elevator call,316.03237827404377,0,-1,3,0, Done, dt, 84.96762172595623
402.0, elevID,2,  pos,-1,  cmd, goto,0
403.0, elevID,3,  pos,-1,  cmd, goto,1
406.0,Elevator call,405.1821140884023,-1,10,1,1, got allocated to elevator, 1
413.0,Elev,2,  arrived at src, 0, Elevator call,392.5160764870397,0,5,2,0
413.0, elevID,2,  pos,0,  cmd, goto,5
415.0,Elev,3,  arrived at src, 1, Elevator call,375.49048095381363,1,0,2,1
415.0, elevID,3,  pos,1,  cmd, goto,0
426.0,Elev,3,  arrived at dest, 0, this call is done!, Elevator call,375.49048095381363,1,0,3,1, Done, dt, 50.50951904618637
427.0,Elevator call,426.8615805478589,2,0,1,1, got allocated to elevator, 1
428.0,Elev,2,  arrived at dest, 5, this call is done!, Elevator call,392.5160764870397,0,5,3,0, Done, dt, 35.4839235129603
428.0, elevID,3,  pos,0,  cmd, goto,-1
431.0, elevID,2,  pos,5,  cmd, goto,1
438.0,Elevator call,437.17111576125836,1,0,1,1, got allocated to elevator, 1
439.0,Elev,3,  arrived at src, -1, Elevator call,405.1821140884023,-1,10,2,1
439.0, elevID,3,  pos,-1,  cmd, goto,10
445.0,Elev,2,  arrived at dest, 1, this call is done!, Elevator call,295.7943356681491,0,1,3,0, Done, dt, 149.20566433185093
460.0,Elev,3,  arrived at dest, 10, this call is done!, Elevator call,405.1821140884023,-1,10,3,1, Done, dt, 54.81788591159773
464.0, elevID,3,  pos,10,  cmd, goto,1
473.0,Elevator call,472.7445473930129,10,-1,1,0, got allocated to elevator, 0
473.0, elevID,2,  pos,1,  cmd, goto,10
483.0,Elev,3,  arrived at src, 1, Elevator call,437.17111576125836,1,0,2,1
483.0, elevID,3,  pos,1,  cmd, goto,0
492.0,Elev,2,  arrived at src, 10, Elevator call,472.7445473930129,10,-1,2,0
492.0, elevID,2,  pos,10,  cmd, goto,-1
494.0,Elev,3,  arrived at dest, 0, this call is done!, Elevator call,437.17111576125836,1,0,3,1, Done, dt, 56.82888423874164
495.0, elevID,3,  pos,0,  cmd, goto,2
501.0,Elevator call,500.3712044996745,8,-1,1,0, got allocated to elevator, 0
504.0,Elevator call,503.13847841893045,1,-1,1,0, got allocated to elevator, 0
505.0,Elevator call,504.4317942159655,0,-1,1,0, got allocated to elevator, 0
507.0,Elev,3,  arrived at src, 2, Elevator call,426.8615805478589,2,0,2,1
507.0, elevID,3,  pos,2,  cmd, goto,0
513.0,Elev,2,  arrived at dest, -1, this call is done!, Elevator call,472.7445473930129,10,-1,3,0, Done, dt, 40.25545260698709
514.0, elevID,2,  pos,-1,  cmd, goto,8
519.0,Elev,3,  arrived at dest, 0, this call is done!, Elevator call,426.8615805478589,2,0,3,1, Done, dt, 92.13841945214108
530.0,Elevator call,529.6277472128405,3,-1,1,1, got allocated to elevator, 1
530.0, elevID,3,  pos,0,  cmd, goto,3
533.0,Elev,2,  arrived at src, 8, Elevator call,500.3712044996745,8,-1,2,0
533.0, elevID,2,  pos,8,  cmd, goto,-1
538.0,Elevator call,537.7866883694313,-1,6,1,1, got allocated to elevator, 1
543.0,Elev,3,  arrived at src, 3, Elevator call,529.6277472128405,3,-1,2,1
543.0, elevID,3,  pos,3,  cmd, goto,-1
545.0,Elevator call,544.7880392034898,6,-1,1,0, got allocated to elevator, 0
552.0,Elev,2,  arrived at dest, -1, this call is done!, Elevator call,500.3712044996745,8,-1,3,0, Done, dt, 51.62879550032551
553.0, elevID,2,  pos,-1,  cmd, goto,6
555.0,Elevator call,554.0892922920482,4,0,1,0, got allocated to elevator, 0
557.0,Elev,3,  arrived at dest, -1, this call is done!, Elevator call,529.6277472128405,3,-1,3,1, Done, dt, 27.372252787159482
557.0,Elev,3,  arrived at src, -1, Elevator call,537.7866883694313,-1,6,2,1
558.0, elevID,3,  pos,-1,  cmd, goto,6
558.0,Elevator call,557.2441390036331,10,0,1,1, got allocated to elevator, 1
566.0,Elevator call,565.0195521745534,0,-1,1,1, got allocated to elevator, 1
570.0,Elev,2,  arrived at src, 6, Elevator call,544.7880392034898,6,-1,2,0
570.0, elevID,2,  pos,6,  cmd, goto,-1
575.0,Elev,3,  arrived at dest, 6, this call is done!, Elevator call,537.7866883694313,-1,6,3,1, Done, dt, 37.21331163056868
577.0, elevID,3,  pos,6,  cmd, goto,0
582.0,Elevator call,581.8703090238192,0,3,1,1, got allocated to elevator, 1
587.0,Elev,2,  arrived at dest, -1, this call is done!, Elevator call,544.7880392034898,6,-1,3,0, Done, dt, 42.2119607965102
588.0, elevID,2,  pos,-1,  cmd, goto,4
593.0,Elev,3,  arrived at src, 0, Elevator call,565.0195521745534,0,-1,2,1
593.0,Elev,3,  arrived at src, 0, Elevator call,581.8703090238192,0,3,2,1
593.0, elevID,3,  pos,0,  cmd, goto,-1
597.0,Elevator call,596.1232022872633,8,0,1,0, got allocated to elevator, 0
601.0,Elevator call,600.9312879686208,1,0,1,0, got allocated to elevator, 0
603.0,Elev,2,  arrived at src, 4, Elevator call,554.0892922920482,4,0,2,0
603.0, elevID,2,  pos,4,  cmd, goto,0
604.0, elevID,3,  pos,-1,  cmd, goto,-1
604.0,Elevator call,603.9342326983083,7,0,1,1, got allocated to elevator, 1
604.0,Elev,3,  arrived at dest, -1, this call is done!, Elevator call,565.0195521745534,0,-1,3,1, Done, dt, 38.98044782544662
605.0, elevID,3,  pos,-1,  cmd, goto,3
617.0,Elev,2,  arrived at src, 0, Elevator call,504.4317942159655,0,-1,2,0
617.0,Elev,2,  arrived at dest, 0, this call is done!, Elevator call,554.0892922920482,4,0,3,0, Done, dt, 62.910707707951815
618.0,Elevator call,617.9628338542149,0,3,1,1, got allocated to elevator, 1
618.0, elevID,2,  pos,0,  cmd, goto,1
619.0,Elev,3,  arrived at dest, 3, this call is done!, Elevator call,581.8703090238192,0,3,3,1, Done, dt, 37.12969097618077
620.0, elevID,3,  pos,3,  cmd, goto,0
620.0,Elevator call,619.6454196970012,9,0,1,1, got allocated to elevator, 1
627.0,Elevator call,626.2116172047942,0,1,1,1, got allocated to elevator, 1
629.0,Elev,2,  arrived at src, 1, Elevator call,503.13847841893045,1,-1,2,0
629.0,Elev,2,  arrived at src, 1, Elevator call,600.9312879686208,1,0,2,0
629.0, elevID,2,  pos,1,  cmd, goto,0
633.0,Elev,3,  arrived at src, 0, Elevator call,617.9628338542149,0,3,2,1
633.0,Elev,3,  arrived at src, 0, Elevator call,626.2116172047942,0,1,2,1
633.0, elevID,3,  pos,0,  cmd, goto,3
640.0,Elev,2,  arrived at dest, 0, this call is done!, Elevator call,600.9312879686208,1,0,3,0, Done, dt, 39.068712031379164
641.0, elevID,2,  pos,0,  cmd, goto,-1
644.0,Elevator call,643.8547514955396,-1,2,1,0, got allocated to elevator, 0
646.0,Elev,3,  arrived at dest, 3, this call is done!, Elevator call,617.9628338542149,0,3,3,1, Done, dt, 28.037166145785136
647.0, elevID,3,  pos,3,  cmd, goto,1
652.0,Elev,2,  arrived at dest, -1, this call is done!, Elevator call,503.13847841893045,1,-1,3,0, Done, dt, 148.86152158106955
652.0,Elev,2,  arrived at dest, -1, this call is done!, Elevator call,504.4317942159655,0,-1,3,0, Done, dt, 147.5682057840345
652.0,Elev,2,  arrived at src, -1, Elevator call,643.8547514955396,-1,2,2,0
656.0, elevID,2,  pos,-1,  cmd, goto,2
659.0,Elev,3,  arrived at dest, 1, this call is done!, Elevator call,626.2116172047942,0,1,3,1, Done, dt, 32.78838279520585
661.0,Elevator call,660.0732907797126,6,10,1,1, got allocated to elevator, 1
662.0,Elevator call,661.0420820268716,-1,3,1,0, got allocated to elevator, 0
662.0, elevID,3,  pos,1,  cmd, goto,6
663.0,Elevator call,662.1730527520776,-1,5,1,0, got allocated to elevator, 0
666.0,Elevator call,665.1155548533167,-1,8,1,0, got allocated to elevator, 0
667.0,Elevator call,666.0340294605869,4,0,1,1, got allocated to elevator, 1
667.0,Elevator call,666.2411586665262,5,-1,1,1, got allocated to elevator, 1
669.0,Elev,2,  arrived at dest, 2, this call is done!, Elevator call,643.8547514955396,-1,2,3,0, Done, dt, 25.14524850446037
670.0, elevID,2,  pos,2,  cmd, goto,-1
673.0,Elevator call,672.677314157026,0,-1,1,1, got allocated to elevator, 1
677.0,Elev,3,  arrived at src, 6, Elevator call,660.0732907797126,6,10,2,1
677.0, elevID,3,  pos,6,  cmd, goto,10
678.0,Elevator call,677.7341948387335,0,-1,1,1, got allocated to elevator, 1
679.0,Elevator call,678.9953584914538,-1,-2,1,0, got allocated to elevator, 0
683.0,Elev,2,  arrived at src, -1, Elevator call,661.0420820268716,-1,3,2,0
683.0,Elev,2,  arrived at src, -1, Elevator call,662.1730527520776,-1,5,2,0
683.0,Elev,2,  arrived at src, -1, Elevator call,665.1155548533167,-1,8,2,0
683.0,Elev,2,  arrived at src, -1, Elevator call,678.9953584914538,-1,-2,2,0
683.0, elevID,2,  pos,-1,  cmd, goto,8
691.0,Elev,3,  arrived at src, 10, Elevator call,557.2441390036331,10,0,2,1
691.0,Elev,3,  arrived at dest, 10, this call is done!, Elevator call,660.0732907797126,6,10,3,1, Done, dt, 30.92670922028742
693.0, elevID,3,  pos,10,  cmd, goto,7
696.0,Elevator call,695.2239881566923,0,10,1,1, got allocated to elevator, 1
702.0,Elev,2,  arrived at src, 8, Elevator call,596.1232022872633,8,0,2,0
702.0,Elev,2,  arrived at dest, 8, this call is done!, Elevator call,665.1155548533167,-1,8,3,0, Done, dt, 36.88444514668333
703.0, elevID,2,  pos,8,  cmd, goto,-2
706.0,Elev,3,  arrived at src, 7, Elevator call,603.9342326983083,7,0,2,1
706.0, elevID,3,  pos,7,  cmd, goto,0
707.0,Elevator call,706.1583474999188,-1,-2,1,0, got allocated to elevator, 0
711.0,Elevator call,710.3249770041223,0,1,1,1, got allocated to elevator, 1
714.0,Elevator call,713.0191971398395,1,0,1,1, got allocated to elevator, 1
714.0,Elevator call,713.2499766424826,10,-1,1,1, got allocated to elevator, 1
723.0, elevID,3,  pos,0,  cmd, goto,0
723.0,Elevator call,722.6161212799507,10,0,1,1, got allocated to elevator, 1
723.0,Elev,2,  arrived at dest, -2, this call is done!, Elevator call,678.9953584914538,-1,-2,3,0, Done, dt, 44.00464150854623
723.0,Elev,3,  arrived at dest, 0, this call is done!, Elevator call,557.2441390036331,10,0,3,1, Done, dt, 165.7558609963669
723.0,Elev,3,  arrived at dest, 0, this call is done!, Elevator call,603.9342326983083,7,0,3,1, Done, dt, 119.06576730169172
723.0,Elev,3,  arrived at src, 0, Elevator call,672.677314157026,0,-1,2,1
723.0,Elev,3,  arrived at src, 0, Elevator call,677.7341948387335,0,-1,2,1
723.0,Elev,3,  arrived at src, 0, Elevator call,695.2239881566923,0,10,2,1
723.0,Elev,3,  arrived at src, 0, Elevator call,710.3249770041223,0,1,2,1
724.0, elevID,2,  pos,-2,  cmd, goto,-1
724.0, elevID,3,  pos,0,  cmd, goto,9
728.0,Elevator call,727.514602863032,-1,0,1,0, got allocated to elevator, 0
733.0,Elevator call,732.9746341348998,6,-1,1,1, got allocated to elevator, 1
735.0,Elev,2,  arrived at src, -1, Elevator call,706.1583474999188,-1,-2,2,0
735.0,Elev,2,  arrived at src, -1, Elevator call,727.514602863032,-1,0,2,0
735.0, elevID,2,  pos,-1,  cmd, goto,-2
738.0,Elevator call,737.314720213409,1,0,1,1, got allocated to elevator, 1
743.0,Elev,3,  arrived at src, 9, Elevator call,619.6454196970012,9,0,2,1
743.0, elevID,3,  pos,9,  cmd, goto,0
746.0,Elev,2,  arrived at dest, -2, this call is done!, Elevator call,706.1583474999188,-1,-2,3,0, Done, dt, 39.84165250008118
747.0, elevID,2,  pos,-2,  cmd, goto,0
759.0,Elev,2,  arrived at dest, 0, this call is done!, Elevator call,596.1232022872633,8,0,3,0, Done, dt, 162.87679771273667
759.0,Elev,2,  arrived at dest, 0, this call is done!, Elevator call,727.514602863032,-1,0,3,0, Done, dt, 31.485397136968004
760.0, elevID,2,  pos,0,  cmd, goto,5
762.0,Elev,3,  arrived at dest, 0, this call is done!, Elevator call,619.6454196970012,9,0,3,1, Done, dt, 142.35458030299878
763.0, elevID,3,  pos,0,  cmd, goto,10
775.0,Elev,2,  arrived at dest, 5, this call is done!, Elevator call,662.1730527520776,-1,5,3,0, Done, dt, 112.82694724792236
776.0, elevID,2,  pos,5,  cmd, goto,3
780.0,Elevator call,779.399691386574,-1,5,1,0, got allocated to elevator, 0
783.0,Elev,3,  arrived at dest, 10, this call is done!, Elevator call,695.2239881566923,0,10,3,1, Done, dt, 87.77601184330774
783.0,Elev,3,  arrived at src, 10, Elevator call,713.2499766424826,10,-1,2,1
783.0,Elev,3,  arrived at src, 10, Elevator call,722.6161212799507,10,0,2,1
783.0, elevID,3,  pos,10,  cmd, goto,0
788.0,Elev,2,  arrived at dest, 3, this call is done!, Elevator call,661.0420820268716,-1,3,3,0, Done, dt, 126.95791797312836
789.0, elevID,2,  pos,3,  cmd, goto,-1
803.0,Elev,2,  arrived at src, -1, Elevator call,779.399691386574,-1,5,2,0
803.0, elevID,2,  pos,-1,  cmd, goto,5
803.0,Elev,3,  arrived at dest, 0, this call is done!, Elevator call,722.6161212799507,10,0,3,1, Done, dt, 80.38387872004932
804.0, elevID,3,  pos,0,  cmd, goto,-1
806.0,Elevator call,805.6754743307536,-1,-2,1,0, got allocated to elevator, 0
811.0,Elevator call,810.4469089359914,2,0,1,1, got allocated to elevator, 1
815.0,Elev,3,  arrived at dest, -1, this call is done!, Elevator call,672.677314157026,0,-1,3,1, Done, dt, 142.322685842974
815.0,Elev,3,  arrived at dest, -1, this call is done!, Elevator call,677.7341948387335,0,-1,3,1, Done, dt, 137.26580516126648
815.0,Elev,3,  arrived at dest, -1, this call is done!, Elevator call,713.2499766424826,10,-1,3,1, Done, dt, 101.75002335751742
817.0,Elevator call,816.1516998390152,7,-1,1,1, got allocated to elevator, 1
817.0, elevID,3,  pos,-1,  cmd, goto,7
819.0,Elev,2,  arrived at dest, 5, this call is done!, Elevator call,779.399691386574,-1,5,3,0, Done, dt, 39.60030861342602
820.0, elevID,2,  pos,5,  cmd, goto,-1
826.0,Elevator call,825.4575184586336,7,0,1,1, got allocated to elevator, 1
835.0,Elev,3,  arrived at src, 7, Elevator call,816.1516998390152,7,-1,2,1
835.0,Elev,3,  arrived at src, 7, Elevator call,825.4575184586336,7,0,2,1
835.0, elevID,3,  pos,7,  cmd, goto,-1
836.0,Elev,2,  arrived at src, -1, Elevator call,805.6754743307536,-1,-2,2,0
836.0, elevID,2,  pos,-1,  cmd, goto,-2
840.0,Elevator call,839.8525652620532,0,1,1,0, got allocated to elevator, 0
847.0,Elev,2,  arrived at dest, -2, this call is done!, Elevator call,805.6754743307536,-1,-2,3,0, Done, dt, 41.32452566924644
853.0, elevID,2,  pos,-2,  cmd, goto,0
853.0,Elev,3,  arrived at dest, -1, this call is done!, Elevator call,816.1516998390152,7,-1,3,1, Done, dt, 36.84830016098476
854.0, elevID,3,  pos,-1,  cmd, goto,0
855.0,Elevator call,854.2002278085795,6,-1,1,0, got allocated to elevator, 0
864.0,Elevator call,863.893291272948,0,-1,1,0, got allocated to elevator, 0
865.0,Elev,2,  arrived at src, 0, Elevator call,839.8525652620532,0,1,2,0
865.0,Elev,2,  arrived at src, 0, Elevator call,863.893291272948,0,-1,2,0
865.0, elevID,2,  pos,0,  cmd, goto,1
865.0,Elev,3,  arrived at dest, 0, this call is done!, Elevator call,825.4575184586336,7,0,3,1, Done, dt, 39.54248154136644
866.0, elevID,3,  pos,0,  cmd, goto,6
871.0,Elevator call,870.5053023797483,0,7,1,0, got allocated to elevator, 0
876.0,Elev,2,  arrived at dest, 1, this call is done!, Elevator call,839.8525652620532,0,1,3,0, Done, dt, 36.14743473794681
877.0, elevID,2,  pos,1,  cmd, goto,0
882.0,Elev,3,  arrived at src, 6, Elevator call,732.9746341348998,6,-1,2,1
882.0, elevID,3,  pos,6,  cmd, goto,-1
887.0,Elevator call,886.5649993239458,-1,-2,1,0, got allocated to elevator, 0
888.0,Elev,2,  arrived at src, 0, Elevator call,870.5053023797483,0,7,2,0
888.0, elevID,2,  pos,0,  cmd, goto,7
893.0,Elevator call,892.5212150591021,9,-1,1,0, got allocated to elevator, 0
899.0,Elev,3,  arrived at dest, -1, this call is done!, Elevator call,732.9746341348998,6,-1,3,1, Done, dt, 166.02536586510018
900.0, elevID,3,  pos,-1,  cmd, goto,5
905.0,Elev,2,  arrived at dest, 7, this call is done!, Elevator call,870.5053023797483,0,7,3,0, Done, dt, 34.49469762025171
906.0, elevID,2,  pos,7,  cmd, goto,-1
911.0,Elevator call,910.5388559417848,6,5,1,0, got allocated to elevator, 0
916.0, elevID,3,  pos,5,  cmd, goto,5
916.0,Elevator call,915.9490574608818,4,-1,1,1, got allocated to elevator, 1
916.0,Elev,3,  arrived at src, 5, Elevator call,666.2411586665262,5,-1,2,1
916.0, elevID,3,  pos,5,  cmd, goto,-1
924.0,Elev,2,  arrived at dest, -1, this call is done!, Elevator call,863.893291272948,0,-1,3,0, Done, dt, 60.10670872705202
924.0,Elev,2,  arrived at src, -1, Elevator call,886.5649993239458,-1,-2,2,0
931.0, elevID,2,  pos,-1,  cmd, goto,6
932.0,Elev,3,  arrived at dest, -1, this call is done!, Elevator call,666.2411586665262,5,-1,3,1, Done, dt, 265.7588413334738
933.0, elevID,3,  pos,-1,  cmd, goto,4
934.0,Elevator call,933.8580452488764,7,5,1,0, got allocated to elevator, 0
948.0,Elev,2,  arrived at src, 6, Elevator call,854.2002278085795,6,-1,2,0
948.0,Elev,2,  arrived at src, 6, Elevator call,910.5388559417848,6,5,2,0
948.0, elevID,2,  pos,6,  cmd, goto,5
948.0,Elev,3,  arrived at src, 4, Elevator call,666.0340294605869,4,0,2,1
948.0,Elev,3,  arrived at src, 4, Elevator call,915.9490574608818,4,-1,2,1
948.0, elevID,3,  pos,4,  cmd, goto,-1
959.0,Elev,2,  arrived at dest, 5, this call is done!, Elevator call,910.5388559417848,6,5,3,0, Done, dt, 48.461144058215154
960.0, elevID,2,  pos,5,  cmd, goto,-1
962.0,Elevator call,961.6862855708133,6,-1,1,0, got allocated to elevator, 0
963.0,Elev,3,  arrived at dest, -1, this call is done!, Elevator call,915.9490574608818,4,-1,3,1, Done, dt, 47.05094253911818
964.0, elevID,3,  pos,-1,  cmd, goto,0
973.0,Elevator call,972.8032126022729,1,0,1,1, got allocated to elevator, 1
975.0,Elev,3,  arrived at dest, 0, this call is done!, Elevator call,666.0340294605869,4,0,3,1, Done, dt, 308.9659705394131
976.0, elevID,2,  pos,-1,  cmd, goto,-1
976.0,Elevator call,975.8361202753667,0,-1,1,0, got allocated to elevator, 0
976.0,Elev,2,  arrived at dest, -1, this call is done!, Elevator call,854.2002278085795,6,-1,3,0, Done, dt, 121.79977219142052
976.0, elevID,3,  pos,0,  cmd, goto,2
977.0, elevID,2,  pos,-1,  cmd, goto,6
979.0,Elevator call,978.5925148564796,10,0,1,0, got allocated to elevator, 0
979.0,Elevator call,978.6210500641439,10,-1,1,0, got allocated to elevator, 0
985.0,Elevator call,984.1840185574983,7,0,1,0, got allocated to elevator, 0
988.0,Elev,3,  arrived at src, 2, Elevator call,810.4469089359914,2,0,2,1
988.0, elevID,3,  pos,2,  cmd, goto,0
994.0,Elev,2,  arrived at src, 6, Elevator call,961.6862855708133,6,-1,2,0
994.0, elevID,2,  pos,6,  cmd, goto,-1
1000.0,************* Simulation Ended ************
Code Owners,123456789,  Case,2,  Total waiting time: 7497.792822120196,  average waiting time per call: 74.97792822120196,  unCompleted calls,13,  certificate, -2609700215
