**** The Simulator log: stage 2
0.0,OOP_Ex0_Elevator_Simulator
0.0,Simulated Building, ex0.simulator.Builging_A [-2,10]
0) ex0.simulator.Elevator_A, Elev_0, speed: 1.0, open/close: 2.0,  start/stop: 3.0
1) ex0.simulator.Elevator_A, Elev_1, speed: 1.0, open/close: 2.0,  start/stop: 3.0
0.0,Simulated Period starTime,0.0,  endTime,1000.0,  dt,1.0
0.0,Simulated  calls,Elevetor log, size: 100
0.0,**** Simulation starts!! ****
5.0, elevID,0,  pos,-2,  cmd, goto,0
5.0,Elevator call,4.374727290393253,0,-1,1,0, got allocated to elevator, 0
, elevID,0,  pos,0,  WRONG cmd, stop,0,  the elevator is not moving!
17.0, elevID,0,  pos,0,  cmd, goto,-1
17.0,Elevator call,16.957882888088932,-1,0,1,0, got allocated to elevator, 0
23.0,Elevator call,22.094056301593582,0,-1,1,0, got allocated to elevator, 0
28.0,Elev,0,  arrived at src, -1, Elevator call,16.957882888088932,-1,0,2,0
28.0, elevID,0,  pos,-1,  cmd, goto,0
, elevID,0,  pos,0,  WRONG cmd, stop,0,  the elevator is not moving!
39.0,Elev,0,  arrived at src, 0, Elevator call,4.374727290393253,0,-1,2,0
39.0,Elev,0,  arrived at dest, 0, this call is done!, Elevator call,16.957882888088932,-1,0,3,0, Done, dt, 22.042117111911068
39.0,Elev,0,  arrived at src, 0, Elevator call,22.094056301593582,0,-1,2,0
39.0, elevID,0,  pos,0,  cmd, goto,-1
, elevID,0,  pos,-1,  WRONG cmd, stop,-1,  the elevator is not moving!
50.0,Elev,0,  arrived at dest, -1, this call is done!, Elevator call,4.374727290393253,0,-1,3,0, Done, dt, 45.62527270960675
50.0,Elev,0,  arrived at dest, -1, this call is done!, Elevator call,22.094056301593582,0,-1,3,0, Done, dt, 27.905943698406418
86.0, elevID,0,  pos,-1,  cmd, goto,3
86.0,Elevator call,85.5209666204754,3,2,1,0, got allocated to elevator, 0
92.0, elevID,1,  pos,-2,  cmd, goto,-1
92.0,Elevator call,91.21019413453945,-1,-2,1,1, got allocated to elevator, 1
, elevID,0,  pos,3,  WRONG cmd, stop,3,  the elevator is not moving!
, elevID,1,  pos,-1,  WRONG cmd, stop,-1,  the elevator is not moving!
100.0,Elev,0,  arrived at src, 3, Elevator call,85.5209666204754,3,2,2,0
103.0,Elev,1,  arrived at src, -1, Elevator call,91.21019413453945,-1,-2,2,1
105.0, elevID,1,  pos,-1,  cmd, goto,0
105.0,Elevator call,104.13701241869234,0,4,1,1, got allocated to elevator, 1
110.0, elevID,1,  pos,-1,  cmd, stop,-1
110.0,Elevator call,109.21352909346587,-1,0,1,1, got allocated to elevator, 1
, elevID,0,  pos,3,  WRONG cmd, stop,3,  the elevator is not moving!
115.0, elevID,0,  pos,3,  cmd, goto,0
115.0,Elevator call,114.39235096774041,3,0,1,0, got allocated to elevator, 0
115.0,Elev,1,  arrived at src, -1, Elevator call,109.21352909346587,-1,0,2,1
115.0, elevID,1,  pos,-1,  cmd, goto,0
, elevID,1,  pos,0,  WRONG cmd, stop,0,  the elevator is not moving!
, elevID,1,  pos,0,  WRONG cmd, stop,0,  the elevator is not moving!
125.0,Elevator call,124.42557095980362,0,9,1,1, got allocated to elevator, 1
126.0,Elev,1,  arrived at src, 0, Elevator call,104.13701241869234,0,4,2,1
126.0,Elev,1,  arrived at dest, 0, this call is done!, Elevator call,109.21352909346587,-1,0,3,1, Done, dt, 16.786470906534134
126.0,Elev,1,  arrived at src, 0, Elevator call,124.42557095980362,0,9,2,1
131.0, elevID,0,  pos,0,  cmd, goto,8
131.0,Elevator call,130.02495678190564,8,10,1,0, got allocated to elevator, 0
131.0, elevID,1,  pos,0,  cmd, goto,-1
131.0,Elevator call,130.224911275492,-1,1,1,1, got allocated to elevator, 1
, elevID,1,  pos,-1,  WRONG cmd, stop,-1,  the elevator is not moving!
138.0,Elevator call,137.9515274326701,0,4,1,0, got allocated to elevator, 0
142.0,Elev,1,  arrived at src, -1, Elevator call,130.224911275492,-1,1,2,1
144.0, elevID,1,  pos,-1,  cmd, goto,0
144.0,Elevator call,143.91335838799415,0,6,1,1, got allocated to elevator, 1
149.0,Elev,0,  arrived at src, 8, Elevator call,130.02495678190564,8,10,2,0
149.0, elevID,0,  pos,8,  cmd, goto,0
, elevID,1,  pos,0,  WRONG cmd, stop,0,  the elevator is not moving!
155.0,Elev,1,  arrived at src, 0, Elevator call,143.91335838799415,0,6,2,1
, elevID,0,  pos,0,  WRONG cmd, stop,0,  the elevator is not moving!
167.0,Elev,0,  arrived at src, 0, Elevator call,137.9515274326701,0,4,2,0
167.0, elevID,0,  pos,0,  cmd, goto,8
170.0,Elevator call,169.78458339380109,-1,0,1,0, got allocated to elevator, 0
171.0,Elevator call,170.0099620835246,0,6,1,0, got allocated to elevator, 0
172.0, elevID,1,  pos,0,  cmd, goto,-1
172.0,Elevator call,171.21173315221364,-1,8,1,1, got allocated to elevator, 1
, elevID,1,  pos,0,  cmd, stop,0
175.0,Elevator call,174.84385152106802,0,-1,1,1, got allocated to elevator, 1
182.0,Elev,1,  arrived at src, 0, Elevator call,174.84385152106802,0,-1,2,1
182.0, elevID,1,  pos,0,  cmd, goto,-1
185.0, elevID,0,  pos,8,  cmd, goto,-1
, elevID,1,  pos,-1,  WRONG cmd, stop,-1,  the elevator is not moving!
188.0,Elevator call,187.11678617348463,-1,-2,1,1, got allocated to elevator, 1
, elevID,1,  pos,-1,  WRONG cmd, stop,-1,  the elevator is not moving!
188.0,Elevator call,187.7299317966884,-1,-2,1,1, got allocated to elevator, 1
, elevID,1,  pos,-1,  WRONG cmd, stop,-1,  the elevator is not moving!
193.0,Elev,1,  arrived at src, -1, Elevator call,171.21173315221364,-1,8,2,1
193.0,Elev,1,  arrived at dest, -1, this call is done!, Elevator call,174.84385152106802,0,-1,3,1, Done, dt, 18.156148478931982
193.0,Elev,1,  arrived at src, -1, Elevator call,187.11678617348463,-1,-2,2,1
193.0,Elev,1,  arrived at src, -1, Elevator call,187.7299317966884,-1,-2,2,1
196.0, elevID,1,  pos,-1,  cmd, goto,0
196.0,Elevator call,195.90869649656992,0,7,1,1, got allocated to elevator, 1
198.0, elevID,1,  pos,-1,  cmd, stop,-1
198.0,Elevator call,197.5359191292572,-1,1,1,1, got allocated to elevator, 1
, elevID,0,  pos,-1,  WRONG cmd, stop,-1,  the elevator is not moving!
204.0,Elev,0,  arrived at src, -1, Elevator call,169.78458339380109,-1,0,2,0
204.0, elevID,0,  pos,-1,  cmd, goto,0
206.0, elevID,0,  pos,-1,  cmd, stop,-1
206.0,Elevator call,205.9895199338651,-1,0,1,0, got allocated to elevator, 0
206.0,Elev,1,  arrived at src, -1, Elevator call,197.5359191292572,-1,1,2,1
206.0, elevID,1,  pos,-1,  cmd, goto,0
, elevID,1,  pos,0,  WRONG cmd, stop,0,  the elevator is not moving!
214.0,Elev,0,  arrived at src, -1, Elevator call,205.9895199338651,-1,0,2,0
214.0, elevID,0,  pos,-1,  cmd, goto,0
217.0,Elev,1,  arrived at src, 0, Elevator call,195.90869649656992,0,7,2,1
, elevID,0,  pos,0,  WRONG cmd, stop,0,  the elevator is not moving!
225.0,Elev,0,  arrived at dest, 0, this call is done!, Elevator call,169.78458339380109,-1,0,3,0, Done, dt, 55.215416606198914
225.0,Elev,0,  arrived at src, 0, Elevator call,170.0099620835246,0,6,2,0
225.0,Elev,0,  arrived at dest, 0, this call is done!, Elevator call,205.9895199338651,-1,0,3,0, Done, dt, 19.010480066134903
225.0, elevID,0,  pos,0,  cmd, goto,8
228.0, elevID,1,  pos,0,  cmd, goto,-1
228.0,Elevator call,227.0798304557929,-1,5,1,1, got allocated to elevator, 1
232.0,Elevator call,231.51578817426258,-1,0,1,0, got allocated to elevator, 0
, elevID,1,  pos,0,  cmd, stop,0
233.0,Elevator call,232.95043623946805,0,-1,1,1, got allocated to elevator, 1
238.0,Elev,1,  arrived at src, 0, Elevator call,232.95043623946805,0,-1,2,1
238.0, elevID,1,  pos,0,  cmd, goto,-1
243.0, elevID,0,  pos,8,  cmd, goto,-1
, elevID,1,  pos,-1,  WRONG cmd, stop,-1,  the elevator is not moving!
249.0,Elev,1,  arrived at src, -1, Elevator call,227.0798304557929,-1,5,2,1
249.0,Elev,1,  arrived at dest, -1, this call is done!, Elevator call,232.95043623946805,0,-1,3,1, Done, dt, 16.049563760531953
, elevID,1,  pos,-1,  WRONG cmd, stop,-1,  the elevator is not moving!
252.0, elevID,1,  pos,-1,  cmd, goto,-2
252.0,Elevator call,251.10444690749756,-1,-2,1,1, got allocated to elevator, 1
252.0,Elevator call,251.23593354161653,0,9,1,1, got allocated to elevator, 1
255.0,Elevator call,254.69771525200505,3,4,1,1, got allocated to elevator, 1
, elevID,0,  pos,-1,  WRONG cmd, stop,-1,  the elevator is not moving!
, elevID,0,  pos,-1,  WRONG cmd, stop,-1,  the elevator is not moving!
258.0,Elevator call,257.7974435335086,-1,0,1,0, got allocated to elevator, 0
262.0,Elev,0,  arrived at src, -1, Elevator call,231.51578817426258,-1,0,2,0
262.0,Elev,0,  arrived at src, -1, Elevator call,257.7974435335086,-1,0,2,0
262.0, elevID,0,  pos,-1,  cmd, goto,8
263.0,Elev,1,  arrived at dest, -2, this call is done!, Elevator call,91.21019413453945,-1,-2,3,1, Done, dt, 171.78980586546055
263.0,Elev,1,  arrived at dest, -2, this call is done!, Elevator call,187.11678617348463,-1,-2,3,1, Done, dt, 75.88321382651537
263.0,Elev,1,  arrived at dest, -2, this call is done!, Elevator call,187.7299317966884,-1,-2,3,1, Done, dt, 75.27006820331161
263.0, elevID,1,  pos,-2,  cmd, goto,3
, elevID,1,  pos,3,  WRONG cmd, stop,3,  the elevator is not moving!
, elevID,0,  pos,8,  WRONG cmd, stop,8,  the elevator is not moving!
278.0,Elev,1,  arrived at src, 3, Elevator call,254.69771525200505,3,4,2,1
278.0, elevID,1,  pos,3,  cmd, goto,0
, elevID,1,  pos,0,  WRONG cmd, stop,0,  the elevator is not moving!
291.0,Elev,1,  arrived at src, 0, Elevator call,251.23593354161653,0,9,2,1
, elevID,1,  pos,0,  WRONG cmd, stop,0,  the elevator is not moving!
296.0, elevID,1,  pos,0,  cmd, goto,1
296.0,Elevator call,295.7943356681491,0,1,1,1, got allocated to elevator, 1
305.0, elevID,0,  pos,8,  cmd, goto,6
305.0,Elevator call,304.99843880775313,6,0,1,0, got allocated to elevator, 0
307.0,Elev,1,  arrived at dest, 1, this call is done!, Elevator call,130.224911275492,-1,1,3,1, Done, dt, 176.775088724508
307.0,Elev,1,  arrived at dest, 1, this call is done!, Elevator call,197.5359191292572,-1,1,3,1, Done, dt, 109.4640808707428
310.0, elevID,1,  pos,1,  cmd, goto,0
310.0,Elevator call,309.30053828560517,0,-1,1,1, got allocated to elevator, 1
, elevID,0,  pos,6,  WRONG cmd, stop,6,  the elevator is not moving!
313.0,Elevator call,312.30185564398687,0,-1,1,1, got allocated to elevator, 1
, elevID,1,  pos,0,  WRONG cmd, stop,0,  the elevator is not moving!
, elevID,1,  pos,0,  WRONG cmd, stop,0,  the elevator is not moving!
317.0,Elevator call,316.03237827404377,0,-1,1,1, got allocated to elevator, 1
317.0,Elev,0,  arrived at dest, 6, this call is done!, Elevator call,170.0099620835246,0,6,3,0, Done, dt, 146.9900379164754
317.0,Elev,0,  arrived at src, 6, Elevator call,304.99843880775313,6,0,2,0
, elevID,1,  pos,0,  WRONG cmd, stop,0,  the elevator is not moving!
, elevID,0,  pos,6,  WRONG cmd, stop,6,  the elevator is not moving!
320.0, elevID,0,  pos,6,  cmd, goto,5
320.0,Elevator call,319.90520204415634,6,5,1,0, got allocated to elevator, 0
321.0, elevID,1,  pos,0,  cmd, goto,-1
321.0,Elevator call,320.97607492210807,-1,0,1,1, got allocated to elevator, 1
322.0,Elevator call,321.37040904796595,7,-1,1,0, got allocated to elevator, 0
, elevID,1,  pos,-1,  WRONG cmd, stop,-1,  the elevator is not moving!
331.0, elevID,0,  pos,5,  cmd, goto,7
332.0,Elev,1,  arrived at src, -1, Elevator call,251.10444690749756,-1,-2,2,1
332.0,Elev,1,  arrived at src, -1, Elevator call,320.97607492210807,-1,0,2,1
333.0, elevID,1,  pos,-1,  cmd, goto,0
333.0,Elevator call,332.4267319393355,0,10,1,1, got allocated to elevator, 1
337.0, elevID,1,  pos,-1,  cmd, stop,-1
337.0,Elevator call,336.93043046159545,-1,0,1,1, got allocated to elevator, 1
, elevID,0,  pos,7,  WRONG cmd, stop,7,  the elevator is not moving!
343.0,Elev,0,  arrived at src, 7, Elevator call,321.37040904796595,7,-1,2,0
343.0,Elev,1,  arrived at src, -1, Elevator call,336.93043046159545,-1,0,2,1
343.0, elevID,1,  pos,-1,  cmd, goto,0
, elevID,1,  pos,0,  WRONG cmd, stop,0,  the elevator is not moving!
354.0,Elev,1,  arrived at src, 0, Elevator call,295.7943356681491,0,1,2,1
354.0,Elev,1,  arrived at src, 0, Elevator call,309.30053828560517,0,-1,2,1
354.0,Elev,1,  arrived at src, 0, Elevator call,312.30185564398687,0,-1,2,1
354.0,Elev,1,  arrived at src, 0, Elevator call,316.03237827404377,0,-1,2,1
354.0,Elev,1,  arrived at dest, 0, this call is done!, Elevator call,320.97607492210807,-1,0,3,1, Done, dt, 33.02392507789193
354.0,Elev,1,  arrived at src, 0, Elevator call,332.4267319393355,0,10,2,1
354.0,Elev,1,  arrived at dest, 0, this call is done!, Elevator call,336.93043046159545,-1,0,3,1, Done, dt, 17.06956953840455
376.0, elevID,1,  pos,0,  cmd, goto,1
376.0,Elevator call,375.49048095381363,1,0,1,1, got allocated to elevator, 1
, elevID,1,  pos,1,  WRONG cmd, stop,1,  the elevator is not moving!
387.0,Elev,1,  arrived at dest, 1, this call is done!, Elevator call,295.7943356681491,0,1,3,1, Done, dt, 91.20566433185093
387.0,Elev,1,  arrived at src, 1, Elevator call,375.49048095381363,1,0,2,1
393.0, elevID,1,  pos,1,  cmd, goto,0
393.0,Elevator call,392.5160764870397,0,5,1,1, got allocated to elevator, 1
, elevID,1,  pos,0,  WRONG cmd, stop,0,  the elevator is not moving!
404.0,Elev,1,  arrived at dest, 0, this call is done!, Elevator call,375.49048095381363,1,0,3,1, Done, dt, 28.50951904618637
404.0,Elev,1,  arrived at src, 0, Elevator call,392.5160764870397,0,5,2,1
406.0, elevID,1,  pos,0,  cmd, goto,-1
406.0,Elevator call,405.1821140884023,-1,10,1,1, got allocated to elevator, 1
, elevID,1,  pos,-1,  WRONG cmd, stop,-1,  the elevator is not moving!
417.0,Elev,1,  arrived at dest, -1, this call is done!, Elevator call,309.30053828560517,0,-1,3,1, Done, dt, 107.69946171439483
417.0,Elev,1,  arrived at dest, -1, this call is done!, Elevator call,312.30185564398687,0,-1,3,1, Done, dt, 104.69814435601313
417.0,Elev,1,  arrived at dest, -1, this call is done!, Elevator call,316.03237827404377,0,-1,3,1, Done, dt, 100.96762172595623
417.0,Elev,1,  arrived at src, -1, Elevator call,405.1821140884023,-1,10,2,1
427.0, elevID,1,  pos,-1,  cmd, goto,2
427.0,Elevator call,426.8615805478589,2,0,1,1, got allocated to elevator, 1
, elevID,1,  pos,2,  WRONG cmd, stop,2,  the elevator is not moving!
438.0, elevID,0,  pos,7,  cmd, goto,1
438.0,Elevator call,437.17111576125836,1,0,1,0, got allocated to elevator, 0
440.0,Elev,1,  arrived at src, 2, Elevator call,426.8615805478589,2,0,2,1
, elevID,0,  pos,1,  WRONG cmd, stop,1,  the elevator is not moving!
454.0,Elev,0,  arrived at src, 1, Elevator call,437.17111576125836,1,0,2,0
473.0, elevID,1,  pos,2,  cmd, goto,10
473.0,Elevator call,472.7445473930129,10,-1,1,1, got allocated to elevator, 1
, elevID,1,  pos,10,  WRONG cmd, stop,10,  the elevator is not moving!
491.0,Elev,1,  arrived at dest, 10, this call is done!, Elevator call,332.4267319393355,0,10,3,1, Done, dt, 158.57326806066447
491.0,Elev,1,  arrived at dest, 10, this call is done!, Elevator call,405.1821140884023,-1,10,3,1, Done, dt, 85.81788591159773
491.0,Elev,1,  arrived at src, 10, Elevator call,472.7445473930129,10,-1,2,1
501.0, elevID,1,  pos,10,  cmd, goto,8
501.0,Elevator call,500.3712044996745,8,-1,1,1, got allocated to elevator, 1
, elevID,0,  pos,1,  WRONG cmd, stop,1,  the elevator is not moving!
504.0, elevID,0,  pos,1,  cmd, goto,-1
504.0,Elevator call,503.13847841893045,1,-1,1,0, got allocated to elevator, 0
505.0,Elevator call,504.4317942159655,0,-1,1,0, got allocated to elevator, 0
, elevID,1,  pos,8,  WRONG cmd, stop,8,  the elevator is not moving!
, elevID,0,  pos,0,  cmd, stop,0
513.0,Elev,1,  arrived at dest, 8, this call is done!, Elevator call,171.21173315221364,-1,8,3,1, Done, dt, 341.78826684778636
513.0,Elev,1,  arrived at src, 8, Elevator call,500.3712044996745,8,-1,2,1
515.0,Elev,0,  arrived at dest, 0, this call is done!, Elevator call,231.51578817426258,-1,0,3,0, Done, dt, 283.4842118257374
515.0,Elev,0,  arrived at dest, 0, this call is done!, Elevator call,257.7974435335086,-1,0,3,0, Done, dt, 257.2025564664914
515.0,Elev,0,  arrived at dest, 0, this call is done!, Elevator call,304.99843880775313,6,0,3,0, Done, dt, 210.00156119224687
515.0,Elev,0,  arrived at dest, 0, this call is done!, Elevator call,437.17111576125836,1,0,3,0, Done, dt, 77.82888423874164
515.0,Elev,0,  arrived at src, 0, Elevator call,504.4317942159655,0,-1,2,0
530.0, elevID,0,  pos,0,  cmd, goto,3
530.0,Elevator call,529.6277472128405,3,-1,1,0, got allocated to elevator, 0
538.0, elevID,1,  pos,8,  cmd, goto,-1
538.0,Elevator call,537.7866883694313,-1,6,1,1, got allocated to elevator, 1
, elevID,0,  pos,3,  WRONG cmd, stop,3,  the elevator is not moving!
543.0,Elev,0,  arrived at src, 3, Elevator call,114.39235096774041,3,0,2,0
543.0,Elev,0,  arrived at src, 3, Elevator call,529.6277472128405,3,-1,2,0
, elevID,1,  pos,6,  cmd, stop,6
545.0,Elevator call,544.7880392034898,6,-1,1,1, got allocated to elevator, 1
550.0,Elev,1,  arrived at dest, 6, this call is done!, Elevator call,143.91335838799415,0,6,3,1, Done, dt, 406.08664161200585
550.0,Elev,1,  arrived at src, 6, Elevator call,544.7880392034898,6,-1,2,1
550.0, elevID,1,  pos,6,  cmd, goto,-1
555.0, elevID,0,  pos,3,  cmd, goto,4
555.0,Elevator call,554.0892922920482,4,0,1,0, got allocated to elevator, 0
558.0,Elevator call,557.2441390036331,10,0,1,1, got allocated to elevator, 1
, elevID,0,  pos,4,  WRONG cmd, stop,4,  the elevator is not moving!
566.0,Elevator call,565.0195521745534,0,-1,1,1, got allocated to elevator, 1
566.0,Elev,0,  arrived at dest, 4, this call is done!, Elevator call,137.9515274326701,0,4,3,0, Done, dt, 428.0484725673299
566.0,Elev,0,  arrived at src, 4, Elevator call,554.0892922920482,4,0,2,0
567.0,Elev,1,  arrived at dest, -1, this call is done!, Elevator call,472.7445473930129,10,-1,3,1, Done, dt, 94.25545260698709
567.0,Elev,1,  arrived at dest, -1, this call is done!, Elevator call,500.3712044996745,8,-1,3,1, Done, dt, 66.62879550032551
567.0,Elev,1,  arrived at src, -1, Elevator call,537.7866883694313,-1,6,2,1
567.0,Elev,1,  arrived at dest, -1, this call is done!, Elevator call,544.7880392034898,6,-1,3,1, Done, dt, 22.211960796510198
567.0, elevID,1,  pos,-1,  cmd, goto,0
, elevID,1,  pos,0,  WRONG cmd, stop,0,  the elevator is not moving!
578.0,Elev,1,  arrived at dest, 0, this call is done!, Elevator call,426.8615805478589,2,0,3,1, Done, dt, 151.13841945214108
578.0,Elev,1,  arrived at src, 0, Elevator call,565.0195521745534,0,-1,2,1
578.0, elevID,1,  pos,0,  cmd, goto,10
582.0, elevID,1,  pos,0,  cmd, stop,0
582.0,Elevator call,581.8703090238192,0,3,1,1, got allocated to elevator, 1
588.0,Elev,1,  arrived at src, 0, Elevator call,581.8703090238192,0,3,2,1
588.0, elevID,1,  pos,0,  cmd, goto,10
597.0, elevID,0,  pos,4,  cmd, goto,8
597.0,Elevator call,596.1232022872633,8,0,1,0, got allocated to elevator, 0
601.0,Elevator call,600.9312879686208,1,0,1,1, got allocated to elevator, 1
604.0,Elevator call,603.9342326983083,7,0,1,1, got allocated to elevator, 1
, elevID,0,  pos,8,  WRONG cmd, stop,8,  the elevator is not moving!
608.0,Elev,1,  arrived at src, 10, Elevator call,557.2441390036331,10,0,2,1
608.0, elevID,1,  pos,10,  cmd, goto,1
611.0,Elev,0,  arrived at src, 8, Elevator call,596.1232022872633,8,0,2,0
618.0,Elevator call,617.9628338542149,0,3,1,1, got allocated to elevator, 1
620.0, elevID,0,  pos,8,  cmd, goto,9
620.0,Elevator call,619.6454196970012,9,0,1,0, got allocated to elevator, 0
, elevID,1,  pos,1,  WRONG cmd, stop,1,  the elevator is not moving!
, elevID,0,  pos,9,  WRONG cmd, stop,9,  the elevator is not moving!
627.0, elevID,1,  pos,1,  cmd, goto,0
627.0,Elevator call,626.2116172047942,0,1,1,1, got allocated to elevator, 1
631.0,Elev,0,  arrived at src, 9, Elevator call,619.6454196970012,9,0,2,0
, elevID,1,  pos,0,  WRONG cmd, stop,0,  the elevator is not moving!
, elevID,1,  pos,0,  WRONG cmd, stop,0,  the elevator is not moving!
638.0,Elev,1,  arrived at dest, 0, this call is done!, Elevator call,557.2441390036331,10,0,3,1, Done, dt, 80.75586099636689
638.0,Elev,1,  arrived at src, 0, Elevator call,617.9628338542149,0,3,2,1
638.0,Elev,1,  arrived at src, 0, Elevator call,626.2116172047942,0,1,2,1
638.0, elevID,1,  pos,0,  cmd, goto,7
644.0,Elevator call,643.8547514955396,-1,2,1,1, got allocated to elevator, 1
655.0,Elev,1,  arrived at dest, 7, this call is done!, Elevator call,195.90869649656992,0,7,3,1, Done, dt, 459.0913035034301
655.0,Elev,1,  arrived at src, 7, Elevator call,603.9342326983083,7,0,2,1
655.0, elevID,1,  pos,7,  cmd, goto,-1
661.0, elevID,0,  pos,9,  cmd, goto,6
661.0,Elevator call,660.0732907797126,6,10,1,0, got allocated to elevator, 0
662.0,Elevator call,661.0420820268716,-1,3,1,0, got allocated to elevator, 0
663.0,Elevator call,662.1730527520776,-1,5,1,0, got allocated to elevator, 0
666.0,Elevator call,665.1155548533167,-1,8,1,0, got allocated to elevator, 0
667.0,Elevator call,666.0340294605869,4,0,1,0, got allocated to elevator, 0
667.0,Elevator call,666.2411586665262,5,-1,1,0, got allocated to elevator, 0
, elevID,1,  pos,-1,  WRONG cmd, stop,-1,  the elevator is not moving!
673.0, elevID,1,  pos,-1,  cmd, goto,0
673.0,Elevator call,672.677314157026,0,-1,1,1, got allocated to elevator, 1
674.0,Elev,0,  arrived at src, 6, Elevator call,319.90520204415634,6,5,2,0
674.0,Elev,0,  arrived at src, 6, Elevator call,660.0732907797126,6,10,2,0
674.0, elevID,0,  pos,6,  cmd, goto,4
678.0,Elevator call,677.7341948387335,0,-1,1,0, got allocated to elevator, 0
679.0,Elevator call,678.9953584914538,-1,-2,1,0, got allocated to elevator, 0
, elevID,1,  pos,0,  WRONG cmd, stop,0,  the elevator is not moving!
684.0,Elev,1,  arrived at dest, 0, this call is done!, Elevator call,603.9342326983083,7,0,3,1, Done, dt, 80.06576730169172
684.0,Elev,1,  arrived at src, 0, Elevator call,672.677314157026,0,-1,2,1
684.0, elevID,1,  pos,0,  cmd, goto,7
686.0,Elev,0,  arrived at src, 4, Elevator call,666.0340294605869,4,0,2,0
686.0, elevID,0,  pos,4,  cmd, goto,0
, elevID,0,  pos,0,  WRONG cmd, stop,0,  the elevator is not moving!
, elevID,0,  pos,0,  WRONG cmd, stop,0,  the elevator is not moving!
696.0,Elevator call,695.2239881566923,0,10,1,0, got allocated to elevator, 0
, elevID,1,  pos,7,  WRONG cmd, stop,7,  the elevator is not moving!
700.0,Elev,0,  arrived at dest, 0, this call is done!, Elevator call,114.39235096774041,3,0,3,0, Done, dt, 585.6076490322596
700.0,Elev,0,  arrived at dest, 0, this call is done!, Elevator call,554.0892922920482,4,0,3,0, Done, dt, 145.91070770795181
700.0,Elev,0,  arrived at dest, 0, this call is done!, Elevator call,596.1232022872633,8,0,3,0, Done, dt, 103.87679771273667
700.0,Elev,0,  arrived at dest, 0, this call is done!, Elevator call,619.6454196970012,9,0,3,0, Done, dt, 80.35458030299878
700.0,Elev,0,  arrived at dest, 0, this call is done!, Elevator call,666.0340294605869,4,0,3,0, Done, dt, 33.96597053941309
700.0,Elev,0,  arrived at src, 0, Elevator call,677.7341948387335,0,-1,2,0
700.0,Elev,0,  arrived at src, 0, Elevator call,695.2239881566923,0,10,2,0
700.0, elevID,0,  pos,0,  cmd, goto,-1
701.0, elevID,1,  pos,7,  cmd, goto,10
, elevID,0,  pos,-1,  WRONG cmd, stop,-1,  the elevator is not moving!
, elevID,0,  pos,-1,  WRONG cmd, stop,-1,  the elevator is not moving!
707.0,Elevator call,706.1583474999188,-1,-2,1,0, got allocated to elevator, 0
, elevID,1,  pos,10,  WRONG cmd, stop,10,  the elevator is not moving!
711.0, elevID,0,  pos,-1,  cmd, goto,0
711.0,Elevator call,710.3249770041223,0,1,1,0, got allocated to elevator, 0
714.0,Elevator call,713.0191971398395,1,0,1,0, got allocated to elevator, 0
, elevID,1,  pos,10,  WRONG cmd, stop,10,  the elevator is not moving!
714.0, elevID,1,  pos,10,  cmd, goto,-1
714.0,Elevator call,713.2499766424826,10,-1,1,1, got allocated to elevator, 1
, elevID,0,  pos,0,  WRONG cmd, stop,0,  the elevator is not moving!
722.0,Elev,0,  arrived at src, 0, Elevator call,710.3249770041223,0,1,2,0
722.0, elevID,0,  pos,0,  cmd, goto,1
723.0,Elevator call,722.6161212799507,10,0,1,0, got allocated to elevator, 0
728.0,Elevator call,727.514602863032,-1,0,1,0, got allocated to elevator, 0
, elevID,1,  pos,-1,  WRONG cmd, stop,-1,  the elevator is not moving!
733.0, elevID,0,  pos,1,  cmd, goto,-1
733.0,Elevator call,732.9746341348998,6,-1,1,0, got allocated to elevator, 0
735.0,Elev,1,  arrived at dest, -1, this call is done!, Elevator call,565.0195521745534,0,-1,3,1, Done, dt, 169.98044782544662
735.0,Elev,1,  arrived at src, -1, Elevator call,643.8547514955396,-1,2,2,1
735.0,Elev,1,  arrived at dest, -1, this call is done!, Elevator call,672.677314157026,0,-1,3,1, Done, dt, 62.32268584297401
, elevID,0,  pos,1,  cmd, stop,1
738.0,Elevator call,737.314720213409,1,0,1,0, got allocated to elevator, 0
743.0,Elev,0,  arrived at src, 1, Elevator call,503.13847841893045,1,-1,2,0
743.0,Elev,0,  arrived at dest, 1, this call is done!, Elevator call,710.3249770041223,0,1,3,0, Done, dt, 32.675022995877725
743.0,Elev,0,  arrived at src, 1, Elevator call,713.0191971398395,1,0,2,0
743.0,Elev,0,  arrived at src, 1, Elevator call,737.314720213409,1,0,2,0
743.0, elevID,0,  pos,1,  cmd, goto,-1
, elevID,0,  pos,-1,  WRONG cmd, stop,-1,  the elevator is not moving!
755.0,Elev,0,  arrived at dest, -1, this call is done!, Elevator call,321.37040904796595,7,-1,3,0, Done, dt, 433.62959095203405
755.0,Elev,0,  arrived at dest, -1, this call is done!, Elevator call,503.13847841893045,1,-1,3,0, Done, dt, 251.86152158106955
755.0,Elev,0,  arrived at dest, -1, this call is done!, Elevator call,504.4317942159655,0,-1,3,0, Done, dt, 250.5682057840345
755.0,Elev,0,  arrived at dest, -1, this call is done!, Elevator call,529.6277472128405,3,-1,3,0, Done, dt, 225.37225278715948
755.0,Elev,0,  arrived at src, -1, Elevator call,661.0420820268716,-1,3,2,0
755.0,Elev,0,  arrived at src, -1, Elevator call,662.1730527520776,-1,5,2,0
755.0,Elev,0,  arrived at src, -1, Elevator call,665.1155548533167,-1,8,2,0
755.0,Elev,0,  arrived at dest, -1, this call is done!, Elevator call,677.7341948387335,0,-1,3,0, Done, dt, 77.26580516126648
755.0,Elev,0,  arrived at src, -1, Elevator call,678.9953584914538,-1,-2,2,0
755.0,Elev,0,  arrived at src, -1, Elevator call,706.1583474999188,-1,-2,2,0
755.0,Elev,0,  arrived at src, -1, Elevator call,727.514602863032,-1,0,2,0
755.0, elevID,0,  pos,-1,  cmd, goto,1
, elevID,0,  pos,1,  WRONG cmd, stop,1,  the elevator is not moving!
767.0, elevID,0,  pos,1,  cmd, goto,4
, elevID,0,  pos,4,  WRONG cmd, stop,4,  the elevator is not moving!
, elevID,1,  pos,-1,  WRONG cmd, stop,-1,  the elevator is not moving!
780.0, elevID,1,  pos,-1,  cmd, goto,5
780.0,Elevator call,779.399691386574,-1,5,1,1, got allocated to elevator, 1
780.0, elevID,0,  pos,4,  cmd, goto,5
, elevID,0,  pos,5,  WRONG cmd, stop,5,  the elevator is not moving!
791.0,Elev,0,  arrived at dest, 5, this call is done!, Elevator call,319.90520204415634,6,5,3,0, Done, dt, 471.09479795584366
791.0,Elev,0,  arrived at dest, 5, this call is done!, Elevator call,662.1730527520776,-1,5,3,0, Done, dt, 128.82694724792236
791.0,Elev,0,  arrived at src, 5, Elevator call,666.2411586665262,5,-1,2,0
791.0, elevID,0,  pos,5,  cmd, goto,6
796.0,Elev,1,  arrived at dest, 5, this call is done!, Elevator call,227.0798304557929,-1,5,3,1, Done, dt, 568.920169544207
796.0,Elev,1,  arrived at dest, 5, this call is done!, Elevator call,392.5160764870397,0,5,3,1, Done, dt, 403.4839235129603
, elevID,0,  pos,6,  WRONG cmd, stop,6,  the elevator is not moving!
, elevID,0,  pos,6,  WRONG cmd, stop,6,  the elevator is not moving!
802.0,Elev,0,  arrived at src, 6, Elevator call,732.9746341348998,6,-1,2,0
802.0, elevID,0,  pos,6,  cmd, goto,-1
806.0, elevID,1,  pos,5,  cmd, goto,-1
806.0,Elevator call,805.6754743307536,-1,-2,1,1, got allocated to elevator, 1
, elevID,0,  pos,2,  cmd, stop,2
811.0,Elevator call,810.4469089359914,2,0,1,0, got allocated to elevator, 0
816.0,Elev,0,  arrived at dest, 2, this call is done!, Elevator call,85.5209666204754,3,2,3,0, Done, dt, 730.4790333795246
816.0,Elev,0,  arrived at src, 2, Elevator call,810.4469089359914,2,0,2,0
816.0, elevID,0,  pos,2,  cmd, goto,-1
, elevID,1,  pos,-1,  WRONG cmd, stop,-1,  the elevator is not moving!
817.0,Elevator call,816.1516998390152,7,-1,1,1, got allocated to elevator, 1
822.0,Elev,1,  arrived at src, -1, Elevator call,779.399691386574,-1,5,2,1
822.0,Elev,1,  arrived at src, -1, Elevator call,805.6754743307536,-1,-2,2,1
822.0, elevID,1,  pos,-1,  cmd, goto,7
, elevID,0,  pos,-1,  WRONG cmd, stop,-1,  the elevator is not moving!
, elevID,0,  pos,-1,  WRONG cmd, stop,-1,  the elevator is not moving!
826.0,Elevator call,825.4575184586336,7,0,1,1, got allocated to elevator, 1
, elevID,0,  pos,-1,  WRONG cmd, stop,-1,  the elevator is not moving!
829.0,Elev,0,  arrived at dest, -1, this call is done!, Elevator call,666.2411586665262,5,-1,3,0, Done, dt, 162.7588413334738
829.0,Elev,0,  arrived at dest, -1, this call is done!, Elevator call,732.9746341348998,6,-1,3,0, Done, dt, 96.02536586510018
829.0, elevID,0,  pos,-1,  cmd, goto,10
, elevID,1,  pos,7,  WRONG cmd, stop,7,  the elevator is not moving!
, elevID,1,  pos,7,  WRONG cmd, stop,7,  the elevator is not moving!
840.0,Elevator call,839.8525652620532,0,1,1,0, got allocated to elevator, 0
840.0,Elev,1,  arrived at src, 7, Elevator call,816.1516998390152,7,-1,2,1
840.0,Elev,1,  arrived at src, 7, Elevator call,825.4575184586336,7,0,2,1
850.0,Elev,0,  arrived at dest, 10, this call is done!, Elevator call,130.02495678190564,8,10,3,0, Done, dt, 719.9750432180944
850.0,Elev,0,  arrived at dest, 10, this call is done!, Elevator call,660.0732907797126,6,10,3,0, Done, dt, 189.92670922028742
850.0,Elev,0,  arrived at dest, 10, this call is done!, Elevator call,695.2239881566923,0,10,3,0, Done, dt, 154.77601184330774
850.0,Elev,0,  arrived at src, 10, Elevator call,722.6161212799507,10,0,2,0
850.0, elevID,0,  pos,10,  cmd, goto,0
855.0, elevID,1,  pos,7,  cmd, goto,6
855.0,Elevator call,854.2002278085795,6,-1,1,1, got allocated to elevator, 1
, elevID,1,  pos,6,  WRONG cmd, stop,6,  the elevator is not moving!
864.0,Elevator call,863.893291272948,0,-1,1,0, got allocated to elevator, 0
, elevID,0,  pos,0,  WRONG cmd, stop,0,  the elevator is not moving!
, elevID,0,  pos,0,  WRONG cmd, stop,0,  the elevator is not moving!
866.0,Elev,1,  arrived at dest, 6, this call is done!, Elevator call,537.7866883694313,-1,6,3,1, Done, dt, 328.2133116305687
866.0,Elev,1,  arrived at src, 6, Elevator call,854.2002278085795,6,-1,2,1
870.0,Elev,0,  arrived at dest, 0, this call is done!, Elevator call,713.0191971398395,1,0,3,0, Done, dt, 156.98080286016045
870.0,Elev,0,  arrived at dest, 0, this call is done!, Elevator call,722.6161212799507,10,0,3,0, Done, dt, 147.38387872004932
870.0,Elev,0,  arrived at dest, 0, this call is done!, Elevator call,727.514602863032,-1,0,3,0, Done, dt, 142.485397136968
870.0,Elev,0,  arrived at dest, 0, this call is done!, Elevator call,737.314720213409,1,0,3,0, Done, dt, 132.68527978659097
870.0,Elev,0,  arrived at dest, 0, this call is done!, Elevator call,810.4469089359914,2,0,3,0, Done, dt, 59.55309106400864
870.0,Elev,0,  arrived at src, 0, Elevator call,839.8525652620532,0,1,2,0
870.0,Elev,0,  arrived at src, 0, Elevator call,863.893291272948,0,-1,2,0
870.0, elevID,0,  pos,0,  cmd, goto,10
871.0, elevID,0,  pos,0,  cmd, stop,0
871.0,Elevator call,870.5053023797483,0,7,1,0, got allocated to elevator, 0
880.0,Elev,0,  arrived at src, 0, Elevator call,870.5053023797483,0,7,2,0
880.0, elevID,0,  pos,0,  cmd, goto,10
887.0, elevID,1,  pos,6,  cmd, goto,-1
887.0,Elevator call,886.5649993239458,-1,-2,1,1, got allocated to elevator, 1
893.0,Elevator call,892.5212150591021,9,-1,1,0, got allocated to elevator, 0
894.0, elevID,0,  pos,9,  cmd, stop,9
899.0,Elev,0,  arrived at src, 9, Elevator call,892.5212150591021,9,-1,2,0
899.0, elevID,0,  pos,9,  cmd, goto,10
, elevID,1,  pos,-1,  WRONG cmd, stop,-1,  the elevator is not moving!
904.0,Elev,1,  arrived at dest, -1, this call is done!, Elevator call,816.1516998390152,7,-1,3,1, Done, dt, 87.84830016098476
904.0,Elev,1,  arrived at dest, -1, this call is done!, Elevator call,854.2002278085795,6,-1,3,1, Done, dt, 49.799772191420516
904.0,Elev,1,  arrived at src, -1, Elevator call,886.5649993239458,-1,-2,2,1
, elevID,0,  pos,10,  WRONG cmd, stop,10,  the elevator is not moving!
911.0, elevID,0,  pos,10,  cmd, goto,6
911.0,Elevator call,910.5388559417848,6,5,1,0, got allocated to elevator, 0
916.0, elevID,1,  pos,-1,  cmd, goto,4
916.0,Elevator call,915.9490574608818,4,-1,1,1, got allocated to elevator, 1
, elevID,0,  pos,6,  WRONG cmd, stop,6,  the elevator is not moving!
925.0,Elev,0,  arrived at src, 6, Elevator call,910.5388559417848,6,5,2,0
, elevID,1,  pos,4,  WRONG cmd, stop,4,  the elevator is not moving!
931.0,Elev,1,  arrived at dest, 4, this call is done!, Elevator call,104.13701241869234,0,4,3,1, Done, dt, 826.8629875813076
931.0,Elev,1,  arrived at dest, 4, this call is done!, Elevator call,254.69771525200505,3,4,3,1, Done, dt, 676.3022847479949
931.0,Elev,1,  arrived at src, 4, Elevator call,915.9490574608818,4,-1,2,1
934.0, elevID,0,  pos,6,  cmd, goto,7
934.0,Elevator call,933.8580452488764,7,5,1,0, got allocated to elevator, 0
, elevID,0,  pos,7,  WRONG cmd, stop,7,  the elevator is not moving!
945.0,Elev,0,  arrived at dest, 7, this call is done!, Elevator call,870.5053023797483,0,7,3,0, Done, dt, 74.49469762025171
945.0,Elev,0,  arrived at src, 7, Elevator call,933.8580452488764,7,5,2,0
962.0, elevID,0,  pos,7,  cmd, goto,6
962.0,Elevator call,961.6862855708133,6,-1,1,0, got allocated to elevator, 0
, elevID,0,  pos,6,  WRONG cmd, stop,6,  the elevator is not moving!
973.0, elevID,1,  pos,4,  cmd, goto,1
973.0,Elevator call,972.8032126022729,1,0,1,1, got allocated to elevator, 1
973.0,Elev,0,  arrived at src, 6, Elevator call,961.6862855708133,6,-1,2,0
976.0,Elevator call,975.8361202753667,0,-1,1,1, got allocated to elevator, 1
979.0, elevID,0,  pos,6,  cmd, goto,10
979.0,Elevator call,978.5925148564796,10,0,1,0, got allocated to elevator, 0
979.0,Elevator call,978.6210500641439,10,-1,1,0, got allocated to elevator, 0
985.0, elevID,0,  pos,7,  cmd, stop,7
985.0,Elevator call,984.1840185574983,7,0,1,0, got allocated to elevator, 0
986.0,Elev,1,  arrived at src, 1, Elevator call,600.9312879686208,1,0,2,1
986.0,Elev,1,  arrived at dest, 1, this call is done!, Elevator call,626.2116172047942,0,1,3,1, Done, dt, 359.78838279520585
986.0,Elev,1,  arrived at src, 1, Elevator call,972.8032126022729,1,0,2,1
986.0, elevID,1,  pos,1,  cmd, goto,0
990.0,Elev,0,  arrived at src, 7, Elevator call,984.1840185574983,7,0,2,0
990.0, elevID,0,  pos,7,  cmd, goto,10
, elevID,1,  pos,0,  WRONG cmd, stop,0,  the elevator is not moving!
997.0,Elev,1,  arrived at dest, 0, this call is done!, Elevator call,600.9312879686208,1,0,3,1, Done, dt, 396.06871203137916
997.0,Elev,1,  arrived at dest, 0, this call is done!, Elevator call,825.4575184586336,7,0,3,1, Done, dt, 171.54248154136644
997.0,Elev,1,  arrived at dest, 0, this call is done!, Elevator call,972.8032126022729,1,0,3,1, Done, dt, 24.19678739772712
997.0,Elev,1,  arrived at src, 0, Elevator call,975.8361202753667,0,-1,2,1
997.0, elevID,1,  pos,0,  cmd, goto,1
, elevID,0,  pos,10,  WRONG cmd, stop,10,  the elevator is not moving!
, elevID,0,  pos,10,  WRONG cmd, stop,10,  the elevator is not moving!
1000.0,************* Simulation Ended ************
Code Owners,123456789,  Case,2,  Total waiting time: 20774.79282212021,  average waiting time per call: 207.7479282212021,  unCompleted calls,25,  certificate, -7061521494
