**** The Simulator log: stage 2
0.0,OOP_Ex0_Elevator_Simulator
0.0,Simulated Building, ex0.simulator.Builging_A [-2,10]
0) ex0.simulator.Elevator_A, Elev_0, speed: 1.0, open/close: 2.0,  start/stop: 3.0
1) ex0.simulator.Elevator_A, Elev_1, speed: 1.0, open/close: 2.0,  start/stop: 3.0
0.0,Simulated Period starTime,0.0,  endTime,1000.0,  dt,1.0
0.0,Simulated  calls,Elevetor log, size: 100
0.0,**** Simulation starts!! ****
5.0,Elevator call,4.374727290393253,0,-1,1,0, got allocated to elevator, 0
5.0, elevID,0,  pos,-2,  cmd, goto,0
17.0, elevID,0,  pos,0,  cmd, goto,0
17.0,Elevator call,16.957882888088932,-1,0,1,0, got allocated to elevator, 0
17.0,Elev,0,  arrived at src, 0, Elevator call,4.374727290393253,0,-1,2,0
17.0, elevID,0,  pos,0,  cmd, goto,-1
23.0,Elevator call,22.094056301593582,0,-1,1,0, got allocated to elevator, 0
28.0,Elev,0,  arrived at dest, -1, this call is done!, Elevator call,4.374727290393253,0,-1,3,0, Done, dt, 23.625272709606747
28.0,Elev,0,  arrived at src, -1, Elevator call,16.957882888088932,-1,0,2,0
29.0, elevID,0,  pos,-1,  cmd, goto,0
40.0,Elev,0,  arrived at dest, 0, this call is done!, Elevator call,16.957882888088932,-1,0,3,0, Done, dt, 23.042117111911068
40.0,Elev,0,  arrived at src, 0, Elevator call,22.094056301593582,0,-1,2,0
40.0, elevID,0,  pos,0,  cmd, goto,-1
51.0,Elev,0,  arrived at dest, -1, this call is done!, Elevator call,22.094056301593582,0,-1,3,0, Done, dt, 28.905943698406418
86.0,Elevator call,85.5209666204754,3,2,1,0, got allocated to elevator, 0
86.0, elevID,0,  pos,-1,  cmd, goto,3
92.0,Elevator call,91.21019413453945,-1,-2,1,0, got allocated to elevator, 0
100.0,Elev,0,  arrived at src, 3, Elevator call,85.5209666204754,3,2,2,0
100.0, elevID,0,  pos,3,  cmd, goto,2
105.0,Elevator call,104.13701241869234,0,4,1,1, got allocated to elevator, 1
105.0, elevID,1,  pos,-2,  cmd, goto,0
110.0,Elevator call,109.21352909346587,-1,0,1,0, got allocated to elevator, 0
111.0,Elev,0,  arrived at dest, 2, this call is done!, Elevator call,85.5209666204754,3,2,3,0, Done, dt, 25.479033379524594
113.0, elevID,0,  pos,2,  cmd, goto,-1
115.0,Elevator call,114.39235096774041,3,0,1,1, got allocated to elevator, 1
117.0,Elev,1,  arrived at src, 0, Elevator call,104.13701241869234,0,4,2,1
117.0, elevID,1,  pos,0,  cmd, goto,4
125.0,Elevator call,124.42557095980362,0,9,1,1, got allocated to elevator, 1
126.0,Elev,0,  arrived at src, -1, Elevator call,91.21019413453945,-1,-2,2,0
126.0,Elev,0,  arrived at src, -1, Elevator call,109.21352909346587,-1,0,2,0
126.0, elevID,0,  pos,-1,  cmd, goto,0
131.0,Elevator call,130.02495678190564,8,10,1,0, got allocated to elevator, 0
131.0,Elevator call,130.224911275492,-1,1,1,0, got allocated to elevator, 0
131.0,Elev,1,  arrived at dest, 4, this call is done!, Elevator call,104.13701241869234,0,4,3,1, Done, dt, 26.862987581307664
132.0, elevID,1,  pos,4,  cmd, goto,0
137.0,Elev,0,  arrived at dest, 0, this call is done!, Elevator call,109.21352909346587,-1,0,3,0, Done, dt, 27.786470906534134
138.0,Elevator call,137.9515274326701,0,4,1,1, got allocated to elevator, 1
138.0, elevID,0,  pos,0,  cmd, goto,-1
144.0,Elevator call,143.91335838799415,0,6,1,1, got allocated to elevator, 1
146.0,Elev,1,  arrived at src, 0, Elevator call,124.42557095980362,0,9,2,1
146.0,Elev,1,  arrived at src, 0, Elevator call,137.9515274326701,0,4,2,1
146.0,Elev,1,  arrived at src, 0, Elevator call,143.91335838799415,0,6,2,1
146.0, elevID,1,  pos,0,  cmd, goto,9
149.0,Elev,0,  arrived at src, -1, Elevator call,130.224911275492,-1,1,2,0
149.0, elevID,0,  pos,-1,  cmd, goto,1
161.0,Elev,0,  arrived at dest, 1, this call is done!, Elevator call,130.224911275492,-1,1,3,0, Done, dt, 30.77508872450801
162.0, elevID,0,  pos,1,  cmd, goto,-2
165.0,Elev,1,  arrived at dest, 9, this call is done!, Elevator call,124.42557095980362,0,9,3,1, Done, dt, 40.57442904019638
166.0, elevID,1,  pos,9,  cmd, goto,6
170.0,Elevator call,169.78458339380109,-1,0,1,0, got allocated to elevator, 0
171.0,Elevator call,170.0099620835246,0,6,1,1, got allocated to elevator, 1
172.0,Elevator call,171.21173315221364,-1,8,1,0, got allocated to elevator, 0
175.0,Elevator call,174.84385152106802,0,-1,1,1, got allocated to elevator, 1
175.0,Elev,0,  arrived at dest, -2, this call is done!, Elevator call,91.21019413453945,-1,-2,3,0, Done, dt, 83.78980586546055
176.0, elevID,0,  pos,-2,  cmd, goto,-1
179.0,Elev,1,  arrived at dest, 6, this call is done!, Elevator call,143.91335838799415,0,6,3,1, Done, dt, 35.08664161200585
180.0, elevID,1,  pos,6,  cmd, goto,0
187.0,Elev,0,  arrived at src, -1, Elevator call,169.78458339380109,-1,0,2,0
187.0,Elev,0,  arrived at src, -1, Elevator call,171.21173315221364,-1,8,2,0
187.0, elevID,0,  pos,-1,  cmd, goto,8
188.0,Elevator call,187.11678617348463,-1,-2,1,0, got allocated to elevator, 0
188.0,Elevator call,187.7299317966884,-1,-2,1,0, got allocated to elevator, 0
196.0, elevID,1,  pos,0,  cmd, goto,0
196.0,Elevator call,195.90869649656992,0,7,1,1, got allocated to elevator, 1
196.0,Elev,1,  arrived at src, 0, Elevator call,170.0099620835246,0,6,2,1
196.0,Elev,1,  arrived at src, 0, Elevator call,174.84385152106802,0,-1,2,1
196.0,Elev,1,  arrived at src, 0, Elevator call,195.90869649656992,0,7,2,1
196.0, elevID,1,  pos,0,  cmd, goto,-1
198.0,Elevator call,197.5359191292572,-1,1,1,0, got allocated to elevator, 0
206.0, elevID,0,  pos,8,  cmd, goto,8
206.0,Elevator call,205.9895199338651,-1,0,1,0, got allocated to elevator, 0
206.0,Elev,0,  arrived at src, 8, Elevator call,130.02495678190564,8,10,2,0
206.0,Elev,0,  arrived at dest, 8, this call is done!, Elevator call,171.21173315221364,-1,8,3,0, Done, dt, 34.78826684778636
207.0, elevID,0,  pos,8,  cmd, goto,-1
207.0,Elev,1,  arrived at dest, -1, this call is done!, Elevator call,174.84385152106802,0,-1,3,1, Done, dt, 32.15614847893198
208.0, elevID,1,  pos,-1,  cmd, goto,7
226.0,Elev,0,  arrived at src, -1, Elevator call,187.11678617348463,-1,-2,2,0
226.0,Elev,0,  arrived at src, -1, Elevator call,187.7299317966884,-1,-2,2,0
226.0,Elev,0,  arrived at src, -1, Elevator call,197.5359191292572,-1,1,2,0
226.0,Elev,0,  arrived at src, -1, Elevator call,205.9895199338651,-1,0,2,0
226.0, elevID,0,  pos,-1,  cmd, goto,0
226.0,Elev,1,  arrived at dest, 7, this call is done!, Elevator call,195.90869649656992,0,7,3,1, Done, dt, 30.091303503430083
227.0, elevID,1,  pos,7,  cmd, goto,6
228.0,Elevator call,227.0798304557929,-1,5,1,0, got allocated to elevator, 0
232.0,Elevator call,231.51578817426258,-1,0,1,0, got allocated to elevator, 0
233.0,Elevator call,232.95043623946805,0,-1,1,1, got allocated to elevator, 1
237.0,Elev,0,  arrived at dest, 0, this call is done!, Elevator call,169.78458339380109,-1,0,3,0, Done, dt, 67.21541660619891
237.0,Elev,0,  arrived at dest, 0, this call is done!, Elevator call,205.9895199338651,-1,0,3,0, Done, dt, 31.010480066134903
238.0, elevID,0,  pos,0,  cmd, goto,-1
238.0,Elev,1,  arrived at dest, 6, this call is done!, Elevator call,170.0099620835246,0,6,3,1, Done, dt, 67.99003791647539
239.0, elevID,1,  pos,6,  cmd, goto,0
249.0,Elev,0,  arrived at src, -1, Elevator call,227.0798304557929,-1,5,2,0
249.0,Elev,0,  arrived at src, -1, Elevator call,231.51578817426258,-1,0,2,0
249.0, elevID,0,  pos,-1,  cmd, goto,0
252.0,Elevator call,251.10444690749756,-1,-2,1,0, got allocated to elevator, 0
252.0,Elevator call,251.23593354161653,0,9,1,1, got allocated to elevator, 1
255.0, elevID,1,  pos,0,  cmd, goto,0
255.0,Elevator call,254.69771525200505,3,4,1,1, got allocated to elevator, 1
255.0,Elev,1,  arrived at src, 0, Elevator call,232.95043623946805,0,-1,2,1
255.0,Elev,1,  arrived at src, 0, Elevator call,251.23593354161653,0,9,2,1
255.0, elevID,1,  pos,0,  cmd, goto,-1
258.0,Elevator call,257.7974435335086,-1,0,1,0, got allocated to elevator, 0
260.0,Elev,0,  arrived at dest, 0, this call is done!, Elevator call,231.51578817426258,-1,0,3,0, Done, dt, 28.484211825737418
261.0, elevID,0,  pos,0,  cmd, goto,-1
266.0,Elev,1,  arrived at dest, -1, this call is done!, Elevator call,232.95043623946805,0,-1,3,1, Done, dt, 33.04956376053195
267.0, elevID,1,  pos,-1,  cmd, goto,9
272.0,Elev,0,  arrived at src, -1, Elevator call,251.10444690749756,-1,-2,2,0
272.0,Elev,0,  arrived at src, -1, Elevator call,257.7974435335086,-1,0,2,0
272.0, elevID,0,  pos,-1,  cmd, goto,0
283.0,Elev,0,  arrived at dest, 0, this call is done!, Elevator call,257.7974435335086,-1,0,3,0, Done, dt, 25.202556466491387
284.0, elevID,0,  pos,0,  cmd, goto,-2
287.0,Elev,1,  arrived at dest, 9, this call is done!, Elevator call,251.23593354161653,0,9,3,1, Done, dt, 35.76406645838347
288.0, elevID,1,  pos,9,  cmd, goto,4
296.0,Elevator call,295.7943356681491,0,1,1,1, got allocated to elevator, 1
296.0,Elev,0,  arrived at dest, -2, this call is done!, Elevator call,187.11678617348463,-1,-2,3,0, Done, dt, 108.88321382651537
296.0,Elev,0,  arrived at dest, -2, this call is done!, Elevator call,187.7299317966884,-1,-2,3,0, Done, dt, 108.27006820331161
296.0,Elev,0,  arrived at dest, -2, this call is done!, Elevator call,251.10444690749756,-1,-2,3,0, Done, dt, 44.89555309250244
297.0, elevID,0,  pos,-2,  cmd, goto,5
303.0,Elev,1,  arrived at dest, 4, this call is done!, Elevator call,137.9515274326701,0,4,3,1, Done, dt, 165.0484725673299
304.0, elevID,1,  pos,4,  cmd, goto,0
305.0,Elevator call,304.99843880775313,6,0,1,1, got allocated to elevator, 1
310.0,Elevator call,309.30053828560517,0,-1,1,1, got allocated to elevator, 1
313.0,Elevator call,312.30185564398687,0,-1,1,1, got allocated to elevator, 1
314.0,Elev,0,  arrived at dest, 5, this call is done!, Elevator call,227.0798304557929,-1,5,3,0, Done, dt, 86.92016954420711
315.0, elevID,0,  pos,5,  cmd, goto,1
317.0,Elevator call,316.03237827404377,0,-1,1,1, got allocated to elevator, 1
318.0,Elev,1,  arrived at src, 0, Elevator call,295.7943356681491,0,1,2,1
318.0,Elev,1,  arrived at src, 0, Elevator call,309.30053828560517,0,-1,2,1
318.0,Elev,1,  arrived at src, 0, Elevator call,312.30185564398687,0,-1,2,1
318.0,Elev,1,  arrived at src, 0, Elevator call,316.03237827404377,0,-1,2,1
318.0, elevID,1,  pos,0,  cmd, goto,1
320.0,Elevator call,319.90520204415634,6,5,1,0, got allocated to elevator, 0
321.0,Elevator call,320.97607492210807,-1,0,1,0, got allocated to elevator, 0
322.0,Elevator call,321.37040904796595,7,-1,1,1, got allocated to elevator, 1
329.0,Elev,0,  arrived at dest, 1, this call is done!, Elevator call,197.5359191292572,-1,1,3,0, Done, dt, 131.4640808707428
329.0,Elev,1,  arrived at dest, 1, this call is done!, Elevator call,295.7943356681491,0,1,3,1, Done, dt, 33.205664331850926
330.0, elevID,0,  pos,1,  cmd, goto,-1
330.0, elevID,1,  pos,1,  cmd, goto,-1
333.0,Elevator call,332.4267319393355,0,10,1,1, got allocated to elevator, 1
337.0,Elevator call,336.93043046159545,-1,0,1,0, got allocated to elevator, 0
342.0,Elev,0,  arrived at src, -1, Elevator call,320.97607492210807,-1,0,2,0
342.0,Elev,0,  arrived at src, -1, Elevator call,336.93043046159545,-1,0,2,0
342.0, elevID,0,  pos,-1,  cmd, goto,0
342.0,Elev,1,  arrived at dest, -1, this call is done!, Elevator call,309.30053828560517,0,-1,3,1, Done, dt, 32.69946171439483
342.0,Elev,1,  arrived at dest, -1, this call is done!, Elevator call,312.30185564398687,0,-1,3,1, Done, dt, 29.69814435601313
342.0,Elev,1,  arrived at dest, -1, this call is done!, Elevator call,316.03237827404377,0,-1,3,1, Done, dt, 25.967621725956235
343.0, elevID,1,  pos,-1,  cmd, goto,0
353.0,Elev,0,  arrived at dest, 0, this call is done!, Elevator call,320.97607492210807,-1,0,3,0, Done, dt, 32.02392507789193
353.0,Elev,0,  arrived at dest, 0, this call is done!, Elevator call,336.93043046159545,-1,0,3,0, Done, dt, 16.06956953840455
354.0,Elev,1,  arrived at src, 0, Elevator call,332.4267319393355,0,10,2,1
354.0, elevID,1,  pos,0,  cmd, goto,10
369.0, elevID,0,  pos,0,  cmd, goto,6
374.0,Elev,1,  arrived at dest, 10, this call is done!, Elevator call,332.4267319393355,0,10,3,1, Done, dt, 41.573268060664475
376.0,Elevator call,375.49048095381363,1,0,1,0, got allocated to elevator, 0
378.0, elevID,1,  pos,10,  cmd, goto,3
385.0,Elev,0,  arrived at src, 6, Elevator call,319.90520204415634,6,5,2,0
385.0, elevID,0,  pos,6,  cmd, goto,5
393.0,Elevator call,392.5160764870397,0,5,1,0, got allocated to elevator, 0
395.0,Elev,1,  arrived at src, 3, Elevator call,114.39235096774041,3,0,2,1
395.0,Elev,1,  arrived at src, 3, Elevator call,254.69771525200505,3,4,2,1
395.0, elevID,1,  pos,3,  cmd, goto,4
396.0,Elev,0,  arrived at dest, 5, this call is done!, Elevator call,319.90520204415634,6,5,3,0, Done, dt, 76.09479795584366
398.0, elevID,0,  pos,5,  cmd, goto,1
406.0,Elevator call,405.1821140884023,-1,10,1,0, got allocated to elevator, 0
406.0,Elev,1,  arrived at dest, 4, this call is done!, Elevator call,254.69771525200505,3,4,3,1, Done, dt, 151.30228474799495
407.0, elevID,1,  pos,4,  cmd, goto,0
412.0,Elev,0,  arrived at src, 1, Elevator call,375.49048095381363,1,0,2,0
412.0, elevID,0,  pos,1,  cmd, goto,0
421.0,Elev,1,  arrived at dest, 0, this call is done!, Elevator call,114.39235096774041,3,0,3,1, Done, dt, 306.6076490322596
423.0,Elev,0,  arrived at dest, 0, this call is done!, Elevator call,375.49048095381363,1,0,3,0, Done, dt, 47.50951904618637
423.0,Elev,0,  arrived at src, 0, Elevator call,392.5160764870397,0,5,2,0
424.0, elevID,0,  pos,0,  cmd, goto,5
425.0, elevID,1,  pos,0,  cmd, goto,6
427.0,Elevator call,426.8615805478589,2,0,1,0, got allocated to elevator, 0
438.0,Elevator call,437.17111576125836,1,0,1,0, got allocated to elevator, 0
439.0,Elev,0,  arrived at dest, 5, this call is done!, Elevator call,392.5160764870397,0,5,3,0, Done, dt, 46.4839235129603
441.0, elevID,0,  pos,5,  cmd, goto,1
441.0,Elev,1,  arrived at src, 6, Elevator call,304.99843880775313,6,0,2,1
441.0, elevID,1,  pos,6,  cmd, goto,0
455.0,Elev,0,  arrived at src, 1, Elevator call,437.17111576125836,1,0,2,0
455.0, elevID,0,  pos,1,  cmd, goto,0
457.0,Elev,1,  arrived at dest, 0, this call is done!, Elevator call,304.99843880775313,6,0,3,1, Done, dt, 152.00156119224687
460.0, elevID,1,  pos,0,  cmd, goto,7
466.0,Elev,0,  arrived at dest, 0, this call is done!, Elevator call,437.17111576125836,1,0,3,0, Done, dt, 28.828884238741637
467.0, elevID,0,  pos,0,  cmd, goto,2
473.0,Elevator call,472.7445473930129,10,-1,1,0, got allocated to elevator, 0
477.0,Elev,1,  arrived at src, 7, Elevator call,321.37040904796595,7,-1,2,1
477.0, elevID,1,  pos,7,  cmd, goto,-1
479.0,Elev,0,  arrived at src, 2, Elevator call,426.8615805478589,2,0,2,0
479.0, elevID,0,  pos,2,  cmd, goto,0
491.0,Elev,0,  arrived at dest, 0, this call is done!, Elevator call,426.8615805478589,2,0,3,0, Done, dt, 64.13841945214108
495.0,Elev,1,  arrived at dest, -1, this call is done!, Elevator call,321.37040904796595,7,-1,3,1, Done, dt, 173.62959095203405
501.0,Elevator call,500.3712044996745,8,-1,1,0, got allocated to elevator, 0
501.0, elevID,0,  pos,0,  cmd, goto,8
504.0,Elevator call,503.13847841893045,1,-1,1,1, got allocated to elevator, 1
504.0, elevID,1,  pos,-1,  cmd, goto,1
505.0,Elevator call,504.4317942159655,0,-1,1,0, got allocated to elevator, 0
516.0,Elev,1,  arrived at src, 1, Elevator call,503.13847841893045,1,-1,2,1
516.0, elevID,1,  pos,1,  cmd, goto,-1
519.0,Elev,0,  arrived at src, 8, Elevator call,500.3712044996745,8,-1,2,0
519.0, elevID,0,  pos,8,  cmd, goto,-1
528.0,Elev,1,  arrived at dest, -1, this call is done!, Elevator call,503.13847841893045,1,-1,3,1, Done, dt, 24.861521581069553
530.0,Elevator call,529.6277472128405,3,-1,1,1, got allocated to elevator, 1
530.0, elevID,1,  pos,-1,  cmd, goto,3
538.0,Elevator call,537.7866883694313,-1,6,1,1, got allocated to elevator, 1
538.0,Elev,0,  arrived at src, -1, Elevator call,405.1821140884023,-1,10,2,0
538.0,Elev,0,  arrived at dest, -1, this call is done!, Elevator call,500.3712044996745,8,-1,3,0, Done, dt, 37.62879550032551
539.0, elevID,0,  pos,-1,  cmd, goto,0
544.0,Elev,1,  arrived at src, 3, Elevator call,529.6277472128405,3,-1,2,1
544.0, elevID,1,  pos,3,  cmd, goto,-1
545.0,Elevator call,544.7880392034898,6,-1,1,0, got allocated to elevator, 0
550.0,Elev,0,  arrived at src, 0, Elevator call,504.4317942159655,0,-1,2,0
550.0, elevID,0,  pos,0,  cmd, goto,-1
555.0,Elevator call,554.0892922920482,4,0,1,0, got allocated to elevator, 0
558.0, elevID,1,  pos,-1,  cmd, goto,-1
558.0,Elevator call,557.2441390036331,10,0,1,1, got allocated to elevator, 1
558.0,Elev,1,  arrived at dest, -1, this call is done!, Elevator call,529.6277472128405,3,-1,3,1, Done, dt, 28.372252787159482
558.0,Elev,1,  arrived at src, -1, Elevator call,537.7866883694313,-1,6,2,1
559.0, elevID,1,  pos,-1,  cmd, goto,6
561.0,Elev,0,  arrived at dest, -1, this call is done!, Elevator call,504.4317942159655,0,-1,3,0, Done, dt, 56.56820578403449
564.0, elevID,0,  pos,-1,  cmd, goto,4
566.0,Elevator call,565.0195521745534,0,-1,1,1, got allocated to elevator, 1
576.0,Elev,1,  arrived at dest, 6, this call is done!, Elevator call,537.7866883694313,-1,6,3,1, Done, dt, 38.21331163056868
578.0, elevID,1,  pos,6,  cmd, goto,0
579.0,Elev,0,  arrived at src, 4, Elevator call,554.0892922920482,4,0,2,0
579.0, elevID,0,  pos,4,  cmd, goto,0
582.0,Elevator call,581.8703090238192,0,3,1,1, got allocated to elevator, 1
593.0,Elev,0,  arrived at dest, 0, this call is done!, Elevator call,554.0892922920482,4,0,3,0, Done, dt, 38.910707707951815
594.0, elevID,0,  pos,0,  cmd, goto,6
594.0,Elev,1,  arrived at src, 0, Elevator call,565.0195521745534,0,-1,2,1
594.0,Elev,1,  arrived at src, 0, Elevator call,581.8703090238192,0,3,2,1
594.0, elevID,1,  pos,0,  cmd, goto,-1
597.0,Elevator call,596.1232022872633,8,0,1,0, got allocated to elevator, 0
601.0,Elevator call,600.9312879686208,1,0,1,0, got allocated to elevator, 0
604.0,Elevator call,603.9342326983083,7,0,1,1, got allocated to elevator, 1
605.0,Elev,1,  arrived at dest, -1, this call is done!, Elevator call,565.0195521745534,0,-1,3,1, Done, dt, 39.98044782544662
606.0, elevID,1,  pos,-1,  cmd, goto,3
610.0,Elev,0,  arrived at src, 6, Elevator call,544.7880392034898,6,-1,2,0
610.0, elevID,0,  pos,6,  cmd, goto,-1
618.0,Elevator call,617.9628338542149,0,3,1,1, got allocated to elevator, 1
620.0, elevID,1,  pos,3,  cmd, goto,3
620.0,Elevator call,619.6454196970012,9,0,1,1, got allocated to elevator, 1
620.0,Elev,1,  arrived at dest, 3, this call is done!, Elevator call,581.8703090238192,0,3,3,1, Done, dt, 38.12969097618077
621.0, elevID,1,  pos,3,  cmd, goto,0
627.0,Elevator call,626.2116172047942,0,1,1,1, got allocated to elevator, 1
627.0,Elev,0,  arrived at dest, -1, this call is done!, Elevator call,544.7880392034898,6,-1,3,0, Done, dt, 82.2119607965102
628.0, elevID,0,  pos,-1,  cmd, goto,1
634.0,Elev,1,  arrived at src, 0, Elevator call,617.9628338542149,0,3,2,1
634.0,Elev,1,  arrived at src, 0, Elevator call,626.2116172047942,0,1,2,1
634.0, elevID,1,  pos,0,  cmd, goto,3
640.0,Elev,0,  arrived at src, 1, Elevator call,600.9312879686208,1,0,2,0
640.0, elevID,0,  pos,1,  cmd, goto,0
644.0,Elevator call,643.8547514955396,-1,2,1,0, got allocated to elevator, 0
647.0,Elev,1,  arrived at dest, 3, this call is done!, Elevator call,617.9628338542149,0,3,3,1, Done, dt, 29.037166145785136
648.0, elevID,1,  pos,3,  cmd, goto,1
651.0,Elev,0,  arrived at dest, 0, this call is done!, Elevator call,600.9312879686208,1,0,3,0, Done, dt, 50.068712031379164
653.0, elevID,0,  pos,0,  cmd, goto,-1
660.0,Elev,1,  arrived at dest, 1, this call is done!, Elevator call,626.2116172047942,0,1,3,1, Done, dt, 33.78838279520585
661.0,Elevator call,660.0732907797126,6,10,1,1, got allocated to elevator, 1
662.0,Elevator call,661.0420820268716,-1,3,1,0, got allocated to elevator, 0
663.0,Elevator call,662.1730527520776,-1,5,1,0, got allocated to elevator, 0
663.0, elevID,1,  pos,1,  cmd, goto,6
664.0,Elev,0,  arrived at src, -1, Elevator call,643.8547514955396,-1,2,2,0
664.0,Elev,0,  arrived at src, -1, Elevator call,661.0420820268716,-1,3,2,0
664.0,Elev,0,  arrived at src, -1, Elevator call,662.1730527520776,-1,5,2,0
664.0, elevID,0,  pos,-1,  cmd, goto,2
666.0,Elevator call,665.1155548533167,-1,8,1,0, got allocated to elevator, 0
667.0,Elevator call,666.0340294605869,4,0,1,1, got allocated to elevator, 1
667.0,Elevator call,666.2411586665262,5,-1,1,1, got allocated to elevator, 1
673.0,Elevator call,672.677314157026,0,-1,1,0, got allocated to elevator, 0
677.0,Elev,0,  arrived at dest, 2, this call is done!, Elevator call,643.8547514955396,-1,2,3,0, Done, dt, 33.14524850446037
678.0, elevID,0,  pos,2,  cmd, goto,-1
678.0,Elevator call,677.7341948387335,0,-1,1,0, got allocated to elevator, 0
678.0,Elev,1,  arrived at src, 6, Elevator call,660.0732907797126,6,10,2,1
678.0, elevID,1,  pos,6,  cmd, goto,10
679.0,Elevator call,678.9953584914538,-1,-2,1,0, got allocated to elevator, 0
691.0,Elev,0,  arrived at src, -1, Elevator call,665.1155548533167,-1,8,2,0
691.0,Elev,0,  arrived at src, -1, Elevator call,678.9953584914538,-1,-2,2,0
691.0, elevID,0,  pos,-1,  cmd, goto,8
692.0,Elev,1,  arrived at src, 10, Elevator call,557.2441390036331,10,0,2,1
692.0,Elev,1,  arrived at dest, 10, this call is done!, Elevator call,660.0732907797126,6,10,3,1, Done, dt, 31.92670922028742
694.0, elevID,1,  pos,10,  cmd, goto,7
696.0,Elevator call,695.2239881566923,0,10,1,0, got allocated to elevator, 0
707.0,Elevator call,706.1583474999188,-1,-2,1,0, got allocated to elevator, 0
707.0,Elev,1,  arrived at src, 7, Elevator call,603.9342326983083,7,0,2,1
707.0, elevID,1,  pos,7,  cmd, goto,0
710.0,Elev,0,  arrived at src, 8, Elevator call,596.1232022872633,8,0,2,0
710.0,Elev,0,  arrived at dest, 8, this call is done!, Elevator call,665.1155548533167,-1,8,3,0, Done, dt, 44.88444514668333
711.0, elevID,0,  pos,8,  cmd, goto,-1
711.0,Elevator call,710.3249770041223,0,1,1,0, got allocated to elevator, 0
714.0,Elevator call,713.0191971398395,1,0,1,1, got allocated to elevator, 1
714.0,Elevator call,713.2499766424826,10,-1,1,1, got allocated to elevator, 1
723.0,Elevator call,722.6161212799507,10,0,1,1, got allocated to elevator, 1
724.0,Elev,1,  arrived at dest, 0, this call is done!, Elevator call,557.2441390036331,10,0,3,1, Done, dt, 166.7558609963669
724.0,Elev,1,  arrived at dest, 0, this call is done!, Elevator call,603.9342326983083,7,0,3,1, Done, dt, 120.06576730169172
725.0, elevID,1,  pos,0,  cmd, goto,9
728.0,Elevator call,727.514602863032,-1,0,1,0, got allocated to elevator, 0
730.0,Elev,0,  arrived at src, -1, Elevator call,706.1583474999188,-1,-2,2,0
730.0,Elev,0,  arrived at src, -1, Elevator call,727.514602863032,-1,0,2,0
730.0, elevID,0,  pos,-1,  cmd, goto,-2
733.0,Elevator call,732.9746341348998,6,-1,1,1, got allocated to elevator, 1
738.0,Elevator call,737.314720213409,1,0,1,1, got allocated to elevator, 1
741.0,Elev,0,  arrived at dest, -2, this call is done!, Elevator call,678.9953584914538,-1,-2,3,0, Done, dt, 62.00464150854623
741.0,Elev,0,  arrived at dest, -2, this call is done!, Elevator call,706.1583474999188,-1,-2,3,0, Done, dt, 34.84165250008118
742.0, elevID,0,  pos,-2,  cmd, goto,0
744.0,Elev,1,  arrived at src, 9, Elevator call,619.6454196970012,9,0,2,1
744.0, elevID,1,  pos,9,  cmd, goto,0
754.0,Elev,0,  arrived at dest, 0, this call is done!, Elevator call,596.1232022872633,8,0,3,0, Done, dt, 157.87679771273667
754.0,Elev,0,  arrived at src, 0, Elevator call,672.677314157026,0,-1,2,0
754.0,Elev,0,  arrived at src, 0, Elevator call,677.7341948387335,0,-1,2,0
754.0,Elev,0,  arrived at src, 0, Elevator call,695.2239881566923,0,10,2,0
754.0,Elev,0,  arrived at src, 0, Elevator call,710.3249770041223,0,1,2,0
754.0,Elev,0,  arrived at dest, 0, this call is done!, Elevator call,727.514602863032,-1,0,3,0, Done, dt, 26.485397136968004
756.0, elevID,0,  pos,0,  cmd, goto,5
763.0,Elev,1,  arrived at dest, 0, this call is done!, Elevator call,619.6454196970012,9,0,3,1, Done, dt, 143.35458030299878
764.0, elevID,1,  pos,0,  cmd, goto,10
771.0,Elev,0,  arrived at dest, 5, this call is done!, Elevator call,662.1730527520776,-1,5,3,0, Done, dt, 108.82694724792236
772.0, elevID,0,  pos,5,  cmd, goto,3
780.0,Elevator call,779.399691386574,-1,5,1,0, got allocated to elevator, 0
784.0,Elev,0,  arrived at dest, 3, this call is done!, Elevator call,661.0420820268716,-1,3,3,0, Done, dt, 122.95791797312836
784.0,Elev,1,  arrived at src, 10, Elevator call,713.2499766424826,10,-1,2,1
784.0,Elev,1,  arrived at src, 10, Elevator call,722.6161212799507,10,0,2,1
784.0, elevID,1,  pos,10,  cmd, goto,0
785.0, elevID,0,  pos,3,  cmd, goto,-1
799.0,Elev,0,  arrived at dest, -1, this call is done!, Elevator call,672.677314157026,0,-1,3,0, Done, dt, 126.32268584297401
799.0,Elev,0,  arrived at dest, -1, this call is done!, Elevator call,677.7341948387335,0,-1,3,0, Done, dt, 121.26580516126648
799.0,Elev,0,  arrived at src, -1, Elevator call,779.399691386574,-1,5,2,0
799.0, elevID,0,  pos,-1,  cmd, goto,5
804.0,Elev,1,  arrived at dest, 0, this call is done!, Elevator call,722.6161212799507,10,0,3,1, Done, dt, 81.38387872004932
805.0, elevID,1,  pos,0,  cmd, goto,-1
806.0,Elevator call,805.6754743307536,-1,-2,1,0, got allocated to elevator, 0
811.0,Elevator call,810.4469089359914,2,0,1,1, got allocated to elevator, 1
815.0,Elev,0,  arrived at dest, 5, this call is done!, Elevator call,779.399691386574,-1,5,3,0, Done, dt, 35.60030861342602
816.0, elevID,0,  pos,5,  cmd, goto,-1
816.0,Elev,1,  arrived at dest, -1, this call is done!, Elevator call,713.2499766424826,10,-1,3,1, Done, dt, 102.75002335751742
817.0,Elevator call,816.1516998390152,7,-1,1,1, got allocated to elevator, 1
818.0, elevID,1,  pos,-1,  cmd, goto,7
826.0,Elevator call,825.4575184586336,7,0,1,1, got allocated to elevator, 1
832.0,Elev,0,  arrived at src, -1, Elevator call,805.6754743307536,-1,-2,2,0
832.0, elevID,0,  pos,-1,  cmd, goto,-2
836.0,Elev,1,  arrived at src, 7, Elevator call,816.1516998390152,7,-1,2,1
836.0,Elev,1,  arrived at src, 7, Elevator call,825.4575184586336,7,0,2,1
836.0, elevID,1,  pos,7,  cmd, goto,-1
840.0,Elevator call,839.8525652620532,0,1,1,0, got allocated to elevator, 0
843.0,Elev,0,  arrived at dest, -2, this call is done!, Elevator call,805.6754743307536,-1,-2,3,0, Done, dt, 37.32452566924644
845.0, elevID,0,  pos,-2,  cmd, goto,0
854.0,Elev,1,  arrived at dest, -1, this call is done!, Elevator call,816.1516998390152,7,-1,3,1, Done, dt, 37.84830016098476
855.0, elevID,1,  pos,-1,  cmd, goto,0
855.0,Elevator call,854.2002278085795,6,-1,1,1, got allocated to elevator, 1
857.0,Elev,0,  arrived at src, 0, Elevator call,839.8525652620532,0,1,2,0
857.0, elevID,0,  pos,0,  cmd, goto,1
864.0,Elevator call,863.893291272948,0,-1,1,0, got allocated to elevator, 0
866.0,Elev,1,  arrived at dest, 0, this call is done!, Elevator call,825.4575184586336,7,0,3,1, Done, dt, 40.54248154136644
867.0, elevID,1,  pos,0,  cmd, goto,6
868.0,Elev,0,  arrived at dest, 1, this call is done!, Elevator call,710.3249770041223,0,1,3,0, Done, dt, 157.67502299587773
868.0,Elev,0,  arrived at dest, 1, this call is done!, Elevator call,839.8525652620532,0,1,3,0, Done, dt, 28.14743473794681
869.0, elevID,0,  pos,1,  cmd, goto,0
871.0,Elevator call,870.5053023797483,0,7,1,0, got allocated to elevator, 0
880.0,Elev,0,  arrived at src, 0, Elevator call,863.893291272948,0,-1,2,0
880.0,Elev,0,  arrived at src, 0, Elevator call,870.5053023797483,0,7,2,0
880.0, elevID,0,  pos,0,  cmd, goto,-1
883.0,Elev,1,  arrived at src, 6, Elevator call,732.9746341348998,6,-1,2,1
883.0,Elev,1,  arrived at src, 6, Elevator call,854.2002278085795,6,-1,2,1
883.0, elevID,1,  pos,6,  cmd, goto,-1
887.0,Elevator call,886.5649993239458,-1,-2,1,1, got allocated to elevator, 1
891.0,Elev,0,  arrived at dest, -1, this call is done!, Elevator call,863.893291272948,0,-1,3,0, Done, dt, 27.106708727052023
892.0, elevID,0,  pos,-1,  cmd, goto,7
893.0,Elevator call,892.5212150591021,9,-1,1,0, got allocated to elevator, 0
900.0,Elev,1,  arrived at dest, -1, this call is done!, Elevator call,732.9746341348998,6,-1,3,1, Done, dt, 167.02536586510018
900.0,Elev,1,  arrived at dest, -1, this call is done!, Elevator call,854.2002278085795,6,-1,3,1, Done, dt, 45.799772191420516
900.0,Elev,1,  arrived at src, -1, Elevator call,886.5649993239458,-1,-2,2,1
902.0, elevID,1,  pos,-1,  cmd, goto,5
910.0,Elev,0,  arrived at dest, 7, this call is done!, Elevator call,870.5053023797483,0,7,3,0, Done, dt, 39.49469762025171
911.0,Elevator call,910.5388559417848,6,5,1,0, got allocated to elevator, 0
912.0, elevID,0,  pos,7,  cmd, goto,10
916.0,Elevator call,915.9490574608818,4,-1,1,1, got allocated to elevator, 1
918.0,Elev,1,  arrived at src, 5, Elevator call,666.2411586665262,5,-1,2,1
918.0, elevID,1,  pos,5,  cmd, goto,-1
925.0,Elev,0,  arrived at dest, 10, this call is done!, Elevator call,130.02495678190564,8,10,3,0, Done, dt, 794.9750432180944
925.0,Elev,0,  arrived at dest, 10, this call is done!, Elevator call,405.1821140884023,-1,10,3,0, Done, dt, 519.8178859115977
925.0,Elev,0,  arrived at src, 10, Elevator call,472.7445473930129,10,-1,2,0
925.0,Elev,0,  arrived at dest, 10, this call is done!, Elevator call,695.2239881566923,0,10,3,0, Done, dt, 229.77601184330774
934.0,Elevator call,933.8580452488764,7,5,1,0, got allocated to elevator, 0
934.0, elevID,0,  pos,10,  cmd, goto,6
934.0,Elev,1,  arrived at dest, -1, this call is done!, Elevator call,666.2411586665262,5,-1,3,1, Done, dt, 267.7588413334738
935.0, elevID,1,  pos,-1,  cmd, goto,4
948.0,Elev,0,  arrived at src, 6, Elevator call,910.5388559417848,6,5,2,0
948.0, elevID,0,  pos,6,  cmd, goto,5
950.0,Elev,1,  arrived at src, 4, Elevator call,666.0340294605869,4,0,2,1
950.0,Elev,1,  arrived at src, 4, Elevator call,915.9490574608818,4,-1,2,1
950.0, elevID,1,  pos,4,  cmd, goto,-1
959.0,Elev,0,  arrived at dest, 5, this call is done!, Elevator call,910.5388559417848,6,5,3,0, Done, dt, 48.461144058215154
960.0, elevID,0,  pos,5,  cmd, goto,7
962.0,Elevator call,961.6862855708133,6,-1,1,0, got allocated to elevator, 0
965.0,Elev,1,  arrived at dest, -1, this call is done!, Elevator call,915.9490574608818,4,-1,3,1, Done, dt, 49.05094253911818
966.0, elevID,1,  pos,-1,  cmd, goto,0
972.0,Elev,0,  arrived at src, 7, Elevator call,933.8580452488764,7,5,2,0
972.0, elevID,0,  pos,7,  cmd, goto,5
973.0,Elevator call,972.8032126022729,1,0,1,1, got allocated to elevator, 1
976.0,Elevator call,975.8361202753667,0,-1,1,1, got allocated to elevator, 1
977.0,Elev,1,  arrived at dest, 0, this call is done!, Elevator call,666.0340294605869,4,0,3,1, Done, dt, 310.9659705394131
977.0,Elev,1,  arrived at src, 0, Elevator call,975.8361202753667,0,-1,2,1
978.0, elevID,1,  pos,0,  cmd, goto,2
979.0,Elevator call,978.5925148564796,10,0,1,0, got allocated to elevator, 0
979.0,Elevator call,978.6210500641439,10,-1,1,0, got allocated to elevator, 0
984.0,Elev,0,  arrived at dest, 5, this call is done!, Elevator call,933.8580452488764,7,5,3,0, Done, dt, 50.14195475112365
985.0,Elevator call,984.1840185574983,7,0,1,0, got allocated to elevator, 0
985.0, elevID,0,  pos,5,  cmd, goto,7
990.0,Elev,1,  arrived at src, 2, Elevator call,810.4469089359914,2,0,2,1
990.0, elevID,1,  pos,2,  cmd, goto,0
997.0,Elev,0,  arrived at src, 7, Elevator call,984.1840185574983,7,0,2,0
997.0, elevID,0,  pos,7,  cmd, goto,0
1000.0,************* Simulation Ended ************
Code Owners,123456789,  Case,2,  Total waiting time: 9140.792822120187,  average waiting time per call: 91.40792822120187,  unCompleted calls,12,  certificate, -3063820466
