**** The Simulator log: stage 2
0.0,OOP_Ex0_Elevator_Simulator
0.0,Simulated Building, ex0.simulator.Builging_A [-2,10]
0) ex0.simulator.Elevator_A, Elev_0, speed: 1.0, open/close: 2.0,  start/stop: 3.0
1) ex0.simulator.Elevator_A, Elev_1, speed: 1.0, open/close: 2.0,  start/stop: 3.0
0.0,Simulated Period starTime,0.0,  endTime,1000.0,  dt,1.0
0.0,Simulated  calls,Elevetor log, size: 100
0.0,**** Simulation starts!! ****
5.0,Elevator call,4.374727290393253,0,-1,1,0, got allocated to elevator, 0
5.0, elevID,2,  pos,-2,  cmd, goto,0
17.0,Elevator call,16.957882888088932,-1,0,1,1, got allocated to elevator, 1
17.0,Elev,2,  arrived at src, 0, Elevator call,4.374727290393253,0,-1,2,0
17.0, elevID,2,  pos,0,  cmd, goto,-1
17.0, elevID,3,  pos,-2,  cmd, goto,-1
23.0,Elevator call,22.094056301593582,0,-1,1,0, got allocated to elevator, 0
28.0,Elev,2,  arrived at dest, -1, this call is done!, Elevator call,4.374727290393253,0,-1,3,0, Done, dt, 23.625272709606747
28.0,Elev,3,  arrived at src, -1, Elevator call,16.957882888088932,-1,0,2,1
28.0, elevID,3,  pos,-1,  cmd, goto,0
29.0, elevID,2,  pos,-1,  cmd, goto,0
39.0,Elev,3,  arrived at dest, 0, this call is done!, Elevator call,16.957882888088932,-1,0,3,1, Done, dt, 22.042117111911068
40.0,Elev,2,  arrived at src, 0, Elevator call,22.094056301593582,0,-1,2,0
40.0, elevID,2,  pos,0,  cmd, goto,-1
51.0,Elev,2,  arrived at dest, -1, this call is done!, Elevator call,22.094056301593582,0,-1,3,0, Done, dt, 28.905943698406418
86.0,Elevator call,85.5209666204754,3,2,1,1, got allocated to elevator, 1
86.0, elevID,3,  pos,0,  cmd, goto,3
92.0,Elevator call,91.21019413453945,-1,-2,1,0, got allocated to elevator, 0
92.0,Elev,2,  arrived at src, -1, Elevator call,91.21019413453945,-1,-2,2,0
92.0, elevID,2,  pos,-1,  cmd, goto,-2
99.0,Elev,3,  arrived at src, 3, Elevator call,85.5209666204754,3,2,2,1
99.0, elevID,3,  pos,3,  cmd, goto,2
103.0,Elev,2,  arrived at dest, -2, this call is done!, Elevator call,91.21019413453945,-1,-2,3,0, Done, dt, 11.78980586546055
105.0,Elevator call,104.13701241869234,0,4,1,1, got allocated to elevator, 1
110.0,Elevator call,109.21352909346587,-1,0,1,0, got allocated to elevator, 0
110.0, elevID,2,  pos,-2,  cmd, goto,-1
110.0,Elev,3,  arrived at dest, 2, this call is done!, Elevator call,85.5209666204754,3,2,3,1, Done, dt, 24.479033379524594
112.0, elevID,3,  pos,2,  cmd, goto,0
115.0,Elevator call,114.39235096774041,3,0,1,0, got allocated to elevator, 0
121.0,Elev,2,  arrived at src, -1, Elevator call,109.21352909346587,-1,0,2,0
121.0, elevID,2,  pos,-1,  cmd, goto,0
124.0,Elev,3,  arrived at src, 0, Elevator call,104.13701241869234,0,4,2,1
124.0, elevID,3,  pos,0,  cmd, goto,4
125.0,Elevator call,124.42557095980362,0,9,1,1, got allocated to elevator, 1
131.0,Elevator call,130.02495678190564,8,10,1,1, got allocated to elevator, 1
131.0,Elevator call,130.224911275492,-1,1,1,0, got allocated to elevator, 0
132.0,Elev,2,  arrived at dest, 0, this call is done!, Elevator call,109.21352909346587,-1,0,3,0, Done, dt, 22.786470906534134
133.0, elevID,2,  pos,0,  cmd, goto,-1
138.0, elevID,3,  pos,4,  cmd, goto,4
138.0,Elevator call,137.9515274326701,0,4,1,1, got allocated to elevator, 1
138.0,Elev,3,  arrived at dest, 4, this call is done!, Elevator call,104.13701241869234,0,4,3,1, Done, dt, 33.862987581307664
139.0, elevID,3,  pos,4,  cmd, goto,0
144.0,Elevator call,143.91335838799415,0,6,1,1, got allocated to elevator, 1
144.0,Elev,2,  arrived at src, -1, Elevator call,130.224911275492,-1,1,2,0
144.0, elevID,2,  pos,-1,  cmd, goto,1
153.0,Elev,3,  arrived at src, 0, Elevator call,124.42557095980362,0,9,2,1
153.0,Elev,3,  arrived at src, 0, Elevator call,137.9515274326701,0,4,2,1
153.0,Elev,3,  arrived at src, 0, Elevator call,143.91335838799415,0,6,2,1
153.0, elevID,3,  pos,0,  cmd, goto,4
156.0,Elev,2,  arrived at dest, 1, this call is done!, Elevator call,130.224911275492,-1,1,3,0, Done, dt, 25.77508872450801
159.0, elevID,2,  pos,1,  cmd, goto,3
167.0,Elev,3,  arrived at dest, 4, this call is done!, Elevator call,137.9515274326701,0,4,3,1, Done, dt, 29.048472567329895
168.0, elevID,3,  pos,4,  cmd, goto,6
170.0,Elevator call,169.78458339380109,-1,0,1,0, got allocated to elevator, 0
171.0,Elevator call,170.0099620835246,0,6,1,1, got allocated to elevator, 1
171.0,Elev,2,  arrived at src, 3, Elevator call,114.39235096774041,3,0,2,0
171.0, elevID,2,  pos,3,  cmd, goto,0
172.0,Elevator call,171.21173315221364,-1,8,1,0, got allocated to elevator, 0
175.0,Elevator call,174.84385152106802,0,-1,1,1, got allocated to elevator, 1
180.0,Elev,3,  arrived at dest, 6, this call is done!, Elevator call,143.91335838799415,0,6,3,1, Done, dt, 36.08664161200585
181.0, elevID,3,  pos,6,  cmd, goto,0
184.0,Elev,2,  arrived at dest, 0, this call is done!, Elevator call,114.39235096774041,3,0,3,0, Done, dt, 69.60764903225959
186.0, elevID,2,  pos,0,  cmd, goto,-1
188.0,Elevator call,187.11678617348463,-1,-2,1,0, got allocated to elevator, 0
188.0,Elevator call,187.7299317966884,-1,-2,1,0, got allocated to elevator, 0
196.0,Elevator call,195.90869649656992,0,7,1,1, got allocated to elevator, 1
197.0,Elev,2,  arrived at src, -1, Elevator call,169.78458339380109,-1,0,2,0
197.0,Elev,2,  arrived at src, -1, Elevator call,171.21173315221364,-1,8,2,0
197.0,Elev,2,  arrived at src, -1, Elevator call,187.11678617348463,-1,-2,2,0
197.0,Elev,2,  arrived at src, -1, Elevator call,187.7299317966884,-1,-2,2,0
197.0, elevID,2,  pos,-1,  cmd, goto,8
197.0,Elev,3,  arrived at src, 0, Elevator call,170.0099620835246,0,6,2,1
197.0,Elev,3,  arrived at src, 0, Elevator call,174.84385152106802,0,-1,2,1
197.0,Elev,3,  arrived at src, 0, Elevator call,195.90869649656992,0,7,2,1
197.0, elevID,3,  pos,0,  cmd, goto,-1
198.0,Elevator call,197.5359191292572,-1,1,1,0, got allocated to elevator, 0
206.0,Elevator call,205.9895199338651,-1,0,1,0, got allocated to elevator, 0
208.0,Elev,3,  arrived at dest, -1, this call is done!, Elevator call,174.84385152106802,0,-1,3,1, Done, dt, 33.15614847893198
209.0, elevID,3,  pos,-1,  cmd, goto,7
216.0,Elev,2,  arrived at dest, 8, this call is done!, Elevator call,171.21173315221364,-1,8,3,0, Done, dt, 44.78826684778636
217.0, elevID,2,  pos,8,  cmd, goto,-1
227.0,Elev,3,  arrived at dest, 7, this call is done!, Elevator call,195.90869649656992,0,7,3,1, Done, dt, 31.091303503430083
228.0,Elevator call,227.0798304557929,-1,5,1,0, got allocated to elevator, 0
228.0, elevID,3,  pos,7,  cmd, goto,6
232.0,Elevator call,231.51578817426258,-1,0,1,0, got allocated to elevator, 0
233.0,Elevator call,232.95043623946805,0,-1,1,1, got allocated to elevator, 1
236.0,Elev,2,  arrived at src, -1, Elevator call,197.5359191292572,-1,1,2,0
236.0,Elev,2,  arrived at src, -1, Elevator call,205.9895199338651,-1,0,2,0
236.0,Elev,2,  arrived at src, -1, Elevator call,227.0798304557929,-1,5,2,0
236.0,Elev,2,  arrived at src, -1, Elevator call,231.51578817426258,-1,0,2,0
236.0, elevID,2,  pos,-1,  cmd, goto,0
239.0,Elev,3,  arrived at dest, 6, this call is done!, Elevator call,170.0099620835246,0,6,3,1, Done, dt, 68.99003791647539
240.0, elevID,3,  pos,6,  cmd, goto,0
247.0,Elev,2,  arrived at dest, 0, this call is done!, Elevator call,169.78458339380109,-1,0,3,0, Done, dt, 77.21541660619891
247.0,Elev,2,  arrived at dest, 0, this call is done!, Elevator call,205.9895199338651,-1,0,3,0, Done, dt, 41.0104800661349
247.0,Elev,2,  arrived at dest, 0, this call is done!, Elevator call,231.51578817426258,-1,0,3,0, Done, dt, 15.484211825737418
249.0, elevID,2,  pos,0,  cmd, goto,5
252.0,Elevator call,251.10444690749756,-1,-2,1,0, got allocated to elevator, 0
252.0,Elevator call,251.23593354161653,0,9,1,1, got allocated to elevator, 1
255.0,Elevator call,254.69771525200505,3,4,1,1, got allocated to elevator, 1
256.0,Elev,3,  arrived at src, 0, Elevator call,232.95043623946805,0,-1,2,1
256.0,Elev,3,  arrived at src, 0, Elevator call,251.23593354161653,0,9,2,1
256.0, elevID,3,  pos,0,  cmd, goto,-1
258.0,Elevator call,257.7974435335086,-1,0,1,0, got allocated to elevator, 0
264.0,Elev,2,  arrived at dest, 5, this call is done!, Elevator call,227.0798304557929,-1,5,3,0, Done, dt, 36.92016954420711
265.0, elevID,2,  pos,5,  cmd, goto,-1
267.0,Elev,3,  arrived at dest, -1, this call is done!, Elevator call,232.95043623946805,0,-1,3,1, Done, dt, 34.04956376053195
268.0, elevID,3,  pos,-1,  cmd, goto,9
281.0,Elev,2,  arrived at src, -1, Elevator call,251.10444690749756,-1,-2,2,0
281.0,Elev,2,  arrived at src, -1, Elevator call,257.7974435335086,-1,0,2,0
281.0, elevID,2,  pos,-1,  cmd, goto,0
288.0,Elev,3,  arrived at dest, 9, this call is done!, Elevator call,124.42557095980362,0,9,3,1, Done, dt, 163.57442904019638
288.0,Elev,3,  arrived at dest, 9, this call is done!, Elevator call,251.23593354161653,0,9,3,1, Done, dt, 36.76406645838347
290.0, elevID,3,  pos,9,  cmd, goto,3
292.0,Elev,2,  arrived at dest, 0, this call is done!, Elevator call,257.7974435335086,-1,0,3,0, Done, dt, 34.20255646649139
293.0, elevID,2,  pos,0,  cmd, goto,-2
296.0,Elevator call,295.7943356681491,0,1,1,0, got allocated to elevator, 0
305.0,Elevator call,304.99843880775313,6,0,1,1, got allocated to elevator, 1
305.0,Elev,2,  arrived at dest, -2, this call is done!, Elevator call,187.11678617348463,-1,-2,3,0, Done, dt, 117.88321382651537
305.0,Elev,2,  arrived at dest, -2, this call is done!, Elevator call,187.7299317966884,-1,-2,3,0, Done, dt, 117.27006820331161
305.0,Elev,2,  arrived at dest, -2, this call is done!, Elevator call,251.10444690749756,-1,-2,3,0, Done, dt, 53.89555309250244
306.0, elevID,2,  pos,-2,  cmd, goto,1
306.0,Elev,3,  arrived at src, 3, Elevator call,254.69771525200505,3,4,2,1
306.0, elevID,3,  pos,3,  cmd, goto,4
310.0,Elevator call,309.30053828560517,0,-1,1,0, got allocated to elevator, 0
313.0,Elevator call,312.30185564398687,0,-1,1,0, got allocated to elevator, 0
317.0,Elevator call,316.03237827404377,0,-1,1,0, got allocated to elevator, 0
317.0,Elev,3,  arrived at dest, 4, this call is done!, Elevator call,254.69771525200505,3,4,3,1, Done, dt, 62.302284747994946
319.0,Elev,2,  arrived at dest, 1, this call is done!, Elevator call,197.5359191292572,-1,1,3,0, Done, dt, 121.4640808707428
320.0,Elevator call,319.90520204415634,6,5,1,1, got allocated to elevator, 1
320.0, elevID,3,  pos,4,  cmd, goto,6
321.0,Elevator call,320.97607492210807,-1,0,1,0, got allocated to elevator, 0
321.0, elevID,2,  pos,1,  cmd, goto,-1
322.0,Elevator call,321.37040904796595,7,-1,1,1, got allocated to elevator, 1
332.0,Elev,3,  arrived at src, 6, Elevator call,304.99843880775313,6,0,2,1
332.0,Elev,3,  arrived at src, 6, Elevator call,319.90520204415634,6,5,2,1
332.0, elevID,3,  pos,6,  cmd, goto,5
333.0, elevID,2,  pos,-1,  cmd, goto,-1
333.0,Elevator call,332.4267319393355,0,10,1,0, got allocated to elevator, 0
333.0,Elev,2,  arrived at src, -1, Elevator call,320.97607492210807,-1,0,2,0
333.0, elevID,2,  pos,-1,  cmd, goto,0
337.0,Elevator call,336.93043046159545,-1,0,1,0, got allocated to elevator, 0
343.0,Elev,3,  arrived at dest, 5, this call is done!, Elevator call,319.90520204415634,6,5,3,1, Done, dt, 23.09479795584366
344.0,Elev,2,  arrived at src, 0, Elevator call,295.7943356681491,0,1,2,0
344.0,Elev,2,  arrived at src, 0, Elevator call,309.30053828560517,0,-1,2,0
344.0,Elev,2,  arrived at src, 0, Elevator call,312.30185564398687,0,-1,2,0
344.0,Elev,2,  arrived at src, 0, Elevator call,316.03237827404377,0,-1,2,0
344.0,Elev,2,  arrived at dest, 0, this call is done!, Elevator call,320.97607492210807,-1,0,3,0, Done, dt, 23.02392507789193
344.0,Elev,2,  arrived at src, 0, Elevator call,332.4267319393355,0,10,2,0
344.0, elevID,3,  pos,5,  cmd, goto,0
345.0, elevID,2,  pos,0,  cmd, goto,-1
356.0,Elev,2,  arrived at dest, -1, this call is done!, Elevator call,309.30053828560517,0,-1,3,0, Done, dt, 46.69946171439483
356.0,Elev,2,  arrived at dest, -1, this call is done!, Elevator call,312.30185564398687,0,-1,3,0, Done, dt, 43.69814435601313
356.0,Elev,2,  arrived at dest, -1, this call is done!, Elevator call,316.03237827404377,0,-1,3,0, Done, dt, 39.967621725956235
356.0,Elev,2,  arrived at src, -1, Elevator call,336.93043046159545,-1,0,2,0
356.0, elevID,2,  pos,-1,  cmd, goto,0
359.0,Elev,3,  arrived at dest, 0, this call is done!, Elevator call,304.99843880775313,6,0,3,1, Done, dt, 54.00156119224687
362.0, elevID,3,  pos,0,  cmd, goto,7
367.0,Elev,2,  arrived at dest, 0, this call is done!, Elevator call,336.93043046159545,-1,0,3,0, Done, dt, 30.06956953840455
370.0, elevID,2,  pos,0,  cmd, goto,10
376.0,Elevator call,375.49048095381363,1,0,1,1, got allocated to elevator, 1
379.0,Elev,3,  arrived at src, 7, Elevator call,321.37040904796595,7,-1,2,1
379.0, elevID,3,  pos,7,  cmd, goto,-1
390.0,Elev,2,  arrived at dest, 10, this call is done!, Elevator call,332.4267319393355,0,10,3,0, Done, dt, 57.573268060664475
393.0,Elevator call,392.5160764870397,0,5,1,0, got allocated to elevator, 0
393.0, elevID,2,  pos,10,  cmd, goto,0
397.0,Elev,3,  arrived at dest, -1, this call is done!, Elevator call,321.37040904796595,7,-1,3,1, Done, dt, 75.62959095203405
399.0, elevID,3,  pos,-1,  cmd, goto,8
406.0,Elevator call,405.1821140884023,-1,10,1,1, got allocated to elevator, 1
413.0,Elev,2,  arrived at src, 0, Elevator call,392.5160764870397,0,5,2,0
413.0, elevID,2,  pos,0,  cmd, goto,5
418.0,Elev,3,  arrived at src, 8, Elevator call,130.02495678190564,8,10,2,1
418.0, elevID,3,  pos,8,  cmd, goto,10
427.0,Elevator call,426.8615805478589,2,0,1,0, got allocated to elevator, 0
428.0,Elev,2,  arrived at dest, 5, this call is done!, Elevator call,392.5160764870397,0,5,3,0, Done, dt, 35.4839235129603
430.0, elevID,2,  pos,5,  cmd, goto,1
430.0,Elev,3,  arrived at dest, 10, this call is done!, Elevator call,130.02495678190564,8,10,3,1, Done, dt, 299.97504321809436
435.0, elevID,3,  pos,10,  cmd, goto,-1
438.0,Elevator call,437.17111576125836,1,0,1,1, got allocated to elevator, 1
444.0,Elev,2,  arrived at dest, 1, this call is done!, Elevator call,295.7943356681491,0,1,3,0, Done, dt, 148.20566433185093
451.0, elevID,2,  pos,1,  cmd, goto,2
456.0,Elev,3,  arrived at src, -1, Elevator call,405.1821140884023,-1,10,2,1
456.0, elevID,3,  pos,-1,  cmd, goto,10
462.0,Elev,2,  arrived at src, 2, Elevator call,426.8615805478589,2,0,2,0
462.0, elevID,2,  pos,2,  cmd, goto,0
473.0,Elevator call,472.7445473930129,10,-1,1,1, got allocated to elevator, 1
474.0,Elev,2,  arrived at dest, 0, this call is done!, Elevator call,426.8615805478589,2,0,3,0, Done, dt, 47.13841945214108
477.0,Elev,3,  arrived at dest, 10, this call is done!, Elevator call,405.1821140884023,-1,10,3,1, Done, dt, 71.81788591159773
477.0,Elev,3,  arrived at src, 10, Elevator call,472.7445473930129,10,-1,2,1
480.0, elevID,3,  pos,10,  cmd, goto,1
499.0,Elev,3,  arrived at src, 1, Elevator call,375.49048095381363,1,0,2,1
499.0,Elev,3,  arrived at src, 1, Elevator call,437.17111576125836,1,0,2,1
499.0, elevID,3,  pos,1,  cmd, goto,0
501.0,Elevator call,500.3712044996745,8,-1,1,0, got allocated to elevator, 0
501.0, elevID,2,  pos,0,  cmd, goto,8
504.0,Elevator call,503.13847841893045,1,-1,1,1, got allocated to elevator, 1
505.0,Elevator call,504.4317942159655,0,-1,1,0, got allocated to elevator, 0
510.0,Elev,3,  arrived at dest, 0, this call is done!, Elevator call,375.49048095381363,1,0,3,1, Done, dt, 134.50951904618637
510.0,Elev,3,  arrived at dest, 0, this call is done!, Elevator call,437.17111576125836,1,0,3,1, Done, dt, 72.82888423874164
511.0, elevID,3,  pos,0,  cmd, goto,1
519.0,Elev,2,  arrived at src, 8, Elevator call,500.3712044996745,8,-1,2,0
519.0, elevID,2,  pos,8,  cmd, goto,-1
522.0,Elev,3,  arrived at src, 1, Elevator call,503.13847841893045,1,-1,2,1
522.0, elevID,3,  pos,1,  cmd, goto,-1
530.0,Elevator call,529.6277472128405,3,-1,1,0, got allocated to elevator, 0
534.0,Elev,3,  arrived at dest, -1, this call is done!, Elevator call,472.7445473930129,10,-1,3,1, Done, dt, 61.25545260698709
534.0,Elev,3,  arrived at dest, -1, this call is done!, Elevator call,503.13847841893045,1,-1,3,1, Done, dt, 30.861521581069553
538.0,Elevator call,537.7866883694313,-1,6,1,1, got allocated to elevator, 1
538.0,Elev,2,  arrived at dest, -1, this call is done!, Elevator call,500.3712044996745,8,-1,3,0, Done, dt, 37.62879550032551
538.0,Elev,3,  arrived at src, -1, Elevator call,537.7866883694313,-1,6,2,1
539.0, elevID,2,  pos,-1,  cmd, goto,3
539.0, elevID,3,  pos,-1,  cmd, goto,6
545.0,Elevator call,544.7880392034898,6,-1,1,1, got allocated to elevator, 1
553.0,Elev,2,  arrived at src, 3, Elevator call,529.6277472128405,3,-1,2,0
553.0, elevID,2,  pos,3,  cmd, goto,-1
555.0,Elevator call,554.0892922920482,4,0,1,1, got allocated to elevator, 1
556.0,Elev,3,  arrived at dest, 6, this call is done!, Elevator call,537.7866883694313,-1,6,3,1, Done, dt, 18.213311630568683
556.0,Elev,3,  arrived at src, 6, Elevator call,544.7880392034898,6,-1,2,1
558.0,Elevator call,557.2441390036331,10,0,1,0, got allocated to elevator, 0
559.0, elevID,3,  pos,6,  cmd, goto,4
566.0,Elevator call,565.0195521745534,0,-1,1,0, got allocated to elevator, 0
567.0,Elev,2,  arrived at dest, -1, this call is done!, Elevator call,529.6277472128405,3,-1,3,0, Done, dt, 37.37225278715948
568.0, elevID,2,  pos,-1,  cmd, goto,0
571.0,Elev,3,  arrived at src, 4, Elevator call,554.0892922920482,4,0,2,1
571.0, elevID,3,  pos,4,  cmd, goto,0
579.0,Elev,2,  arrived at src, 0, Elevator call,504.4317942159655,0,-1,2,0
579.0,Elev,2,  arrived at src, 0, Elevator call,565.0195521745534,0,-1,2,0
579.0, elevID,2,  pos,0,  cmd, goto,-1
582.0,Elevator call,581.8703090238192,0,3,1,0, got allocated to elevator, 0
585.0,Elev,3,  arrived at dest, 0, this call is done!, Elevator call,554.0892922920482,4,0,3,1, Done, dt, 30.910707707951815
586.0, elevID,3,  pos,0,  cmd, goto,-1
590.0,Elev,2,  arrived at dest, -1, this call is done!, Elevator call,504.4317942159655,0,-1,3,0, Done, dt, 85.56820578403449
590.0,Elev,2,  arrived at dest, -1, this call is done!, Elevator call,565.0195521745534,0,-1,3,0, Done, dt, 24.980447825446618
591.0, elevID,2,  pos,-1,  cmd, goto,0
597.0, elevID,3,  pos,-1,  cmd, goto,-1
597.0,Elevator call,596.1232022872633,8,0,1,1, got allocated to elevator, 1
597.0,Elev,3,  arrived at dest, -1, this call is done!, Elevator call,544.7880392034898,6,-1,3,1, Done, dt, 52.2119607965102
601.0, elevID,3,  pos,-1,  cmd, goto,8
601.0,Elevator call,600.9312879686208,1,0,1,1, got allocated to elevator, 1
602.0,Elev,2,  arrived at src, 0, Elevator call,581.8703090238192,0,3,2,0
602.0, elevID,2,  pos,0,  cmd, goto,3
604.0,Elevator call,603.9342326983083,7,0,1,1, got allocated to elevator, 1
615.0,Elev,2,  arrived at dest, 3, this call is done!, Elevator call,581.8703090238192,0,3,3,0, Done, dt, 33.12969097618077
618.0,Elevator call,617.9628338542149,0,3,1,0, got allocated to elevator, 0
620.0, elevID,2,  pos,3,  cmd, goto,0
620.0,Elevator call,619.6454196970012,9,0,1,0, got allocated to elevator, 0
620.0,Elev,3,  arrived at src, 8, Elevator call,596.1232022872633,8,0,2,1
620.0, elevID,3,  pos,8,  cmd, goto,0
627.0,Elevator call,626.2116172047942,0,1,1,0, got allocated to elevator, 0
633.0,Elev,2,  arrived at src, 0, Elevator call,617.9628338542149,0,3,2,0
633.0,Elev,2,  arrived at src, 0, Elevator call,626.2116172047942,0,1,2,0
633.0, elevID,2,  pos,0,  cmd, goto,3
638.0,Elev,3,  arrived at dest, 0, this call is done!, Elevator call,596.1232022872633,8,0,3,1, Done, dt, 41.876797712736675
639.0, elevID,3,  pos,0,  cmd, goto,7
644.0,Elevator call,643.8547514955396,-1,2,1,1, got allocated to elevator, 1
646.0,Elev,2,  arrived at dest, 3, this call is done!, Elevator call,617.9628338542149,0,3,3,0, Done, dt, 28.037166145785136
647.0, elevID,2,  pos,3,  cmd, goto,1
656.0,Elev,3,  arrived at src, 7, Elevator call,603.9342326983083,7,0,2,1
656.0, elevID,3,  pos,7,  cmd, goto,0
659.0,Elev,2,  arrived at dest, 1, this call is done!, Elevator call,626.2116172047942,0,1,3,0, Done, dt, 32.78838279520585
661.0,Elevator call,660.0732907797126,6,10,1,1, got allocated to elevator, 1
662.0,Elevator call,661.0420820268716,-1,3,1,0, got allocated to elevator, 0
662.0, elevID,2,  pos,1,  cmd, goto,9
663.0,Elevator call,662.1730527520776,-1,5,1,0, got allocated to elevator, 0
666.0,Elevator call,665.1155548533167,-1,8,1,0, got allocated to elevator, 0
667.0,Elevator call,666.0340294605869,4,0,1,1, got allocated to elevator, 1
667.0,Elevator call,666.2411586665262,5,-1,1,1, got allocated to elevator, 1
673.0,Elevator call,672.677314157026,0,-1,1,0, got allocated to elevator, 0
673.0,Elev,3,  arrived at dest, 0, this call is done!, Elevator call,603.9342326983083,7,0,3,1, Done, dt, 69.06576730169172
674.0, elevID,3,  pos,0,  cmd, goto,6
678.0,Elevator call,677.7341948387335,0,-1,1,0, got allocated to elevator, 0
679.0,Elevator call,678.9953584914538,-1,-2,1,0, got allocated to elevator, 0
680.0,Elev,2,  arrived at src, 9, Elevator call,619.6454196970012,9,0,2,0
680.0, elevID,2,  pos,9,  cmd, goto,0
690.0,Elev,3,  arrived at src, 6, Elevator call,660.0732907797126,6,10,2,1
690.0, elevID,3,  pos,6,  cmd, goto,10
696.0,Elevator call,695.2239881566923,0,10,1,0, got allocated to elevator, 0
699.0,Elev,2,  arrived at dest, 0, this call is done!, Elevator call,619.6454196970012,9,0,3,0, Done, dt, 79.35458030299878
699.0,Elev,2,  arrived at src, 0, Elevator call,672.677314157026,0,-1,2,0
699.0,Elev,2,  arrived at src, 0, Elevator call,677.7341948387335,0,-1,2,0
699.0,Elev,2,  arrived at src, 0, Elevator call,695.2239881566923,0,10,2,0
700.0, elevID,2,  pos,0,  cmd, goto,10
704.0,Elev,3,  arrived at dest, 10, this call is done!, Elevator call,660.0732907797126,6,10,3,1, Done, dt, 43.92670922028742
705.0, elevID,3,  pos,10,  cmd, goto,5
707.0,Elevator call,706.1583474999188,-1,-2,1,0, got allocated to elevator, 0
711.0,Elevator call,710.3249770041223,0,1,1,0, got allocated to elevator, 0
714.0,Elevator call,713.0191971398395,1,0,1,0, got allocated to elevator, 0
714.0,Elevator call,713.2499766424826,10,-1,1,0, got allocated to elevator, 0
720.0,Elev,2,  arrived at src, 10, Elevator call,557.2441390036331,10,0,2,0
720.0,Elev,2,  arrived at dest, 10, this call is done!, Elevator call,695.2239881566923,0,10,3,0, Done, dt, 24.776011843307742
720.0,Elev,2,  arrived at src, 10, Elevator call,713.2499766424826,10,-1,2,0
720.0, elevID,2,  pos,10,  cmd, goto,0
720.0,Elev,3,  arrived at src, 5, Elevator call,666.2411586665262,5,-1,2,1
720.0, elevID,3,  pos,5,  cmd, goto,-1
723.0,Elevator call,722.6161212799507,10,0,1,0, got allocated to elevator, 0
728.0,Elevator call,727.514602863032,-1,0,1,1, got allocated to elevator, 1
733.0,Elevator call,732.9746341348998,6,-1,1,0, got allocated to elevator, 0
736.0,Elev,3,  arrived at src, -1, Elevator call,643.8547514955396,-1,2,2,1
736.0,Elev,3,  arrived at dest, -1, this call is done!, Elevator call,666.2411586665262,5,-1,3,1, Done, dt, 69.75884133347381
736.0,Elev,3,  arrived at src, -1, Elevator call,727.514602863032,-1,0,2,1
737.0, elevID,3,  pos,-1,  cmd, goto,4
738.0,Elevator call,737.314720213409,1,0,1,1, got allocated to elevator, 1
740.0,Elev,2,  arrived at dest, 0, this call is done!, Elevator call,557.2441390036331,10,0,3,0, Done, dt, 182.7558609963669
740.0,Elev,2,  arrived at src, 0, Elevator call,710.3249770041223,0,1,2,0
741.0, elevID,2,  pos,0,  cmd, goto,10
752.0,Elev,3,  arrived at src, 4, Elevator call,666.0340294605869,4,0,2,1
752.0, elevID,3,  pos,4,  cmd, goto,0
761.0,Elev,2,  arrived at src, 10, Elevator call,722.6161212799507,10,0,2,0
761.0, elevID,2,  pos,10,  cmd, goto,0
766.0,Elev,3,  arrived at dest, 0, this call is done!, Elevator call,666.0340294605869,4,0,3,1, Done, dt, 99.96597053941309
766.0,Elev,3,  arrived at dest, 0, this call is done!, Elevator call,727.514602863032,-1,0,3,1, Done, dt, 38.485397136968004
767.0, elevID,3,  pos,0,  cmd, goto,1
778.0,Elev,3,  arrived at src, 1, Elevator call,600.9312879686208,1,0,2,1
778.0,Elev,3,  arrived at src, 1, Elevator call,737.314720213409,1,0,2,1
778.0, elevID,3,  pos,1,  cmd, goto,0
780.0,Elevator call,779.399691386574,-1,5,1,1, got allocated to elevator, 1
781.0,Elev,2,  arrived at dest, 0, this call is done!, Elevator call,722.6161212799507,10,0,3,0, Done, dt, 58.383878720049324
782.0, elevID,2,  pos,0,  cmd, goto,-1
789.0,Elev,3,  arrived at dest, 0, this call is done!, Elevator call,600.9312879686208,1,0,3,1, Done, dt, 188.06871203137916
789.0,Elev,3,  arrived at dest, 0, this call is done!, Elevator call,737.314720213409,1,0,3,1, Done, dt, 51.68527978659097
793.0,Elev,2,  arrived at src, -1, Elevator call,661.0420820268716,-1,3,2,0
793.0,Elev,2,  arrived at src, -1, Elevator call,662.1730527520776,-1,5,2,0
793.0,Elev,2,  arrived at src, -1, Elevator call,665.1155548533167,-1,8,2,0
793.0,Elev,2,  arrived at dest, -1, this call is done!, Elevator call,672.677314157026,0,-1,3,0, Done, dt, 120.32268584297401
793.0,Elev,2,  arrived at dest, -1, this call is done!, Elevator call,677.7341948387335,0,-1,3,0, Done, dt, 115.26580516126648
793.0,Elev,2,  arrived at src, -1, Elevator call,678.9953584914538,-1,-2,2,0
793.0,Elev,2,  arrived at src, -1, Elevator call,706.1583474999188,-1,-2,2,0
793.0,Elev,2,  arrived at dest, -1, this call is done!, Elevator call,713.2499766424826,10,-1,3,0, Done, dt, 79.75002335751742
794.0, elevID,2,  pos,-1,  cmd, goto,6
796.0, elevID,3,  pos,0,  cmd, goto,-1
806.0,Elevator call,805.6754743307536,-1,-2,1,1, got allocated to elevator, 1
807.0,Elev,3,  arrived at src, -1, Elevator call,779.399691386574,-1,5,2,1
807.0,Elev,3,  arrived at src, -1, Elevator call,805.6754743307536,-1,-2,2,1
807.0, elevID,3,  pos,-1,  cmd, goto,5
811.0, elevID,2,  pos,6,  cmd, goto,6
811.0,Elevator call,810.4469089359914,2,0,1,0, got allocated to elevator, 0
811.0,Elev,2,  arrived at src, 6, Elevator call,732.9746341348998,6,-1,2,0
811.0, elevID,2,  pos,6,  cmd, goto,-1
817.0,Elevator call,816.1516998390152,7,-1,1,1, got allocated to elevator, 1
823.0,Elev,3,  arrived at dest, 5, this call is done!, Elevator call,779.399691386574,-1,5,3,1, Done, dt, 43.60030861342602
824.0, elevID,3,  pos,5,  cmd, goto,-2
826.0,Elevator call,825.4575184586336,7,0,1,1, got allocated to elevator, 1
828.0,Elev,2,  arrived at dest, -1, this call is done!, Elevator call,732.9746341348998,6,-1,3,0, Done, dt, 95.02536586510018
829.0, elevID,2,  pos,-1,  cmd, goto,2
840.0,Elevator call,839.8525652620532,0,1,1,0, got allocated to elevator, 0
841.0,Elev,3,  arrived at dest, -2, this call is done!, Elevator call,805.6754743307536,-1,-2,3,1, Done, dt, 35.32452566924644
842.0,Elev,2,  arrived at src, 2, Elevator call,810.4469089359914,2,0,2,0
842.0, elevID,2,  pos,2,  cmd, goto,0
844.0, elevID,3,  pos,-2,  cmd, goto,2
854.0,Elev,2,  arrived at dest, 0, this call is done!, Elevator call,810.4469089359914,2,0,3,0, Done, dt, 43.55309106400864
854.0,Elev,2,  arrived at src, 0, Elevator call,839.8525652620532,0,1,2,0
855.0,Elevator call,854.2002278085795,6,-1,1,1, got allocated to elevator, 1
855.0, elevID,2,  pos,0,  cmd, goto,1
858.0,Elev,3,  arrived at dest, 2, this call is done!, Elevator call,643.8547514955396,-1,2,3,1, Done, dt, 214.14524850446037
862.0, elevID,3,  pos,2,  cmd, goto,6
864.0,Elevator call,863.893291272948,0,-1,1,0, got allocated to elevator, 0
866.0,Elev,2,  arrived at dest, 1, this call is done!, Elevator call,710.3249770041223,0,1,3,0, Done, dt, 155.67502299587773
866.0,Elev,2,  arrived at src, 1, Elevator call,713.0191971398395,1,0,2,0
866.0,Elev,2,  arrived at dest, 1, this call is done!, Elevator call,839.8525652620532,0,1,3,0, Done, dt, 26.14743473794681
866.0, elevID,2,  pos,1,  cmd, goto,0
871.0,Elevator call,870.5053023797483,0,7,1,0, got allocated to elevator, 0
876.0,Elev,3,  arrived at src, 6, Elevator call,854.2002278085795,6,-1,2,1
876.0, elevID,3,  pos,6,  cmd, goto,-1
877.0,Elev,2,  arrived at dest, 0, this call is done!, Elevator call,713.0191971398395,1,0,3,0, Done, dt, 163.98080286016045
877.0,Elev,2,  arrived at src, 0, Elevator call,863.893291272948,0,-1,2,0
877.0,Elev,2,  arrived at src, 0, Elevator call,870.5053023797483,0,7,2,0
878.0, elevID,2,  pos,0,  cmd, goto,7
887.0,Elevator call,886.5649993239458,-1,-2,1,1, got allocated to elevator, 1
893.0, elevID,3,  pos,-1,  cmd, goto,-1
893.0,Elevator call,892.5212150591021,9,-1,1,1, got allocated to elevator, 1
893.0,Elev,3,  arrived at dest, -1, this call is done!, Elevator call,854.2002278085795,6,-1,3,1, Done, dt, 38.799772191420516
893.0,Elev,3,  arrived at src, -1, Elevator call,886.5649993239458,-1,-2,2,1
894.0, elevID,3,  pos,-1,  cmd, goto,7
895.0,Elev,2,  arrived at dest, 7, this call is done!, Elevator call,870.5053023797483,0,7,3,0, Done, dt, 24.494697620251713
896.0, elevID,2,  pos,7,  cmd, goto,-1
911.0,Elevator call,910.5388559417848,6,5,1,1, got allocated to elevator, 1
912.0,Elev,3,  arrived at src, 7, Elevator call,816.1516998390152,7,-1,2,1
912.0,Elev,3,  arrived at src, 7, Elevator call,825.4575184586336,7,0,2,1
912.0, elevID,3,  pos,7,  cmd, goto,0
914.0,Elev,2,  arrived at dest, -1, this call is done!, Elevator call,863.893291272948,0,-1,3,0, Done, dt, 50.10670872705202
916.0,Elevator call,915.9490574608818,4,-1,1,1, got allocated to elevator, 1
928.0, elevID,2,  pos,-1,  cmd, goto,-2
929.0,Elev,3,  arrived at dest, 0, this call is done!, Elevator call,825.4575184586336,7,0,3,1, Done, dt, 103.54248154136644
930.0, elevID,3,  pos,0,  cmd, goto,-1
934.0,Elevator call,933.8580452488764,7,5,1,1, got allocated to elevator, 1
939.0,Elev,2,  arrived at dest, -2, this call is done!, Elevator call,678.9953584914538,-1,-2,3,0, Done, dt, 260.00464150854623
939.0,Elev,2,  arrived at dest, -2, this call is done!, Elevator call,706.1583474999188,-1,-2,3,0, Done, dt, 232.84165250008118
941.0,Elev,3,  arrived at dest, -1, this call is done!, Elevator call,816.1516998390152,7,-1,3,1, Done, dt, 124.84830016098476
942.0, elevID,3,  pos,-1,  cmd, goto,7
943.0, elevID,2,  pos,-2,  cmd, goto,8
960.0,Elev,3,  arrived at src, 7, Elevator call,933.8580452488764,7,5,2,1
960.0, elevID,3,  pos,7,  cmd, goto,5
962.0,Elevator call,961.6862855708133,6,-1,1,1, got allocated to elevator, 1
963.0,Elev,2,  arrived at dest, 8, this call is done!, Elevator call,665.1155548533167,-1,8,3,0, Done, dt, 297.88444514668333
964.0, elevID,2,  pos,8,  cmd, goto,5
972.0,Elev,3,  arrived at dest, 5, this call is done!, Elevator call,933.8580452488764,7,5,3,1, Done, dt, 38.14195475112365
973.0,Elevator call,972.8032126022729,1,0,1,0, got allocated to elevator, 0
973.0, elevID,3,  pos,5,  cmd, goto,9
976.0,Elevator call,975.8361202753667,0,-1,1,0, got allocated to elevator, 0
977.0,Elev,2,  arrived at dest, 5, this call is done!, Elevator call,662.1730527520776,-1,5,3,0, Done, dt, 314.82694724792236
978.0, elevID,2,  pos,5,  cmd, goto,3
979.0,Elevator call,978.5925148564796,10,0,1,1, got allocated to elevator, 1
979.0,Elevator call,978.6210500641439,10,-1,1,1, got allocated to elevator, 1
985.0,Elevator call,984.1840185574983,7,0,1,1, got allocated to elevator, 1
987.0,Elev,3,  arrived at src, 9, Elevator call,892.5212150591021,9,-1,2,1
987.0, elevID,3,  pos,9,  cmd, goto,-1
990.0,Elev,2,  arrived at dest, 3, this call is done!, Elevator call,661.0420820268716,-1,3,3,0, Done, dt, 328.95791797312836
991.0, elevID,2,  pos,3,  cmd, goto,0
1000.0,************* Simulation Ended ************
Code Owners,123456789,  Case,2,  Total waiting time: 7492.792822120196,  average waiting time per call: 74.92792822120197,  unCompleted calls,10,  certificate, -2609114310
