**** The Simulator log: stage 2
0.0,OOP_Ex0_Elevator_Simulator
0.0,Simulated Building, ex0.simulator.Builging_A [-2,10]
0) ex0.simulator.Elevator_A, Elev_0, speed: 1.0, open/close: 2.0,  start/stop: 3.0
1) ex0.simulator.Elevator_A, Elev_1, speed: 1.0, open/close: 2.0,  start/stop: 3.0
0.0,Simulated Period starTime,0.0,  endTime,1000.0,  dt,1.0
0.0,Simulated  calls,Elevetor log, size: 100
0.0,**** Simulation starts!! ****
5.0,Elevator call,4.374727290393253,0,-1,1,0, got allocated to elevator, 0
5.0, elevID,2,  pos,-2,  cmd, goto,0
17.0,Elevator call,16.957882888088932,-1,0,1,1, got allocated to elevator, 1
17.0,Elev,2,  arrived at src, 0, Elevator call,4.374727290393253,0,-1,2,0
17.0, elevID,2,  pos,0,  cmd, goto,-1
17.0, elevID,3,  pos,-2,  cmd, goto,-1
23.0,Elevator call,22.094056301593582,0,-1,1,0, got allocated to elevator, 0
28.0,Elev,2,  arrived at dest, -1, this call is done!, Elevator call,4.374727290393253,0,-1,3,0, Done, dt, 23.625272709606747
28.0,Elev,3,  arrived at src, -1, Elevator call,16.957882888088932,-1,0,2,1
28.0, elevID,3,  pos,-1,  cmd, goto,0
29.0, elevID,2,  pos,-1,  cmd, goto,0
39.0,Elev,3,  arrived at dest, 0, this call is done!, Elevator call,16.957882888088932,-1,0,3,1, Done, dt, 22.042117111911068
40.0,Elev,2,  arrived at src, 0, Elevator call,22.094056301593582,0,-1,2,0
40.0, elevID,2,  pos,0,  cmd, goto,-1
51.0,Elev,2,  arrived at dest, -1, this call is done!, Elevator call,22.094056301593582,0,-1,3,0, Done, dt, 28.905943698406418
86.0,Elevator call,85.5209666204754,3,2,1,1, got allocated to elevator, 1
86.0, elevID,3,  pos,0,  cmd, goto,3
92.0,Elevator call,91.21019413453945,-1,-2,1,0, got allocated to elevator, 0
92.0,Elev,2,  arrived at src, -1, Elevator call,91.21019413453945,-1,-2,2,0
92.0, elevID,2,  pos,-1,  cmd, goto,-2
99.0,Elev,3,  arrived at src, 3, Elevator call,85.5209666204754,3,2,2,1
99.0, elevID,3,  pos,3,  cmd, goto,2
103.0,Elev,2,  arrived at dest, -2, this call is done!, Elevator call,91.21019413453945,-1,-2,3,0, Done, dt, 11.78980586546055
105.0,Elevator call,104.13701241869234,0,4,1,0, got allocated to elevator, 0
105.0, elevID,2,  pos,-2,  cmd, goto,0
110.0,Elevator call,109.21352909346587,-1,0,1,1, got allocated to elevator, 1
110.0,Elev,3,  arrived at dest, 2, this call is done!, Elevator call,85.5209666204754,3,2,3,1, Done, dt, 24.479033379524594
112.0, elevID,3,  pos,2,  cmd, goto,-1
115.0,Elevator call,114.39235096774041,3,0,1,1, got allocated to elevator, 1
117.0,Elev,2,  arrived at src, 0, Elevator call,104.13701241869234,0,4,2,0
117.0, elevID,2,  pos,0,  cmd, goto,4
125.0,Elevator call,124.42557095980362,0,9,1,0, got allocated to elevator, 0
125.0,Elev,3,  arrived at src, -1, Elevator call,109.21352909346587,-1,0,2,1
125.0, elevID,3,  pos,-1,  cmd, goto,0
131.0,Elevator call,130.02495678190564,8,10,1,0, got allocated to elevator, 0
131.0,Elevator call,130.224911275492,-1,1,1,1, got allocated to elevator, 1
131.0,Elev,2,  arrived at dest, 4, this call is done!, Elevator call,104.13701241869234,0,4,3,0, Done, dt, 26.862987581307664
132.0, elevID,2,  pos,4,  cmd, goto,0
136.0,Elev,3,  arrived at dest, 0, this call is done!, Elevator call,109.21352909346587,-1,0,3,1, Done, dt, 26.786470906534134
137.0, elevID,3,  pos,0,  cmd, goto,-1
138.0,Elevator call,137.9515274326701,0,4,1,0, got allocated to elevator, 0
144.0,Elevator call,143.91335838799415,0,6,1,0, got allocated to elevator, 0
146.0,Elev,2,  arrived at src, 0, Elevator call,124.42557095980362,0,9,2,0
146.0,Elev,2,  arrived at src, 0, Elevator call,137.9515274326701,0,4,2,0
146.0,Elev,2,  arrived at src, 0, Elevator call,143.91335838799415,0,6,2,0
146.0, elevID,2,  pos,0,  cmd, goto,9
148.0,Elev,3,  arrived at src, -1, Elevator call,130.224911275492,-1,1,2,1
148.0, elevID,3,  pos,-1,  cmd, goto,1
160.0,Elev,3,  arrived at dest, 1, this call is done!, Elevator call,130.224911275492,-1,1,3,1, Done, dt, 29.77508872450801
163.0, elevID,3,  pos,1,  cmd, goto,3
165.0,Elev,2,  arrived at dest, 9, this call is done!, Elevator call,124.42557095980362,0,9,3,0, Done, dt, 40.57442904019638
166.0, elevID,2,  pos,9,  cmd, goto,6
170.0,Elevator call,169.78458339380109,-1,0,1,1, got allocated to elevator, 1
171.0,Elevator call,170.0099620835246,0,6,1,0, got allocated to elevator, 0
172.0,Elevator call,171.21173315221364,-1,8,1,1, got allocated to elevator, 1
175.0,Elevator call,174.84385152106802,0,-1,1,0, got allocated to elevator, 0
175.0,Elev,3,  arrived at src, 3, Elevator call,114.39235096774041,3,0,2,1
175.0, elevID,3,  pos,3,  cmd, goto,0
179.0,Elev,2,  arrived at dest, 6, this call is done!, Elevator call,143.91335838799415,0,6,3,0, Done, dt, 35.08664161200585
180.0, elevID,2,  pos,6,  cmd, goto,0
188.0,Elevator call,187.11678617348463,-1,-2,1,1, got allocated to elevator, 1
188.0,Elevator call,187.7299317966884,-1,-2,1,1, got allocated to elevator, 1
188.0,Elev,3,  arrived at dest, 0, this call is done!, Elevator call,114.39235096774041,3,0,3,1, Done, dt, 73.60764903225959
190.0, elevID,3,  pos,0,  cmd, goto,-1
196.0,Elevator call,195.90869649656992,0,7,1,0, got allocated to elevator, 0
196.0,Elev,2,  arrived at src, 0, Elevator call,170.0099620835246,0,6,2,0
196.0,Elev,2,  arrived at src, 0, Elevator call,174.84385152106802,0,-1,2,0
196.0,Elev,2,  arrived at src, 0, Elevator call,195.90869649656992,0,7,2,0
196.0, elevID,2,  pos,0,  cmd, goto,-1
198.0,Elevator call,197.5359191292572,-1,1,1,1, got allocated to elevator, 1
201.0,Elev,3,  arrived at src, -1, Elevator call,169.78458339380109,-1,0,2,1
201.0,Elev,3,  arrived at src, -1, Elevator call,171.21173315221364,-1,8,2,1
201.0,Elev,3,  arrived at src, -1, Elevator call,187.11678617348463,-1,-2,2,1
201.0,Elev,3,  arrived at src, -1, Elevator call,187.7299317966884,-1,-2,2,1
201.0,Elev,3,  arrived at src, -1, Elevator call,197.5359191292572,-1,1,2,1
201.0, elevID,3,  pos,-1,  cmd, goto,-2
206.0,Elevator call,205.9895199338651,-1,0,1,1, got allocated to elevator, 1
207.0,Elev,2,  arrived at dest, -1, this call is done!, Elevator call,174.84385152106802,0,-1,3,0, Done, dt, 32.15614847893198
208.0, elevID,2,  pos,-1,  cmd, goto,7
212.0,Elev,3,  arrived at dest, -2, this call is done!, Elevator call,187.11678617348463,-1,-2,3,1, Done, dt, 24.883213826515373
212.0,Elev,3,  arrived at dest, -2, this call is done!, Elevator call,187.7299317966884,-1,-2,3,1, Done, dt, 24.27006820331161
213.0, elevID,3,  pos,-2,  cmd, goto,-1
224.0,Elev,3,  arrived at src, -1, Elevator call,205.9895199338651,-1,0,2,1
224.0, elevID,3,  pos,-1,  cmd, goto,0
226.0,Elev,2,  arrived at dest, 7, this call is done!, Elevator call,195.90869649656992,0,7,3,0, Done, dt, 30.091303503430083
227.0, elevID,2,  pos,7,  cmd, goto,6
228.0,Elevator call,227.0798304557929,-1,5,1,1, got allocated to elevator, 1
232.0,Elevator call,231.51578817426258,-1,0,1,1, got allocated to elevator, 1
233.0,Elevator call,232.95043623946805,0,-1,1,0, got allocated to elevator, 0
235.0,Elev,3,  arrived at dest, 0, this call is done!, Elevator call,169.78458339380109,-1,0,3,1, Done, dt, 65.21541660619891
235.0,Elev,3,  arrived at dest, 0, this call is done!, Elevator call,205.9895199338651,-1,0,3,1, Done, dt, 29.010480066134903
236.0, elevID,3,  pos,0,  cmd, goto,-1
238.0,Elev,2,  arrived at dest, 6, this call is done!, Elevator call,170.0099620835246,0,6,3,0, Done, dt, 67.99003791647539
239.0, elevID,2,  pos,6,  cmd, goto,0
247.0,Elev,3,  arrived at src, -1, Elevator call,227.0798304557929,-1,5,2,1
247.0,Elev,3,  arrived at src, -1, Elevator call,231.51578817426258,-1,0,2,1
247.0, elevID,3,  pos,-1,  cmd, goto,0
252.0,Elevator call,251.10444690749756,-1,-2,1,1, got allocated to elevator, 1
252.0,Elevator call,251.23593354161653,0,9,1,0, got allocated to elevator, 0
255.0,Elevator call,254.69771525200505,3,4,1,0, got allocated to elevator, 0
255.0,Elev,2,  arrived at src, 0, Elevator call,232.95043623946805,0,-1,2,0
255.0,Elev,2,  arrived at src, 0, Elevator call,251.23593354161653,0,9,2,0
255.0, elevID,2,  pos,0,  cmd, goto,-1
258.0,Elevator call,257.7974435335086,-1,0,1,1, got allocated to elevator, 1
258.0,Elev,3,  arrived at dest, 0, this call is done!, Elevator call,231.51578817426258,-1,0,3,1, Done, dt, 26.484211825737418
259.0, elevID,3,  pos,0,  cmd, goto,-1
266.0,Elev,2,  arrived at dest, -1, this call is done!, Elevator call,232.95043623946805,0,-1,3,0, Done, dt, 33.04956376053195
267.0, elevID,2,  pos,-1,  cmd, goto,9
270.0,Elev,3,  arrived at src, -1, Elevator call,251.10444690749756,-1,-2,2,1
270.0,Elev,3,  arrived at src, -1, Elevator call,257.7974435335086,-1,0,2,1
270.0, elevID,3,  pos,-1,  cmd, goto,0
281.0,Elev,3,  arrived at dest, 0, this call is done!, Elevator call,257.7974435335086,-1,0,3,1, Done, dt, 23.202556466491387
282.0, elevID,3,  pos,0,  cmd, goto,-2
287.0,Elev,2,  arrived at dest, 9, this call is done!, Elevator call,251.23593354161653,0,9,3,0, Done, dt, 35.76406645838347
288.0, elevID,2,  pos,9,  cmd, goto,4
294.0,Elev,3,  arrived at dest, -2, this call is done!, Elevator call,251.10444690749756,-1,-2,3,1, Done, dt, 42.89555309250244
295.0, elevID,3,  pos,-2,  cmd, goto,5
296.0,Elevator call,295.7943356681491,0,1,1,0, got allocated to elevator, 0
303.0,Elev,2,  arrived at dest, 4, this call is done!, Elevator call,137.9515274326701,0,4,3,0, Done, dt, 165.0484725673299
304.0, elevID,2,  pos,4,  cmd, goto,0
305.0,Elevator call,304.99843880775313,6,0,1,0, got allocated to elevator, 0
310.0,Elevator call,309.30053828560517,0,-1,1,0, got allocated to elevator, 0
312.0,Elev,3,  arrived at dest, 5, this call is done!, Elevator call,227.0798304557929,-1,5,3,1, Done, dt, 84.92016954420711
313.0,Elevator call,312.30185564398687,0,-1,1,0, got allocated to elevator, 0
313.0, elevID,3,  pos,5,  cmd, goto,1
317.0,Elevator call,316.03237827404377,0,-1,1,0, got allocated to elevator, 0
318.0,Elev,2,  arrived at src, 0, Elevator call,295.7943356681491,0,1,2,0
318.0,Elev,2,  arrived at src, 0, Elevator call,309.30053828560517,0,-1,2,0
318.0,Elev,2,  arrived at src, 0, Elevator call,312.30185564398687,0,-1,2,0
318.0,Elev,2,  arrived at src, 0, Elevator call,316.03237827404377,0,-1,2,0
318.0, elevID,2,  pos,0,  cmd, goto,1
320.0,Elevator call,319.90520204415634,6,5,1,0, got allocated to elevator, 0
321.0,Elevator call,320.97607492210807,-1,0,1,1, got allocated to elevator, 1
322.0,Elevator call,321.37040904796595,7,-1,1,1, got allocated to elevator, 1
327.0,Elev,3,  arrived at dest, 1, this call is done!, Elevator call,197.5359191292572,-1,1,3,1, Done, dt, 129.4640808707428
328.0, elevID,3,  pos,1,  cmd, goto,-1
329.0,Elev,2,  arrived at dest, 1, this call is done!, Elevator call,295.7943356681491,0,1,3,0, Done, dt, 33.205664331850926
330.0, elevID,2,  pos,1,  cmd, goto,-1
333.0,Elevator call,332.4267319393355,0,10,1,0, got allocated to elevator, 0
337.0,Elevator call,336.93043046159545,-1,0,1,1, got allocated to elevator, 1
340.0,Elev,3,  arrived at src, -1, Elevator call,320.97607492210807,-1,0,2,1
340.0,Elev,3,  arrived at src, -1, Elevator call,336.93043046159545,-1,0,2,1
340.0, elevID,3,  pos,-1,  cmd, goto,0
342.0,Elev,2,  arrived at dest, -1, this call is done!, Elevator call,309.30053828560517,0,-1,3,0, Done, dt, 32.69946171439483
342.0,Elev,2,  arrived at dest, -1, this call is done!, Elevator call,312.30185564398687,0,-1,3,0, Done, dt, 29.69814435601313
342.0,Elev,2,  arrived at dest, -1, this call is done!, Elevator call,316.03237827404377,0,-1,3,0, Done, dt, 25.967621725956235
343.0, elevID,2,  pos,-1,  cmd, goto,0
351.0,Elev,3,  arrived at dest, 0, this call is done!, Elevator call,320.97607492210807,-1,0,3,1, Done, dt, 30.02392507789193
351.0,Elev,3,  arrived at dest, 0, this call is done!, Elevator call,336.93043046159545,-1,0,3,1, Done, dt, 14.06956953840455
354.0,Elev,2,  arrived at src, 0, Elevator call,332.4267319393355,0,10,2,0
354.0, elevID,2,  pos,0,  cmd, goto,10
354.0, elevID,3,  pos,0,  cmd, goto,8
372.0,Elev,3,  arrived at dest, 8, this call is done!, Elevator call,171.21173315221364,-1,8,3,1, Done, dt, 200.78826684778636
374.0,Elev,2,  arrived at dest, 10, this call is done!, Elevator call,332.4267319393355,0,10,3,0, Done, dt, 41.573268060664475
376.0,Elevator call,375.49048095381363,1,0,1,0, got allocated to elevator, 0
377.0, elevID,2,  pos,10,  cmd, goto,1
382.0, elevID,3,  pos,8,  cmd, goto,7
393.0,Elevator call,392.5160764870397,0,5,1,1, got allocated to elevator, 1
393.0,Elev,3,  arrived at src, 7, Elevator call,321.37040904796595,7,-1,2,1
393.0, elevID,3,  pos,7,  cmd, goto,-1
396.0,Elev,2,  arrived at src, 1, Elevator call,375.49048095381363,1,0,2,0
396.0, elevID,2,  pos,1,  cmd, goto,0
406.0,Elevator call,405.1821140884023,-1,10,1,1, got allocated to elevator, 1
407.0,Elev,2,  arrived at dest, 0, this call is done!, Elevator call,375.49048095381363,1,0,3,0, Done, dt, 31.50951904618637
409.0, elevID,2,  pos,0,  cmd, goto,3
411.0,Elev,3,  arrived at dest, -1, this call is done!, Elevator call,321.37040904796595,7,-1,3,1, Done, dt, 89.62959095203405
411.0,Elev,3,  arrived at src, -1, Elevator call,405.1821140884023,-1,10,2,1
416.0, elevID,3,  pos,-1,  cmd, goto,10
422.0,Elev,2,  arrived at src, 3, Elevator call,254.69771525200505,3,4,2,0
422.0, elevID,2,  pos,3,  cmd, goto,4
427.0,Elevator call,426.8615805478589,2,0,1,1, got allocated to elevator, 1
433.0,Elev,2,  arrived at dest, 4, this call is done!, Elevator call,254.69771525200505,3,4,3,0, Done, dt, 178.30228474799495
437.0, elevID,2,  pos,4,  cmd, goto,6
437.0,Elev,3,  arrived at dest, 10, this call is done!, Elevator call,405.1821140884023,-1,10,3,1, Done, dt, 31.817885911597727
438.0,Elevator call,437.17111576125836,1,0,1,1, got allocated to elevator, 1
439.0, elevID,3,  pos,10,  cmd, goto,0
449.0,Elev,2,  arrived at src, 6, Elevator call,304.99843880775313,6,0,2,0
449.0,Elev,2,  arrived at src, 6, Elevator call,319.90520204415634,6,5,2,0
449.0, elevID,2,  pos,6,  cmd, goto,5
459.0,Elev,3,  arrived at src, 0, Elevator call,392.5160764870397,0,5,2,1
459.0, elevID,3,  pos,0,  cmd, goto,5
460.0,Elev,2,  arrived at dest, 5, this call is done!, Elevator call,319.90520204415634,6,5,3,0, Done, dt, 140.09479795584366
461.0, elevID,2,  pos,5,  cmd, goto,0
473.0,Elevator call,472.7445473930129,10,-1,1,1, got allocated to elevator, 1
474.0,Elev,3,  arrived at dest, 5, this call is done!, Elevator call,392.5160764870397,0,5,3,1, Done, dt, 81.4839235129603
475.0, elevID,3,  pos,5,  cmd, goto,1
476.0,Elev,2,  arrived at dest, 0, this call is done!, Elevator call,304.99843880775313,6,0,3,0, Done, dt, 171.00156119224687
480.0, elevID,2,  pos,0,  cmd, goto,8
489.0,Elev,3,  arrived at src, 1, Elevator call,437.17111576125836,1,0,2,1
489.0, elevID,3,  pos,1,  cmd, goto,0
498.0,Elev,2,  arrived at src, 8, Elevator call,130.02495678190564,8,10,2,0
498.0, elevID,2,  pos,8,  cmd, goto,10
500.0,Elev,3,  arrived at dest, 0, this call is done!, Elevator call,437.17111576125836,1,0,3,1, Done, dt, 62.82888423874164
501.0,Elevator call,500.3712044996745,8,-1,1,0, got allocated to elevator, 0
501.0, elevID,3,  pos,0,  cmd, goto,2
504.0,Elevator call,503.13847841893045,1,-1,1,1, got allocated to elevator, 1
505.0,Elevator call,504.4317942159655,0,-1,1,1, got allocated to elevator, 1
510.0,Elev,2,  arrived at dest, 10, this call is done!, Elevator call,130.02495678190564,8,10,3,0, Done, dt, 379.97504321809436
511.0, elevID,2,  pos,10,  cmd, goto,8
513.0,Elev,3,  arrived at src, 2, Elevator call,426.8615805478589,2,0,2,1
513.0, elevID,3,  pos,2,  cmd, goto,0
523.0,Elev,2,  arrived at src, 8, Elevator call,500.3712044996745,8,-1,2,0
523.0, elevID,2,  pos,8,  cmd, goto,-1
525.0,Elev,3,  arrived at dest, 0, this call is done!, Elevator call,426.8615805478589,2,0,3,1, Done, dt, 98.13841945214108
525.0,Elev,3,  arrived at src, 0, Elevator call,504.4317942159655,0,-1,2,1
527.0, elevID,3,  pos,0,  cmd, goto,10
530.0,Elevator call,529.6277472128405,3,-1,1,1, got allocated to elevator, 1
538.0,Elevator call,537.7866883694313,-1,6,1,0, got allocated to elevator, 0
542.0,Elev,2,  arrived at dest, -1, this call is done!, Elevator call,500.3712044996745,8,-1,3,0, Done, dt, 41.62879550032551
542.0,Elev,2,  arrived at src, -1, Elevator call,537.7866883694313,-1,6,2,0
545.0,Elevator call,544.7880392034898,6,-1,1,0, got allocated to elevator, 0
547.0, elevID,2,  pos,-1,  cmd, goto,6
547.0,Elev,3,  arrived at src, 10, Elevator call,472.7445473930129,10,-1,2,1
547.0, elevID,3,  pos,10,  cmd, goto,-1
555.0,Elevator call,554.0892922920482,4,0,1,0, got allocated to elevator, 0
558.0,Elevator call,557.2441390036331,10,0,1,1, got allocated to elevator, 1
564.0,Elev,2,  arrived at dest, 6, this call is done!, Elevator call,537.7866883694313,-1,6,3,0, Done, dt, 26.213311630568683
564.0,Elev,2,  arrived at src, 6, Elevator call,544.7880392034898,6,-1,2,0
564.0, elevID,2,  pos,6,  cmd, goto,-1
566.0,Elevator call,565.0195521745534,0,-1,1,0, got allocated to elevator, 0
568.0,Elev,3,  arrived at dest, -1, this call is done!, Elevator call,472.7445473930129,10,-1,3,1, Done, dt, 95.25545260698709
568.0,Elev,3,  arrived at dest, -1, this call is done!, Elevator call,504.4317942159655,0,-1,3,1, Done, dt, 63.56820578403449
569.0, elevID,3,  pos,-1,  cmd, goto,10
581.0,Elev,2,  arrived at dest, -1, this call is done!, Elevator call,544.7880392034898,6,-1,3,0, Done, dt, 36.2119607965102
582.0,Elevator call,581.8703090238192,0,3,1,0, got allocated to elevator, 0
582.0, elevID,2,  pos,-1,  cmd, goto,4
590.0,Elev,3,  arrived at src, 10, Elevator call,557.2441390036331,10,0,2,1
590.0, elevID,3,  pos,10,  cmd, goto,0
597.0,Elevator call,596.1232022872633,8,0,1,1, got allocated to elevator, 1
597.0,Elev,2,  arrived at src, 4, Elevator call,554.0892922920482,4,0,2,0
597.0, elevID,2,  pos,4,  cmd, goto,0
601.0,Elevator call,600.9312879686208,1,0,1,0, got allocated to elevator, 0
604.0,Elevator call,603.9342326983083,7,0,1,1, got allocated to elevator, 1
610.0,Elev,3,  arrived at dest, 0, this call is done!, Elevator call,557.2441390036331,10,0,3,1, Done, dt, 52.75586099636689
611.0,Elev,2,  arrived at dest, 0, this call is done!, Elevator call,554.0892922920482,4,0,3,0, Done, dt, 56.910707707951815
611.0,Elev,2,  arrived at src, 0, Elevator call,565.0195521745534,0,-1,2,0
611.0,Elev,2,  arrived at src, 0, Elevator call,581.8703090238192,0,3,2,0
612.0, elevID,2,  pos,0,  cmd, goto,1
612.0, elevID,3,  pos,0,  cmd, goto,8
618.0,Elevator call,617.9628338542149,0,3,1,0, got allocated to elevator, 0
620.0,Elevator call,619.6454196970012,9,0,1,1, got allocated to elevator, 1
623.0,Elev,2,  arrived at src, 1, Elevator call,600.9312879686208,1,0,2,0
623.0, elevID,2,  pos,1,  cmd, goto,0
627.0,Elevator call,626.2116172047942,0,1,1,0, got allocated to elevator, 0
630.0,Elev,3,  arrived at src, 8, Elevator call,596.1232022872633,8,0,2,1
630.0, elevID,3,  pos,8,  cmd, goto,0
634.0,Elev,2,  arrived at dest, 0, this call is done!, Elevator call,600.9312879686208,1,0,3,0, Done, dt, 33.068712031379164
634.0,Elev,2,  arrived at src, 0, Elevator call,617.9628338542149,0,3,2,0
634.0,Elev,2,  arrived at src, 0, Elevator call,626.2116172047942,0,1,2,0
635.0, elevID,2,  pos,0,  cmd, goto,1
644.0,Elevator call,643.8547514955396,-1,2,1,0, got allocated to elevator, 0
646.0,Elev,2,  arrived at dest, 1, this call is done!, Elevator call,626.2116172047942,0,1,3,0, Done, dt, 19.788382795205848
647.0, elevID,2,  pos,1,  cmd, goto,3
648.0,Elev,3,  arrived at dest, 0, this call is done!, Elevator call,596.1232022872633,8,0,3,1, Done, dt, 51.876797712736675
649.0, elevID,3,  pos,0,  cmd, goto,7
659.0,Elev,2,  arrived at dest, 3, this call is done!, Elevator call,581.8703090238192,0,3,3,0, Done, dt, 77.12969097618077
659.0,Elev,2,  arrived at dest, 3, this call is done!, Elevator call,617.9628338542149,0,3,3,0, Done, dt, 41.037166145785136
661.0,Elevator call,660.0732907797126,6,10,1,1, got allocated to elevator, 1
662.0,Elevator call,661.0420820268716,-1,3,1,0, got allocated to elevator, 0
662.0, elevID,2,  pos,3,  cmd, goto,-1
663.0,Elevator call,662.1730527520776,-1,5,1,0, got allocated to elevator, 0
666.0,Elevator call,665.1155548533167,-1,8,1,0, got allocated to elevator, 0
666.0,Elev,3,  arrived at src, 7, Elevator call,603.9342326983083,7,0,2,1
666.0, elevID,3,  pos,7,  cmd, goto,0
667.0,Elevator call,666.0340294605869,4,0,1,1, got allocated to elevator, 1
667.0,Elevator call,666.2411586665262,5,-1,1,1, got allocated to elevator, 1
673.0,Elevator call,672.677314157026,0,-1,1,0, got allocated to elevator, 0
676.0,Elev,2,  arrived at dest, -1, this call is done!, Elevator call,565.0195521745534,0,-1,3,0, Done, dt, 110.98044782544662
676.0,Elev,2,  arrived at src, -1, Elevator call,643.8547514955396,-1,2,2,0
676.0,Elev,2,  arrived at src, -1, Elevator call,661.0420820268716,-1,3,2,0
676.0,Elev,2,  arrived at src, -1, Elevator call,662.1730527520776,-1,5,2,0
676.0,Elev,2,  arrived at src, -1, Elevator call,665.1155548533167,-1,8,2,0
677.0, elevID,2,  pos,-1,  cmd, goto,0
678.0,Elevator call,677.7341948387335,0,-1,1,0, got allocated to elevator, 0
679.0,Elevator call,678.9953584914538,-1,-2,1,0, got allocated to elevator, 0
683.0,Elev,3,  arrived at dest, 0, this call is done!, Elevator call,603.9342326983083,7,0,3,1, Done, dt, 79.06576730169172
684.0, elevID,3,  pos,0,  cmd, goto,6
688.0,Elev,2,  arrived at src, 0, Elevator call,672.677314157026,0,-1,2,0
688.0,Elev,2,  arrived at src, 0, Elevator call,677.7341948387335,0,-1,2,0
688.0, elevID,2,  pos,0,  cmd, goto,-1
696.0,Elevator call,695.2239881566923,0,10,1,0, got allocated to elevator, 0
699.0,Elev,2,  arrived at dest, -1, this call is done!, Elevator call,672.677314157026,0,-1,3,0, Done, dt, 26.32268584297401
699.0,Elev,2,  arrived at dest, -1, this call is done!, Elevator call,677.7341948387335,0,-1,3,0, Done, dt, 21.265805161266485
699.0,Elev,2,  arrived at src, -1, Elevator call,678.9953584914538,-1,-2,2,0
700.0, elevID,2,  pos,-1,  cmd, goto,0
700.0,Elev,3,  arrived at src, 6, Elevator call,660.0732907797126,6,10,2,1
700.0, elevID,3,  pos,6,  cmd, goto,10
707.0,Elevator call,706.1583474999188,-1,-2,1,0, got allocated to elevator, 0
711.0,Elevator call,710.3249770041223,0,1,1,0, got allocated to elevator, 0
711.0,Elev,2,  arrived at src, 0, Elevator call,695.2239881566923,0,10,2,0
711.0,Elev,2,  arrived at src, 0, Elevator call,710.3249770041223,0,1,2,0
711.0, elevID,2,  pos,0,  cmd, goto,10
714.0,Elevator call,713.0191971398395,1,0,1,1, got allocated to elevator, 1
714.0,Elevator call,713.2499766424826,10,-1,1,0, got allocated to elevator, 0
714.0,Elev,3,  arrived at dest, 10, this call is done!, Elevator call,660.0732907797126,6,10,3,1, Done, dt, 53.92670922028742
715.0, elevID,3,  pos,10,  cmd, goto,5
723.0,Elevator call,722.6161212799507,10,0,1,1, got allocated to elevator, 1
728.0,Elevator call,727.514602863032,-1,0,1,0, got allocated to elevator, 0
730.0,Elev,3,  arrived at src, 5, Elevator call,666.2411586665262,5,-1,2,1
730.0, elevID,3,  pos,5,  cmd, goto,-1
731.0,Elev,2,  arrived at dest, 10, this call is done!, Elevator call,695.2239881566923,0,10,3,0, Done, dt, 35.77601184330774
731.0,Elev,2,  arrived at src, 10, Elevator call,713.2499766424826,10,-1,2,0
732.0, elevID,2,  pos,10,  cmd, goto,1
733.0,Elevator call,732.9746341348998,6,-1,1,1, got allocated to elevator, 1
738.0,Elevator call,737.314720213409,1,0,1,1, got allocated to elevator, 1
746.0,Elev,3,  arrived at dest, -1, this call is done!, Elevator call,666.2411586665262,5,-1,3,1, Done, dt, 79.75884133347381
747.0, elevID,3,  pos,-1,  cmd, goto,4
751.0,Elev,2,  arrived at dest, 1, this call is done!, Elevator call,710.3249770041223,0,1,3,0, Done, dt, 40.675022995877725
755.0, elevID,2,  pos,1,  cmd, goto,-1
762.0,Elev,3,  arrived at src, 4, Elevator call,666.0340294605869,4,0,2,1
762.0, elevID,3,  pos,4,  cmd, goto,0
767.0,Elev,2,  arrived at src, -1, Elevator call,706.1583474999188,-1,-2,2,0
767.0,Elev,2,  arrived at dest, -1, this call is done!, Elevator call,713.2499766424826,10,-1,3,0, Done, dt, 53.75002335751742
767.0,Elev,2,  arrived at src, -1, Elevator call,727.514602863032,-1,0,2,0
767.0, elevID,2,  pos,-1,  cmd, goto,0
776.0,Elev,3,  arrived at dest, 0, this call is done!, Elevator call,666.0340294605869,4,0,3,1, Done, dt, 109.96597053941309
777.0, elevID,3,  pos,0,  cmd, goto,3
778.0,Elev,2,  arrived at dest, 0, this call is done!, Elevator call,727.514602863032,-1,0,3,0, Done, dt, 50.485397136968004
779.0, elevID,2,  pos,0,  cmd, goto,-2
780.0,Elevator call,779.399691386574,-1,5,1,0, got allocated to elevator, 0
790.0,Elev,3,  arrived at src, 3, Elevator call,529.6277472128405,3,-1,2,1
790.0, elevID,3,  pos,3,  cmd, goto,-1
791.0,Elev,2,  arrived at dest, -2, this call is done!, Elevator call,678.9953584914538,-1,-2,3,0, Done, dt, 112.00464150854623
791.0,Elev,2,  arrived at dest, -2, this call is done!, Elevator call,706.1583474999188,-1,-2,3,0, Done, dt, 84.84165250008118
792.0, elevID,2,  pos,-2,  cmd, goto,-1
803.0,Elev,2,  arrived at src, -1, Elevator call,779.399691386574,-1,5,2,0
803.0, elevID,2,  pos,-1,  cmd, goto,5
804.0,Elev,3,  arrived at dest, -1, this call is done!, Elevator call,529.6277472128405,3,-1,3,1, Done, dt, 274.3722527871595
805.0, elevID,3,  pos,-1,  cmd, goto,1
806.0,Elevator call,805.6754743307536,-1,-2,1,0, got allocated to elevator, 0
811.0,Elevator call,810.4469089359914,2,0,1,1, got allocated to elevator, 1
817.0,Elevator call,816.1516998390152,7,-1,1,1, got allocated to elevator, 1
817.0,Elev,3,  arrived at src, 1, Elevator call,503.13847841893045,1,-1,2,1
817.0,Elev,3,  arrived at src, 1, Elevator call,713.0191971398395,1,0,2,1
817.0,Elev,3,  arrived at src, 1, Elevator call,737.314720213409,1,0,2,1
817.0, elevID,3,  pos,1,  cmd, goto,0
819.0,Elev,2,  arrived at dest, 5, this call is done!, Elevator call,662.1730527520776,-1,5,3,0, Done, dt, 156.82694724792236
819.0,Elev,2,  arrived at dest, 5, this call is done!, Elevator call,779.399691386574,-1,5,3,0, Done, dt, 39.60030861342602
820.0, elevID,2,  pos,5,  cmd, goto,-1
826.0,Elevator call,825.4575184586336,7,0,1,1, got allocated to elevator, 1
828.0,Elev,3,  arrived at dest, 0, this call is done!, Elevator call,713.0191971398395,1,0,3,1, Done, dt, 114.98080286016045
828.0,Elev,3,  arrived at dest, 0, this call is done!, Elevator call,737.314720213409,1,0,3,1, Done, dt, 90.68527978659097
830.0, elevID,3,  pos,0,  cmd, goto,-1
836.0,Elev,2,  arrived at src, -1, Elevator call,805.6754743307536,-1,-2,2,0
836.0, elevID,2,  pos,-1,  cmd, goto,-2
840.0,Elevator call,839.8525652620532,0,1,1,1, got allocated to elevator, 1
841.0,Elev,3,  arrived at dest, -1, this call is done!, Elevator call,503.13847841893045,1,-1,3,1, Done, dt, 337.86152158106955
842.0, elevID,3,  pos,-1,  cmd, goto,0
847.0,Elev,2,  arrived at dest, -2, this call is done!, Elevator call,805.6754743307536,-1,-2,3,0, Done, dt, 41.32452566924644
851.0, elevID,2,  pos,-2,  cmd, goto,8
853.0,Elev,3,  arrived at src, 0, Elevator call,839.8525652620532,0,1,2,1
853.0, elevID,3,  pos,0,  cmd, goto,1
855.0,Elevator call,854.2002278085795,6,-1,1,1, got allocated to elevator, 1
864.0,Elevator call,863.893291272948,0,-1,1,1, got allocated to elevator, 1
864.0,Elev,3,  arrived at dest, 1, this call is done!, Elevator call,839.8525652620532,0,1,3,1, Done, dt, 24.14743473794681
865.0, elevID,3,  pos,1,  cmd, goto,0
871.0,Elevator call,870.5053023797483,0,7,1,1, got allocated to elevator, 1
871.0,Elev,2,  arrived at dest, 8, this call is done!, Elevator call,665.1155548533167,-1,8,3,0, Done, dt, 205.88444514668333
873.0, elevID,2,  pos,8,  cmd, goto,3
876.0,Elev,3,  arrived at src, 0, Elevator call,863.893291272948,0,-1,2,1
876.0,Elev,3,  arrived at src, 0, Elevator call,870.5053023797483,0,7,2,1
876.0, elevID,3,  pos,0,  cmd, goto,-1
887.0,Elevator call,886.5649993239458,-1,-2,1,0, got allocated to elevator, 0
887.0,Elev,3,  arrived at dest, -1, this call is done!, Elevator call,863.893291272948,0,-1,3,1, Done, dt, 23.106708727052023
888.0,Elev,2,  arrived at dest, 3, this call is done!, Elevator call,661.0420820268716,-1,3,3,0, Done, dt, 226.95791797312836
888.0, elevID,3,  pos,-1,  cmd, goto,7
889.0, elevID,2,  pos,3,  cmd, goto,-1
893.0,Elevator call,892.5212150591021,9,-1,1,1, got allocated to elevator, 1
903.0,Elev,2,  arrived at src, -1, Elevator call,886.5649993239458,-1,-2,2,0
903.0, elevID,2,  pos,-1,  cmd, goto,-2
906.0,Elev,3,  arrived at src, 7, Elevator call,816.1516998390152,7,-1,2,1
906.0,Elev,3,  arrived at src, 7, Elevator call,825.4575184586336,7,0,2,1
906.0,Elev,3,  arrived at dest, 7, this call is done!, Elevator call,870.5053023797483,0,7,3,1, Done, dt, 35.49469762025171
911.0,Elevator call,910.5388559417848,6,5,1,1, got allocated to elevator, 1
914.0,Elev,2,  arrived at dest, -2, this call is done!, Elevator call,886.5649993239458,-1,-2,3,0, Done, dt, 27.435000676054187
915.0, elevID,2,  pos,-2,  cmd, goto,2
916.0,Elevator call,915.9490574608818,4,-1,1,1, got allocated to elevator, 1
923.0, elevID,3,  pos,7,  cmd, goto,2
929.0,Elev,2,  arrived at dest, 2, this call is done!, Elevator call,643.8547514955396,-1,2,3,0, Done, dt, 285.14524850446037
934.0,Elevator call,933.8580452488764,7,5,1,1, got allocated to elevator, 1
938.0,Elev,3,  arrived at src, 2, Elevator call,810.4469089359914,2,0,2,1
938.0, elevID,3,  pos,2,  cmd, goto,0
950.0,Elev,3,  arrived at dest, 0, this call is done!, Elevator call,810.4469089359914,2,0,3,1, Done, dt, 139.55309106400864
950.0,Elev,3,  arrived at dest, 0, this call is done!, Elevator call,825.4575184586336,7,0,3,1, Done, dt, 124.54248154136644
951.0, elevID,3,  pos,0,  cmd, goto,4
962.0,Elevator call,961.6862855708133,6,-1,1,0, got allocated to elevator, 0
962.0, elevID,2,  pos,2,  cmd, goto,6
965.0,Elev,3,  arrived at src, 4, Elevator call,915.9490574608818,4,-1,2,1
965.0, elevID,3,  pos,4,  cmd, goto,-1
973.0,Elevator call,972.8032126022729,1,0,1,0, got allocated to elevator, 0
976.0,Elevator call,975.8361202753667,0,-1,1,0, got allocated to elevator, 0
976.0,Elev,2,  arrived at src, 6, Elevator call,961.6862855708133,6,-1,2,0
976.0, elevID,2,  pos,6,  cmd, goto,-1
979.0,Elevator call,978.5925148564796,10,0,1,0, got allocated to elevator, 0
979.0,Elevator call,978.6210500641439,10,-1,1,0, got allocated to elevator, 0
980.0,Elev,3,  arrived at dest, -1, this call is done!, Elevator call,816.1516998390152,7,-1,3,1, Done, dt, 163.84830016098476
980.0,Elev,3,  arrived at dest, -1, this call is done!, Elevator call,915.9490574608818,4,-1,3,1, Done, dt, 64.05094253911818
981.0, elevID,3,  pos,-1,  cmd, goto,6
985.0,Elevator call,984.1840185574983,7,0,1,1, got allocated to elevator, 1
993.0,Elev,2,  arrived at dest, -1, this call is done!, Elevator call,961.6862855708133,6,-1,3,0, Done, dt, 31.31371442918669
994.0, elevID,2,  pos,-1,  cmd, goto,1
998.0,Elev,3,  arrived at src, 6, Elevator call,732.9746341348998,6,-1,2,1
998.0,Elev,3,  arrived at src, 6, Elevator call,854.2002278085795,6,-1,2,1
998.0,Elev,3,  arrived at src, 6, Elevator call,910.5388559417848,6,5,2,1
998.0, elevID,3,  pos,6,  cmd, goto,5
1000.0,************* Simulation Ended ************
Code Owners,123456789,213487598,  Case,2,  Total waiting time: 8135.792822120193,  average waiting time per call: 81.35792822120193,  unCompleted calls,12,  certificate, -2854820724
