**** The Simulator log: stage 1
0.0,OOP_Ex0_Elevator_Simulator
0.0,Simulated Building, ex0.simulator.Builging_A [-2,10]
0) ex0.simulator.Elevator_A, Elev_0, speed: 1.0, open/close: 2.0,  start/stop: 3.0
0.0,Simulated Period starTime,0.0,  endTime,100.0,  dt,1.0
0.0,Simulated  calls,Elevetor log, size: 10
0.0,**** Simulation starts!! ****
1.0, elevID,0,  pos,-2,  cmd, goto,0
1.0,Elevator call,0.437472729039321,0,-1,1,0, got allocated to elevator, 0
3.0,Elevator call,2.2094056301593525,0,-1,1,0, got allocated to elevator, 0
, elevID,0,  pos,0,  WRONG cmd, stop,0,  the elevator is not moving!
, elevID,0,  pos,0,  WRONG cmd, stop,0,  the elevator is not moving!
13.0,Elev,0,  arrived at src, 0, Elevator call,0.437472729039321,0,-1,2,0
13.0,Elev,0,  arrived at src, 0, Elevator call,2.2094056301593525,0,-1,2,0
19.0, elevID,0,  pos,0,  cmd, goto,-1
19.0,Elevator call,18.77299317966884,-1,-2,1,0, got allocated to elevator, 0
20.0,Elevator call,19.590869649656987,0,7,1,0, got allocated to elevator, 0
, elevID,0,  pos,-1,  WRONG cmd, stop,-1,  the elevator is not moving!
30.0, elevID,0,  pos,-1,  cmd, goto,0
30.0,Elevator call,29.579433566814906,0,1,1,0, got allocated to elevator, 0
34.0,Elevator call,33.242673193933555,0,10,1,0, got allocated to elevator, 0
, elevID,0,  pos,0,  WRONG cmd, stop,0,  the elevator is not moving!
, elevID,0,  pos,0,  WRONG cmd, stop,0,  the elevator is not moving!
, elevID,0,  pos,0,  WRONG cmd, stop,0,  the elevator is not moving!
41.0,Elev,0,  arrived at src, 0, Elevator call,19.590869649656987,0,7,2,0
41.0,Elev,0,  arrived at src, 0, Elevator call,29.579433566814906,0,1,2,0
41.0,Elev,0,  arrived at src, 0, Elevator call,33.242673193933555,0,10,2,0
53.0, elevID,0,  pos,0,  cmd, goto,3
53.0,Elevator call,52.96277472128405,3,-1,1,0, got allocated to elevator, 0
, elevID,0,  pos,3,  WRONG cmd, stop,3,  the elevator is not moving!
65.0,Elevator call,64.38547514955395,-1,2,1,0, got allocated to elevator, 0
66.0,Elev,0,  arrived at src, 3, Elevator call,52.96277472128405,3,-1,2,0
66.0, elevID,0,  pos,3,  cmd, goto,-1
73.0,Elevator call,72.26161212799506,10,0,1,0, got allocated to elevator, 0
, elevID,0,  pos,-1,  WRONG cmd, stop,-1,  the elevator is not moving!
80.0,Elev,0,  arrived at dest, -1, this call is done!, Elevator call,0.437472729039321,0,-1,3,0, Done, dt, 79.56252727096069
80.0,Elev,0,  arrived at dest, -1, this call is done!, Elevator call,2.2094056301593525,0,-1,3,0, Done, dt, 77.79059436984065
80.0,Elev,0,  arrived at src, -1, Elevator call,18.77299317966884,-1,-2,2,0
80.0,Elev,0,  arrived at dest, -1, this call is done!, Elevator call,52.96277472128405,3,-1,3,0, Done, dt, 27.03722527871595
80.0,Elev,0,  arrived at src, -1, Elevator call,64.38547514955395,-1,2,2,0
80.0, elevID,0,  pos,-1,  cmd, goto,10
81.0, elevID,0,  pos,-1,  cmd, stop,-1
81.0,Elevator call,80.56754743307536,-1,-2,1,0, got allocated to elevator, 0
90.0,Elev,0,  arrived at src, -1, Elevator call,80.56754743307536,-1,-2,2,0
90.0, elevID,0,  pos,-1,  cmd, goto,10
100.0,************* Simulation Ended ************
Code Owners,123456789,  Case,1,  Total waiting time: 565.9897426188187,  average waiting time per call: 56.59897426188187,  unCompleted calls,7,  certificate, -2138469767
