**** The Simulator log: stage 2
0.0,OOP_Ex0_Elevator_Simulator
0.0,Simulated Building, ex0.simulator.Builging_A [-2,10]
0) ex0.simulator.Elevator_A, Elev_0, speed: 1.0, open/close: 2.0,  start/stop: 3.0
1) ex0.simulator.Elevator_A, Elev_1, speed: 1.0, open/close: 2.0,  start/stop: 3.0
0.0,Simulated Period starTime,0.0,  endTime,1000.0,  dt,1.0
0.0,Simulated  calls,Elevetor log, size: 100
0.0,**** Simulation starts!! ****
5.0,Elevator call,4.374727290393253,0,-1,1,0, got allocated to elevator, 0
5.0, elevID,2,  pos,-2,  cmd, goto,0
17.0,Elevator call,16.957882888088932,-1,0,1,1, got allocated to elevator, 1
17.0,Elev,2,  arrived at src, 0, Elevator call,4.374727290393253,0,-1,2,0
17.0, elevID,2,  pos,0,  cmd, goto,-1
17.0, elevID,3,  pos,-2,  cmd, goto,-1
23.0,Elevator call,22.094056301593582,0,-1,1,0, got allocated to elevator, 0
28.0,Elev,2,  arrived at dest, -1, this call is done!, Elevator call,4.374727290393253,0,-1,3,0, Done, dt, 23.625272709606747
28.0,Elev,3,  arrived at src, -1, Elevator call,16.957882888088932,-1,0,2,1
28.0, elevID,3,  pos,-1,  cmd, goto,0
29.0, elevID,2,  pos,-1,  cmd, goto,0
39.0,Elev,3,  arrived at dest, 0, this call is done!, Elevator call,16.957882888088932,-1,0,3,1, Done, dt, 22.042117111911068
40.0,Elev,2,  arrived at src, 0, Elevator call,22.094056301593582,0,-1,2,0
40.0, elevID,2,  pos,0,  cmd, goto,-1
51.0,Elev,2,  arrived at dest, -1, this call is done!, Elevator call,22.094056301593582,0,-1,3,0, Done, dt, 28.905943698406418
86.0,Elevator call,85.5209666204754,3,2,1,1, got allocated to elevator, 1
86.0, elevID,3,  pos,0,  cmd, goto,3
92.0,Elevator call,91.21019413453945,-1,-2,1,0, got allocated to elevator, 0
92.0,Elev,2,  arrived at src, -1, Elevator call,91.21019413453945,-1,-2,2,0
92.0, elevID,2,  pos,-1,  cmd, goto,-2
99.0,Elev,3,  arrived at src, 3, Elevator call,85.5209666204754,3,2,2,1
99.0, elevID,3,  pos,3,  cmd, goto,2
103.0,Elev,2,  arrived at dest, -2, this call is done!, Elevator call,91.21019413453945,-1,-2,3,0, Done, dt, 11.78980586546055
105.0,Elevator call,104.13701241869234,0,4,1,1, got allocated to elevator, 1
110.0,Elevator call,109.21352909346587,-1,0,1,0, got allocated to elevator, 0
110.0, elevID,2,  pos,-2,  cmd, goto,-1
110.0,Elev,3,  arrived at dest, 2, this call is done!, Elevator call,85.5209666204754,3,2,3,1, Done, dt, 24.479033379524594
112.0, elevID,3,  pos,2,  cmd, goto,0
115.0,Elevator call,114.39235096774041,3,0,1,0, got allocated to elevator, 0
121.0,Elev,2,  arrived at src, -1, Elevator call,109.21352909346587,-1,0,2,0
121.0, elevID,2,  pos,-1,  cmd, goto,0
124.0,Elev,3,  arrived at src, 0, Elevator call,104.13701241869234,0,4,2,1
124.0, elevID,3,  pos,0,  cmd, goto,4
125.0,Elevator call,124.42557095980362,0,9,1,1, got allocated to elevator, 1
131.0,Elevator call,130.02495678190564,8,10,1,0, got allocated to elevator, 0
131.0,Elevator call,130.224911275492,-1,1,1,0, got allocated to elevator, 0
132.0,Elev,2,  arrived at dest, 0, this call is done!, Elevator call,109.21352909346587,-1,0,3,0, Done, dt, 22.786470906534134
133.0, elevID,2,  pos,0,  cmd, goto,-1
138.0, elevID,3,  pos,4,  cmd, goto,4
138.0,Elevator call,137.9515274326701,0,4,1,1, got allocated to elevator, 1
138.0,Elev,3,  arrived at dest, 4, this call is done!, Elevator call,104.13701241869234,0,4,3,1, Done, dt, 33.862987581307664
139.0, elevID,3,  pos,4,  cmd, goto,0
144.0,Elevator call,143.91335838799415,0,6,1,1, got allocated to elevator, 1
144.0,Elev,2,  arrived at src, -1, Elevator call,130.224911275492,-1,1,2,0
144.0, elevID,2,  pos,-1,  cmd, goto,1
153.0,Elev,3,  arrived at src, 0, Elevator call,124.42557095980362,0,9,2,1
153.0,Elev,3,  arrived at src, 0, Elevator call,137.9515274326701,0,4,2,1
153.0,Elev,3,  arrived at src, 0, Elevator call,143.91335838799415,0,6,2,1
153.0, elevID,3,  pos,0,  cmd, goto,4
156.0,Elev,2,  arrived at dest, 1, this call is done!, Elevator call,130.224911275492,-1,1,3,0, Done, dt, 25.77508872450801
159.0, elevID,2,  pos,1,  cmd, goto,3
167.0,Elev,3,  arrived at dest, 4, this call is done!, Elevator call,137.9515274326701,0,4,3,1, Done, dt, 29.048472567329895
168.0, elevID,3,  pos,4,  cmd, goto,6
170.0,Elevator call,169.78458339380109,-1,0,1,0, got allocated to elevator, 0
171.0,Elevator call,170.0099620835246,0,6,1,1, got allocated to elevator, 1
171.0,Elev,2,  arrived at src, 3, Elevator call,114.39235096774041,3,0,2,0
171.0, elevID,2,  pos,3,  cmd, goto,0
172.0,Elevator call,171.21173315221364,-1,8,1,0, got allocated to elevator, 0
175.0,Elevator call,174.84385152106802,0,-1,1,0, got allocated to elevator, 0
180.0,Elev,3,  arrived at dest, 6, this call is done!, Elevator call,143.91335838799415,0,6,3,1, Done, dt, 36.08664161200585
181.0, elevID,3,  pos,6,  cmd, goto,0
184.0,Elev,2,  arrived at dest, 0, this call is done!, Elevator call,114.39235096774041,3,0,3,0, Done, dt, 69.60764903225959
184.0,Elev,2,  arrived at src, 0, Elevator call,174.84385152106802,0,-1,2,0
185.0, elevID,2,  pos,0,  cmd, goto,-1
188.0,Elevator call,187.11678617348463,-1,-2,1,1, got allocated to elevator, 1
188.0,Elevator call,187.7299317966884,-1,-2,1,1, got allocated to elevator, 1
196.0,Elevator call,195.90869649656992,0,7,1,1, got allocated to elevator, 1
196.0,Elev,2,  arrived at src, -1, Elevator call,169.78458339380109,-1,0,2,0
196.0,Elev,2,  arrived at src, -1, Elevator call,171.21173315221364,-1,8,2,0
196.0,Elev,2,  arrived at dest, -1, this call is done!, Elevator call,174.84385152106802,0,-1,3,0, Done, dt, 21.156148478931982
197.0,Elev,3,  arrived at src, 0, Elevator call,170.0099620835246,0,6,2,1
197.0,Elev,3,  arrived at src, 0, Elevator call,195.90869649656992,0,7,2,1
197.0, elevID,3,  pos,0,  cmd, goto,6
198.0,Elevator call,197.5359191292572,-1,1,1,0, got allocated to elevator, 0
198.0,Elev,2,  arrived at src, -1, Elevator call,197.5359191292572,-1,1,2,0
198.0, elevID,2,  pos,-1,  cmd, goto,1
206.0,Elevator call,205.9895199338651,-1,0,1,0, got allocated to elevator, 0
210.0,Elev,2,  arrived at dest, 1, this call is done!, Elevator call,197.5359191292572,-1,1,3,0, Done, dt, 12.464080870742805
211.0, elevID,2,  pos,1,  cmd, goto,-1
213.0,Elev,3,  arrived at dest, 6, this call is done!, Elevator call,170.0099620835246,0,6,3,1, Done, dt, 42.99003791647539
214.0, elevID,3,  pos,6,  cmd, goto,7
223.0,Elev,2,  arrived at src, -1, Elevator call,205.9895199338651,-1,0,2,0
223.0, elevID,2,  pos,-1,  cmd, goto,0
225.0,Elev,3,  arrived at dest, 7, this call is done!, Elevator call,195.90869649656992,0,7,3,1, Done, dt, 29.091303503430083
226.0, elevID,3,  pos,7,  cmd, goto,9
228.0,Elevator call,227.0798304557929,-1,5,1,0, got allocated to elevator, 0
232.0,Elevator call,231.51578817426258,-1,0,1,0, got allocated to elevator, 0
233.0,Elevator call,232.95043623946805,0,-1,1,1, got allocated to elevator, 1
234.0,Elev,2,  arrived at dest, 0, this call is done!, Elevator call,169.78458339380109,-1,0,3,0, Done, dt, 64.21541660619891
234.0,Elev,2,  arrived at dest, 0, this call is done!, Elevator call,205.9895199338651,-1,0,3,0, Done, dt, 28.010480066134903
235.0, elevID,2,  pos,0,  cmd, goto,-1
238.0,Elev,3,  arrived at dest, 9, this call is done!, Elevator call,124.42557095980362,0,9,3,1, Done, dt, 113.57442904019638
239.0, elevID,3,  pos,9,  cmd, goto,0
246.0,Elev,2,  arrived at src, -1, Elevator call,227.0798304557929,-1,5,2,0
246.0,Elev,2,  arrived at src, -1, Elevator call,231.51578817426258,-1,0,2,0
246.0, elevID,2,  pos,-1,  cmd, goto,0
252.0,Elevator call,251.10444690749756,-1,-2,1,1, got allocated to elevator, 1
252.0,Elevator call,251.23593354161653,0,9,1,1, got allocated to elevator, 1
255.0,Elevator call,254.69771525200505,3,4,1,1, got allocated to elevator, 1
257.0,Elev,2,  arrived at dest, 0, this call is done!, Elevator call,231.51578817426258,-1,0,3,0, Done, dt, 25.484211825737418
258.0, elevID,2,  pos,0,  cmd, goto,5
258.0,Elevator call,257.7974435335086,-1,0,1,0, got allocated to elevator, 0
258.0,Elev,3,  arrived at src, 0, Elevator call,232.95043623946805,0,-1,2,1
258.0,Elev,3,  arrived at src, 0, Elevator call,251.23593354161653,0,9,2,1
258.0, elevID,3,  pos,0,  cmd, goto,-1
269.0,Elev,3,  arrived at src, -1, Elevator call,187.11678617348463,-1,-2,2,1
269.0,Elev,3,  arrived at src, -1, Elevator call,187.7299317966884,-1,-2,2,1
269.0,Elev,3,  arrived at dest, -1, this call is done!, Elevator call,232.95043623946805,0,-1,3,1, Done, dt, 36.04956376053195
269.0,Elev,3,  arrived at src, -1, Elevator call,251.10444690749756,-1,-2,2,1
270.0, elevID,3,  pos,-1,  cmd, goto,9
273.0,Elev,2,  arrived at dest, 5, this call is done!, Elevator call,227.0798304557929,-1,5,3,0, Done, dt, 45.92016954420711
274.0, elevID,2,  pos,5,  cmd, goto,-1
290.0,Elev,2,  arrived at src, -1, Elevator call,257.7974435335086,-1,0,2,0
290.0, elevID,2,  pos,-1,  cmd, goto,0
290.0,Elev,3,  arrived at dest, 9, this call is done!, Elevator call,251.23593354161653,0,9,3,1, Done, dt, 38.76406645838347
291.0, elevID,3,  pos,9,  cmd, goto,3
296.0,Elevator call,295.7943356681491,0,1,1,0, got allocated to elevator, 0
301.0,Elev,2,  arrived at dest, 0, this call is done!, Elevator call,257.7974435335086,-1,0,3,0, Done, dt, 43.20255646649139
301.0,Elev,2,  arrived at src, 0, Elevator call,295.7943356681491,0,1,2,0
302.0, elevID,2,  pos,0,  cmd, goto,8
305.0,Elevator call,304.99843880775313,6,0,1,1, got allocated to elevator, 1
307.0,Elev,3,  arrived at src, 3, Elevator call,254.69771525200505,3,4,2,1
307.0, elevID,3,  pos,3,  cmd, goto,4
310.0,Elevator call,309.30053828560517,0,-1,1,0, got allocated to elevator, 0
313.0,Elevator call,312.30185564398687,0,-1,1,1, got allocated to elevator, 1
317.0,Elevator call,316.03237827404377,0,-1,1,1, got allocated to elevator, 1
318.0,Elev,3,  arrived at dest, 4, this call is done!, Elevator call,254.69771525200505,3,4,3,1, Done, dt, 63.302284747994946
320.0,Elevator call,319.90520204415634,6,5,1,1, got allocated to elevator, 1
320.0,Elev,2,  arrived at src, 8, Elevator call,130.02495678190564,8,10,2,0
320.0,Elev,2,  arrived at dest, 8, this call is done!, Elevator call,171.21173315221364,-1,8,3,0, Done, dt, 148.78826684778636
321.0,Elevator call,320.97607492210807,-1,0,1,0, got allocated to elevator, 0
321.0, elevID,2,  pos,8,  cmd, goto,-1
321.0, elevID,3,  pos,4,  cmd, goto,6
322.0,Elevator call,321.37040904796595,7,-1,1,1, got allocated to elevator, 1
333.0,Elevator call,332.4267319393355,0,10,1,0, got allocated to elevator, 0
333.0,Elev,3,  arrived at src, 6, Elevator call,304.99843880775313,6,0,2,1
333.0,Elev,3,  arrived at src, 6, Elevator call,319.90520204415634,6,5,2,1
333.0, elevID,3,  pos,6,  cmd, goto,5
337.0,Elevator call,336.93043046159545,-1,0,1,0, got allocated to elevator, 0
340.0,Elev,2,  arrived at src, -1, Elevator call,320.97607492210807,-1,0,2,0
340.0,Elev,2,  arrived at src, -1, Elevator call,336.93043046159545,-1,0,2,0
340.0, elevID,2,  pos,-1,  cmd, goto,0
344.0,Elev,3,  arrived at dest, 5, this call is done!, Elevator call,319.90520204415634,6,5,3,1, Done, dt, 24.09479795584366
345.0, elevID,3,  pos,5,  cmd, goto,0
351.0,Elev,2,  arrived at src, 0, Elevator call,309.30053828560517,0,-1,2,0
351.0,Elev,2,  arrived at dest, 0, this call is done!, Elevator call,320.97607492210807,-1,0,3,0, Done, dt, 30.02392507789193
351.0,Elev,2,  arrived at src, 0, Elevator call,332.4267319393355,0,10,2,0
351.0,Elev,2,  arrived at dest, 0, this call is done!, Elevator call,336.93043046159545,-1,0,3,0, Done, dt, 14.06956953840455
354.0, elevID,2,  pos,0,  cmd, goto,10
360.0,Elev,3,  arrived at dest, 0, this call is done!, Elevator call,304.99843880775313,6,0,3,1, Done, dt, 55.00156119224687
360.0,Elev,3,  arrived at src, 0, Elevator call,312.30185564398687,0,-1,2,1
360.0,Elev,3,  arrived at src, 0, Elevator call,316.03237827404377,0,-1,2,1
363.0, elevID,3,  pos,0,  cmd, goto,7
374.0,Elev,2,  arrived at dest, 10, this call is done!, Elevator call,130.02495678190564,8,10,3,0, Done, dt, 243.97504321809436
374.0,Elev,2,  arrived at dest, 10, this call is done!, Elevator call,332.4267319393355,0,10,3,0, Done, dt, 41.573268060664475
376.0,Elevator call,375.49048095381363,1,0,1,1, got allocated to elevator, 1
376.0, elevID,2,  pos,10,  cmd, goto,-1
380.0,Elev,3,  arrived at src, 7, Elevator call,321.37040904796595,7,-1,2,1
380.0, elevID,3,  pos,7,  cmd, goto,-1
393.0,Elevator call,392.5160764870397,0,5,1,0, got allocated to elevator, 0
397.0,Elev,2,  arrived at dest, -1, this call is done!, Elevator call,309.30053828560517,0,-1,3,0, Done, dt, 87.69946171439483
398.0, elevID,2,  pos,-1,  cmd, goto,0
398.0,Elev,3,  arrived at dest, -1, this call is done!, Elevator call,312.30185564398687,0,-1,3,1, Done, dt, 85.69814435601313
398.0,Elev,3,  arrived at dest, -1, this call is done!, Elevator call,316.03237827404377,0,-1,3,1, Done, dt, 81.96762172595623
398.0,Elev,3,  arrived at dest, -1, this call is done!, Elevator call,321.37040904796595,7,-1,3,1, Done, dt, 76.62959095203405
403.0, elevID,3,  pos,-1,  cmd, goto,1
406.0,Elevator call,405.1821140884023,-1,10,1,1, got allocated to elevator, 1
409.0,Elev,2,  arrived at src, 0, Elevator call,392.5160764870397,0,5,2,0
409.0, elevID,2,  pos,0,  cmd, goto,5
415.0,Elev,3,  arrived at src, 1, Elevator call,375.49048095381363,1,0,2,1
415.0, elevID,3,  pos,1,  cmd, goto,0
424.0,Elev,2,  arrived at dest, 5, this call is done!, Elevator call,392.5160764870397,0,5,3,0, Done, dt, 31.483923512960303
425.0, elevID,2,  pos,5,  cmd, goto,1
426.0,Elev,3,  arrived at dest, 0, this call is done!, Elevator call,375.49048095381363,1,0,3,1, Done, dt, 50.50951904618637
427.0,Elevator call,426.8615805478589,2,0,1,1, got allocated to elevator, 1
430.0, elevID,3,  pos,0,  cmd, goto,-1
438.0,Elevator call,437.17111576125836,1,0,1,1, got allocated to elevator, 1
439.0,Elev,2,  arrived at dest, 1, this call is done!, Elevator call,295.7943356681491,0,1,3,0, Done, dt, 143.20566433185093
441.0,Elev,3,  arrived at src, -1, Elevator call,405.1821140884023,-1,10,2,1
441.0, elevID,3,  pos,-1,  cmd, goto,10
462.0,Elev,3,  arrived at dest, 10, this call is done!, Elevator call,405.1821140884023,-1,10,3,1, Done, dt, 56.81788591159773
466.0, elevID,3,  pos,10,  cmd, goto,-2
473.0,Elevator call,472.7445473930129,10,-1,1,1, got allocated to elevator, 1
488.0,Elev,3,  arrived at dest, -2, this call is done!, Elevator call,187.11678617348463,-1,-2,3,1, Done, dt, 300.8832138265154
488.0,Elev,3,  arrived at dest, -2, this call is done!, Elevator call,187.7299317966884,-1,-2,3,1, Done, dt, 300.2700682033116
488.0,Elev,3,  arrived at dest, -2, this call is done!, Elevator call,251.10444690749756,-1,-2,3,1, Done, dt, 236.89555309250244
501.0,Elevator call,500.3712044996745,8,-1,1,0, got allocated to elevator, 0
501.0, elevID,2,  pos,1,  cmd, goto,8
504.0,Elevator call,503.13847841893045,1,-1,1,1, got allocated to elevator, 1
504.0, elevID,3,  pos,-2,  cmd, goto,1
505.0,Elevator call,504.4317942159655,0,-1,1,1, got allocated to elevator, 1
517.0,Elev,3,  arrived at src, 1, Elevator call,437.17111576125836,1,0,2,1
517.0,Elev,3,  arrived at src, 1, Elevator call,503.13847841893045,1,-1,2,1
517.0, elevID,3,  pos,1,  cmd, goto,-1
518.0,Elev,2,  arrived at src, 8, Elevator call,500.3712044996745,8,-1,2,0
518.0, elevID,2,  pos,8,  cmd, goto,-1
529.0,Elev,3,  arrived at dest, -1, this call is done!, Elevator call,503.13847841893045,1,-1,3,1, Done, dt, 25.861521581069553
530.0,Elevator call,529.6277472128405,3,-1,1,0, got allocated to elevator, 0
530.0, elevID,3,  pos,-1,  cmd, goto,0
537.0,Elev,2,  arrived at dest, -1, this call is done!, Elevator call,500.3712044996745,8,-1,3,0, Done, dt, 36.62879550032551
538.0,Elevator call,537.7866883694313,-1,6,1,1, got allocated to elevator, 1
538.0, elevID,2,  pos,-1,  cmd, goto,3
541.0,Elev,3,  arrived at dest, 0, this call is done!, Elevator call,437.17111576125836,1,0,3,1, Done, dt, 103.82888423874164
541.0,Elev,3,  arrived at src, 0, Elevator call,504.4317942159655,0,-1,2,1
541.0, elevID,3,  pos,0,  cmd, goto,-1
545.0,Elevator call,544.7880392034898,6,-1,1,0, got allocated to elevator, 0
552.0,Elev,2,  arrived at src, 3, Elevator call,529.6277472128405,3,-1,2,0
552.0, elevID,2,  pos,3,  cmd, goto,-1
552.0,Elev,3,  arrived at dest, -1, this call is done!, Elevator call,504.4317942159655,0,-1,3,1, Done, dt, 47.56820578403449
552.0,Elev,3,  arrived at src, -1, Elevator call,537.7866883694313,-1,6,2,1
553.0, elevID,3,  pos,-1,  cmd, goto,6
555.0,Elevator call,554.0892922920482,4,0,1,1, got allocated to elevator, 1
558.0,Elevator call,557.2441390036331,10,0,1,0, got allocated to elevator, 0
566.0, elevID,2,  pos,-1,  cmd, goto,-1
566.0,Elevator call,565.0195521745534,0,-1,1,0, got allocated to elevator, 0
566.0,Elev,2,  arrived at dest, -1, this call is done!, Elevator call,529.6277472128405,3,-1,3,0, Done, dt, 36.37225278715948
567.0, elevID,2,  pos,-1,  cmd, goto,0
570.0,Elev,3,  arrived at dest, 6, this call is done!, Elevator call,537.7866883694313,-1,6,3,1, Done, dt, 32.21331163056868
573.0, elevID,3,  pos,6,  cmd, goto,4
578.0,Elev,2,  arrived at src, 0, Elevator call,565.0195521745534,0,-1,2,0
578.0, elevID,2,  pos,0,  cmd, goto,-1
582.0,Elevator call,581.8703090238192,0,3,1,1, got allocated to elevator, 1
585.0,Elev,3,  arrived at src, 4, Elevator call,554.0892922920482,4,0,2,1
585.0, elevID,3,  pos,4,  cmd, goto,0
589.0,Elev,2,  arrived at dest, -1, this call is done!, Elevator call,565.0195521745534,0,-1,3,0, Done, dt, 23.980447825446618
593.0, elevID,2,  pos,-1,  cmd, goto,6
597.0,Elevator call,596.1232022872633,8,0,1,1, got allocated to elevator, 1
599.0,Elev,3,  arrived at dest, 0, this call is done!, Elevator call,554.0892922920482,4,0,3,1, Done, dt, 44.910707707951815
599.0,Elev,3,  arrived at src, 0, Elevator call,581.8703090238192,0,3,2,1
601.0,Elevator call,600.9312879686208,1,0,1,0, got allocated to elevator, 0
601.0, elevID,3,  pos,0,  cmd, goto,8
604.0,Elevator call,603.9342326983083,7,0,1,1, got allocated to elevator, 1
610.0,Elev,2,  arrived at src, 6, Elevator call,544.7880392034898,6,-1,2,0
610.0, elevID,2,  pos,6,  cmd, goto,-1
618.0,Elevator call,617.9628338542149,0,3,1,0, got allocated to elevator, 0
619.0,Elev,3,  arrived at src, 8, Elevator call,596.1232022872633,8,0,2,1
619.0, elevID,3,  pos,8,  cmd, goto,0
620.0,Elevator call,619.6454196970012,9,0,1,0, got allocated to elevator, 0
627.0,Elevator call,626.2116172047942,0,1,1,1, got allocated to elevator, 1
627.0,Elev,2,  arrived at dest, -1, this call is done!, Elevator call,544.7880392034898,6,-1,3,0, Done, dt, 82.2119607965102
628.0, elevID,2,  pos,-1,  cmd, goto,1
637.0,Elev,3,  arrived at dest, 0, this call is done!, Elevator call,596.1232022872633,8,0,3,1, Done, dt, 40.876797712736675
637.0,Elev,3,  arrived at src, 0, Elevator call,626.2116172047942,0,1,2,1
638.0, elevID,3,  pos,0,  cmd, goto,7
640.0,Elev,2,  arrived at src, 1, Elevator call,600.9312879686208,1,0,2,0
640.0, elevID,2,  pos,1,  cmd, goto,0
644.0,Elevator call,643.8547514955396,-1,2,1,0, got allocated to elevator, 0
651.0,Elev,2,  arrived at dest, 0, this call is done!, Elevator call,600.9312879686208,1,0,3,0, Done, dt, 50.068712031379164
651.0,Elev,2,  arrived at src, 0, Elevator call,617.9628338542149,0,3,2,0
652.0, elevID,2,  pos,0,  cmd, goto,3
655.0,Elev,3,  arrived at src, 7, Elevator call,603.9342326983083,7,0,2,1
655.0, elevID,3,  pos,7,  cmd, goto,0
661.0,Elevator call,660.0732907797126,6,10,1,1, got allocated to elevator, 1
662.0,Elevator call,661.0420820268716,-1,3,1,0, got allocated to elevator, 0
663.0,Elevator call,662.1730527520776,-1,5,1,0, got allocated to elevator, 0
665.0,Elev,2,  arrived at dest, 3, this call is done!, Elevator call,617.9628338542149,0,3,3,0, Done, dt, 47.037166145785136
666.0,Elevator call,665.1155548533167,-1,8,1,0, got allocated to elevator, 0
666.0, elevID,2,  pos,3,  cmd, goto,-1
667.0,Elevator call,666.0340294605869,4,0,1,1, got allocated to elevator, 1
667.0,Elevator call,666.2411586665262,5,-1,1,0, got allocated to elevator, 0
672.0,Elev,3,  arrived at dest, 0, this call is done!, Elevator call,603.9342326983083,7,0,3,1, Done, dt, 68.06576730169172
673.0, elevID,3,  pos,0,  cmd, goto,6
673.0,Elevator call,672.677314157026,0,-1,1,1, got allocated to elevator, 1
678.0,Elevator call,677.7341948387335,0,-1,1,0, got allocated to elevator, 0
679.0,Elevator call,678.9953584914538,-1,-2,1,1, got allocated to elevator, 1
680.0,Elev,2,  arrived at src, -1, Elevator call,643.8547514955396,-1,2,2,0
680.0,Elev,2,  arrived at src, -1, Elevator call,661.0420820268716,-1,3,2,0
680.0,Elev,2,  arrived at src, -1, Elevator call,662.1730527520776,-1,5,2,0
680.0,Elev,2,  arrived at src, -1, Elevator call,665.1155548533167,-1,8,2,0
680.0, elevID,2,  pos,-1,  cmd, goto,8
689.0,Elev,3,  arrived at src, 6, Elevator call,660.0732907797126,6,10,2,1
689.0, elevID,3,  pos,6,  cmd, goto,10
696.0,Elevator call,695.2239881566923,0,10,1,1, got allocated to elevator, 1
699.0,Elev,2,  arrived at dest, 8, this call is done!, Elevator call,665.1155548533167,-1,8,3,0, Done, dt, 33.88444514668333
700.0, elevID,2,  pos,8,  cmd, goto,5
703.0,Elev,3,  arrived at src, 10, Elevator call,472.7445473930129,10,-1,2,1
703.0,Elev,3,  arrived at dest, 10, this call is done!, Elevator call,660.0732907797126,6,10,3,1, Done, dt, 42.92670922028742
704.0, elevID,3,  pos,10,  cmd, goto,4
707.0,Elevator call,706.1583474999188,-1,-2,1,0, got allocated to elevator, 0
711.0,Elevator call,710.3249770041223,0,1,1,0, got allocated to elevator, 0
713.0,Elev,2,  arrived at dest, 5, this call is done!, Elevator call,662.1730527520776,-1,5,3,0, Done, dt, 50.82694724792236
713.0,Elev,2,  arrived at src, 5, Elevator call,666.2411586665262,5,-1,2,0
714.0,Elevator call,713.0191971398395,1,0,1,1, got allocated to elevator, 1
714.0,Elevator call,713.2499766424826,10,-1,1,1, got allocated to elevator, 1
714.0, elevID,2,  pos,5,  cmd, goto,-1
720.0,Elev,3,  arrived at src, 4, Elevator call,666.0340294605869,4,0,2,1
720.0, elevID,3,  pos,4,  cmd, goto,0
723.0,Elevator call,722.6161212799507,10,0,1,1, got allocated to elevator, 1
728.0,Elevator call,727.514602863032,-1,0,1,0, got allocated to elevator, 0
730.0,Elev,2,  arrived at dest, -1, this call is done!, Elevator call,666.2411586665262,5,-1,3,0, Done, dt, 63.75884133347381
730.0,Elev,2,  arrived at src, -1, Elevator call,706.1583474999188,-1,-2,2,0
730.0,Elev,2,  arrived at src, -1, Elevator call,727.514602863032,-1,0,2,0
730.0, elevID,2,  pos,-1,  cmd, goto,-2
733.0,Elevator call,732.9746341348998,6,-1,1,0, got allocated to elevator, 0
734.0,Elev,3,  arrived at dest, 0, this call is done!, Elevator call,666.0340294605869,4,0,3,1, Done, dt, 67.96597053941309
734.0,Elev,3,  arrived at src, 0, Elevator call,672.677314157026,0,-1,2,1
734.0,Elev,3,  arrived at src, 0, Elevator call,695.2239881566923,0,10,2,1
735.0, elevID,3,  pos,0,  cmd, goto,1
738.0,Elevator call,737.314720213409,1,0,1,1, got allocated to elevator, 1
741.0,Elev,2,  arrived at dest, -2, this call is done!, Elevator call,706.1583474999188,-1,-2,3,0, Done, dt, 34.84165250008118
742.0, elevID,2,  pos,-2,  cmd, goto,0
746.0,Elev,3,  arrived at dest, 1, this call is done!, Elevator call,626.2116172047942,0,1,3,1, Done, dt, 119.78838279520585
746.0,Elev,3,  arrived at src, 1, Elevator call,713.0191971398395,1,0,2,1
746.0,Elev,3,  arrived at src, 1, Elevator call,737.314720213409,1,0,2,1
746.0, elevID,3,  pos,1,  cmd, goto,0
754.0,Elev,2,  arrived at src, 0, Elevator call,677.7341948387335,0,-1,2,0
754.0,Elev,2,  arrived at src, 0, Elevator call,710.3249770041223,0,1,2,0
754.0,Elev,2,  arrived at dest, 0, this call is done!, Elevator call,727.514602863032,-1,0,3,0, Done, dt, 26.485397136968004
755.0, elevID,2,  pos,0,  cmd, goto,3
757.0,Elev,3,  arrived at dest, 0, this call is done!, Elevator call,713.0191971398395,1,0,3,1, Done, dt, 43.98080286016045
757.0,Elev,3,  arrived at dest, 0, this call is done!, Elevator call,737.314720213409,1,0,3,1, Done, dt, 19.685279786590968
761.0, elevID,3,  pos,0,  cmd, goto,10
768.0,Elev,2,  arrived at dest, 3, this call is done!, Elevator call,661.0420820268716,-1,3,3,0, Done, dt, 106.95791797312836
769.0, elevID,2,  pos,3,  cmd, goto,2
780.0, elevID,2,  pos,2,  cmd, goto,2
780.0,Elevator call,779.399691386574,-1,5,1,0, got allocated to elevator, 0
780.0,Elev,2,  arrived at dest, 2, this call is done!, Elevator call,643.8547514955396,-1,2,3,0, Done, dt, 136.14524850446037
781.0, elevID,2,  pos,2,  cmd, goto,-1
781.0,Elev,3,  arrived at dest, 10, this call is done!, Elevator call,695.2239881566923,0,10,3,1, Done, dt, 85.77601184330774
781.0,Elev,3,  arrived at src, 10, Elevator call,713.2499766424826,10,-1,2,1
781.0,Elev,3,  arrived at src, 10, Elevator call,722.6161212799507,10,0,2,1
782.0, elevID,3,  pos,10,  cmd, goto,-1
794.0,Elev,2,  arrived at dest, -1, this call is done!, Elevator call,677.7341948387335,0,-1,3,0, Done, dt, 116.26580516126648
794.0,Elev,2,  arrived at src, -1, Elevator call,779.399691386574,-1,5,2,0
794.0, elevID,2,  pos,-1,  cmd, goto,5
803.0,Elev,3,  arrived at dest, -1, this call is done!, Elevator call,472.7445473930129,10,-1,3,1, Done, dt, 330.2554526069871
803.0,Elev,3,  arrived at dest, -1, this call is done!, Elevator call,672.677314157026,0,-1,3,1, Done, dt, 130.322685842974
803.0,Elev,3,  arrived at src, -1, Elevator call,678.9953584914538,-1,-2,2,1
803.0,Elev,3,  arrived at dest, -1, this call is done!, Elevator call,713.2499766424826,10,-1,3,1, Done, dt, 89.75002335751742
806.0,Elevator call,805.6754743307536,-1,-2,1,1, got allocated to elevator, 1
806.0,Elev,3,  arrived at src, -1, Elevator call,805.6754743307536,-1,-2,2,1
808.0, elevID,3,  pos,-1,  cmd, goto,0
810.0,Elev,2,  arrived at dest, 5, this call is done!, Elevator call,779.399691386574,-1,5,3,0, Done, dt, 30.600308613426023
811.0,Elevator call,810.4469089359914,2,0,1,1, got allocated to elevator, 1
813.0, elevID,2,  pos,5,  cmd, goto,1
817.0,Elevator call,816.1516998390152,7,-1,1,1, got allocated to elevator, 1
819.0,Elev,3,  arrived at dest, 0, this call is done!, Elevator call,722.6161212799507,10,0,3,1, Done, dt, 96.38387872004932
823.0, elevID,3,  pos,0,  cmd, goto,7
826.0,Elevator call,825.4575184586336,7,0,1,1, got allocated to elevator, 1
827.0,Elev,2,  arrived at dest, 1, this call is done!, Elevator call,710.3249770041223,0,1,3,0, Done, dt, 116.67502299587773
835.0, elevID,2,  pos,1,  cmd, goto,6
840.0,Elevator call,839.8525652620532,0,1,1,0, got allocated to elevator, 0
840.0,Elev,3,  arrived at src, 7, Elevator call,816.1516998390152,7,-1,2,1
840.0,Elev,3,  arrived at src, 7, Elevator call,825.4575184586336,7,0,2,1
840.0, elevID,3,  pos,7,  cmd, goto,-1
850.0,Elev,2,  arrived at src, 6, Elevator call,732.9746341348998,6,-1,2,0
850.0, elevID,2,  pos,6,  cmd, goto,-1
855.0,Elevator call,854.2002278085795,6,-1,1,0, got allocated to elevator, 0
858.0,Elev,3,  arrived at dest, -1, this call is done!, Elevator call,816.1516998390152,7,-1,3,1, Done, dt, 41.84830016098476
859.0, elevID,3,  pos,-1,  cmd, goto,0
864.0,Elevator call,863.893291272948,0,-1,1,0, got allocated to elevator, 0
867.0,Elev,2,  arrived at dest, -1, this call is done!, Elevator call,732.9746341348998,6,-1,3,0, Done, dt, 134.02536586510018
868.0, elevID,2,  pos,-1,  cmd, goto,6
870.0,Elev,3,  arrived at dest, 0, this call is done!, Elevator call,825.4575184586336,7,0,3,1, Done, dt, 44.54248154136644
871.0,Elevator call,870.5053023797483,0,7,1,0, got allocated to elevator, 0
871.0, elevID,3,  pos,0,  cmd, goto,2
883.0,Elev,3,  arrived at src, 2, Elevator call,426.8615805478589,2,0,2,1
883.0,Elev,3,  arrived at src, 2, Elevator call,810.4469089359914,2,0,2,1
883.0, elevID,3,  pos,2,  cmd, goto,0
885.0,Elev,2,  arrived at src, 6, Elevator call,854.2002278085795,6,-1,2,0
885.0, elevID,2,  pos,6,  cmd, goto,-1
887.0,Elevator call,886.5649993239458,-1,-2,1,0, got allocated to elevator, 0
893.0,Elevator call,892.5212150591021,9,-1,1,0, got allocated to elevator, 0
895.0,Elev,3,  arrived at dest, 0, this call is done!, Elevator call,426.8615805478589,2,0,3,1, Done, dt, 468.1384194521411
895.0,Elev,3,  arrived at dest, 0, this call is done!, Elevator call,810.4469089359914,2,0,3,1, Done, dt, 84.55309106400864
900.0, elevID,3,  pos,0,  cmd, goto,-2
902.0,Elev,2,  arrived at dest, -1, this call is done!, Elevator call,854.2002278085795,6,-1,3,0, Done, dt, 47.799772191420516
902.0,Elev,2,  arrived at src, -1, Elevator call,886.5649993239458,-1,-2,2,0
904.0, elevID,2,  pos,-1,  cmd, goto,9
911.0,Elevator call,910.5388559417848,6,5,1,0, got allocated to elevator, 0
912.0,Elev,3,  arrived at dest, -2, this call is done!, Elevator call,678.9953584914538,-1,-2,3,1, Done, dt, 233.00464150854623
912.0,Elev,3,  arrived at dest, -2, this call is done!, Elevator call,805.6754743307536,-1,-2,3,1, Done, dt, 106.32452566924644
916.0,Elevator call,915.9490574608818,4,-1,1,1, got allocated to elevator, 1
917.0, elevID,3,  pos,-2,  cmd, goto,4
924.0,Elev,2,  arrived at src, 9, Elevator call,619.6454196970012,9,0,2,0
924.0,Elev,2,  arrived at src, 9, Elevator call,892.5212150591021,9,-1,2,0
924.0, elevID,2,  pos,9,  cmd, goto,-1
933.0,Elev,3,  arrived at src, 4, Elevator call,915.9490574608818,4,-1,2,1
933.0, elevID,3,  pos,4,  cmd, goto,-1
934.0,Elevator call,933.8580452488764,7,5,1,0, got allocated to elevator, 0
944.0,Elev,2,  arrived at dest, -1, this call is done!, Elevator call,892.5212150591021,9,-1,3,0, Done, dt, 51.47878494089787
945.0, elevID,2,  pos,-1,  cmd, goto,7
948.0,Elev,3,  arrived at dest, -1, this call is done!, Elevator call,915.9490574608818,4,-1,3,1, Done, dt, 32.05094253911818
962.0,Elevator call,961.6862855708133,6,-1,1,1, got allocated to elevator, 1
962.0, elevID,3,  pos,-1,  cmd, goto,6
963.0,Elev,2,  arrived at src, 7, Elevator call,933.8580452488764,7,5,2,0
963.0, elevID,2,  pos,7,  cmd, goto,5
973.0,Elevator call,972.8032126022729,1,0,1,1, got allocated to elevator, 1
975.0,Elev,2,  arrived at dest, 5, this call is done!, Elevator call,933.8580452488764,7,5,3,0, Done, dt, 41.14195475112365
976.0,Elevator call,975.8361202753667,0,-1,1,1, got allocated to elevator, 1
976.0, elevID,2,  pos,5,  cmd, goto,6
979.0,Elevator call,978.5925148564796,10,0,1,0, got allocated to elevator, 0
979.0,Elevator call,978.6210500641439,10,-1,1,0, got allocated to elevator, 0
979.0,Elev,3,  arrived at src, 6, Elevator call,961.6862855708133,6,-1,2,1
979.0, elevID,3,  pos,6,  cmd, goto,-1
985.0,Elevator call,984.1840185574983,7,0,1,0, got allocated to elevator, 0
987.0,Elev,2,  arrived at src, 6, Elevator call,910.5388559417848,6,5,2,0
987.0, elevID,2,  pos,6,  cmd, goto,5
996.0,Elev,3,  arrived at dest, -1, this call is done!, Elevator call,961.6862855708133,6,-1,3,1, Done, dt, 34.31371442918669
997.0, elevID,3,  pos,-1,  cmd, goto,1
998.0,Elev,2,  arrived at dest, 5, this call is done!, Elevator call,910.5388559417848,6,5,3,0, Done, dt, 87.46114405821515
1000.0,************* Simulation Ended ************
Code Owners,123456789,  Case,2,  Total waiting time: 8581.792822120191,  average waiting time per call: 85.81792822120191,  unCompleted calls,12,  certificate, -2733884608
