**** The Simulator log: stage 2
0.0,OOP_Ex0_Elevator_Simulator
0.0,Simulated Building, ex0.simulator.Builging_A [-2,10]
0) ex0.simulator.Elevator_A, Elev_0, speed: 1.0, open/close: 2.0,  start/stop: 3.0
1) ex0.simulator.Elevator_A, Elev_1, speed: 1.0, open/close: 2.0,  start/stop: 3.0
0.0,Simulated Period starTime,0.0,  endTime,1000.0,  dt,1.0
0.0,Simulated  calls,Elevetor log, size: 100
0.0,**** Simulation starts!! ****
5.0,Elevator call,4.374727290393253,0,-1,1,0, got allocated to elevator, 0
5.0, elevID,2,  pos,-2,  cmd, goto,0
17.0,Elevator call,16.957882888088932,-1,0,1,1, got allocated to elevator, 1
17.0,Elev,2,  arrived at src, 0, Elevator call,4.374727290393253,0,-1,2,0
17.0, elevID,2,  pos,0,  cmd, goto,-1
17.0, elevID,3,  pos,-2,  cmd, goto,-1
23.0,Elevator call,22.094056301593582,0,-1,1,0, got allocated to elevator, 0
28.0,Elev,2,  arrived at dest, -1, this call is done!, Elevator call,4.374727290393253,0,-1,3,0, Done, dt, 23.625272709606747
28.0,Elev,3,  arrived at src, -1, Elevator call,16.957882888088932,-1,0,2,1
28.0, elevID,3,  pos,-1,  cmd, goto,0
29.0, elevID,2,  pos,-1,  cmd, goto,0
39.0,Elev,3,  arrived at dest, 0, this call is done!, Elevator call,16.957882888088932,-1,0,3,1, Done, dt, 22.042117111911068
40.0,Elev,2,  arrived at src, 0, Elevator call,22.094056301593582,0,-1,2,0
40.0, elevID,2,  pos,0,  cmd, goto,-1
51.0,Elev,2,  arrived at dest, -1, this call is done!, Elevator call,22.094056301593582,0,-1,3,0, Done, dt, 28.905943698406418
86.0,Elevator call,85.5209666204754,3,2,1,1, got allocated to elevator, 1
86.0, elevID,3,  pos,0,  cmd, goto,3
92.0,Elevator call,91.21019413453945,-1,-2,1,0, got allocated to elevator, 0
92.0,Elev,2,  arrived at src, -1, Elevator call,91.21019413453945,-1,-2,2,0
92.0, elevID,2,  pos,-1,  cmd, goto,-2
99.0,Elev,3,  arrived at src, 3, Elevator call,85.5209666204754,3,2,2,1
99.0, elevID,3,  pos,3,  cmd, goto,2
103.0,Elev,2,  arrived at dest, -2, this call is done!, Elevator call,91.21019413453945,-1,-2,3,0, Done, dt, 11.78980586546055
105.0,Elevator call,104.13701241869234,0,4,1,0, got allocated to elevator, 0
105.0, elevID,2,  pos,-2,  cmd, goto,0
110.0, elevID,3,  pos,2,  cmd, goto,2
110.0,Elevator call,109.21352909346587,-1,0,1,1, got allocated to elevator, 1
110.0,Elev,3,  arrived at dest, 2, this call is done!, Elevator call,85.5209666204754,3,2,3,1, Done, dt, 24.479033379524594
112.0, elevID,3,  pos,2,  cmd, goto,-1
115.0,Elevator call,114.39235096774041,3,0,1,0, got allocated to elevator, 0
117.0,Elev,2,  arrived at src, 0, Elevator call,104.13701241869234,0,4,2,0
117.0, elevID,2,  pos,0,  cmd, goto,4
125.0,Elevator call,124.42557095980362,0,9,1,0, got allocated to elevator, 0
125.0,Elev,3,  arrived at src, -1, Elevator call,109.21352909346587,-1,0,2,1
125.0, elevID,3,  pos,-1,  cmd, goto,0
131.0,Elevator call,130.02495678190564,8,10,1,1, got allocated to elevator, 1
131.0,Elevator call,130.224911275492,-1,1,1,1, got allocated to elevator, 1
131.0,Elev,2,  arrived at dest, 4, this call is done!, Elevator call,104.13701241869234,0,4,3,0, Done, dt, 26.862987581307664
132.0, elevID,2,  pos,4,  cmd, goto,0
136.0,Elev,3,  arrived at dest, 0, this call is done!, Elevator call,109.21352909346587,-1,0,3,1, Done, dt, 26.786470906534134
137.0, elevID,3,  pos,0,  cmd, goto,-1
138.0,Elevator call,137.9515274326701,0,4,1,0, got allocated to elevator, 0
144.0,Elevator call,143.91335838799415,0,6,1,0, got allocated to elevator, 0
146.0,Elev,2,  arrived at src, 0, Elevator call,124.42557095980362,0,9,2,0
146.0,Elev,2,  arrived at src, 0, Elevator call,137.9515274326701,0,4,2,0
146.0,Elev,2,  arrived at src, 0, Elevator call,143.91335838799415,0,6,2,0
146.0, elevID,2,  pos,0,  cmd, goto,9
148.0,Elev,3,  arrived at src, -1, Elevator call,130.224911275492,-1,1,2,1
148.0, elevID,3,  pos,-1,  cmd, goto,1
160.0,Elev,3,  arrived at dest, 1, this call is done!, Elevator call,130.224911275492,-1,1,3,1, Done, dt, 29.77508872450801
163.0, elevID,3,  pos,1,  cmd, goto,8
165.0,Elev,2,  arrived at dest, 9, this call is done!, Elevator call,124.42557095980362,0,9,3,0, Done, dt, 40.57442904019638
166.0, elevID,2,  pos,9,  cmd, goto,6
170.0,Elevator call,169.78458339380109,-1,0,1,1, got allocated to elevator, 1
171.0,Elevator call,170.0099620835246,0,6,1,0, got allocated to elevator, 0
172.0,Elevator call,171.21173315221364,-1,8,1,1, got allocated to elevator, 1
175.0,Elevator call,174.84385152106802,0,-1,1,0, got allocated to elevator, 0
179.0,Elev,2,  arrived at dest, 6, this call is done!, Elevator call,143.91335838799415,0,6,3,0, Done, dt, 35.08664161200585
180.0, elevID,2,  pos,6,  cmd, goto,0
180.0,Elev,3,  arrived at src, 8, Elevator call,130.02495678190564,8,10,2,1
180.0, elevID,3,  pos,8,  cmd, goto,10
188.0,Elevator call,187.11678617348463,-1,-2,1,1, got allocated to elevator, 1
188.0,Elevator call,187.7299317966884,-1,-2,1,1, got allocated to elevator, 1
192.0,Elev,3,  arrived at dest, 10, this call is done!, Elevator call,130.02495678190564,8,10,3,1, Done, dt, 61.975043218094356
196.0, elevID,2,  pos,0,  cmd, goto,0
196.0,Elevator call,195.90869649656992,0,7,1,0, got allocated to elevator, 0
196.0,Elev,2,  arrived at src, 0, Elevator call,170.0099620835246,0,6,2,0
196.0,Elev,2,  arrived at src, 0, Elevator call,174.84385152106802,0,-1,2,0
196.0,Elev,2,  arrived at src, 0, Elevator call,195.90869649656992,0,7,2,0
196.0, elevID,2,  pos,0,  cmd, goto,-1
198.0,Elevator call,197.5359191292572,-1,1,1,1, got allocated to elevator, 1
198.0, elevID,3,  pos,10,  cmd, goto,-1
206.0,Elevator call,205.9895199338651,-1,0,1,1, got allocated to elevator, 1
207.0,Elev,2,  arrived at dest, -1, this call is done!, Elevator call,174.84385152106802,0,-1,3,0, Done, dt, 32.15614847893198
208.0, elevID,2,  pos,-1,  cmd, goto,7
219.0,Elev,3,  arrived at src, -1, Elevator call,169.78458339380109,-1,0,2,1
219.0,Elev,3,  arrived at src, -1, Elevator call,171.21173315221364,-1,8,2,1
219.0,Elev,3,  arrived at src, -1, Elevator call,187.11678617348463,-1,-2,2,1
219.0,Elev,3,  arrived at src, -1, Elevator call,187.7299317966884,-1,-2,2,1
219.0,Elev,3,  arrived at src, -1, Elevator call,197.5359191292572,-1,1,2,1
219.0,Elev,3,  arrived at src, -1, Elevator call,205.9895199338651,-1,0,2,1
219.0, elevID,3,  pos,-1,  cmd, goto,1
226.0,Elev,2,  arrived at dest, 7, this call is done!, Elevator call,195.90869649656992,0,7,3,0, Done, dt, 30.091303503430083
227.0, elevID,2,  pos,7,  cmd, goto,6
228.0,Elevator call,227.0798304557929,-1,5,1,1, got allocated to elevator, 1
231.0,Elev,3,  arrived at dest, 1, this call is done!, Elevator call,197.5359191292572,-1,1,3,1, Done, dt, 33.464080870742805
232.0, elevID,3,  pos,1,  cmd, goto,-1
232.0,Elevator call,231.51578817426258,-1,0,1,1, got allocated to elevator, 1
233.0,Elevator call,232.95043623946805,0,-1,1,0, got allocated to elevator, 0
238.0,Elev,2,  arrived at dest, 6, this call is done!, Elevator call,170.0099620835246,0,6,3,0, Done, dt, 67.99003791647539
239.0, elevID,2,  pos,6,  cmd, goto,0
244.0,Elev,3,  arrived at src, -1, Elevator call,227.0798304557929,-1,5,2,1
244.0,Elev,3,  arrived at src, -1, Elevator call,231.51578817426258,-1,0,2,1
244.0, elevID,3,  pos,-1,  cmd, goto,5
252.0,Elevator call,251.10444690749756,-1,-2,1,1, got allocated to elevator, 1
252.0,Elevator call,251.23593354161653,0,9,1,0, got allocated to elevator, 0
255.0, elevID,2,  pos,0,  cmd, goto,0
255.0,Elevator call,254.69771525200505,3,4,1,0, got allocated to elevator, 0
255.0,Elev,2,  arrived at src, 0, Elevator call,232.95043623946805,0,-1,2,0
255.0,Elev,2,  arrived at src, 0, Elevator call,251.23593354161653,0,9,2,0
255.0, elevID,2,  pos,0,  cmd, goto,-1
258.0,Elevator call,257.7974435335086,-1,0,1,1, got allocated to elevator, 1
260.0,Elev,3,  arrived at dest, 5, this call is done!, Elevator call,227.0798304557929,-1,5,3,1, Done, dt, 32.92016954420711
261.0, elevID,3,  pos,5,  cmd, goto,-1
266.0,Elev,2,  arrived at dest, -1, this call is done!, Elevator call,232.95043623946805,0,-1,3,0, Done, dt, 33.04956376053195
267.0, elevID,2,  pos,-1,  cmd, goto,9
277.0,Elev,3,  arrived at src, -1, Elevator call,251.10444690749756,-1,-2,2,1
277.0,Elev,3,  arrived at src, -1, Elevator call,257.7974435335086,-1,0,2,1
277.0, elevID,3,  pos,-1,  cmd, goto,0
287.0,Elev,2,  arrived at dest, 9, this call is done!, Elevator call,251.23593354161653,0,9,3,0, Done, dt, 35.76406645838347
288.0, elevID,2,  pos,9,  cmd, goto,4
288.0,Elev,3,  arrived at dest, 0, this call is done!, Elevator call,169.78458339380109,-1,0,3,1, Done, dt, 118.21541660619891
288.0,Elev,3,  arrived at dest, 0, this call is done!, Elevator call,205.9895199338651,-1,0,3,1, Done, dt, 82.0104800661349
288.0,Elev,3,  arrived at dest, 0, this call is done!, Elevator call,231.51578817426258,-1,0,3,1, Done, dt, 56.48421182573742
288.0,Elev,3,  arrived at dest, 0, this call is done!, Elevator call,257.7974435335086,-1,0,3,1, Done, dt, 30.202556466491387
289.0, elevID,3,  pos,0,  cmd, goto,-2
296.0,Elevator call,295.7943356681491,0,1,1,0, got allocated to elevator, 0
301.0,Elev,3,  arrived at dest, -2, this call is done!, Elevator call,187.11678617348463,-1,-2,3,1, Done, dt, 113.88321382651537
301.0,Elev,3,  arrived at dest, -2, this call is done!, Elevator call,187.7299317966884,-1,-2,3,1, Done, dt, 113.27006820331161
301.0,Elev,3,  arrived at dest, -2, this call is done!, Elevator call,251.10444690749756,-1,-2,3,1, Done, dt, 49.89555309250244
303.0,Elev,2,  arrived at dest, 4, this call is done!, Elevator call,137.9515274326701,0,4,3,0, Done, dt, 165.0484725673299
304.0, elevID,2,  pos,4,  cmd, goto,0
305.0,Elevator call,304.99843880775313,6,0,1,1, got allocated to elevator, 1
310.0,Elevator call,309.30053828560517,0,-1,1,0, got allocated to elevator, 0
313.0,Elevator call,312.30185564398687,0,-1,1,0, got allocated to elevator, 0
317.0,Elevator call,316.03237827404377,0,-1,1,0, got allocated to elevator, 0
318.0,Elev,2,  arrived at src, 0, Elevator call,295.7943356681491,0,1,2,0
318.0,Elev,2,  arrived at src, 0, Elevator call,309.30053828560517,0,-1,2,0
318.0,Elev,2,  arrived at src, 0, Elevator call,312.30185564398687,0,-1,2,0
318.0,Elev,2,  arrived at src, 0, Elevator call,316.03237827404377,0,-1,2,0
318.0, elevID,2,  pos,0,  cmd, goto,1
320.0,Elevator call,319.90520204415634,6,5,1,1, got allocated to elevator, 1
320.0, elevID,3,  pos,-2,  cmd, goto,6
321.0,Elevator call,320.97607492210807,-1,0,1,1, got allocated to elevator, 1
322.0,Elevator call,321.37040904796595,7,-1,1,1, got allocated to elevator, 1
329.0,Elev,2,  arrived at dest, 1, this call is done!, Elevator call,295.7943356681491,0,1,3,0, Done, dt, 33.205664331850926
330.0, elevID,2,  pos,1,  cmd, goto,-1
333.0,Elevator call,332.4267319393355,0,10,1,0, got allocated to elevator, 0
337.0,Elevator call,336.93043046159545,-1,0,1,1, got allocated to elevator, 1
338.0,Elev,3,  arrived at src, 6, Elevator call,304.99843880775313,6,0,2,1
338.0,Elev,3,  arrived at src, 6, Elevator call,319.90520204415634,6,5,2,1
338.0, elevID,3,  pos,6,  cmd, goto,5
342.0,Elev,2,  arrived at dest, -1, this call is done!, Elevator call,309.30053828560517,0,-1,3,0, Done, dt, 32.69946171439483
342.0,Elev,2,  arrived at dest, -1, this call is done!, Elevator call,312.30185564398687,0,-1,3,0, Done, dt, 29.69814435601313
342.0,Elev,2,  arrived at dest, -1, this call is done!, Elevator call,316.03237827404377,0,-1,3,0, Done, dt, 25.967621725956235
343.0, elevID,2,  pos,-1,  cmd, goto,0
349.0,Elev,3,  arrived at dest, 5, this call is done!, Elevator call,319.90520204415634,6,5,3,1, Done, dt, 29.09479795584366
351.0, elevID,3,  pos,5,  cmd, goto,-1
354.0,Elev,2,  arrived at src, 0, Elevator call,332.4267319393355,0,10,2,0
354.0, elevID,2,  pos,0,  cmd, goto,10
367.0,Elev,3,  arrived at src, -1, Elevator call,320.97607492210807,-1,0,2,1
367.0,Elev,3,  arrived at src, -1, Elevator call,336.93043046159545,-1,0,2,1
367.0, elevID,3,  pos,-1,  cmd, goto,0
374.0,Elev,2,  arrived at dest, 10, this call is done!, Elevator call,332.4267319393355,0,10,3,0, Done, dt, 41.573268060664475
376.0,Elevator call,375.49048095381363,1,0,1,0, got allocated to elevator, 0
376.0, elevID,2,  pos,10,  cmd, goto,1
378.0,Elev,3,  arrived at dest, 0, this call is done!, Elevator call,304.99843880775313,6,0,3,1, Done, dt, 73.00156119224687
378.0,Elev,3,  arrived at dest, 0, this call is done!, Elevator call,320.97607492210807,-1,0,3,1, Done, dt, 57.02392507789193
378.0,Elev,3,  arrived at dest, 0, this call is done!, Elevator call,336.93043046159545,-1,0,3,1, Done, dt, 41.06956953840455
382.0, elevID,3,  pos,0,  cmd, goto,7
393.0,Elevator call,392.5160764870397,0,5,1,1, got allocated to elevator, 1
395.0,Elev,2,  arrived at src, 1, Elevator call,375.49048095381363,1,0,2,0
395.0, elevID,2,  pos,1,  cmd, goto,0
399.0,Elev,3,  arrived at src, 7, Elevator call,321.37040904796595,7,-1,2,1
399.0, elevID,3,  pos,7,  cmd, goto,-1
406.0,Elevator call,405.1821140884023,-1,10,1,1, got allocated to elevator, 1
406.0,Elev,2,  arrived at dest, 0, this call is done!, Elevator call,375.49048095381363,1,0,3,0, Done, dt, 30.50951904618637
408.0, elevID,2,  pos,0,  cmd, goto,3
417.0,Elev,3,  arrived at dest, -1, this call is done!, Elevator call,321.37040904796595,7,-1,3,1, Done, dt, 95.62959095203405
417.0,Elev,3,  arrived at src, -1, Elevator call,405.1821140884023,-1,10,2,1
418.0, elevID,3,  pos,-1,  cmd, goto,0
421.0,Elev,2,  arrived at src, 3, Elevator call,114.39235096774041,3,0,2,0
421.0,Elev,2,  arrived at src, 3, Elevator call,254.69771525200505,3,4,2,0
421.0, elevID,2,  pos,3,  cmd, goto,4
427.0,Elevator call,426.8615805478589,2,0,1,1, got allocated to elevator, 1
429.0,Elev,3,  arrived at src, 0, Elevator call,392.5160764870397,0,5,2,1
429.0, elevID,3,  pos,0,  cmd, goto,5
432.0,Elev,2,  arrived at dest, 4, this call is done!, Elevator call,254.69771525200505,3,4,3,0, Done, dt, 177.30228474799495
433.0, elevID,2,  pos,4,  cmd, goto,0
438.0,Elevator call,437.17111576125836,1,0,1,1, got allocated to elevator, 1
444.0,Elev,3,  arrived at dest, 5, this call is done!, Elevator call,392.5160764870397,0,5,3,1, Done, dt, 51.4839235129603
445.0, elevID,3,  pos,5,  cmd, goto,10
447.0,Elev,2,  arrived at dest, 0, this call is done!, Elevator call,114.39235096774041,3,0,3,0, Done, dt, 332.6076490322596
460.0,Elev,3,  arrived at dest, 10, this call is done!, Elevator call,405.1821140884023,-1,10,3,1, Done, dt, 54.81788591159773
462.0, elevID,3,  pos,10,  cmd, goto,1
473.0,Elevator call,472.7445473930129,10,-1,1,0, got allocated to elevator, 0
473.0, elevID,2,  pos,0,  cmd, goto,10
481.0,Elev,3,  arrived at src, 1, Elevator call,437.17111576125836,1,0,2,1
481.0, elevID,3,  pos,1,  cmd, goto,0
492.0,Elev,3,  arrived at dest, 0, this call is done!, Elevator call,437.17111576125836,1,0,3,1, Done, dt, 54.82888423874164
493.0,Elev,2,  arrived at src, 10, Elevator call,472.7445473930129,10,-1,2,0
493.0, elevID,2,  pos,10,  cmd, goto,-1
493.0, elevID,3,  pos,0,  cmd, goto,2
501.0,Elevator call,500.3712044996745,8,-1,1,0, got allocated to elevator, 0
504.0,Elevator call,503.13847841893045,1,-1,1,1, got allocated to elevator, 1
505.0,Elevator call,504.4317942159655,0,-1,1,0, got allocated to elevator, 0
505.0,Elev,3,  arrived at src, 2, Elevator call,426.8615805478589,2,0,2,1
505.0, elevID,3,  pos,2,  cmd, goto,0
514.0,Elev,2,  arrived at dest, -1, this call is done!, Elevator call,472.7445473930129,10,-1,3,0, Done, dt, 41.25545260698709
515.0, elevID,2,  pos,-1,  cmd, goto,8
517.0,Elev,3,  arrived at dest, 0, this call is done!, Elevator call,426.8615805478589,2,0,3,1, Done, dt, 90.13841945214108
520.0, elevID,3,  pos,0,  cmd, goto,1
530.0,Elevator call,529.6277472128405,3,-1,1,0, got allocated to elevator, 0
531.0,Elev,3,  arrived at src, 1, Elevator call,503.13847841893045,1,-1,2,1
531.0, elevID,3,  pos,1,  cmd, goto,-1
534.0,Elev,2,  arrived at src, 8, Elevator call,500.3712044996745,8,-1,2,0
534.0, elevID,2,  pos,8,  cmd, goto,-1
538.0,Elevator call,537.7866883694313,-1,6,1,1, got allocated to elevator, 1
543.0,Elev,3,  arrived at dest, -1, this call is done!, Elevator call,503.13847841893045,1,-1,3,1, Done, dt, 39.86152158106955
543.0,Elev,3,  arrived at src, -1, Elevator call,537.7866883694313,-1,6,2,1
544.0, elevID,3,  pos,-1,  cmd, goto,6
545.0,Elevator call,544.7880392034898,6,-1,1,0, got allocated to elevator, 0
553.0,Elev,2,  arrived at dest, -1, this call is done!, Elevator call,500.3712044996745,8,-1,3,0, Done, dt, 52.62879550032551
554.0, elevID,2,  pos,-1,  cmd, goto,6
555.0,Elevator call,554.0892922920482,4,0,1,0, got allocated to elevator, 0
558.0,Elevator call,557.2441390036331,10,0,1,1, got allocated to elevator, 1
561.0,Elev,3,  arrived at dest, 6, this call is done!, Elevator call,537.7866883694313,-1,6,3,1, Done, dt, 23.213311630568683
564.0, elevID,3,  pos,6,  cmd, goto,10
566.0,Elevator call,565.0195521745534,0,-1,1,1, got allocated to elevator, 1
571.0,Elev,2,  arrived at src, 6, Elevator call,544.7880392034898,6,-1,2,0
571.0, elevID,2,  pos,6,  cmd, goto,-1
578.0,Elev,3,  arrived at src, 10, Elevator call,557.2441390036331,10,0,2,1
578.0, elevID,3,  pos,10,  cmd, goto,0
582.0,Elevator call,581.8703090238192,0,3,1,1, got allocated to elevator, 1
588.0,Elev,2,  arrived at dest, -1, this call is done!, Elevator call,544.7880392034898,6,-1,3,0, Done, dt, 43.2119607965102
589.0, elevID,2,  pos,-1,  cmd, goto,4
597.0,Elevator call,596.1232022872633,8,0,1,1, got allocated to elevator, 1
598.0,Elev,3,  arrived at dest, 0, this call is done!, Elevator call,557.2441390036331,10,0,3,1, Done, dt, 40.75586099636689
598.0,Elev,3,  arrived at src, 0, Elevator call,565.0195521745534,0,-1,2,1
598.0,Elev,3,  arrived at src, 0, Elevator call,581.8703090238192,0,3,2,1
599.0, elevID,3,  pos,0,  cmd, goto,8
601.0,Elevator call,600.9312879686208,1,0,1,1, got allocated to elevator, 1
604.0,Elevator call,603.9342326983083,7,0,1,1, got allocated to elevator, 1
604.0,Elev,2,  arrived at src, 4, Elevator call,554.0892922920482,4,0,2,0
604.0, elevID,2,  pos,4,  cmd, goto,0
617.0,Elev,3,  arrived at dest, 8, this call is done!, Elevator call,171.21173315221364,-1,8,3,1, Done, dt, 445.78826684778636
617.0,Elev,3,  arrived at src, 8, Elevator call,596.1232022872633,8,0,2,1
617.0, elevID,3,  pos,8,  cmd, goto,0
618.0, elevID,2,  pos,0,  cmd, goto,0
618.0,Elevator call,617.9628338542149,0,3,1,0, got allocated to elevator, 0
618.0,Elev,2,  arrived at src, 0, Elevator call,504.4317942159655,0,-1,2,0
618.0,Elev,2,  arrived at dest, 0, this call is done!, Elevator call,554.0892922920482,4,0,3,0, Done, dt, 63.910707707951815
618.0,Elev,2,  arrived at src, 0, Elevator call,617.9628338542149,0,3,2,0
619.0, elevID,2,  pos,0,  cmd, goto,3
620.0,Elevator call,619.6454196970012,9,0,1,0, got allocated to elevator, 0
627.0,Elevator call,626.2116172047942,0,1,1,0, got allocated to elevator, 0
632.0,Elev,2,  arrived at src, 3, Elevator call,529.6277472128405,3,-1,2,0
632.0,Elev,2,  arrived at dest, 3, this call is done!, Elevator call,617.9628338542149,0,3,3,0, Done, dt, 14.037166145785136
632.0, elevID,2,  pos,3,  cmd, goto,-1
635.0,Elev,3,  arrived at dest, 0, this call is done!, Elevator call,596.1232022872633,8,0,3,1, Done, dt, 38.876797712736675
636.0, elevID,3,  pos,0,  cmd, goto,7
644.0,Elevator call,643.8547514955396,-1,2,1,0, got allocated to elevator, 0
646.0,Elev,2,  arrived at dest, -1, this call is done!, Elevator call,504.4317942159655,0,-1,3,0, Done, dt, 141.5682057840345
646.0,Elev,2,  arrived at dest, -1, this call is done!, Elevator call,529.6277472128405,3,-1,3,0, Done, dt, 116.37225278715948
646.0,Elev,2,  arrived at src, -1, Elevator call,643.8547514955396,-1,2,2,0
647.0, elevID,2,  pos,-1,  cmd, goto,0
653.0,Elev,3,  arrived at src, 7, Elevator call,603.9342326983083,7,0,2,1
653.0, elevID,3,  pos,7,  cmd, goto,0
658.0,Elev,2,  arrived at src, 0, Elevator call,626.2116172047942,0,1,2,0
658.0, elevID,2,  pos,0,  cmd, goto,1
661.0,Elevator call,660.0732907797126,6,10,1,1, got allocated to elevator, 1
662.0,Elevator call,661.0420820268716,-1,3,1,0, got allocated to elevator, 0
663.0,Elevator call,662.1730527520776,-1,5,1,0, got allocated to elevator, 0
666.0,Elevator call,665.1155548533167,-1,8,1,0, got allocated to elevator, 0
667.0,Elevator call,666.0340294605869,4,0,1,1, got allocated to elevator, 1
667.0,Elevator call,666.2411586665262,5,-1,1,1, got allocated to elevator, 1
669.0,Elev,2,  arrived at dest, 1, this call is done!, Elevator call,626.2116172047942,0,1,3,0, Done, dt, 42.78838279520585
670.0,Elev,3,  arrived at dest, 0, this call is done!, Elevator call,603.9342326983083,7,0,3,1, Done, dt, 66.06576730169172
671.0, elevID,3,  pos,0,  cmd, goto,6
673.0,Elevator call,672.677314157026,0,-1,1,1, got allocated to elevator, 1
673.0, elevID,2,  pos,1,  cmd, goto,-1
678.0,Elevator call,677.7341948387335,0,-1,1,1, got allocated to elevator, 1
679.0,Elevator call,678.9953584914538,-1,-2,1,0, got allocated to elevator, 0
685.0,Elev,2,  arrived at src, -1, Elevator call,661.0420820268716,-1,3,2,0
685.0,Elev,2,  arrived at src, -1, Elevator call,662.1730527520776,-1,5,2,0
685.0,Elev,2,  arrived at src, -1, Elevator call,665.1155548533167,-1,8,2,0
685.0,Elev,2,  arrived at src, -1, Elevator call,678.9953584914538,-1,-2,2,0
685.0, elevID,2,  pos,-1,  cmd, goto,8
687.0,Elev,3,  arrived at src, 6, Elevator call,660.0732907797126,6,10,2,1
687.0, elevID,3,  pos,6,  cmd, goto,10
696.0,Elevator call,695.2239881566923,0,10,1,1, got allocated to elevator, 1
701.0,Elev,3,  arrived at dest, 10, this call is done!, Elevator call,660.0732907797126,6,10,3,1, Done, dt, 40.92670922028742
702.0, elevID,3,  pos,10,  cmd, goto,5
704.0,Elev,2,  arrived at dest, 8, this call is done!, Elevator call,665.1155548533167,-1,8,3,0, Done, dt, 38.88444514668333
705.0, elevID,2,  pos,8,  cmd, goto,-2
707.0,Elevator call,706.1583474999188,-1,-2,1,0, got allocated to elevator, 0
711.0,Elevator call,710.3249770041223,0,1,1,1, got allocated to elevator, 1
714.0,Elevator call,713.0191971398395,1,0,1,1, got allocated to elevator, 1
714.0,Elevator call,713.2499766424826,10,-1,1,0, got allocated to elevator, 0
717.0,Elev,3,  arrived at src, 5, Elevator call,666.2411586665262,5,-1,2,1
717.0, elevID,3,  pos,5,  cmd, goto,-1
723.0,Elevator call,722.6161212799507,10,0,1,0, got allocated to elevator, 0
725.0,Elev,2,  arrived at dest, -2, this call is done!, Elevator call,678.9953584914538,-1,-2,3,0, Done, dt, 46.00464150854623
726.0, elevID,2,  pos,-2,  cmd, goto,-1
728.0,Elevator call,727.514602863032,-1,0,1,0, got allocated to elevator, 0
733.0,Elevator call,732.9746341348998,6,-1,1,0, got allocated to elevator, 0
733.0,Elev,3,  arrived at dest, -1, this call is done!, Elevator call,565.0195521745534,0,-1,3,1, Done, dt, 167.98044782544662
733.0,Elev,3,  arrived at dest, -1, this call is done!, Elevator call,666.2411586665262,5,-1,3,1, Done, dt, 66.75884133347381
734.0, elevID,3,  pos,-1,  cmd, goto,4
737.0,Elev,2,  arrived at src, -1, Elevator call,706.1583474999188,-1,-2,2,0
737.0,Elev,2,  arrived at src, -1, Elevator call,727.514602863032,-1,0,2,0
737.0, elevID,2,  pos,-1,  cmd, goto,-2
738.0,Elevator call,737.314720213409,1,0,1,1, got allocated to elevator, 1
748.0,Elev,2,  arrived at dest, -2, this call is done!, Elevator call,706.1583474999188,-1,-2,3,0, Done, dt, 41.84165250008118
749.0, elevID,2,  pos,-2,  cmd, goto,0
749.0,Elev,3,  arrived at src, 4, Elevator call,666.0340294605869,4,0,2,1
749.0, elevID,3,  pos,4,  cmd, goto,0
761.0,Elev,2,  arrived at dest, 0, this call is done!, Elevator call,727.514602863032,-1,0,3,0, Done, dt, 33.485397136968004
762.0, elevID,2,  pos,0,  cmd, goto,5
763.0,Elev,3,  arrived at dest, 0, this call is done!, Elevator call,666.0340294605869,4,0,3,1, Done, dt, 96.96597053941309
763.0,Elev,3,  arrived at src, 0, Elevator call,672.677314157026,0,-1,2,1
763.0,Elev,3,  arrived at src, 0, Elevator call,677.7341948387335,0,-1,2,1
763.0,Elev,3,  arrived at src, 0, Elevator call,695.2239881566923,0,10,2,1
763.0,Elev,3,  arrived at src, 0, Elevator call,710.3249770041223,0,1,2,1
764.0, elevID,3,  pos,0,  cmd, goto,1
775.0,Elev,3,  arrived at src, 1, Elevator call,600.9312879686208,1,0,2,1
775.0,Elev,3,  arrived at dest, 1, this call is done!, Elevator call,710.3249770041223,0,1,3,1, Done, dt, 64.67502299587773
775.0,Elev,3,  arrived at src, 1, Elevator call,713.0191971398395,1,0,2,1
775.0,Elev,3,  arrived at src, 1, Elevator call,737.314720213409,1,0,2,1
775.0, elevID,3,  pos,1,  cmd, goto,0
777.0,Elev,2,  arrived at dest, 5, this call is done!, Elevator call,662.1730527520776,-1,5,3,0, Done, dt, 114.82694724792236
778.0, elevID,2,  pos,5,  cmd, goto,3
780.0,Elevator call,779.399691386574,-1,5,1,0, got allocated to elevator, 0
786.0,Elev,3,  arrived at dest, 0, this call is done!, Elevator call,600.9312879686208,1,0,3,1, Done, dt, 185.06871203137916
786.0,Elev,3,  arrived at dest, 0, this call is done!, Elevator call,713.0191971398395,1,0,3,1, Done, dt, 72.98080286016045
786.0,Elev,3,  arrived at dest, 0, this call is done!, Elevator call,737.314720213409,1,0,3,1, Done, dt, 48.68527978659097
790.0,Elev,2,  arrived at dest, 3, this call is done!, Elevator call,661.0420820268716,-1,3,3,0, Done, dt, 128.95791797312836
791.0, elevID,2,  pos,3,  cmd, goto,-1
792.0, elevID,3,  pos,0,  cmd, goto,10
805.0,Elev,2,  arrived at src, -1, Elevator call,779.399691386574,-1,5,2,0
805.0, elevID,2,  pos,-1,  cmd, goto,5
806.0,Elevator call,805.6754743307536,-1,-2,1,0, got allocated to elevator, 0
811.0,Elevator call,810.4469089359914,2,0,1,0, got allocated to elevator, 0
812.0,Elev,3,  arrived at dest, 10, this call is done!, Elevator call,695.2239881566923,0,10,3,1, Done, dt, 116.77601184330774
813.0, elevID,3,  pos,10,  cmd, goto,-1
817.0,Elevator call,816.1516998390152,7,-1,1,1, got allocated to elevator, 1
821.0,Elev,2,  arrived at dest, 5, this call is done!, Elevator call,779.399691386574,-1,5,3,0, Done, dt, 41.60030861342602
822.0, elevID,2,  pos,5,  cmd, goto,-1
826.0,Elevator call,825.4575184586336,7,0,1,1, got allocated to elevator, 1
834.0,Elev,3,  arrived at dest, -1, this call is done!, Elevator call,672.677314157026,0,-1,3,1, Done, dt, 161.322685842974
834.0,Elev,3,  arrived at dest, -1, this call is done!, Elevator call,677.7341948387335,0,-1,3,1, Done, dt, 156.26580516126648
838.0,Elev,2,  arrived at src, -1, Elevator call,805.6754743307536,-1,-2,2,0
838.0, elevID,2,  pos,-1,  cmd, goto,-2
840.0, elevID,3,  pos,-1,  cmd, goto,3
840.0,Elevator call,839.8525652620532,0,1,1,1, got allocated to elevator, 1
849.0,Elev,2,  arrived at dest, -2, this call is done!, Elevator call,805.6754743307536,-1,-2,3,0, Done, dt, 43.32452566924644
850.0, elevID,2,  pos,-2,  cmd, goto,2
854.0,Elev,3,  arrived at dest, 3, this call is done!, Elevator call,581.8703090238192,0,3,3,1, Done, dt, 272.12969097618077
855.0, elevID,3,  pos,3,  cmd, goto,0
855.0,Elevator call,854.2002278085795,6,-1,1,1, got allocated to elevator, 1
864.0,Elevator call,863.893291272948,0,-1,1,1, got allocated to elevator, 1
864.0,Elev,2,  arrived at dest, 2, this call is done!, Elevator call,643.8547514955396,-1,2,3,0, Done, dt, 220.14524850446037
864.0,Elev,2,  arrived at src, 2, Elevator call,810.4469089359914,2,0,2,0
868.0,Elev,3,  arrived at src, 0, Elevator call,839.8525652620532,0,1,2,1
868.0,Elev,3,  arrived at src, 0, Elevator call,863.893291272948,0,-1,2,1
868.0, elevID,3,  pos,0,  cmd, goto,1
871.0,Elevator call,870.5053023797483,0,7,1,1, got allocated to elevator, 1
872.0, elevID,2,  pos,2,  cmd, goto,0
879.0,Elev,3,  arrived at dest, 1, this call is done!, Elevator call,839.8525652620532,0,1,3,1, Done, dt, 39.14743473794681
880.0, elevID,3,  pos,1,  cmd, goto,0
884.0,Elev,2,  arrived at dest, 0, this call is done!, Elevator call,810.4469089359914,2,0,3,0, Done, dt, 73.55309106400864
887.0,Elevator call,886.5649993239458,-1,-2,1,1, got allocated to elevator, 1
890.0, elevID,2,  pos,0,  cmd, goto,6
891.0,Elev,3,  arrived at src, 0, Elevator call,870.5053023797483,0,7,2,1
891.0, elevID,3,  pos,0,  cmd, goto,7
893.0,Elevator call,892.5212150591021,9,-1,1,0, got allocated to elevator, 0
906.0,Elev,2,  arrived at src, 6, Elevator call,732.9746341348998,6,-1,2,0
906.0, elevID,2,  pos,6,  cmd, goto,-1
908.0,Elev,3,  arrived at src, 7, Elevator call,816.1516998390152,7,-1,2,1
908.0,Elev,3,  arrived at src, 7, Elevator call,825.4575184586336,7,0,2,1
908.0,Elev,3,  arrived at dest, 7, this call is done!, Elevator call,870.5053023797483,0,7,3,1, Done, dt, 37.49469762025171
909.0, elevID,3,  pos,7,  cmd, goto,-1
911.0,Elevator call,910.5388559417848,6,5,1,0, got allocated to elevator, 0
916.0,Elevator call,915.9490574608818,4,-1,1,0, got allocated to elevator, 0
923.0,Elev,2,  arrived at dest, -1, this call is done!, Elevator call,732.9746341348998,6,-1,3,0, Done, dt, 190.02536586510018
924.0, elevID,2,  pos,-1,  cmd, goto,6
927.0,Elev,3,  arrived at dest, -1, this call is done!, Elevator call,816.1516998390152,7,-1,3,1, Done, dt, 110.84830016098476
927.0,Elev,3,  arrived at dest, -1, this call is done!, Elevator call,863.893291272948,0,-1,3,1, Done, dt, 63.10670872705202
927.0,Elev,3,  arrived at src, -1, Elevator call,886.5649993239458,-1,-2,2,1
930.0, elevID,3,  pos,-1,  cmd, goto,-2
934.0,Elevator call,933.8580452488764,7,5,1,0, got allocated to elevator, 0
941.0,Elev,2,  arrived at src, 6, Elevator call,910.5388559417848,6,5,2,0
941.0, elevID,2,  pos,6,  cmd, goto,5
941.0,Elev,3,  arrived at dest, -2, this call is done!, Elevator call,886.5649993239458,-1,-2,3,1, Done, dt, 54.43500067605419
949.0, elevID,3,  pos,-2,  cmd, goto,6
952.0,Elev,2,  arrived at dest, 5, this call is done!, Elevator call,910.5388559417848,6,5,3,0, Done, dt, 41.461144058215154
953.0, elevID,2,  pos,5,  cmd, goto,7
962.0,Elevator call,961.6862855708133,6,-1,1,1, got allocated to elevator, 1
965.0,Elev,2,  arrived at src, 7, Elevator call,933.8580452488764,7,5,2,0
965.0, elevID,2,  pos,7,  cmd, goto,5
967.0,Elev,3,  arrived at src, 6, Elevator call,854.2002278085795,6,-1,2,1
967.0,Elev,3,  arrived at src, 6, Elevator call,961.6862855708133,6,-1,2,1
967.0, elevID,3,  pos,6,  cmd, goto,-1
973.0,Elevator call,972.8032126022729,1,0,1,1, got allocated to elevator, 1
976.0,Elevator call,975.8361202753667,0,-1,1,1, got allocated to elevator, 1
977.0,Elev,2,  arrived at dest, 5, this call is done!, Elevator call,933.8580452488764,7,5,3,0, Done, dt, 43.14195475112365
979.0,Elevator call,978.5925148564796,10,0,1,1, got allocated to elevator, 1
979.0,Elevator call,978.6210500641439,10,-1,1,1, got allocated to elevator, 1
979.0, elevID,2,  pos,5,  cmd, goto,9
984.0,Elev,3,  arrived at dest, -1, this call is done!, Elevator call,854.2002278085795,6,-1,3,1, Done, dt, 129.79977219142052
984.0,Elev,3,  arrived at dest, -1, this call is done!, Elevator call,961.6862855708133,6,-1,3,1, Done, dt, 22.31371442918669
985.0,Elevator call,984.1840185574983,7,0,1,1, got allocated to elevator, 1
985.0, elevID,3,  pos,-1,  cmd, goto,7
993.0,Elev,2,  arrived at src, 9, Elevator call,619.6454196970012,9,0,2,0
993.0,Elev,2,  arrived at src, 9, Elevator call,892.5212150591021,9,-1,2,0
993.0, elevID,2,  pos,9,  cmd, goto,-1
1000.0,************* Simulation Ended ************
Code Owners,123456789,  Case,2,  Total waiting time: 8132.792822120195,  average waiting time per call: 81.32792822120194,  unCompleted calls,11,  certificate, -2854490302
