**** The Simulator log: stage 2
0.0,OOP_Ex0_Elevator_Simulator
0.0,Simulated Building, ex0.simulator.Builging_A [-2,10]
0) ex0.simulator.Elevator_A, Elev_0, speed: 1.0, open/close: 2.0,  start/stop: 3.0
1) ex0.simulator.Elevator_A, Elev_1, speed: 1.0, open/close: 2.0,  start/stop: 3.0
0.0,Simulated Period starTime,0.0,  endTime,1000.0,  dt,1.0
0.0,Simulated  calls,Elevetor log, size: 100
0.0,**** Simulation starts!! ****
5.0,Elevator call,4.374727290393253,0,-1,1,0, got allocated to elevator, 0
5.0, elevID,2,  pos,-2,  cmd, goto,0
17.0,Elevator call,16.957882888088932,-1,0,1,1, got allocated to elevator, 1
17.0,Elev,2,  arrived at src, 0, Elevator call,4.374727290393253,0,-1,2,0
17.0, elevID,2,  pos,0,  cmd, goto,0
17.0, elevID,3,  pos,-2,  cmd, goto,-1
18.0, elevID,2,  pos,0,  cmd, goto,0
19.0, elevID,2,  pos,0,  cmd, goto,0
20.0, elevID,2,  pos,0,  cmd, goto,0
21.0, elevID,2,  pos,0,  cmd, goto,0
22.0, elevID,2,  pos,0,  cmd, goto,0
23.0, elevID,2,  pos,0,  cmd, goto,0
23.0,Elevator call,22.094056301593582,0,-1,1,0, got allocated to elevator, 0
23.0,Elev,2,  arrived at src, 0, Elevator call,22.094056301593582,0,-1,2,0
23.0, elevID,2,  pos,0,  cmd, goto,0
24.0, elevID,2,  pos,0,  cmd, goto,0
25.0, elevID,2,  pos,0,  cmd, goto,0
26.0, elevID,2,  pos,0,  cmd, goto,0
27.0, elevID,2,  pos,0,  cmd, goto,0
28.0, elevID,2,  pos,0,  cmd, goto,0
28.0,Elev,3,  arrived at src, -1, Elevator call,16.957882888088932,-1,0,2,1
28.0, elevID,3,  pos,-1,  cmd, goto,-1
29.0, elevID,2,  pos,0,  cmd, goto,0
29.0, elevID,3,  pos,-1,  cmd, goto,-1
30.0, elevID,2,  pos,0,  cmd, goto,0
30.0, elevID,3,  pos,-1,  cmd, goto,-1
31.0, elevID,2,  pos,0,  cmd, goto,0
31.0, elevID,3,  pos,-1,  cmd, goto,-1
32.0, elevID,2,  pos,0,  cmd, goto,0
32.0, elevID,3,  pos,-1,  cmd, goto,-1
33.0, elevID,2,  pos,0,  cmd, goto,0
33.0, elevID,3,  pos,-1,  cmd, goto,-1
34.0, elevID,2,  pos,0,  cmd, goto,0
34.0, elevID,3,  pos,-1,  cmd, goto,-1
35.0, elevID,2,  pos,0,  cmd, goto,0
35.0, elevID,3,  pos,-1,  cmd, goto,-1
36.0, elevID,2,  pos,0,  cmd, goto,0
36.0, elevID,3,  pos,-1,  cmd, goto,-1
37.0, elevID,2,  pos,0,  cmd, goto,0
37.0, elevID,3,  pos,-1,  cmd, goto,-1
38.0, elevID,2,  pos,0,  cmd, goto,0
38.0, elevID,3,  pos,-1,  cmd, goto,-1
39.0, elevID,2,  pos,0,  cmd, goto,0
39.0, elevID,3,  pos,-1,  cmd, goto,-1
40.0, elevID,2,  pos,0,  cmd, goto,0
40.0, elevID,3,  pos,-1,  cmd, goto,-1
41.0, elevID,2,  pos,0,  cmd, goto,0
41.0, elevID,3,  pos,-1,  cmd, goto,-1
42.0, elevID,2,  pos,0,  cmd, goto,0
42.0, elevID,3,  pos,-1,  cmd, goto,-1
43.0, elevID,2,  pos,0,  cmd, goto,0
43.0, elevID,3,  pos,-1,  cmd, goto,-1
44.0, elevID,2,  pos,0,  cmd, goto,0
44.0, elevID,3,  pos,-1,  cmd, goto,-1
45.0, elevID,2,  pos,0,  cmd, goto,0
45.0, elevID,3,  pos,-1,  cmd, goto,-1
46.0, elevID,2,  pos,0,  cmd, goto,0
46.0, elevID,3,  pos,-1,  cmd, goto,-1
47.0, elevID,2,  pos,0,  cmd, goto,0
47.0, elevID,3,  pos,-1,  cmd, goto,-1
48.0, elevID,2,  pos,0,  cmd, goto,0
48.0, elevID,3,  pos,-1,  cmd, goto,-1
49.0, elevID,2,  pos,0,  cmd, goto,0
49.0, elevID,3,  pos,-1,  cmd, goto,-1
50.0, elevID,2,  pos,0,  cmd, goto,0
50.0, elevID,3,  pos,-1,  cmd, goto,-1
51.0, elevID,2,  pos,0,  cmd, goto,0
51.0, elevID,3,  pos,-1,  cmd, goto,-1
52.0, elevID,2,  pos,0,  cmd, goto,0
52.0, elevID,3,  pos,-1,  cmd, goto,-1
53.0, elevID,2,  pos,0,  cmd, goto,0
53.0, elevID,3,  pos,-1,  cmd, goto,-1
54.0, elevID,2,  pos,0,  cmd, goto,0
54.0, elevID,3,  pos,-1,  cmd, goto,-1
55.0, elevID,2,  pos,0,  cmd, goto,0
55.0, elevID,3,  pos,-1,  cmd, goto,-1
56.0, elevID,2,  pos,0,  cmd, goto,0
56.0, elevID,3,  pos,-1,  cmd, goto,-1
57.0, elevID,2,  pos,0,  cmd, goto,0
57.0, elevID,3,  pos,-1,  cmd, goto,-1
58.0, elevID,2,  pos,0,  cmd, goto,0
58.0, elevID,3,  pos,-1,  cmd, goto,-1
59.0, elevID,2,  pos,0,  cmd, goto,0
59.0, elevID,3,  pos,-1,  cmd, goto,-1
60.0, elevID,2,  pos,0,  cmd, goto,0
60.0, elevID,3,  pos,-1,  cmd, goto,-1
61.0, elevID,2,  pos,0,  cmd, goto,0
61.0, elevID,3,  pos,-1,  cmd, goto,-1
62.0, elevID,2,  pos,0,  cmd, goto,0
62.0, elevID,3,  pos,-1,  cmd, goto,-1
63.0, elevID,2,  pos,0,  cmd, goto,0
63.0, elevID,3,  pos,-1,  cmd, goto,-1
64.0, elevID,2,  pos,0,  cmd, goto,0
64.0, elevID,3,  pos,-1,  cmd, goto,-1
65.0, elevID,2,  pos,0,  cmd, goto,0
65.0, elevID,3,  pos,-1,  cmd, goto,-1
66.0, elevID,2,  pos,0,  cmd, goto,0
66.0, elevID,3,  pos,-1,  cmd, goto,-1
67.0, elevID,2,  pos,0,  cmd, goto,0
67.0, elevID,3,  pos,-1,  cmd, goto,-1
68.0, elevID,2,  pos,0,  cmd, goto,0
68.0, elevID,3,  pos,-1,  cmd, goto,-1
69.0, elevID,2,  pos,0,  cmd, goto,0
69.0, elevID,3,  pos,-1,  cmd, goto,-1
70.0, elevID,2,  pos,0,  cmd, goto,0
70.0, elevID,3,  pos,-1,  cmd, goto,-1
71.0, elevID,2,  pos,0,  cmd, goto,0
71.0, elevID,3,  pos,-1,  cmd, goto,-1
72.0, elevID,2,  pos,0,  cmd, goto,0
72.0, elevID,3,  pos,-1,  cmd, goto,-1
73.0, elevID,2,  pos,0,  cmd, goto,0
73.0, elevID,3,  pos,-1,  cmd, goto,-1
74.0, elevID,2,  pos,0,  cmd, goto,0
74.0, elevID,3,  pos,-1,  cmd, goto,-1
75.0, elevID,2,  pos,0,  cmd, goto,0
75.0, elevID,3,  pos,-1,  cmd, goto,-1
76.0, elevID,2,  pos,0,  cmd, goto,0
76.0, elevID,3,  pos,-1,  cmd, goto,-1
77.0, elevID,2,  pos,0,  cmd, goto,0
77.0, elevID,3,  pos,-1,  cmd, goto,-1
78.0, elevID,2,  pos,0,  cmd, goto,0
78.0, elevID,3,  pos,-1,  cmd, goto,-1
79.0, elevID,2,  pos,0,  cmd, goto,0
79.0, elevID,3,  pos,-1,  cmd, goto,-1
80.0, elevID,2,  pos,0,  cmd, goto,0
80.0, elevID,3,  pos,-1,  cmd, goto,-1
81.0, elevID,2,  pos,0,  cmd, goto,0
81.0, elevID,3,  pos,-1,  cmd, goto,-1
82.0, elevID,2,  pos,0,  cmd, goto,0
82.0, elevID,3,  pos,-1,  cmd, goto,-1
83.0, elevID,2,  pos,0,  cmd, goto,0
83.0, elevID,3,  pos,-1,  cmd, goto,-1
84.0, elevID,2,  pos,0,  cmd, goto,0
84.0, elevID,3,  pos,-1,  cmd, goto,-1
85.0, elevID,2,  pos,0,  cmd, goto,0
85.0, elevID,3,  pos,-1,  cmd, goto,-1
86.0, elevID,3,  pos,-1,  cmd, goto,-1
86.0,Elevator call,85.5209666204754,3,2,1,1, got allocated to elevator, 1
86.0, elevID,2,  pos,0,  cmd, goto,0
86.0, elevID,3,  pos,-1,  cmd, goto,-1
87.0, elevID,2,  pos,0,  cmd, goto,0
87.0, elevID,3,  pos,-1,  cmd, goto,-1
88.0, elevID,2,  pos,0,  cmd, goto,0
88.0, elevID,3,  pos,-1,  cmd, goto,-1
89.0, elevID,2,  pos,0,  cmd, goto,0
89.0, elevID,3,  pos,-1,  cmd, goto,-1
90.0, elevID,2,  pos,0,  cmd, goto,0
90.0, elevID,3,  pos,-1,  cmd, goto,-1
91.0, elevID,2,  pos,0,  cmd, goto,0
91.0, elevID,3,  pos,-1,  cmd, goto,-1
92.0, elevID,2,  pos,0,  cmd, goto,0
92.0,Elevator call,91.21019413453945,-1,-2,1,0, got allocated to elevator, 0
92.0, elevID,2,  pos,0,  cmd, goto,0
92.0, elevID,3,  pos,-1,  cmd, goto,-1
93.0, elevID,2,  pos,0,  cmd, goto,0
93.0, elevID,3,  pos,-1,  cmd, goto,-1
94.0, elevID,2,  pos,0,  cmd, goto,0
94.0, elevID,3,  pos,-1,  cmd, goto,-1
95.0, elevID,2,  pos,0,  cmd, goto,0
95.0, elevID,3,  pos,-1,  cmd, goto,-1
96.0, elevID,2,  pos,0,  cmd, goto,0
96.0, elevID,3,  pos,-1,  cmd, goto,-1
97.0, elevID,2,  pos,0,  cmd, goto,0
97.0, elevID,3,  pos,-1,  cmd, goto,-1
98.0, elevID,2,  pos,0,  cmd, goto,0
98.0, elevID,3,  pos,-1,  cmd, goto,-1
99.0, elevID,2,  pos,0,  cmd, goto,0
99.0, elevID,3,  pos,-1,  cmd, goto,-1
100.0, elevID,2,  pos,0,  cmd, goto,0
100.0, elevID,3,  pos,-1,  cmd, goto,-1
101.0, elevID,2,  pos,0,  cmd, goto,0
101.0, elevID,3,  pos,-1,  cmd, goto,-1
102.0, elevID,2,  pos,0,  cmd, goto,0
102.0, elevID,3,  pos,-1,  cmd, goto,-1
103.0, elevID,2,  pos,0,  cmd, goto,0
103.0, elevID,3,  pos,-1,  cmd, goto,-1
104.0, elevID,2,  pos,0,  cmd, goto,0
104.0, elevID,3,  pos,-1,  cmd, goto,-1
105.0, elevID,3,  pos,-1,  cmd, goto,-1
105.0,Elevator call,104.13701241869234,0,4,1,1, got allocated to elevator, 1
105.0, elevID,2,  pos,0,  cmd, goto,0
105.0, elevID,3,  pos,-1,  cmd, goto,-1
106.0, elevID,2,  pos,0,  cmd, goto,0
106.0, elevID,3,  pos,-1,  cmd, goto,-1
107.0, elevID,2,  pos,0,  cmd, goto,0
107.0, elevID,3,  pos,-1,  cmd, goto,-1
108.0, elevID,2,  pos,0,  cmd, goto,0
108.0, elevID,3,  pos,-1,  cmd, goto,-1
109.0, elevID,2,  pos,0,  cmd, goto,0
109.0, elevID,3,  pos,-1,  cmd, goto,-1
110.0, elevID,3,  pos,-1,  cmd, goto,-1
110.0,Elevator call,109.21352909346587,-1,0,1,1, got allocated to elevator, 1
110.0, elevID,2,  pos,0,  cmd, goto,0
110.0,Elev,3,  arrived at src, -1, Elevator call,109.21352909346587,-1,0,2,1
110.0, elevID,3,  pos,-1,  cmd, goto,-1
111.0, elevID,2,  pos,0,  cmd, goto,0
111.0, elevID,3,  pos,-1,  cmd, goto,-1
112.0, elevID,2,  pos,0,  cmd, goto,0
112.0, elevID,3,  pos,-1,  cmd, goto,-1
113.0, elevID,2,  pos,0,  cmd, goto,0
113.0, elevID,3,  pos,-1,  cmd, goto,-1
114.0, elevID,2,  pos,0,  cmd, goto,0
114.0, elevID,3,  pos,-1,  cmd, goto,-1
115.0, elevID,2,  pos,0,  cmd, goto,0
115.0,Elevator call,114.39235096774041,3,0,1,0, got allocated to elevator, 0
115.0, elevID,2,  pos,0,  cmd, goto,0
115.0, elevID,3,  pos,-1,  cmd, goto,-1
116.0, elevID,2,  pos,0,  cmd, goto,0
116.0, elevID,3,  pos,-1,  cmd, goto,-1
117.0, elevID,2,  pos,0,  cmd, goto,0
117.0, elevID,3,  pos,-1,  cmd, goto,-1
118.0, elevID,2,  pos,0,  cmd, goto,0
118.0, elevID,3,  pos,-1,  cmd, goto,-1
119.0, elevID,2,  pos,0,  cmd, goto,0
119.0, elevID,3,  pos,-1,  cmd, goto,-1
120.0, elevID,2,  pos,0,  cmd, goto,0
120.0, elevID,3,  pos,-1,  cmd, goto,-1
121.0, elevID,2,  pos,0,  cmd, goto,0
121.0, elevID,3,  pos,-1,  cmd, goto,-1
122.0, elevID,2,  pos,0,  cmd, goto,0
122.0, elevID,3,  pos,-1,  cmd, goto,-1
123.0, elevID,2,  pos,0,  cmd, goto,0
123.0, elevID,3,  pos,-1,  cmd, goto,-1
124.0, elevID,2,  pos,0,  cmd, goto,0
124.0, elevID,3,  pos,-1,  cmd, goto,-1
125.0, elevID,2,  pos,0,  cmd, goto,0
125.0,Elevator call,124.42557095980362,0,9,1,0, got allocated to elevator, 0
125.0,Elev,2,  arrived at src, 0, Elevator call,124.42557095980362,0,9,2,0
125.0, elevID,2,  pos,0,  cmd, goto,0
125.0, elevID,3,  pos,-1,  cmd, goto,-1
126.0, elevID,2,  pos,0,  cmd, goto,0
126.0, elevID,3,  pos,-1,  cmd, goto,-1
127.0, elevID,2,  pos,0,  cmd, goto,0
127.0, elevID,3,  pos,-1,  cmd, goto,-1
128.0, elevID,2,  pos,0,  cmd, goto,0
128.0, elevID,3,  pos,-1,  cmd, goto,-1
129.0, elevID,2,  pos,0,  cmd, goto,0
129.0, elevID,3,  pos,-1,  cmd, goto,-1
130.0, elevID,2,  pos,0,  cmd, goto,0
130.0, elevID,3,  pos,-1,  cmd, goto,-1
131.0, elevID,3,  pos,-1,  cmd, goto,-1
131.0,Elevator call,130.02495678190564,8,10,1,1, got allocated to elevator, 1
131.0, elevID,3,  pos,-1,  cmd, goto,-1
131.0,Elevator call,130.224911275492,-1,1,1,1, got allocated to elevator, 1
131.0, elevID,2,  pos,0,  cmd, goto,0
131.0,Elev,3,  arrived at src, -1, Elevator call,130.224911275492,-1,1,2,1
131.0, elevID,3,  pos,-1,  cmd, goto,-1
132.0, elevID,2,  pos,0,  cmd, goto,0
132.0, elevID,3,  pos,-1,  cmd, goto,-1
133.0, elevID,2,  pos,0,  cmd, goto,0
133.0, elevID,3,  pos,-1,  cmd, goto,-1
134.0, elevID,2,  pos,0,  cmd, goto,0
134.0, elevID,3,  pos,-1,  cmd, goto,-1
135.0, elevID,2,  pos,0,  cmd, goto,0
135.0, elevID,3,  pos,-1,  cmd, goto,-1
136.0, elevID,2,  pos,0,  cmd, goto,0
136.0, elevID,3,  pos,-1,  cmd, goto,-1
137.0, elevID,2,  pos,0,  cmd, goto,0
137.0, elevID,3,  pos,-1,  cmd, goto,-1
138.0, elevID,2,  pos,0,  cmd, goto,0
138.0,Elevator call,137.9515274326701,0,4,1,0, got allocated to elevator, 0
138.0,Elev,2,  arrived at src, 0, Elevator call,137.9515274326701,0,4,2,0
138.0, elevID,2,  pos,0,  cmd, goto,0
138.0, elevID,3,  pos,-1,  cmd, goto,-1
139.0, elevID,2,  pos,0,  cmd, goto,0
139.0, elevID,3,  pos,-1,  cmd, goto,-1
140.0, elevID,2,  pos,0,  cmd, goto,0
140.0, elevID,3,  pos,-1,  cmd, goto,-1
141.0, elevID,2,  pos,0,  cmd, goto,0
141.0, elevID,3,  pos,-1,  cmd, goto,-1
142.0, elevID,2,  pos,0,  cmd, goto,0
142.0, elevID,3,  pos,-1,  cmd, goto,-1
143.0, elevID,2,  pos,0,  cmd, goto,0
143.0, elevID,3,  pos,-1,  cmd, goto,-1
144.0, elevID,2,  pos,0,  cmd, goto,0
144.0,Elevator call,143.91335838799415,0,6,1,0, got allocated to elevator, 0
144.0,Elev,2,  arrived at src, 0, Elevator call,143.91335838799415,0,6,2,0
144.0, elevID,2,  pos,0,  cmd, goto,0
144.0, elevID,3,  pos,-1,  cmd, goto,-1
145.0, elevID,2,  pos,0,  cmd, goto,0
145.0, elevID,3,  pos,-1,  cmd, goto,-1
146.0, elevID,2,  pos,0,  cmd, goto,0
146.0, elevID,3,  pos,-1,  cmd, goto,-1
147.0, elevID,2,  pos,0,  cmd, goto,0
147.0, elevID,3,  pos,-1,  cmd, goto,-1
148.0, elevID,2,  pos,0,  cmd, goto,0
148.0, elevID,3,  pos,-1,  cmd, goto,-1
149.0, elevID,2,  pos,0,  cmd, goto,0
149.0, elevID,3,  pos,-1,  cmd, goto,-1
150.0, elevID,2,  pos,0,  cmd, goto,0
150.0, elevID,3,  pos,-1,  cmd, goto,-1
151.0, elevID,2,  pos,0,  cmd, goto,0
151.0, elevID,3,  pos,-1,  cmd, goto,-1
152.0, elevID,2,  pos,0,  cmd, goto,0
152.0, elevID,3,  pos,-1,  cmd, goto,-1
153.0, elevID,2,  pos,0,  cmd, goto,0
153.0, elevID,3,  pos,-1,  cmd, goto,-1
154.0, elevID,2,  pos,0,  cmd, goto,0
154.0, elevID,3,  pos,-1,  cmd, goto,-1
155.0, elevID,2,  pos,0,  cmd, goto,0
155.0, elevID,3,  pos,-1,  cmd, goto,-1
156.0, elevID,2,  pos,0,  cmd, goto,0
156.0, elevID,3,  pos,-1,  cmd, goto,-1
157.0, elevID,2,  pos,0,  cmd, goto,0
157.0, elevID,3,  pos,-1,  cmd, goto,-1
158.0, elevID,2,  pos,0,  cmd, goto,0
158.0, elevID,3,  pos,-1,  cmd, goto,-1
159.0, elevID,2,  pos,0,  cmd, goto,0
159.0, elevID,3,  pos,-1,  cmd, goto,-1
160.0, elevID,2,  pos,0,  cmd, goto,0
160.0, elevID,3,  pos,-1,  cmd, goto,-1
161.0, elevID,2,  pos,0,  cmd, goto,0
161.0, elevID,3,  pos,-1,  cmd, goto,-1
162.0, elevID,2,  pos,0,  cmd, goto,0
162.0, elevID,3,  pos,-1,  cmd, goto,-1
163.0, elevID,2,  pos,0,  cmd, goto,0
163.0, elevID,3,  pos,-1,  cmd, goto,-1
164.0, elevID,2,  pos,0,  cmd, goto,0
164.0, elevID,3,  pos,-1,  cmd, goto,-1
165.0, elevID,2,  pos,0,  cmd, goto,0
165.0, elevID,3,  pos,-1,  cmd, goto,-1
166.0, elevID,2,  pos,0,  cmd, goto,0
166.0, elevID,3,  pos,-1,  cmd, goto,-1
167.0, elevID,2,  pos,0,  cmd, goto,0
167.0, elevID,3,  pos,-1,  cmd, goto,-1
168.0, elevID,2,  pos,0,  cmd, goto,0
168.0, elevID,3,  pos,-1,  cmd, goto,-1
169.0, elevID,2,  pos,0,  cmd, goto,0
169.0, elevID,3,  pos,-1,  cmd, goto,-1
170.0, elevID,3,  pos,-1,  cmd, goto,-1
170.0,Elevator call,169.78458339380109,-1,0,1,1, got allocated to elevator, 1
170.0, elevID,2,  pos,0,  cmd, goto,0
170.0,Elev,3,  arrived at src, -1, Elevator call,169.78458339380109,-1,0,2,1
170.0, elevID,3,  pos,-1,  cmd, goto,-1
171.0, elevID,2,  pos,0,  cmd, goto,0
171.0,Elevator call,170.0099620835246,0,6,1,0, got allocated to elevator, 0
171.0,Elev,2,  arrived at src, 0, Elevator call,170.0099620835246,0,6,2,0
171.0, elevID,2,  pos,0,  cmd, goto,0
171.0, elevID,3,  pos,-1,  cmd, goto,-1
172.0, elevID,2,  pos,0,  cmd, goto,0
172.0,Elevator call,171.21173315221364,-1,8,1,0, got allocated to elevator, 0
172.0, elevID,2,  pos,0,  cmd, goto,0
172.0, elevID,3,  pos,-1,  cmd, goto,-1
173.0, elevID,2,  pos,0,  cmd, goto,0
173.0, elevID,3,  pos,-1,  cmd, goto,-1
174.0, elevID,2,  pos,0,  cmd, goto,0
174.0, elevID,3,  pos,-1,  cmd, goto,-1
175.0, elevID,2,  pos,0,  cmd, goto,0
175.0,Elevator call,174.84385152106802,0,-1,1,0, got allocated to elevator, 0
175.0,Elev,2,  arrived at src, 0, Elevator call,174.84385152106802,0,-1,2,0
175.0, elevID,2,  pos,0,  cmd, goto,0
175.0, elevID,3,  pos,-1,  cmd, goto,-1
176.0, elevID,2,  pos,0,  cmd, goto,0
176.0, elevID,3,  pos,-1,  cmd, goto,-1
177.0, elevID,2,  pos,0,  cmd, goto,0
177.0, elevID,3,  pos,-1,  cmd, goto,-1
178.0, elevID,2,  pos,0,  cmd, goto,0
178.0, elevID,3,  pos,-1,  cmd, goto,-1
179.0, elevID,2,  pos,0,  cmd, goto,0
179.0, elevID,3,  pos,-1,  cmd, goto,-1
180.0, elevID,2,  pos,0,  cmd, goto,0
180.0, elevID,3,  pos,-1,  cmd, goto,-1
181.0, elevID,2,  pos,0,  cmd, goto,0
181.0, elevID,3,  pos,-1,  cmd, goto,-1
182.0, elevID,2,  pos,0,  cmd, goto,0
182.0, elevID,3,  pos,-1,  cmd, goto,-1
183.0, elevID,2,  pos,0,  cmd, goto,0
183.0, elevID,3,  pos,-1,  cmd, goto,-1
184.0, elevID,2,  pos,0,  cmd, goto,0
184.0, elevID,3,  pos,-1,  cmd, goto,-1
185.0, elevID,2,  pos,0,  cmd, goto,0
185.0, elevID,3,  pos,-1,  cmd, goto,-1
186.0, elevID,2,  pos,0,  cmd, goto,0
186.0, elevID,3,  pos,-1,  cmd, goto,-1
187.0, elevID,2,  pos,0,  cmd, goto,0
187.0, elevID,3,  pos,-1,  cmd, goto,-1
188.0, elevID,3,  pos,-1,  cmd, goto,-1
188.0,Elevator call,187.11678617348463,-1,-2,1,1, got allocated to elevator, 1
188.0, elevID,2,  pos,0,  cmd, goto,0
188.0,Elevator call,187.7299317966884,-1,-2,1,0, got allocated to elevator, 0
188.0, elevID,2,  pos,0,  cmd, goto,0
188.0,Elev,3,  arrived at src, -1, Elevator call,187.11678617348463,-1,-2,2,1
188.0, elevID,3,  pos,-1,  cmd, goto,-1
189.0, elevID,2,  pos,0,  cmd, goto,0
189.0, elevID,3,  pos,-1,  cmd, goto,-1
190.0, elevID,2,  pos,0,  cmd, goto,0
190.0, elevID,3,  pos,-1,  cmd, goto,-1
191.0, elevID,2,  pos,0,  cmd, goto,0
191.0, elevID,3,  pos,-1,  cmd, goto,-1
192.0, elevID,2,  pos,0,  cmd, goto,0
192.0, elevID,3,  pos,-1,  cmd, goto,-1
193.0, elevID,2,  pos,0,  cmd, goto,0
193.0, elevID,3,  pos,-1,  cmd, goto,-1
194.0, elevID,2,  pos,0,  cmd, goto,0
194.0, elevID,3,  pos,-1,  cmd, goto,-1
195.0, elevID,2,  pos,0,  cmd, goto,0
195.0, elevID,3,  pos,-1,  cmd, goto,-1
196.0, elevID,3,  pos,-1,  cmd, goto,-1
196.0,Elevator call,195.90869649656992,0,7,1,1, got allocated to elevator, 1
196.0, elevID,2,  pos,0,  cmd, goto,0
196.0, elevID,3,  pos,-1,  cmd, goto,-1
197.0, elevID,2,  pos,0,  cmd, goto,0
197.0, elevID,3,  pos,-1,  cmd, goto,-1
198.0, elevID,3,  pos,-1,  cmd, goto,-1
198.0,Elevator call,197.5359191292572,-1,1,1,1, got allocated to elevator, 1
198.0, elevID,2,  pos,0,  cmd, goto,0
198.0,Elev,3,  arrived at src, -1, Elevator call,197.5359191292572,-1,1,2,1
198.0, elevID,3,  pos,-1,  cmd, goto,-1
199.0, elevID,2,  pos,0,  cmd, goto,0
199.0, elevID,3,  pos,-1,  cmd, goto,-1
200.0, elevID,2,  pos,0,  cmd, goto,0
200.0, elevID,3,  pos,-1,  cmd, goto,-1
201.0, elevID,2,  pos,0,  cmd, goto,0
201.0, elevID,3,  pos,-1,  cmd, goto,-1
202.0, elevID,2,  pos,0,  cmd, goto,0
202.0, elevID,3,  pos,-1,  cmd, goto,-1
203.0, elevID,2,  pos,0,  cmd, goto,0
203.0, elevID,3,  pos,-1,  cmd, goto,-1
204.0, elevID,2,  pos,0,  cmd, goto,0
204.0, elevID,3,  pos,-1,  cmd, goto,-1
205.0, elevID,2,  pos,0,  cmd, goto,0
205.0, elevID,3,  pos,-1,  cmd, goto,-1
206.0, elevID,3,  pos,-1,  cmd, goto,-1
206.0,Elevator call,205.9895199338651,-1,0,1,1, got allocated to elevator, 1
206.0, elevID,2,  pos,0,  cmd, goto,0
206.0,Elev,3,  arrived at src, -1, Elevator call,205.9895199338651,-1,0,2,1
206.0, elevID,3,  pos,-1,  cmd, goto,-1
207.0, elevID,2,  pos,0,  cmd, goto,0
207.0, elevID,3,  pos,-1,  cmd, goto,-1
208.0, elevID,2,  pos,0,  cmd, goto,0
208.0, elevID,3,  pos,-1,  cmd, goto,-1
209.0, elevID,2,  pos,0,  cmd, goto,0
209.0, elevID,3,  pos,-1,  cmd, goto,-1
210.0, elevID,2,  pos,0,  cmd, goto,0
210.0, elevID,3,  pos,-1,  cmd, goto,-1
211.0, elevID,2,  pos,0,  cmd, goto,0
211.0, elevID,3,  pos,-1,  cmd, goto,-1
212.0, elevID,2,  pos,0,  cmd, goto,0
212.0, elevID,3,  pos,-1,  cmd, goto,-1
213.0, elevID,2,  pos,0,  cmd, goto,0
213.0, elevID,3,  pos,-1,  cmd, goto,-1
214.0, elevID,2,  pos,0,  cmd, goto,0
214.0, elevID,3,  pos,-1,  cmd, goto,-1
215.0, elevID,2,  pos,0,  cmd, goto,0
215.0, elevID,3,  pos,-1,  cmd, goto,-1
216.0, elevID,2,  pos,0,  cmd, goto,0
216.0, elevID,3,  pos,-1,  cmd, goto,-1
217.0, elevID,2,  pos,0,  cmd, goto,0
217.0, elevID,3,  pos,-1,  cmd, goto,-1
218.0, elevID,2,  pos,0,  cmd, goto,0
218.0, elevID,3,  pos,-1,  cmd, goto,-1
219.0, elevID,2,  pos,0,  cmd, goto,0
219.0, elevID,3,  pos,-1,  cmd, goto,-1
220.0, elevID,2,  pos,0,  cmd, goto,0
220.0, elevID,3,  pos,-1,  cmd, goto,-1
221.0, elevID,2,  pos,0,  cmd, goto,0
221.0, elevID,3,  pos,-1,  cmd, goto,-1
222.0, elevID,2,  pos,0,  cmd, goto,0
222.0, elevID,3,  pos,-1,  cmd, goto,-1
223.0, elevID,2,  pos,0,  cmd, goto,0
223.0, elevID,3,  pos,-1,  cmd, goto,-1
224.0, elevID,2,  pos,0,  cmd, goto,0
224.0, elevID,3,  pos,-1,  cmd, goto,-1
225.0, elevID,2,  pos,0,  cmd, goto,0
225.0, elevID,3,  pos,-1,  cmd, goto,-1
226.0, elevID,2,  pos,0,  cmd, goto,0
226.0, elevID,3,  pos,-1,  cmd, goto,-1
227.0, elevID,2,  pos,0,  cmd, goto,0
227.0, elevID,3,  pos,-1,  cmd, goto,-1
228.0, elevID,2,  pos,0,  cmd, goto,0
228.0,Elevator call,227.0798304557929,-1,5,1,0, got allocated to elevator, 0
228.0, elevID,2,  pos,0,  cmd, goto,0
228.0, elevID,3,  pos,-1,  cmd, goto,-1
229.0, elevID,2,  pos,0,  cmd, goto,0
229.0, elevID,3,  pos,-1,  cmd, goto,-1
230.0, elevID,2,  pos,0,  cmd, goto,0
230.0, elevID,3,  pos,-1,  cmd, goto,-1
231.0, elevID,2,  pos,0,  cmd, goto,0
231.0, elevID,3,  pos,-1,  cmd, goto,-1
232.0, elevID,3,  pos,-1,  cmd, goto,-1
232.0,Elevator call,231.51578817426258,-1,0,1,1, got allocated to elevator, 1
232.0, elevID,2,  pos,0,  cmd, goto,0
232.0,Elev,3,  arrived at src, -1, Elevator call,231.51578817426258,-1,0,2,1
232.0, elevID,3,  pos,-1,  cmd, goto,-1
233.0, elevID,2,  pos,0,  cmd, goto,0
233.0,Elevator call,232.95043623946805,0,-1,1,0, got allocated to elevator, 0
233.0,Elev,2,  arrived at src, 0, Elevator call,232.95043623946805,0,-1,2,0
233.0, elevID,2,  pos,0,  cmd, goto,0
233.0, elevID,3,  pos,-1,  cmd, goto,-1
234.0, elevID,2,  pos,0,  cmd, goto,0
234.0, elevID,3,  pos,-1,  cmd, goto,-1
235.0, elevID,2,  pos,0,  cmd, goto,0
235.0, elevID,3,  pos,-1,  cmd, goto,-1
236.0, elevID,2,  pos,0,  cmd, goto,0
236.0, elevID,3,  pos,-1,  cmd, goto,-1
237.0, elevID,2,  pos,0,  cmd, goto,0
237.0, elevID,3,  pos,-1,  cmd, goto,-1
238.0, elevID,2,  pos,0,  cmd, goto,0
238.0, elevID,3,  pos,-1,  cmd, goto,-1
239.0, elevID,2,  pos,0,  cmd, goto,0
239.0, elevID,3,  pos,-1,  cmd, goto,-1
240.0, elevID,2,  pos,0,  cmd, goto,0
240.0, elevID,3,  pos,-1,  cmd, goto,-1
241.0, elevID,2,  pos,0,  cmd, goto,0
241.0, elevID,3,  pos,-1,  cmd, goto,-1
242.0, elevID,2,  pos,0,  cmd, goto,0
242.0, elevID,3,  pos,-1,  cmd, goto,-1
243.0, elevID,2,  pos,0,  cmd, goto,0
243.0, elevID,3,  pos,-1,  cmd, goto,-1
244.0, elevID,2,  pos,0,  cmd, goto,0
244.0, elevID,3,  pos,-1,  cmd, goto,-1
245.0, elevID,2,  pos,0,  cmd, goto,0
245.0, elevID,3,  pos,-1,  cmd, goto,-1
246.0, elevID,2,  pos,0,  cmd, goto,0
246.0, elevID,3,  pos,-1,  cmd, goto,-1
247.0, elevID,2,  pos,0,  cmd, goto,0
247.0, elevID,3,  pos,-1,  cmd, goto,-1
248.0, elevID,2,  pos,0,  cmd, goto,0
248.0, elevID,3,  pos,-1,  cmd, goto,-1
249.0, elevID,2,  pos,0,  cmd, goto,0
249.0, elevID,3,  pos,-1,  cmd, goto,-1
250.0, elevID,2,  pos,0,  cmd, goto,0
250.0, elevID,3,  pos,-1,  cmd, goto,-1
251.0, elevID,2,  pos,0,  cmd, goto,0
251.0, elevID,3,  pos,-1,  cmd, goto,-1
252.0, elevID,2,  pos,0,  cmd, goto,0
252.0,Elevator call,251.10444690749756,-1,-2,1,0, got allocated to elevator, 0
252.0, elevID,2,  pos,0,  cmd, goto,0
252.0,Elevator call,251.23593354161653,0,9,1,0, got allocated to elevator, 0
252.0,Elev,2,  arrived at src, 0, Elevator call,251.23593354161653,0,9,2,0
252.0, elevID,2,  pos,0,  cmd, goto,0
252.0, elevID,3,  pos,-1,  cmd, goto,-1
253.0, elevID,2,  pos,0,  cmd, goto,0
253.0, elevID,3,  pos,-1,  cmd, goto,-1
254.0, elevID,2,  pos,0,  cmd, goto,0
254.0, elevID,3,  pos,-1,  cmd, goto,-1
255.0, elevID,3,  pos,-1,  cmd, goto,-1
255.0,Elevator call,254.69771525200505,3,4,1,1, got allocated to elevator, 1
255.0, elevID,2,  pos,0,  cmd, goto,0
255.0, elevID,3,  pos,-1,  cmd, goto,-1
256.0, elevID,2,  pos,0,  cmd, goto,0
256.0, elevID,3,  pos,-1,  cmd, goto,-1
257.0, elevID,2,  pos,0,  cmd, goto,0
257.0, elevID,3,  pos,-1,  cmd, goto,-1
258.0, elevID,3,  pos,-1,  cmd, goto,-1
258.0,Elevator call,257.7974435335086,-1,0,1,1, got allocated to elevator, 1
258.0, elevID,2,  pos,0,  cmd, goto,0
258.0,Elev,3,  arrived at src, -1, Elevator call,257.7974435335086,-1,0,2,1
258.0, elevID,3,  pos,-1,  cmd, goto,-1
259.0, elevID,2,  pos,0,  cmd, goto,0
259.0, elevID,3,  pos,-1,  cmd, goto,-1
260.0, elevID,2,  pos,0,  cmd, goto,0
260.0, elevID,3,  pos,-1,  cmd, goto,-1
261.0, elevID,2,  pos,0,  cmd, goto,0
261.0, elevID,3,  pos,-1,  cmd, goto,-1
262.0, elevID,2,  pos,0,  cmd, goto,0
262.0, elevID,3,  pos,-1,  cmd, goto,-1
263.0, elevID,2,  pos,0,  cmd, goto,0
263.0, elevID,3,  pos,-1,  cmd, goto,-1
264.0, elevID,2,  pos,0,  cmd, goto,0
264.0, elevID,3,  pos,-1,  cmd, goto,-1
265.0, elevID,2,  pos,0,  cmd, goto,0
265.0, elevID,3,  pos,-1,  cmd, goto,-1
266.0, elevID,2,  pos,0,  cmd, goto,0
266.0, elevID,3,  pos,-1,  cmd, goto,-1
267.0, elevID,2,  pos,0,  cmd, goto,0
267.0, elevID,3,  pos,-1,  cmd, goto,-1
268.0, elevID,2,  pos,0,  cmd, goto,0
268.0, elevID,3,  pos,-1,  cmd, goto,-1
269.0, elevID,2,  pos,0,  cmd, goto,0
269.0, elevID,3,  pos,-1,  cmd, goto,-1
270.0, elevID,2,  pos,0,  cmd, goto,0
270.0, elevID,3,  pos,-1,  cmd, goto,-1
271.0, elevID,2,  pos,0,  cmd, goto,0
271.0, elevID,3,  pos,-1,  cmd, goto,-1
272.0, elevID,2,  pos,0,  cmd, goto,0
272.0, elevID,3,  pos,-1,  cmd, goto,-1
273.0, elevID,2,  pos,0,  cmd, goto,0
273.0, elevID,3,  pos,-1,  cmd, goto,-1
274.0, elevID,2,  pos,0,  cmd, goto,0
274.0, elevID,3,  pos,-1,  cmd, goto,-1
275.0, elevID,2,  pos,0,  cmd, goto,0
275.0, elevID,3,  pos,-1,  cmd, goto,-1
276.0, elevID,2,  pos,0,  cmd, goto,0
276.0, elevID,3,  pos,-1,  cmd, goto,-1
277.0, elevID,2,  pos,0,  cmd, goto,0
277.0, elevID,3,  pos,-1,  cmd, goto,-1
278.0, elevID,2,  pos,0,  cmd, goto,0
278.0, elevID,3,  pos,-1,  cmd, goto,-1
279.0, elevID,2,  pos,0,  cmd, goto,0
279.0, elevID,3,  pos,-1,  cmd, goto,-1
280.0, elevID,2,  pos,0,  cmd, goto,0
280.0, elevID,3,  pos,-1,  cmd, goto,-1
281.0, elevID,2,  pos,0,  cmd, goto,0
281.0, elevID,3,  pos,-1,  cmd, goto,-1
282.0, elevID,2,  pos,0,  cmd, goto,0
282.0, elevID,3,  pos,-1,  cmd, goto,-1
283.0, elevID,2,  pos,0,  cmd, goto,0
283.0, elevID,3,  pos,-1,  cmd, goto,-1
284.0, elevID,2,  pos,0,  cmd, goto,0
284.0, elevID,3,  pos,-1,  cmd, goto,-1
285.0, elevID,2,  pos,0,  cmd, goto,0
285.0, elevID,3,  pos,-1,  cmd, goto,-1
286.0, elevID,2,  pos,0,  cmd, goto,0
286.0, elevID,3,  pos,-1,  cmd, goto,-1
287.0, elevID,2,  pos,0,  cmd, goto,0
287.0, elevID,3,  pos,-1,  cmd, goto,-1
288.0, elevID,2,  pos,0,  cmd, goto,0
288.0, elevID,3,  pos,-1,  cmd, goto,-1
289.0, elevID,2,  pos,0,  cmd, goto,0
289.0, elevID,3,  pos,-1,  cmd, goto,-1
290.0, elevID,2,  pos,0,  cmd, goto,0
290.0, elevID,3,  pos,-1,  cmd, goto,-1
291.0, elevID,2,  pos,0,  cmd, goto,0
291.0, elevID,3,  pos,-1,  cmd, goto,-1
292.0, elevID,2,  pos,0,  cmd, goto,0
292.0, elevID,3,  pos,-1,  cmd, goto,-1
293.0, elevID,2,  pos,0,  cmd, goto,0
293.0, elevID,3,  pos,-1,  cmd, goto,-1
294.0, elevID,2,  pos,0,  cmd, goto,0
294.0, elevID,3,  pos,-1,  cmd, goto,-1
295.0, elevID,2,  pos,0,  cmd, goto,0
295.0, elevID,3,  pos,-1,  cmd, goto,-1
296.0, elevID,3,  pos,-1,  cmd, goto,-1
296.0,Elevator call,295.7943356681491,0,1,1,1, got allocated to elevator, 1
296.0, elevID,2,  pos,0,  cmd, goto,0
296.0, elevID,3,  pos,-1,  cmd, goto,-1
297.0, elevID,2,  pos,0,  cmd, goto,0
297.0, elevID,3,  pos,-1,  cmd, goto,-1
298.0, elevID,2,  pos,0,  cmd, goto,0
298.0, elevID,3,  pos,-1,  cmd, goto,-1
299.0, elevID,2,  pos,0,  cmd, goto,0
299.0, elevID,3,  pos,-1,  cmd, goto,-1
300.0, elevID,2,  pos,0,  cmd, goto,0
300.0, elevID,3,  pos,-1,  cmd, goto,-1
301.0, elevID,2,  pos,0,  cmd, goto,0
301.0, elevID,3,  pos,-1,  cmd, goto,-1
302.0, elevID,2,  pos,0,  cmd, goto,0
302.0, elevID,3,  pos,-1,  cmd, goto,-1
303.0, elevID,2,  pos,0,  cmd, goto,0
303.0, elevID,3,  pos,-1,  cmd, goto,-1
304.0, elevID,2,  pos,0,  cmd, goto,0
304.0, elevID,3,  pos,-1,  cmd, goto,-1
305.0, elevID,2,  pos,0,  cmd, goto,0
305.0,Elevator call,304.99843880775313,6,0,1,0, got allocated to elevator, 0
305.0, elevID,2,  pos,0,  cmd, goto,0
305.0, elevID,3,  pos,-1,  cmd, goto,-1
306.0, elevID,2,  pos,0,  cmd, goto,0
306.0, elevID,3,  pos,-1,  cmd, goto,-1
307.0, elevID,2,  pos,0,  cmd, goto,0
307.0, elevID,3,  pos,-1,  cmd, goto,-1
308.0, elevID,2,  pos,0,  cmd, goto,0
308.0, elevID,3,  pos,-1,  cmd, goto,-1
309.0, elevID,2,  pos,0,  cmd, goto,0
309.0, elevID,3,  pos,-1,  cmd, goto,-1
310.0, elevID,2,  pos,0,  cmd, goto,0
310.0,Elevator call,309.30053828560517,0,-1,1,0, got allocated to elevator, 0
310.0,Elev,2,  arrived at src, 0, Elevator call,309.30053828560517,0,-1,2,0
310.0, elevID,2,  pos,0,  cmd, goto,0
310.0, elevID,3,  pos,-1,  cmd, goto,-1
311.0, elevID,2,  pos,0,  cmd, goto,0
311.0, elevID,3,  pos,-1,  cmd, goto,-1
312.0, elevID,2,  pos,0,  cmd, goto,0
312.0, elevID,3,  pos,-1,  cmd, goto,-1
313.0, elevID,2,  pos,0,  cmd, goto,0
313.0,Elevator call,312.30185564398687,0,-1,1,0, got allocated to elevator, 0
313.0,Elev,2,  arrived at src, 0, Elevator call,312.30185564398687,0,-1,2,0
313.0, elevID,2,  pos,0,  cmd, goto,0
313.0, elevID,3,  pos,-1,  cmd, goto,-1
314.0, elevID,2,  pos,0,  cmd, goto,0
314.0, elevID,3,  pos,-1,  cmd, goto,-1
315.0, elevID,2,  pos,0,  cmd, goto,0
315.0, elevID,3,  pos,-1,  cmd, goto,-1
316.0, elevID,2,  pos,0,  cmd, goto,0
316.0, elevID,3,  pos,-1,  cmd, goto,-1
317.0, elevID,2,  pos,0,  cmd, goto,0
317.0,Elevator call,316.03237827404377,0,-1,1,0, got allocated to elevator, 0
317.0,Elev,2,  arrived at src, 0, Elevator call,316.03237827404377,0,-1,2,0
317.0, elevID,2,  pos,0,  cmd, goto,0
317.0, elevID,3,  pos,-1,  cmd, goto,-1
318.0, elevID,2,  pos,0,  cmd, goto,0
318.0, elevID,3,  pos,-1,  cmd, goto,-1
319.0, elevID,2,  pos,0,  cmd, goto,0
319.0, elevID,3,  pos,-1,  cmd, goto,-1
320.0, elevID,3,  pos,-1,  cmd, goto,-1
320.0,Elevator call,319.90520204415634,6,5,1,1, got allocated to elevator, 1
320.0, elevID,2,  pos,0,  cmd, goto,0
320.0, elevID,3,  pos,-1,  cmd, goto,-1
321.0, elevID,3,  pos,-1,  cmd, goto,-1
321.0,Elevator call,320.97607492210807,-1,0,1,1, got allocated to elevator, 1
321.0, elevID,2,  pos,0,  cmd, goto,0
321.0,Elev,3,  arrived at src, -1, Elevator call,320.97607492210807,-1,0,2,1
321.0, elevID,3,  pos,-1,  cmd, goto,-1
322.0, elevID,3,  pos,-1,  cmd, goto,-1
322.0,Elevator call,321.37040904796595,7,-1,1,1, got allocated to elevator, 1
322.0, elevID,2,  pos,0,  cmd, goto,0
322.0, elevID,3,  pos,-1,  cmd, goto,-1
323.0, elevID,2,  pos,0,  cmd, goto,0
323.0, elevID,3,  pos,-1,  cmd, goto,-1
324.0, elevID,2,  pos,0,  cmd, goto,0
324.0, elevID,3,  pos,-1,  cmd, goto,-1
325.0, elevID,2,  pos,0,  cmd, goto,0
325.0, elevID,3,  pos,-1,  cmd, goto,-1
326.0, elevID,2,  pos,0,  cmd, goto,0
326.0, elevID,3,  pos,-1,  cmd, goto,-1
327.0, elevID,2,  pos,0,  cmd, goto,0
327.0, elevID,3,  pos,-1,  cmd, goto,-1
328.0, elevID,2,  pos,0,  cmd, goto,0
328.0, elevID,3,  pos,-1,  cmd, goto,-1
329.0, elevID,2,  pos,0,  cmd, goto,0
329.0, elevID,3,  pos,-1,  cmd, goto,-1
330.0, elevID,2,  pos,0,  cmd, goto,0
330.0, elevID,3,  pos,-1,  cmd, goto,-1
331.0, elevID,2,  pos,0,  cmd, goto,0
331.0, elevID,3,  pos,-1,  cmd, goto,-1
332.0, elevID,2,  pos,0,  cmd, goto,0
332.0, elevID,3,  pos,-1,  cmd, goto,-1
333.0, elevID,2,  pos,0,  cmd, goto,0
333.0,Elevator call,332.4267319393355,0,10,1,0, got allocated to elevator, 0
333.0,Elev,2,  arrived at src, 0, Elevator call,332.4267319393355,0,10,2,0
333.0, elevID,2,  pos,0,  cmd, goto,0
333.0, elevID,3,  pos,-1,  cmd, goto,-1
334.0, elevID,2,  pos,0,  cmd, goto,0
334.0, elevID,3,  pos,-1,  cmd, goto,-1
335.0, elevID,2,  pos,0,  cmd, goto,0
335.0, elevID,3,  pos,-1,  cmd, goto,-1
336.0, elevID,2,  pos,0,  cmd, goto,0
336.0, elevID,3,  pos,-1,  cmd, goto,-1
337.0, elevID,3,  pos,-1,  cmd, goto,-1
337.0,Elevator call,336.93043046159545,-1,0,1,1, got allocated to elevator, 1
337.0, elevID,2,  pos,0,  cmd, goto,0
337.0,Elev,3,  arrived at src, -1, Elevator call,336.93043046159545,-1,0,2,1
337.0, elevID,3,  pos,-1,  cmd, goto,-1
338.0, elevID,2,  pos,0,  cmd, goto,0
338.0, elevID,3,  pos,-1,  cmd, goto,-1
339.0, elevID,2,  pos,0,  cmd, goto,0
339.0, elevID,3,  pos,-1,  cmd, goto,-1
340.0, elevID,2,  pos,0,  cmd, goto,0
340.0, elevID,3,  pos,-1,  cmd, goto,-1
341.0, elevID,2,  pos,0,  cmd, goto,0
341.0, elevID,3,  pos,-1,  cmd, goto,-1
342.0, elevID,2,  pos,0,  cmd, goto,0
342.0, elevID,3,  pos,-1,  cmd, goto,-1
343.0, elevID,2,  pos,0,  cmd, goto,0
343.0, elevID,3,  pos,-1,  cmd, goto,-1
344.0, elevID,2,  pos,0,  cmd, goto,0
344.0, elevID,3,  pos,-1,  cmd, goto,-1
345.0, elevID,2,  pos,0,  cmd, goto,0
345.0, elevID,3,  pos,-1,  cmd, goto,-1
346.0, elevID,2,  pos,0,  cmd, goto,0
346.0, elevID,3,  pos,-1,  cmd, goto,-1
347.0, elevID,2,  pos,0,  cmd, goto,0
347.0, elevID,3,  pos,-1,  cmd, goto,-1
348.0, elevID,2,  pos,0,  cmd, goto,0
348.0, elevID,3,  pos,-1,  cmd, goto,-1
349.0, elevID,2,  pos,0,  cmd, goto,0
349.0, elevID,3,  pos,-1,  cmd, goto,-1
350.0, elevID,2,  pos,0,  cmd, goto,0
350.0, elevID,3,  pos,-1,  cmd, goto,-1
351.0, elevID,2,  pos,0,  cmd, goto,0
351.0, elevID,3,  pos,-1,  cmd, goto,-1
352.0, elevID,2,  pos,0,  cmd, goto,0
352.0, elevID,3,  pos,-1,  cmd, goto,-1
353.0, elevID,2,  pos,0,  cmd, goto,0
353.0, elevID,3,  pos,-1,  cmd, goto,-1
354.0, elevID,2,  pos,0,  cmd, goto,0
354.0, elevID,3,  pos,-1,  cmd, goto,-1
355.0, elevID,2,  pos,0,  cmd, goto,0
355.0, elevID,3,  pos,-1,  cmd, goto,-1
356.0, elevID,2,  pos,0,  cmd, goto,0
356.0, elevID,3,  pos,-1,  cmd, goto,-1
357.0, elevID,2,  pos,0,  cmd, goto,0
357.0, elevID,3,  pos,-1,  cmd, goto,-1
358.0, elevID,2,  pos,0,  cmd, goto,0
358.0, elevID,3,  pos,-1,  cmd, goto,-1
359.0, elevID,2,  pos,0,  cmd, goto,0
359.0, elevID,3,  pos,-1,  cmd, goto,-1
360.0, elevID,2,  pos,0,  cmd, goto,0
360.0, elevID,3,  pos,-1,  cmd, goto,-1
361.0, elevID,2,  pos,0,  cmd, goto,0
361.0, elevID,3,  pos,-1,  cmd, goto,-1
362.0, elevID,2,  pos,0,  cmd, goto,0
362.0, elevID,3,  pos,-1,  cmd, goto,-1
363.0, elevID,2,  pos,0,  cmd, goto,0
363.0, elevID,3,  pos,-1,  cmd, goto,-1
364.0, elevID,2,  pos,0,  cmd, goto,0
364.0, elevID,3,  pos,-1,  cmd, goto,-1
365.0, elevID,2,  pos,0,  cmd, goto,0
365.0, elevID,3,  pos,-1,  cmd, goto,-1
366.0, elevID,2,  pos,0,  cmd, goto,0
366.0, elevID,3,  pos,-1,  cmd, goto,-1
367.0, elevID,2,  pos,0,  cmd, goto,0
367.0, elevID,3,  pos,-1,  cmd, goto,-1
368.0, elevID,2,  pos,0,  cmd, goto,0
368.0, elevID,3,  pos,-1,  cmd, goto,-1
369.0, elevID,2,  pos,0,  cmd, goto,0
369.0, elevID,3,  pos,-1,  cmd, goto,-1
370.0, elevID,2,  pos,0,  cmd, goto,0
370.0, elevID,3,  pos,-1,  cmd, goto,-1
371.0, elevID,2,  pos,0,  cmd, goto,0
371.0, elevID,3,  pos,-1,  cmd, goto,-1
372.0, elevID,2,  pos,0,  cmd, goto,0
372.0, elevID,3,  pos,-1,  cmd, goto,-1
373.0, elevID,2,  pos,0,  cmd, goto,0
373.0, elevID,3,  pos,-1,  cmd, goto,-1
374.0, elevID,2,  pos,0,  cmd, goto,0
374.0, elevID,3,  pos,-1,  cmd, goto,-1
375.0, elevID,2,  pos,0,  cmd, goto,0
375.0, elevID,3,  pos,-1,  cmd, goto,-1
376.0, elevID,3,  pos,-1,  cmd, goto,-1
376.0,Elevator call,375.49048095381363,1,0,1,1, got allocated to elevator, 1
376.0, elevID,2,  pos,0,  cmd, goto,0
376.0, elevID,3,  pos,-1,  cmd, goto,-1
377.0, elevID,2,  pos,0,  cmd, goto,0
377.0, elevID,3,  pos,-1,  cmd, goto,-1
378.0, elevID,2,  pos,0,  cmd, goto,0
378.0, elevID,3,  pos,-1,  cmd, goto,-1
379.0, elevID,2,  pos,0,  cmd, goto,0
379.0, elevID,3,  pos,-1,  cmd, goto,-1
380.0, elevID,2,  pos,0,  cmd, goto,0
380.0, elevID,3,  pos,-1,  cmd, goto,-1
381.0, elevID,2,  pos,0,  cmd, goto,0
381.0, elevID,3,  pos,-1,  cmd, goto,-1
382.0, elevID,2,  pos,0,  cmd, goto,0
382.0, elevID,3,  pos,-1,  cmd, goto,-1
383.0, elevID,2,  pos,0,  cmd, goto,0
383.0, elevID,3,  pos,-1,  cmd, goto,-1
384.0, elevID,2,  pos,0,  cmd, goto,0
384.0, elevID,3,  pos,-1,  cmd, goto,-1
385.0, elevID,2,  pos,0,  cmd, goto,0
385.0, elevID,3,  pos,-1,  cmd, goto,-1
386.0, elevID,2,  pos,0,  cmd, goto,0
386.0, elevID,3,  pos,-1,  cmd, goto,-1
387.0, elevID,2,  pos,0,  cmd, goto,0
387.0, elevID,3,  pos,-1,  cmd, goto,-1
388.0, elevID,2,  pos,0,  cmd, goto,0
388.0, elevID,3,  pos,-1,  cmd, goto,-1
389.0, elevID,2,  pos,0,  cmd, goto,0
389.0, elevID,3,  pos,-1,  cmd, goto,-1
390.0, elevID,2,  pos,0,  cmd, goto,0
390.0, elevID,3,  pos,-1,  cmd, goto,-1
391.0, elevID,2,  pos,0,  cmd, goto,0
391.0, elevID,3,  pos,-1,  cmd, goto,-1
392.0, elevID,2,  pos,0,  cmd, goto,0
392.0, elevID,3,  pos,-1,  cmd, goto,-1
393.0, elevID,2,  pos,0,  cmd, goto,0
393.0,Elevator call,392.5160764870397,0,5,1,0, got allocated to elevator, 0
393.0,Elev,2,  arrived at src, 0, Elevator call,392.5160764870397,0,5,2,0
393.0, elevID,2,  pos,0,  cmd, goto,0
393.0, elevID,3,  pos,-1,  cmd, goto,-1
394.0, elevID,2,  pos,0,  cmd, goto,0
394.0, elevID,3,  pos,-1,  cmd, goto,-1
395.0, elevID,2,  pos,0,  cmd, goto,0
395.0, elevID,3,  pos,-1,  cmd, goto,-1
396.0, elevID,2,  pos,0,  cmd, goto,0
396.0, elevID,3,  pos,-1,  cmd, goto,-1
397.0, elevID,2,  pos,0,  cmd, goto,0
397.0, elevID,3,  pos,-1,  cmd, goto,-1
398.0, elevID,2,  pos,0,  cmd, goto,0
398.0, elevID,3,  pos,-1,  cmd, goto,-1
399.0, elevID,2,  pos,0,  cmd, goto,0
399.0, elevID,3,  pos,-1,  cmd, goto,-1
400.0, elevID,2,  pos,0,  cmd, goto,0
400.0, elevID,3,  pos,-1,  cmd, goto,-1
401.0, elevID,2,  pos,0,  cmd, goto,0
401.0, elevID,3,  pos,-1,  cmd, goto,-1
402.0, elevID,2,  pos,0,  cmd, goto,0
402.0, elevID,3,  pos,-1,  cmd, goto,-1
403.0, elevID,2,  pos,0,  cmd, goto,0
403.0, elevID,3,  pos,-1,  cmd, goto,-1
404.0, elevID,2,  pos,0,  cmd, goto,0
404.0, elevID,3,  pos,-1,  cmd, goto,-1
405.0, elevID,2,  pos,0,  cmd, goto,0
405.0, elevID,3,  pos,-1,  cmd, goto,-1
406.0, elevID,2,  pos,0,  cmd, goto,0
406.0,Elevator call,405.1821140884023,-1,10,1,0, got allocated to elevator, 0
406.0, elevID,2,  pos,0,  cmd, goto,0
406.0, elevID,3,  pos,-1,  cmd, goto,-1
407.0, elevID,2,  pos,0,  cmd, goto,0
407.0, elevID,3,  pos,-1,  cmd, goto,-1
408.0, elevID,2,  pos,0,  cmd, goto,0
408.0, elevID,3,  pos,-1,  cmd, goto,-1
409.0, elevID,2,  pos,0,  cmd, goto,0
409.0, elevID,3,  pos,-1,  cmd, goto,-1
410.0, elevID,2,  pos,0,  cmd, goto,0
410.0, elevID,3,  pos,-1,  cmd, goto,-1
411.0, elevID,2,  pos,0,  cmd, goto,0
411.0, elevID,3,  pos,-1,  cmd, goto,-1
412.0, elevID,2,  pos,0,  cmd, goto,0
412.0, elevID,3,  pos,-1,  cmd, goto,-1
413.0, elevID,2,  pos,0,  cmd, goto,0
413.0, elevID,3,  pos,-1,  cmd, goto,-1
414.0, elevID,2,  pos,0,  cmd, goto,0
414.0, elevID,3,  pos,-1,  cmd, goto,-1
415.0, elevID,2,  pos,0,  cmd, goto,0
415.0, elevID,3,  pos,-1,  cmd, goto,-1
416.0, elevID,2,  pos,0,  cmd, goto,0
416.0, elevID,3,  pos,-1,  cmd, goto,-1
417.0, elevID,2,  pos,0,  cmd, goto,0
417.0, elevID,3,  pos,-1,  cmd, goto,-1
418.0, elevID,2,  pos,0,  cmd, goto,0
418.0, elevID,3,  pos,-1,  cmd, goto,-1
419.0, elevID,2,  pos,0,  cmd, goto,0
419.0, elevID,3,  pos,-1,  cmd, goto,-1
420.0, elevID,2,  pos,0,  cmd, goto,0
420.0, elevID,3,  pos,-1,  cmd, goto,-1
421.0, elevID,2,  pos,0,  cmd, goto,0
421.0, elevID,3,  pos,-1,  cmd, goto,-1
422.0, elevID,2,  pos,0,  cmd, goto,0
422.0, elevID,3,  pos,-1,  cmd, goto,-1
423.0, elevID,2,  pos,0,  cmd, goto,0
423.0, elevID,3,  pos,-1,  cmd, goto,-1
424.0, elevID,2,  pos,0,  cmd, goto,0
424.0, elevID,3,  pos,-1,  cmd, goto,-1
425.0, elevID,2,  pos,0,  cmd, goto,0
425.0, elevID,3,  pos,-1,  cmd, goto,-1
426.0, elevID,2,  pos,0,  cmd, goto,0
426.0, elevID,3,  pos,-1,  cmd, goto,-1
427.0, elevID,3,  pos,-1,  cmd, goto,-1
427.0,Elevator call,426.8615805478589,2,0,1,1, got allocated to elevator, 1
427.0, elevID,2,  pos,0,  cmd, goto,0
427.0, elevID,3,  pos,-1,  cmd, goto,-1
428.0, elevID,2,  pos,0,  cmd, goto,0
428.0, elevID,3,  pos,-1,  cmd, goto,-1
429.0, elevID,2,  pos,0,  cmd, goto,0
429.0, elevID,3,  pos,-1,  cmd, goto,-1
430.0, elevID,2,  pos,0,  cmd, goto,0
430.0, elevID,3,  pos,-1,  cmd, goto,-1
431.0, elevID,2,  pos,0,  cmd, goto,0
431.0, elevID,3,  pos,-1,  cmd, goto,-1
432.0, elevID,2,  pos,0,  cmd, goto,0
432.0, elevID,3,  pos,-1,  cmd, goto,-1
433.0, elevID,2,  pos,0,  cmd, goto,0
433.0, elevID,3,  pos,-1,  cmd, goto,-1
434.0, elevID,2,  pos,0,  cmd, goto,0
434.0, elevID,3,  pos,-1,  cmd, goto,-1
435.0, elevID,2,  pos,0,  cmd, goto,0
435.0, elevID,3,  pos,-1,  cmd, goto,-1
436.0, elevID,2,  pos,0,  cmd, goto,0
436.0, elevID,3,  pos,-1,  cmd, goto,-1
437.0, elevID,2,  pos,0,  cmd, goto,0
437.0, elevID,3,  pos,-1,  cmd, goto,-1
438.0, elevID,3,  pos,-1,  cmd, goto,-1
438.0,Elevator call,437.17111576125836,1,0,1,1, got allocated to elevator, 1
438.0, elevID,2,  pos,0,  cmd, goto,0
438.0, elevID,3,  pos,-1,  cmd, goto,-1
439.0, elevID,2,  pos,0,  cmd, goto,0
439.0, elevID,3,  pos,-1,  cmd, goto,-1
440.0, elevID,2,  pos,0,  cmd, goto,0
440.0, elevID,3,  pos,-1,  cmd, goto,-1
441.0, elevID,2,  pos,0,  cmd, goto,0
441.0, elevID,3,  pos,-1,  cmd, goto,-1
442.0, elevID,2,  pos,0,  cmd, goto,0
442.0, elevID,3,  pos,-1,  cmd, goto,-1
443.0, elevID,2,  pos,0,  cmd, goto,0
443.0, elevID,3,  pos,-1,  cmd, goto,-1
444.0, elevID,2,  pos,0,  cmd, goto,0
444.0, elevID,3,  pos,-1,  cmd, goto,-1
445.0, elevID,2,  pos,0,  cmd, goto,0
445.0, elevID,3,  pos,-1,  cmd, goto,-1
446.0, elevID,2,  pos,0,  cmd, goto,0
446.0, elevID,3,  pos,-1,  cmd, goto,-1
447.0, elevID,2,  pos,0,  cmd, goto,0
447.0, elevID,3,  pos,-1,  cmd, goto,-1
448.0, elevID,2,  pos,0,  cmd, goto,0
448.0, elevID,3,  pos,-1,  cmd, goto,-1
449.0, elevID,2,  pos,0,  cmd, goto,0
449.0, elevID,3,  pos,-1,  cmd, goto,-1
450.0, elevID,2,  pos,0,  cmd, goto,0
450.0, elevID,3,  pos,-1,  cmd, goto,-1
451.0, elevID,2,  pos,0,  cmd, goto,0
451.0, elevID,3,  pos,-1,  cmd, goto,-1
452.0, elevID,2,  pos,0,  cmd, goto,0
452.0, elevID,3,  pos,-1,  cmd, goto,-1
453.0, elevID,2,  pos,0,  cmd, goto,0
453.0, elevID,3,  pos,-1,  cmd, goto,-1
454.0, elevID,2,  pos,0,  cmd, goto,0
454.0, elevID,3,  pos,-1,  cmd, goto,-1
455.0, elevID,2,  pos,0,  cmd, goto,0
455.0, elevID,3,  pos,-1,  cmd, goto,-1
456.0, elevID,2,  pos,0,  cmd, goto,0
456.0, elevID,3,  pos,-1,  cmd, goto,-1
457.0, elevID,2,  pos,0,  cmd, goto,0
457.0, elevID,3,  pos,-1,  cmd, goto,-1
458.0, elevID,2,  pos,0,  cmd, goto,0
458.0, elevID,3,  pos,-1,  cmd, goto,-1
459.0, elevID,2,  pos,0,  cmd, goto,0
459.0, elevID,3,  pos,-1,  cmd, goto,-1
460.0, elevID,2,  pos,0,  cmd, goto,0
460.0, elevID,3,  pos,-1,  cmd, goto,-1
461.0, elevID,2,  pos,0,  cmd, goto,0
461.0, elevID,3,  pos,-1,  cmd, goto,-1
462.0, elevID,2,  pos,0,  cmd, goto,0
462.0, elevID,3,  pos,-1,  cmd, goto,-1
463.0, elevID,2,  pos,0,  cmd, goto,0
463.0, elevID,3,  pos,-1,  cmd, goto,-1
464.0, elevID,2,  pos,0,  cmd, goto,0
464.0, elevID,3,  pos,-1,  cmd, goto,-1
465.0, elevID,2,  pos,0,  cmd, goto,0
465.0, elevID,3,  pos,-1,  cmd, goto,-1
466.0, elevID,2,  pos,0,  cmd, goto,0
466.0, elevID,3,  pos,-1,  cmd, goto,-1
467.0, elevID,2,  pos,0,  cmd, goto,0
467.0, elevID,3,  pos,-1,  cmd, goto,-1
468.0, elevID,2,  pos,0,  cmd, goto,0
468.0, elevID,3,  pos,-1,  cmd, goto,-1
469.0, elevID,2,  pos,0,  cmd, goto,0
469.0, elevID,3,  pos,-1,  cmd, goto,-1
470.0, elevID,2,  pos,0,  cmd, goto,0
470.0, elevID,3,  pos,-1,  cmd, goto,-1
471.0, elevID,2,  pos,0,  cmd, goto,0
471.0, elevID,3,  pos,-1,  cmd, goto,-1
472.0, elevID,2,  pos,0,  cmd, goto,0
472.0, elevID,3,  pos,-1,  cmd, goto,-1
473.0, elevID,2,  pos,0,  cmd, goto,0
473.0,Elevator call,472.7445473930129,10,-1,1,0, got allocated to elevator, 0
473.0, elevID,2,  pos,0,  cmd, goto,0
473.0, elevID,3,  pos,-1,  cmd, goto,-1
474.0, elevID,2,  pos,0,  cmd, goto,0
474.0, elevID,3,  pos,-1,  cmd, goto,-1
475.0, elevID,2,  pos,0,  cmd, goto,0
475.0, elevID,3,  pos,-1,  cmd, goto,-1
476.0, elevID,2,  pos,0,  cmd, goto,0
476.0, elevID,3,  pos,-1,  cmd, goto,-1
477.0, elevID,2,  pos,0,  cmd, goto,0
477.0, elevID,3,  pos,-1,  cmd, goto,-1
478.0, elevID,2,  pos,0,  cmd, goto,0
478.0, elevID,3,  pos,-1,  cmd, goto,-1
479.0, elevID,2,  pos,0,  cmd, goto,0
479.0, elevID,3,  pos,-1,  cmd, goto,-1
480.0, elevID,2,  pos,0,  cmd, goto,0
480.0, elevID,3,  pos,-1,  cmd, goto,-1
481.0, elevID,2,  pos,0,  cmd, goto,0
481.0, elevID,3,  pos,-1,  cmd, goto,-1
482.0, elevID,2,  pos,0,  cmd, goto,0
482.0, elevID,3,  pos,-1,  cmd, goto,-1
483.0, elevID,2,  pos,0,  cmd, goto,0
483.0, elevID,3,  pos,-1,  cmd, goto,-1
484.0, elevID,2,  pos,0,  cmd, goto,0
484.0, elevID,3,  pos,-1,  cmd, goto,-1
485.0, elevID,2,  pos,0,  cmd, goto,0
485.0, elevID,3,  pos,-1,  cmd, goto,-1
486.0, elevID,2,  pos,0,  cmd, goto,0
486.0, elevID,3,  pos,-1,  cmd, goto,-1
487.0, elevID,2,  pos,0,  cmd, goto,0
487.0, elevID,3,  pos,-1,  cmd, goto,-1
488.0, elevID,2,  pos,0,  cmd, goto,0
488.0, elevID,3,  pos,-1,  cmd, goto,-1
489.0, elevID,2,  pos,0,  cmd, goto,0
489.0, elevID,3,  pos,-1,  cmd, goto,-1
490.0, elevID,2,  pos,0,  cmd, goto,0
490.0, elevID,3,  pos,-1,  cmd, goto,-1
491.0, elevID,2,  pos,0,  cmd, goto,0
491.0, elevID,3,  pos,-1,  cmd, goto,-1
492.0, elevID,2,  pos,0,  cmd, goto,0
492.0, elevID,3,  pos,-1,  cmd, goto,-1
493.0, elevID,2,  pos,0,  cmd, goto,0
493.0, elevID,3,  pos,-1,  cmd, goto,-1
494.0, elevID,2,  pos,0,  cmd, goto,0
494.0, elevID,3,  pos,-1,  cmd, goto,-1
495.0, elevID,2,  pos,0,  cmd, goto,0
495.0, elevID,3,  pos,-1,  cmd, goto,-1
496.0, elevID,2,  pos,0,  cmd, goto,0
496.0, elevID,3,  pos,-1,  cmd, goto,-1
497.0, elevID,2,  pos,0,  cmd, goto,0
497.0, elevID,3,  pos,-1,  cmd, goto,-1
498.0, elevID,2,  pos,0,  cmd, goto,0
498.0, elevID,3,  pos,-1,  cmd, goto,-1
499.0, elevID,2,  pos,0,  cmd, goto,0
499.0, elevID,3,  pos,-1,  cmd, goto,-1
500.0, elevID,2,  pos,0,  cmd, goto,0
500.0, elevID,3,  pos,-1,  cmd, goto,-1
501.0, elevID,2,  pos,0,  cmd, goto,0
501.0,Elevator call,500.3712044996745,8,-1,1,0, got allocated to elevator, 0
501.0, elevID,2,  pos,0,  cmd, goto,0
501.0, elevID,3,  pos,-1,  cmd, goto,-1
502.0, elevID,2,  pos,0,  cmd, goto,0
502.0, elevID,3,  pos,-1,  cmd, goto,-1
503.0, elevID,2,  pos,0,  cmd, goto,0
503.0, elevID,3,  pos,-1,  cmd, goto,-1
504.0, elevID,3,  pos,-1,  cmd, goto,-1
504.0,Elevator call,503.13847841893045,1,-1,1,1, got allocated to elevator, 1
504.0, elevID,2,  pos,0,  cmd, goto,0
504.0, elevID,3,  pos,-1,  cmd, goto,-1
505.0, elevID,2,  pos,0,  cmd, goto,0
505.0,Elevator call,504.4317942159655,0,-1,1,0, got allocated to elevator, 0
505.0,Elev,2,  arrived at src, 0, Elevator call,504.4317942159655,0,-1,2,0
505.0, elevID,2,  pos,0,  cmd, goto,0
505.0, elevID,3,  pos,-1,  cmd, goto,-1
506.0, elevID,2,  pos,0,  cmd, goto,0
506.0, elevID,3,  pos,-1,  cmd, goto,-1
507.0, elevID,2,  pos,0,  cmd, goto,0
507.0, elevID,3,  pos,-1,  cmd, goto,-1
508.0, elevID,2,  pos,0,  cmd, goto,0
508.0, elevID,3,  pos,-1,  cmd, goto,-1
509.0, elevID,2,  pos,0,  cmd, goto,0
509.0, elevID,3,  pos,-1,  cmd, goto,-1
510.0, elevID,2,  pos,0,  cmd, goto,0
510.0, elevID,3,  pos,-1,  cmd, goto,-1
511.0, elevID,2,  pos,0,  cmd, goto,0
511.0, elevID,3,  pos,-1,  cmd, goto,-1
512.0, elevID,2,  pos,0,  cmd, goto,0
512.0, elevID,3,  pos,-1,  cmd, goto,-1
513.0, elevID,2,  pos,0,  cmd, goto,0
513.0, elevID,3,  pos,-1,  cmd, goto,-1
514.0, elevID,2,  pos,0,  cmd, goto,0
514.0, elevID,3,  pos,-1,  cmd, goto,-1
515.0, elevID,2,  pos,0,  cmd, goto,0
515.0, elevID,3,  pos,-1,  cmd, goto,-1
516.0, elevID,2,  pos,0,  cmd, goto,0
516.0, elevID,3,  pos,-1,  cmd, goto,-1
517.0, elevID,2,  pos,0,  cmd, goto,0
517.0, elevID,3,  pos,-1,  cmd, goto,-1
518.0, elevID,2,  pos,0,  cmd, goto,0
518.0, elevID,3,  pos,-1,  cmd, goto,-1
519.0, elevID,2,  pos,0,  cmd, goto,0
519.0, elevID,3,  pos,-1,  cmd, goto,-1
520.0, elevID,2,  pos,0,  cmd, goto,0
520.0, elevID,3,  pos,-1,  cmd, goto,-1
521.0, elevID,2,  pos,0,  cmd, goto,0
521.0, elevID,3,  pos,-1,  cmd, goto,-1
522.0, elevID,2,  pos,0,  cmd, goto,0
522.0, elevID,3,  pos,-1,  cmd, goto,-1
523.0, elevID,2,  pos,0,  cmd, goto,0
523.0, elevID,3,  pos,-1,  cmd, goto,-1
524.0, elevID,2,  pos,0,  cmd, goto,0
524.0, elevID,3,  pos,-1,  cmd, goto,-1
525.0, elevID,2,  pos,0,  cmd, goto,0
525.0, elevID,3,  pos,-1,  cmd, goto,-1
526.0, elevID,2,  pos,0,  cmd, goto,0
526.0, elevID,3,  pos,-1,  cmd, goto,-1
527.0, elevID,2,  pos,0,  cmd, goto,0
527.0, elevID,3,  pos,-1,  cmd, goto,-1
528.0, elevID,2,  pos,0,  cmd, goto,0
528.0, elevID,3,  pos,-1,  cmd, goto,-1
529.0, elevID,2,  pos,0,  cmd, goto,0
529.0, elevID,3,  pos,-1,  cmd, goto,-1
530.0, elevID,3,  pos,-1,  cmd, goto,-1
530.0,Elevator call,529.6277472128405,3,-1,1,1, got allocated to elevator, 1
530.0, elevID,2,  pos,0,  cmd, goto,0
530.0, elevID,3,  pos,-1,  cmd, goto,-1
531.0, elevID,2,  pos,0,  cmd, goto,0
531.0, elevID,3,  pos,-1,  cmd, goto,-1
532.0, elevID,2,  pos,0,  cmd, goto,0
532.0, elevID,3,  pos,-1,  cmd, goto,-1
533.0, elevID,2,  pos,0,  cmd, goto,0
533.0, elevID,3,  pos,-1,  cmd, goto,-1
534.0, elevID,2,  pos,0,  cmd, goto,0
534.0, elevID,3,  pos,-1,  cmd, goto,-1
535.0, elevID,2,  pos,0,  cmd, goto,0
535.0, elevID,3,  pos,-1,  cmd, goto,-1
536.0, elevID,2,  pos,0,  cmd, goto,0
536.0, elevID,3,  pos,-1,  cmd, goto,-1
537.0, elevID,2,  pos,0,  cmd, goto,0
537.0, elevID,3,  pos,-1,  cmd, goto,-1
538.0, elevID,2,  pos,0,  cmd, goto,0
538.0,Elevator call,537.7866883694313,-1,6,1,0, got allocated to elevator, 0
538.0, elevID,2,  pos,0,  cmd, goto,0
538.0, elevID,3,  pos,-1,  cmd, goto,-1
539.0, elevID,2,  pos,0,  cmd, goto,0
539.0, elevID,3,  pos,-1,  cmd, goto,-1
540.0, elevID,2,  pos,0,  cmd, goto,0
540.0, elevID,3,  pos,-1,  cmd, goto,-1
541.0, elevID,2,  pos,0,  cmd, goto,0
541.0, elevID,3,  pos,-1,  cmd, goto,-1
542.0, elevID,2,  pos,0,  cmd, goto,0
542.0, elevID,3,  pos,-1,  cmd, goto,-1
543.0, elevID,2,  pos,0,  cmd, goto,0
543.0, elevID,3,  pos,-1,  cmd, goto,-1
544.0, elevID,2,  pos,0,  cmd, goto,0
544.0, elevID,3,  pos,-1,  cmd, goto,-1
545.0, elevID,2,  pos,0,  cmd, goto,0
545.0,Elevator call,544.7880392034898,6,-1,1,0, got allocated to elevator, 0
545.0, elevID,2,  pos,0,  cmd, goto,0
545.0, elevID,3,  pos,-1,  cmd, goto,-1
546.0, elevID,2,  pos,0,  cmd, goto,0
546.0, elevID,3,  pos,-1,  cmd, goto,-1
547.0, elevID,2,  pos,0,  cmd, goto,0
547.0, elevID,3,  pos,-1,  cmd, goto,-1
548.0, elevID,2,  pos,0,  cmd, goto,0
548.0, elevID,3,  pos,-1,  cmd, goto,-1
549.0, elevID,2,  pos,0,  cmd, goto,0
549.0, elevID,3,  pos,-1,  cmd, goto,-1
550.0, elevID,2,  pos,0,  cmd, goto,0
550.0, elevID,3,  pos,-1,  cmd, goto,-1
551.0, elevID,2,  pos,0,  cmd, goto,0
551.0, elevID,3,  pos,-1,  cmd, goto,-1
552.0, elevID,2,  pos,0,  cmd, goto,0
552.0, elevID,3,  pos,-1,  cmd, goto,-1
553.0, elevID,2,  pos,0,  cmd, goto,0
553.0, elevID,3,  pos,-1,  cmd, goto,-1
554.0, elevID,2,  pos,0,  cmd, goto,0
554.0, elevID,3,  pos,-1,  cmd, goto,-1
555.0, elevID,3,  pos,-1,  cmd, goto,-1
555.0,Elevator call,554.0892922920482,4,0,1,1, got allocated to elevator, 1
555.0, elevID,2,  pos,0,  cmd, goto,0
555.0, elevID,3,  pos,-1,  cmd, goto,-1
556.0, elevID,2,  pos,0,  cmd, goto,0
556.0, elevID,3,  pos,-1,  cmd, goto,-1
557.0, elevID,2,  pos,0,  cmd, goto,0
557.0, elevID,3,  pos,-1,  cmd, goto,-1
558.0, elevID,2,  pos,0,  cmd, goto,0
558.0,Elevator call,557.2441390036331,10,0,1,0, got allocated to elevator, 0
558.0, elevID,2,  pos,0,  cmd, goto,0
558.0, elevID,3,  pos,-1,  cmd, goto,-1
559.0, elevID,2,  pos,0,  cmd, goto,0
559.0, elevID,3,  pos,-1,  cmd, goto,-1
560.0, elevID,2,  pos,0,  cmd, goto,0
560.0, elevID,3,  pos,-1,  cmd, goto,-1
561.0, elevID,2,  pos,0,  cmd, goto,0
561.0, elevID,3,  pos,-1,  cmd, goto,-1
562.0, elevID,2,  pos,0,  cmd, goto,0
562.0, elevID,3,  pos,-1,  cmd, goto,-1
563.0, elevID,2,  pos,0,  cmd, goto,0
563.0, elevID,3,  pos,-1,  cmd, goto,-1
564.0, elevID,2,  pos,0,  cmd, goto,0
564.0, elevID,3,  pos,-1,  cmd, goto,-1
565.0, elevID,2,  pos,0,  cmd, goto,0
565.0, elevID,3,  pos,-1,  cmd, goto,-1
566.0, elevID,2,  pos,0,  cmd, goto,0
566.0,Elevator call,565.0195521745534,0,-1,1,0, got allocated to elevator, 0
566.0,Elev,2,  arrived at src, 0, Elevator call,565.0195521745534,0,-1,2,0
566.0, elevID,2,  pos,0,  cmd, goto,0
566.0, elevID,3,  pos,-1,  cmd, goto,-1
567.0, elevID,2,  pos,0,  cmd, goto,0
567.0, elevID,3,  pos,-1,  cmd, goto,-1
568.0, elevID,2,  pos,0,  cmd, goto,0
568.0, elevID,3,  pos,-1,  cmd, goto,-1
569.0, elevID,2,  pos,0,  cmd, goto,0
569.0, elevID,3,  pos,-1,  cmd, goto,-1
570.0, elevID,2,  pos,0,  cmd, goto,0
570.0, elevID,3,  pos,-1,  cmd, goto,-1
571.0, elevID,2,  pos,0,  cmd, goto,0
571.0, elevID,3,  pos,-1,  cmd, goto,-1
572.0, elevID,2,  pos,0,  cmd, goto,0
572.0, elevID,3,  pos,-1,  cmd, goto,-1
573.0, elevID,2,  pos,0,  cmd, goto,0
573.0, elevID,3,  pos,-1,  cmd, goto,-1
574.0, elevID,2,  pos,0,  cmd, goto,0
574.0, elevID,3,  pos,-1,  cmd, goto,-1
575.0, elevID,2,  pos,0,  cmd, goto,0
575.0, elevID,3,  pos,-1,  cmd, goto,-1
576.0, elevID,2,  pos,0,  cmd, goto,0
576.0, elevID,3,  pos,-1,  cmd, goto,-1
577.0, elevID,2,  pos,0,  cmd, goto,0
577.0, elevID,3,  pos,-1,  cmd, goto,-1
578.0, elevID,2,  pos,0,  cmd, goto,0
578.0, elevID,3,  pos,-1,  cmd, goto,-1
579.0, elevID,2,  pos,0,  cmd, goto,0
579.0, elevID,3,  pos,-1,  cmd, goto,-1
580.0, elevID,2,  pos,0,  cmd, goto,0
580.0, elevID,3,  pos,-1,  cmd, goto,-1
581.0, elevID,2,  pos,0,  cmd, goto,0
581.0, elevID,3,  pos,-1,  cmd, goto,-1
582.0, elevID,3,  pos,-1,  cmd, goto,-1
582.0,Elevator call,581.8703090238192,0,3,1,1, got allocated to elevator, 1
582.0, elevID,2,  pos,0,  cmd, goto,0
582.0, elevID,3,  pos,-1,  cmd, goto,-1
583.0, elevID,2,  pos,0,  cmd, goto,0
583.0, elevID,3,  pos,-1,  cmd, goto,-1
584.0, elevID,2,  pos,0,  cmd, goto,0
584.0, elevID,3,  pos,-1,  cmd, goto,-1
585.0, elevID,2,  pos,0,  cmd, goto,0
585.0, elevID,3,  pos,-1,  cmd, goto,-1
586.0, elevID,2,  pos,0,  cmd, goto,0
586.0, elevID,3,  pos,-1,  cmd, goto,-1
587.0, elevID,2,  pos,0,  cmd, goto,0
587.0, elevID,3,  pos,-1,  cmd, goto,-1
588.0, elevID,2,  pos,0,  cmd, goto,0
588.0, elevID,3,  pos,-1,  cmd, goto,-1
589.0, elevID,2,  pos,0,  cmd, goto,0
589.0, elevID,3,  pos,-1,  cmd, goto,-1
590.0, elevID,2,  pos,0,  cmd, goto,0
590.0, elevID,3,  pos,-1,  cmd, goto,-1
591.0, elevID,2,  pos,0,  cmd, goto,0
591.0, elevID,3,  pos,-1,  cmd, goto,-1
592.0, elevID,2,  pos,0,  cmd, goto,0
592.0, elevID,3,  pos,-1,  cmd, goto,-1
593.0, elevID,2,  pos,0,  cmd, goto,0
593.0, elevID,3,  pos,-1,  cmd, goto,-1
594.0, elevID,2,  pos,0,  cmd, goto,0
594.0, elevID,3,  pos,-1,  cmd, goto,-1
595.0, elevID,2,  pos,0,  cmd, goto,0
595.0, elevID,3,  pos,-1,  cmd, goto,-1
596.0, elevID,2,  pos,0,  cmd, goto,0
596.0, elevID,3,  pos,-1,  cmd, goto,-1
597.0, elevID,2,  pos,0,  cmd, goto,0
597.0,Elevator call,596.1232022872633,8,0,1,0, got allocated to elevator, 0
597.0, elevID,2,  pos,0,  cmd, goto,0
597.0, elevID,3,  pos,-1,  cmd, goto,-1
598.0, elevID,2,  pos,0,  cmd, goto,0
598.0, elevID,3,  pos,-1,  cmd, goto,-1
599.0, elevID,2,  pos,0,  cmd, goto,0
599.0, elevID,3,  pos,-1,  cmd, goto,-1
600.0, elevID,2,  pos,0,  cmd, goto,0
600.0, elevID,3,  pos,-1,  cmd, goto,-1
601.0, elevID,3,  pos,-1,  cmd, goto,-1
601.0,Elevator call,600.9312879686208,1,0,1,1, got allocated to elevator, 1
601.0, elevID,2,  pos,0,  cmd, goto,0
601.0, elevID,3,  pos,-1,  cmd, goto,-1
602.0, elevID,2,  pos,0,  cmd, goto,0
602.0, elevID,3,  pos,-1,  cmd, goto,-1
603.0, elevID,2,  pos,0,  cmd, goto,0
603.0, elevID,3,  pos,-1,  cmd, goto,-1
604.0, elevID,2,  pos,0,  cmd, goto,0
604.0,Elevator call,603.9342326983083,7,0,1,0, got allocated to elevator, 0
604.0, elevID,2,  pos,0,  cmd, goto,0
604.0, elevID,3,  pos,-1,  cmd, goto,-1
605.0, elevID,2,  pos,0,  cmd, goto,0
605.0, elevID,3,  pos,-1,  cmd, goto,-1
606.0, elevID,2,  pos,0,  cmd, goto,0
606.0, elevID,3,  pos,-1,  cmd, goto,-1
607.0, elevID,2,  pos,0,  cmd, goto,0
607.0, elevID,3,  pos,-1,  cmd, goto,-1
608.0, elevID,2,  pos,0,  cmd, goto,0
608.0, elevID,3,  pos,-1,  cmd, goto,-1
609.0, elevID,2,  pos,0,  cmd, goto,0
609.0, elevID,3,  pos,-1,  cmd, goto,-1
610.0, elevID,2,  pos,0,  cmd, goto,0
610.0, elevID,3,  pos,-1,  cmd, goto,-1
611.0, elevID,2,  pos,0,  cmd, goto,0
611.0, elevID,3,  pos,-1,  cmd, goto,-1
612.0, elevID,2,  pos,0,  cmd, goto,0
612.0, elevID,3,  pos,-1,  cmd, goto,-1
613.0, elevID,2,  pos,0,  cmd, goto,0
613.0, elevID,3,  pos,-1,  cmd, goto,-1
614.0, elevID,2,  pos,0,  cmd, goto,0
614.0, elevID,3,  pos,-1,  cmd, goto,-1
615.0, elevID,2,  pos,0,  cmd, goto,0
615.0, elevID,3,  pos,-1,  cmd, goto,-1
616.0, elevID,2,  pos,0,  cmd, goto,0
616.0, elevID,3,  pos,-1,  cmd, goto,-1
617.0, elevID,2,  pos,0,  cmd, goto,0
617.0, elevID,3,  pos,-1,  cmd, goto,-1
618.0, elevID,3,  pos,-1,  cmd, goto,-1
618.0,Elevator call,617.9628338542149,0,3,1,1, got allocated to elevator, 1
618.0, elevID,2,  pos,0,  cmd, goto,0
618.0, elevID,3,  pos,-1,  cmd, goto,-1
619.0, elevID,2,  pos,0,  cmd, goto,0
619.0, elevID,3,  pos,-1,  cmd, goto,-1
620.0, elevID,2,  pos,0,  cmd, goto,0
620.0,Elevator call,619.6454196970012,9,0,1,0, got allocated to elevator, 0
620.0, elevID,2,  pos,0,  cmd, goto,0
620.0, elevID,3,  pos,-1,  cmd, goto,-1
621.0, elevID,2,  pos,0,  cmd, goto,0
621.0, elevID,3,  pos,-1,  cmd, goto,-1
622.0, elevID,2,  pos,0,  cmd, goto,0
622.0, elevID,3,  pos,-1,  cmd, goto,-1
623.0, elevID,2,  pos,0,  cmd, goto,0
623.0, elevID,3,  pos,-1,  cmd, goto,-1
624.0, elevID,2,  pos,0,  cmd, goto,0
624.0, elevID,3,  pos,-1,  cmd, goto,-1
625.0, elevID,2,  pos,0,  cmd, goto,0
625.0, elevID,3,  pos,-1,  cmd, goto,-1
626.0, elevID,2,  pos,0,  cmd, goto,0
626.0, elevID,3,  pos,-1,  cmd, goto,-1
627.0, elevID,3,  pos,-1,  cmd, goto,-1
627.0,Elevator call,626.2116172047942,0,1,1,1, got allocated to elevator, 1
627.0, elevID,2,  pos,0,  cmd, goto,0
627.0, elevID,3,  pos,-1,  cmd, goto,-1
628.0, elevID,2,  pos,0,  cmd, goto,0
628.0, elevID,3,  pos,-1,  cmd, goto,-1
629.0, elevID,2,  pos,0,  cmd, goto,0
629.0, elevID,3,  pos,-1,  cmd, goto,-1
630.0, elevID,2,  pos,0,  cmd, goto,0
630.0, elevID,3,  pos,-1,  cmd, goto,-1
631.0, elevID,2,  pos,0,  cmd, goto,0
631.0, elevID,3,  pos,-1,  cmd, goto,-1
632.0, elevID,2,  pos,0,  cmd, goto,0
632.0, elevID,3,  pos,-1,  cmd, goto,-1
633.0, elevID,2,  pos,0,  cmd, goto,0
633.0, elevID,3,  pos,-1,  cmd, goto,-1
634.0, elevID,2,  pos,0,  cmd, goto,0
634.0, elevID,3,  pos,-1,  cmd, goto,-1
635.0, elevID,2,  pos,0,  cmd, goto,0
635.0, elevID,3,  pos,-1,  cmd, goto,-1
636.0, elevID,2,  pos,0,  cmd, goto,0
636.0, elevID,3,  pos,-1,  cmd, goto,-1
637.0, elevID,2,  pos,0,  cmd, goto,0
637.0, elevID,3,  pos,-1,  cmd, goto,-1
638.0, elevID,2,  pos,0,  cmd, goto,0
638.0, elevID,3,  pos,-1,  cmd, goto,-1
639.0, elevID,2,  pos,0,  cmd, goto,0
639.0, elevID,3,  pos,-1,  cmd, goto,-1
640.0, elevID,2,  pos,0,  cmd, goto,0
640.0, elevID,3,  pos,-1,  cmd, goto,-1
641.0, elevID,2,  pos,0,  cmd, goto,0
641.0, elevID,3,  pos,-1,  cmd, goto,-1
642.0, elevID,2,  pos,0,  cmd, goto,0
642.0, elevID,3,  pos,-1,  cmd, goto,-1
643.0, elevID,2,  pos,0,  cmd, goto,0
643.0, elevID,3,  pos,-1,  cmd, goto,-1
644.0, elevID,3,  pos,-1,  cmd, goto,-1
644.0,Elevator call,643.8547514955396,-1,2,1,1, got allocated to elevator, 1
644.0, elevID,2,  pos,0,  cmd, goto,0
644.0,Elev,3,  arrived at src, -1, Elevator call,643.8547514955396,-1,2,2,1
644.0, elevID,3,  pos,-1,  cmd, goto,-1
645.0, elevID,2,  pos,0,  cmd, goto,0
645.0, elevID,3,  pos,-1,  cmd, goto,-1
646.0, elevID,2,  pos,0,  cmd, goto,0
646.0, elevID,3,  pos,-1,  cmd, goto,-1
647.0, elevID,2,  pos,0,  cmd, goto,0
647.0, elevID,3,  pos,-1,  cmd, goto,-1
648.0, elevID,2,  pos,0,  cmd, goto,0
648.0, elevID,3,  pos,-1,  cmd, goto,-1
649.0, elevID,2,  pos,0,  cmd, goto,0
649.0, elevID,3,  pos,-1,  cmd, goto,-1
650.0, elevID,2,  pos,0,  cmd, goto,0
650.0, elevID,3,  pos,-1,  cmd, goto,-1
651.0, elevID,2,  pos,0,  cmd, goto,0
651.0, elevID,3,  pos,-1,  cmd, goto,-1
652.0, elevID,2,  pos,0,  cmd, goto,0
652.0, elevID,3,  pos,-1,  cmd, goto,-1
653.0, elevID,2,  pos,0,  cmd, goto,0
653.0, elevID,3,  pos,-1,  cmd, goto,-1
654.0, elevID,2,  pos,0,  cmd, goto,0
654.0, elevID,3,  pos,-1,  cmd, goto,-1
655.0, elevID,2,  pos,0,  cmd, goto,0
655.0, elevID,3,  pos,-1,  cmd, goto,-1
656.0, elevID,2,  pos,0,  cmd, goto,0
656.0, elevID,3,  pos,-1,  cmd, goto,-1
657.0, elevID,2,  pos,0,  cmd, goto,0
657.0, elevID,3,  pos,-1,  cmd, goto,-1
658.0, elevID,2,  pos,0,  cmd, goto,0
658.0, elevID,3,  pos,-1,  cmd, goto,-1
659.0, elevID,2,  pos,0,  cmd, goto,0
659.0, elevID,3,  pos,-1,  cmd, goto,-1
660.0, elevID,2,  pos,0,  cmd, goto,0
660.0, elevID,3,  pos,-1,  cmd, goto,-1
661.0, elevID,2,  pos,0,  cmd, goto,0
661.0,Elevator call,660.0732907797126,6,10,1,0, got allocated to elevator, 0
661.0, elevID,2,  pos,0,  cmd, goto,0
661.0, elevID,3,  pos,-1,  cmd, goto,-1
662.0, elevID,2,  pos,0,  cmd, goto,0
662.0,Elevator call,661.0420820268716,-1,3,1,0, got allocated to elevator, 0
662.0, elevID,2,  pos,0,  cmd, goto,0
662.0, elevID,3,  pos,-1,  cmd, goto,-1
663.0, elevID,2,  pos,0,  cmd, goto,0
663.0,Elevator call,662.1730527520776,-1,5,1,0, got allocated to elevator, 0
663.0, elevID,2,  pos,0,  cmd, goto,0
663.0, elevID,3,  pos,-1,  cmd, goto,-1
664.0, elevID,2,  pos,0,  cmd, goto,0
664.0, elevID,3,  pos,-1,  cmd, goto,-1
665.0, elevID,2,  pos,0,  cmd, goto,0
665.0, elevID,3,  pos,-1,  cmd, goto,-1
666.0, elevID,2,  pos,0,  cmd, goto,0
666.0,Elevator call,665.1155548533167,-1,8,1,0, got allocated to elevator, 0
666.0, elevID,2,  pos,0,  cmd, goto,0
666.0, elevID,3,  pos,-1,  cmd, goto,-1
667.0, elevID,3,  pos,-1,  cmd, goto,-1
667.0,Elevator call,666.0340294605869,4,0,1,1, got allocated to elevator, 1
667.0, elevID,3,  pos,-1,  cmd, goto,-1
667.0,Elevator call,666.2411586665262,5,-1,1,1, got allocated to elevator, 1
667.0, elevID,2,  pos,0,  cmd, goto,0
667.0, elevID,3,  pos,-1,  cmd, goto,-1
668.0, elevID,2,  pos,0,  cmd, goto,0
668.0, elevID,3,  pos,-1,  cmd, goto,-1
669.0, elevID,2,  pos,0,  cmd, goto,0
669.0, elevID,3,  pos,-1,  cmd, goto,-1
670.0, elevID,2,  pos,0,  cmd, goto,0
670.0, elevID,3,  pos,-1,  cmd, goto,-1
671.0, elevID,2,  pos,0,  cmd, goto,0
671.0, elevID,3,  pos,-1,  cmd, goto,-1
672.0, elevID,2,  pos,0,  cmd, goto,0
672.0, elevID,3,  pos,-1,  cmd, goto,-1
673.0, elevID,2,  pos,0,  cmd, goto,0
673.0,Elevator call,672.677314157026,0,-1,1,0, got allocated to elevator, 0
673.0,Elev,2,  arrived at src, 0, Elevator call,672.677314157026,0,-1,2,0
673.0, elevID,2,  pos,0,  cmd, goto,0
673.0, elevID,3,  pos,-1,  cmd, goto,-1
674.0, elevID,2,  pos,0,  cmd, goto,0
674.0, elevID,3,  pos,-1,  cmd, goto,-1
675.0, elevID,2,  pos,0,  cmd, goto,0
675.0, elevID,3,  pos,-1,  cmd, goto,-1
676.0, elevID,2,  pos,0,  cmd, goto,0
676.0, elevID,3,  pos,-1,  cmd, goto,-1
677.0, elevID,2,  pos,0,  cmd, goto,0
677.0, elevID,3,  pos,-1,  cmd, goto,-1
678.0, elevID,2,  pos,0,  cmd, goto,0
678.0,Elevator call,677.7341948387335,0,-1,1,0, got allocated to elevator, 0
678.0,Elev,2,  arrived at src, 0, Elevator call,677.7341948387335,0,-1,2,0
678.0, elevID,2,  pos,0,  cmd, goto,0
678.0, elevID,3,  pos,-1,  cmd, goto,-1
679.0, elevID,2,  pos,0,  cmd, goto,0
679.0,Elevator call,678.9953584914538,-1,-2,1,0, got allocated to elevator, 0
679.0, elevID,2,  pos,0,  cmd, goto,0
679.0, elevID,3,  pos,-1,  cmd, goto,-1
680.0, elevID,2,  pos,0,  cmd, goto,0
680.0, elevID,3,  pos,-1,  cmd, goto,-1
681.0, elevID,2,  pos,0,  cmd, goto,0
681.0, elevID,3,  pos,-1,  cmd, goto,-1
682.0, elevID,2,  pos,0,  cmd, goto,0
682.0, elevID,3,  pos,-1,  cmd, goto,-1
683.0, elevID,2,  pos,0,  cmd, goto,0
683.0, elevID,3,  pos,-1,  cmd, goto,-1
684.0, elevID,2,  pos,0,  cmd, goto,0
684.0, elevID,3,  pos,-1,  cmd, goto,-1
685.0, elevID,2,  pos,0,  cmd, goto,0
685.0, elevID,3,  pos,-1,  cmd, goto,-1
686.0, elevID,2,  pos,0,  cmd, goto,0
686.0, elevID,3,  pos,-1,  cmd, goto,-1
687.0, elevID,2,  pos,0,  cmd, goto,0
687.0, elevID,3,  pos,-1,  cmd, goto,-1
688.0, elevID,2,  pos,0,  cmd, goto,0
688.0, elevID,3,  pos,-1,  cmd, goto,-1
689.0, elevID,2,  pos,0,  cmd, goto,0
689.0, elevID,3,  pos,-1,  cmd, goto,-1
690.0, elevID,2,  pos,0,  cmd, goto,0
690.0, elevID,3,  pos,-1,  cmd, goto,-1
691.0, elevID,2,  pos,0,  cmd, goto,0
691.0, elevID,3,  pos,-1,  cmd, goto,-1
692.0, elevID,2,  pos,0,  cmd, goto,0
692.0, elevID,3,  pos,-1,  cmd, goto,-1
693.0, elevID,2,  pos,0,  cmd, goto,0
693.0, elevID,3,  pos,-1,  cmd, goto,-1
694.0, elevID,2,  pos,0,  cmd, goto,0
694.0, elevID,3,  pos,-1,  cmd, goto,-1
695.0, elevID,2,  pos,0,  cmd, goto,0
695.0, elevID,3,  pos,-1,  cmd, goto,-1
696.0, elevID,2,  pos,0,  cmd, goto,0
696.0,Elevator call,695.2239881566923,0,10,1,0, got allocated to elevator, 0
696.0,Elev,2,  arrived at src, 0, Elevator call,695.2239881566923,0,10,2,0
696.0, elevID,2,  pos,0,  cmd, goto,0
696.0, elevID,3,  pos,-1,  cmd, goto,-1
697.0, elevID,2,  pos,0,  cmd, goto,0
697.0, elevID,3,  pos,-1,  cmd, goto,-1
698.0, elevID,2,  pos,0,  cmd, goto,0
698.0, elevID,3,  pos,-1,  cmd, goto,-1
699.0, elevID,2,  pos,0,  cmd, goto,0
699.0, elevID,3,  pos,-1,  cmd, goto,-1
700.0, elevID,2,  pos,0,  cmd, goto,0
700.0, elevID,3,  pos,-1,  cmd, goto,-1
701.0, elevID,2,  pos,0,  cmd, goto,0
701.0, elevID,3,  pos,-1,  cmd, goto,-1
702.0, elevID,2,  pos,0,  cmd, goto,0
702.0, elevID,3,  pos,-1,  cmd, goto,-1
703.0, elevID,2,  pos,0,  cmd, goto,0
703.0, elevID,3,  pos,-1,  cmd, goto,-1
704.0, elevID,2,  pos,0,  cmd, goto,0
704.0, elevID,3,  pos,-1,  cmd, goto,-1
705.0, elevID,2,  pos,0,  cmd, goto,0
705.0, elevID,3,  pos,-1,  cmd, goto,-1
706.0, elevID,2,  pos,0,  cmd, goto,0
706.0, elevID,3,  pos,-1,  cmd, goto,-1
707.0, elevID,2,  pos,0,  cmd, goto,0
707.0,Elevator call,706.1583474999188,-1,-2,1,0, got allocated to elevator, 0
707.0, elevID,2,  pos,0,  cmd, goto,0
707.0, elevID,3,  pos,-1,  cmd, goto,-1
708.0, elevID,2,  pos,0,  cmd, goto,0
708.0, elevID,3,  pos,-1,  cmd, goto,-1
709.0, elevID,2,  pos,0,  cmd, goto,0
709.0, elevID,3,  pos,-1,  cmd, goto,-1
710.0, elevID,2,  pos,0,  cmd, goto,0
710.0, elevID,3,  pos,-1,  cmd, goto,-1
711.0, elevID,3,  pos,-1,  cmd, goto,-1
711.0,Elevator call,710.3249770041223,0,1,1,1, got allocated to elevator, 1
711.0, elevID,2,  pos,0,  cmd, goto,0
711.0, elevID,3,  pos,-1,  cmd, goto,-1
712.0, elevID,2,  pos,0,  cmd, goto,0
712.0, elevID,3,  pos,-1,  cmd, goto,-1
713.0, elevID,2,  pos,0,  cmd, goto,0
713.0, elevID,3,  pos,-1,  cmd, goto,-1
714.0, elevID,3,  pos,-1,  cmd, goto,-1
714.0,Elevator call,713.0191971398395,1,0,1,1, got allocated to elevator, 1
714.0, elevID,3,  pos,-1,  cmd, goto,-1
714.0,Elevator call,713.2499766424826,10,-1,1,1, got allocated to elevator, 1
714.0, elevID,2,  pos,0,  cmd, goto,0
714.0, elevID,3,  pos,-1,  cmd, goto,-1
715.0, elevID,2,  pos,0,  cmd, goto,0
715.0, elevID,3,  pos,-1,  cmd, goto,-1
716.0, elevID,2,  pos,0,  cmd, goto,0
716.0, elevID,3,  pos,-1,  cmd, goto,-1
717.0, elevID,2,  pos,0,  cmd, goto,0
717.0, elevID,3,  pos,-1,  cmd, goto,-1
718.0, elevID,2,  pos,0,  cmd, goto,0
718.0, elevID,3,  pos,-1,  cmd, goto,-1
719.0, elevID,2,  pos,0,  cmd, goto,0
719.0, elevID,3,  pos,-1,  cmd, goto,-1
720.0, elevID,2,  pos,0,  cmd, goto,0
720.0, elevID,3,  pos,-1,  cmd, goto,-1
721.0, elevID,2,  pos,0,  cmd, goto,0
721.0, elevID,3,  pos,-1,  cmd, goto,-1
722.0, elevID,2,  pos,0,  cmd, goto,0
722.0, elevID,3,  pos,-1,  cmd, goto,-1
723.0, elevID,3,  pos,-1,  cmd, goto,-1
723.0,Elevator call,722.6161212799507,10,0,1,1, got allocated to elevator, 1
723.0, elevID,2,  pos,0,  cmd, goto,0
723.0, elevID,3,  pos,-1,  cmd, goto,-1
724.0, elevID,2,  pos,0,  cmd, goto,0
724.0, elevID,3,  pos,-1,  cmd, goto,-1
725.0, elevID,2,  pos,0,  cmd, goto,0
725.0, elevID,3,  pos,-1,  cmd, goto,-1
726.0, elevID,2,  pos,0,  cmd, goto,0
726.0, elevID,3,  pos,-1,  cmd, goto,-1
727.0, elevID,2,  pos,0,  cmd, goto,0
727.0, elevID,3,  pos,-1,  cmd, goto,-1
728.0, elevID,3,  pos,-1,  cmd, goto,-1
728.0,Elevator call,727.514602863032,-1,0,1,1, got allocated to elevator, 1
728.0, elevID,2,  pos,0,  cmd, goto,0
728.0,Elev,3,  arrived at src, -1, Elevator call,727.514602863032,-1,0,2,1
728.0, elevID,3,  pos,-1,  cmd, goto,-1
729.0, elevID,2,  pos,0,  cmd, goto,0
729.0, elevID,3,  pos,-1,  cmd, goto,-1
730.0, elevID,2,  pos,0,  cmd, goto,0
730.0, elevID,3,  pos,-1,  cmd, goto,-1
731.0, elevID,2,  pos,0,  cmd, goto,0
731.0, elevID,3,  pos,-1,  cmd, goto,-1
732.0, elevID,2,  pos,0,  cmd, goto,0
732.0, elevID,3,  pos,-1,  cmd, goto,-1
733.0, elevID,3,  pos,-1,  cmd, goto,-1
733.0,Elevator call,732.9746341348998,6,-1,1,1, got allocated to elevator, 1
733.0, elevID,2,  pos,0,  cmd, goto,0
733.0, elevID,3,  pos,-1,  cmd, goto,-1
734.0, elevID,2,  pos,0,  cmd, goto,0
734.0, elevID,3,  pos,-1,  cmd, goto,-1
735.0, elevID,2,  pos,0,  cmd, goto,0
735.0, elevID,3,  pos,-1,  cmd, goto,-1
736.0, elevID,2,  pos,0,  cmd, goto,0
736.0, elevID,3,  pos,-1,  cmd, goto,-1
737.0, elevID,2,  pos,0,  cmd, goto,0
737.0, elevID,3,  pos,-1,  cmd, goto,-1
738.0, elevID,3,  pos,-1,  cmd, goto,-1
738.0,Elevator call,737.314720213409,1,0,1,1, got allocated to elevator, 1
738.0, elevID,2,  pos,0,  cmd, goto,0
738.0, elevID,3,  pos,-1,  cmd, goto,-1
739.0, elevID,2,  pos,0,  cmd, goto,0
739.0, elevID,3,  pos,-1,  cmd, goto,-1
740.0, elevID,2,  pos,0,  cmd, goto,0
740.0, elevID,3,  pos,-1,  cmd, goto,-1
741.0, elevID,2,  pos,0,  cmd, goto,0
741.0, elevID,3,  pos,-1,  cmd, goto,-1
742.0, elevID,2,  pos,0,  cmd, goto,0
742.0, elevID,3,  pos,-1,  cmd, goto,-1
743.0, elevID,2,  pos,0,  cmd, goto,0
743.0, elevID,3,  pos,-1,  cmd, goto,-1
744.0, elevID,2,  pos,0,  cmd, goto,0
744.0, elevID,3,  pos,-1,  cmd, goto,-1
745.0, elevID,2,  pos,0,  cmd, goto,0
745.0, elevID,3,  pos,-1,  cmd, goto,-1
746.0, elevID,2,  pos,0,  cmd, goto,0
746.0, elevID,3,  pos,-1,  cmd, goto,-1
747.0, elevID,2,  pos,0,  cmd, goto,0
747.0, elevID,3,  pos,-1,  cmd, goto,-1
748.0, elevID,2,  pos,0,  cmd, goto,0
748.0, elevID,3,  pos,-1,  cmd, goto,-1
749.0, elevID,2,  pos,0,  cmd, goto,0
749.0, elevID,3,  pos,-1,  cmd, goto,-1
750.0, elevID,2,  pos,0,  cmd, goto,0
750.0, elevID,3,  pos,-1,  cmd, goto,-1
751.0, elevID,2,  pos,0,  cmd, goto,0
751.0, elevID,3,  pos,-1,  cmd, goto,-1
752.0, elevID,2,  pos,0,  cmd, goto,0
752.0, elevID,3,  pos,-1,  cmd, goto,-1
753.0, elevID,2,  pos,0,  cmd, goto,0
753.0, elevID,3,  pos,-1,  cmd, goto,-1
754.0, elevID,2,  pos,0,  cmd, goto,0
754.0, elevID,3,  pos,-1,  cmd, goto,-1
755.0, elevID,2,  pos,0,  cmd, goto,0
755.0, elevID,3,  pos,-1,  cmd, goto,-1
756.0, elevID,2,  pos,0,  cmd, goto,0
756.0, elevID,3,  pos,-1,  cmd, goto,-1
757.0, elevID,2,  pos,0,  cmd, goto,0
757.0, elevID,3,  pos,-1,  cmd, goto,-1
758.0, elevID,2,  pos,0,  cmd, goto,0
758.0, elevID,3,  pos,-1,  cmd, goto,-1
759.0, elevID,2,  pos,0,  cmd, goto,0
759.0, elevID,3,  pos,-1,  cmd, goto,-1
760.0, elevID,2,  pos,0,  cmd, goto,0
760.0, elevID,3,  pos,-1,  cmd, goto,-1
761.0, elevID,2,  pos,0,  cmd, goto,0
761.0, elevID,3,  pos,-1,  cmd, goto,-1
762.0, elevID,2,  pos,0,  cmd, goto,0
762.0, elevID,3,  pos,-1,  cmd, goto,-1
763.0, elevID,2,  pos,0,  cmd, goto,0
763.0, elevID,3,  pos,-1,  cmd, goto,-1
764.0, elevID,2,  pos,0,  cmd, goto,0
764.0, elevID,3,  pos,-1,  cmd, goto,-1
765.0, elevID,2,  pos,0,  cmd, goto,0
765.0, elevID,3,  pos,-1,  cmd, goto,-1
766.0, elevID,2,  pos,0,  cmd, goto,0
766.0, elevID,3,  pos,-1,  cmd, goto,-1
767.0, elevID,2,  pos,0,  cmd, goto,0
767.0, elevID,3,  pos,-1,  cmd, goto,-1
768.0, elevID,2,  pos,0,  cmd, goto,0
768.0, elevID,3,  pos,-1,  cmd, goto,-1
769.0, elevID,2,  pos,0,  cmd, goto,0
769.0, elevID,3,  pos,-1,  cmd, goto,-1
770.0, elevID,2,  pos,0,  cmd, goto,0
770.0, elevID,3,  pos,-1,  cmd, goto,-1
771.0, elevID,2,  pos,0,  cmd, goto,0
771.0, elevID,3,  pos,-1,  cmd, goto,-1
772.0, elevID,2,  pos,0,  cmd, goto,0
772.0, elevID,3,  pos,-1,  cmd, goto,-1
773.0, elevID,2,  pos,0,  cmd, goto,0
773.0, elevID,3,  pos,-1,  cmd, goto,-1
774.0, elevID,2,  pos,0,  cmd, goto,0
774.0, elevID,3,  pos,-1,  cmd, goto,-1
775.0, elevID,2,  pos,0,  cmd, goto,0
775.0, elevID,3,  pos,-1,  cmd, goto,-1
776.0, elevID,2,  pos,0,  cmd, goto,0
776.0, elevID,3,  pos,-1,  cmd, goto,-1
777.0, elevID,2,  pos,0,  cmd, goto,0
777.0, elevID,3,  pos,-1,  cmd, goto,-1
778.0, elevID,2,  pos,0,  cmd, goto,0
778.0, elevID,3,  pos,-1,  cmd, goto,-1
779.0, elevID,2,  pos,0,  cmd, goto,0
779.0, elevID,3,  pos,-1,  cmd, goto,-1
780.0, elevID,2,  pos,0,  cmd, goto,0
780.0,Elevator call,779.399691386574,-1,5,1,0, got allocated to elevator, 0
780.0, elevID,2,  pos,0,  cmd, goto,0
780.0, elevID,3,  pos,-1,  cmd, goto,-1
781.0, elevID,2,  pos,0,  cmd, goto,0
781.0, elevID,3,  pos,-1,  cmd, goto,-1
782.0, elevID,2,  pos,0,  cmd, goto,0
782.0, elevID,3,  pos,-1,  cmd, goto,-1
783.0, elevID,2,  pos,0,  cmd, goto,0
783.0, elevID,3,  pos,-1,  cmd, goto,-1
784.0, elevID,2,  pos,0,  cmd, goto,0
784.0, elevID,3,  pos,-1,  cmd, goto,-1
785.0, elevID,2,  pos,0,  cmd, goto,0
785.0, elevID,3,  pos,-1,  cmd, goto,-1
786.0, elevID,2,  pos,0,  cmd, goto,0
786.0, elevID,3,  pos,-1,  cmd, goto,-1
787.0, elevID,2,  pos,0,  cmd, goto,0
787.0, elevID,3,  pos,-1,  cmd, goto,-1
788.0, elevID,2,  pos,0,  cmd, goto,0
788.0, elevID,3,  pos,-1,  cmd, goto,-1
789.0, elevID,2,  pos,0,  cmd, goto,0
789.0, elevID,3,  pos,-1,  cmd, goto,-1
790.0, elevID,2,  pos,0,  cmd, goto,0
790.0, elevID,3,  pos,-1,  cmd, goto,-1
791.0, elevID,2,  pos,0,  cmd, goto,0
791.0, elevID,3,  pos,-1,  cmd, goto,-1
792.0, elevID,2,  pos,0,  cmd, goto,0
792.0, elevID,3,  pos,-1,  cmd, goto,-1
793.0, elevID,2,  pos,0,  cmd, goto,0
793.0, elevID,3,  pos,-1,  cmd, goto,-1
794.0, elevID,2,  pos,0,  cmd, goto,0
794.0, elevID,3,  pos,-1,  cmd, goto,-1
795.0, elevID,2,  pos,0,  cmd, goto,0
795.0, elevID,3,  pos,-1,  cmd, goto,-1
796.0, elevID,2,  pos,0,  cmd, goto,0
796.0, elevID,3,  pos,-1,  cmd, goto,-1
797.0, elevID,2,  pos,0,  cmd, goto,0
797.0, elevID,3,  pos,-1,  cmd, goto,-1
798.0, elevID,2,  pos,0,  cmd, goto,0
798.0, elevID,3,  pos,-1,  cmd, goto,-1
799.0, elevID,2,  pos,0,  cmd, goto,0
799.0, elevID,3,  pos,-1,  cmd, goto,-1
800.0, elevID,2,  pos,0,  cmd, goto,0
800.0, elevID,3,  pos,-1,  cmd, goto,-1
801.0, elevID,2,  pos,0,  cmd, goto,0
801.0, elevID,3,  pos,-1,  cmd, goto,-1
802.0, elevID,2,  pos,0,  cmd, goto,0
802.0, elevID,3,  pos,-1,  cmd, goto,-1
803.0, elevID,2,  pos,0,  cmd, goto,0
803.0, elevID,3,  pos,-1,  cmd, goto,-1
804.0, elevID,2,  pos,0,  cmd, goto,0
804.0, elevID,3,  pos,-1,  cmd, goto,-1
805.0, elevID,2,  pos,0,  cmd, goto,0
805.0, elevID,3,  pos,-1,  cmd, goto,-1
806.0, elevID,2,  pos,0,  cmd, goto,0
806.0,Elevator call,805.6754743307536,-1,-2,1,0, got allocated to elevator, 0
806.0, elevID,2,  pos,0,  cmd, goto,0
806.0, elevID,3,  pos,-1,  cmd, goto,-1
807.0, elevID,2,  pos,0,  cmd, goto,0
807.0, elevID,3,  pos,-1,  cmd, goto,-1
808.0, elevID,2,  pos,0,  cmd, goto,0
808.0, elevID,3,  pos,-1,  cmd, goto,-1
809.0, elevID,2,  pos,0,  cmd, goto,0
809.0, elevID,3,  pos,-1,  cmd, goto,-1
810.0, elevID,2,  pos,0,  cmd, goto,0
810.0, elevID,3,  pos,-1,  cmd, goto,-1
811.0, elevID,3,  pos,-1,  cmd, goto,-1
811.0,Elevator call,810.4469089359914,2,0,1,1, got allocated to elevator, 1
811.0, elevID,2,  pos,0,  cmd, goto,0
811.0, elevID,3,  pos,-1,  cmd, goto,-1
812.0, elevID,2,  pos,0,  cmd, goto,0
812.0, elevID,3,  pos,-1,  cmd, goto,-1
813.0, elevID,2,  pos,0,  cmd, goto,0
813.0, elevID,3,  pos,-1,  cmd, goto,-1
814.0, elevID,2,  pos,0,  cmd, goto,0
814.0, elevID,3,  pos,-1,  cmd, goto,-1
815.0, elevID,2,  pos,0,  cmd, goto,0
815.0, elevID,3,  pos,-1,  cmd, goto,-1
816.0, elevID,2,  pos,0,  cmd, goto,0
816.0, elevID,3,  pos,-1,  cmd, goto,-1
817.0, elevID,3,  pos,-1,  cmd, goto,-1
817.0,Elevator call,816.1516998390152,7,-1,1,1, got allocated to elevator, 1
817.0, elevID,2,  pos,0,  cmd, goto,0
817.0, elevID,3,  pos,-1,  cmd, goto,-1
818.0, elevID,2,  pos,0,  cmd, goto,0
818.0, elevID,3,  pos,-1,  cmd, goto,-1
819.0, elevID,2,  pos,0,  cmd, goto,0
819.0, elevID,3,  pos,-1,  cmd, goto,-1
820.0, elevID,2,  pos,0,  cmd, goto,0
820.0, elevID,3,  pos,-1,  cmd, goto,-1
821.0, elevID,2,  pos,0,  cmd, goto,0
821.0, elevID,3,  pos,-1,  cmd, goto,-1
822.0, elevID,2,  pos,0,  cmd, goto,0
822.0, elevID,3,  pos,-1,  cmd, goto,-1
823.0, elevID,2,  pos,0,  cmd, goto,0
823.0, elevID,3,  pos,-1,  cmd, goto,-1
824.0, elevID,2,  pos,0,  cmd, goto,0
824.0, elevID,3,  pos,-1,  cmd, goto,-1
825.0, elevID,2,  pos,0,  cmd, goto,0
825.0, elevID,3,  pos,-1,  cmd, goto,-1
826.0, elevID,3,  pos,-1,  cmd, goto,-1
826.0,Elevator call,825.4575184586336,7,0,1,1, got allocated to elevator, 1
826.0, elevID,2,  pos,0,  cmd, goto,0
826.0, elevID,3,  pos,-1,  cmd, goto,-1
827.0, elevID,2,  pos,0,  cmd, goto,0
827.0, elevID,3,  pos,-1,  cmd, goto,-1
828.0, elevID,2,  pos,0,  cmd, goto,0
828.0, elevID,3,  pos,-1,  cmd, goto,-1
829.0, elevID,2,  pos,0,  cmd, goto,0
829.0, elevID,3,  pos,-1,  cmd, goto,-1
830.0, elevID,2,  pos,0,  cmd, goto,0
830.0, elevID,3,  pos,-1,  cmd, goto,-1
831.0, elevID,2,  pos,0,  cmd, goto,0
831.0, elevID,3,  pos,-1,  cmd, goto,-1
832.0, elevID,2,  pos,0,  cmd, goto,0
832.0, elevID,3,  pos,-1,  cmd, goto,-1
833.0, elevID,2,  pos,0,  cmd, goto,0
833.0, elevID,3,  pos,-1,  cmd, goto,-1
834.0, elevID,2,  pos,0,  cmd, goto,0
834.0, elevID,3,  pos,-1,  cmd, goto,-1
835.0, elevID,2,  pos,0,  cmd, goto,0
835.0, elevID,3,  pos,-1,  cmd, goto,-1
836.0, elevID,2,  pos,0,  cmd, goto,0
836.0, elevID,3,  pos,-1,  cmd, goto,-1
837.0, elevID,2,  pos,0,  cmd, goto,0
837.0, elevID,3,  pos,-1,  cmd, goto,-1
838.0, elevID,2,  pos,0,  cmd, goto,0
838.0, elevID,3,  pos,-1,  cmd, goto,-1
839.0, elevID,2,  pos,0,  cmd, goto,0
839.0, elevID,3,  pos,-1,  cmd, goto,-1
840.0, elevID,3,  pos,-1,  cmd, goto,-1
840.0,Elevator call,839.8525652620532,0,1,1,1, got allocated to elevator, 1
840.0, elevID,2,  pos,0,  cmd, goto,0
840.0, elevID,3,  pos,-1,  cmd, goto,-1
841.0, elevID,2,  pos,0,  cmd, goto,0
841.0, elevID,3,  pos,-1,  cmd, goto,-1
842.0, elevID,2,  pos,0,  cmd, goto,0
842.0, elevID,3,  pos,-1,  cmd, goto,-1
843.0, elevID,2,  pos,0,  cmd, goto,0
843.0, elevID,3,  pos,-1,  cmd, goto,-1
844.0, elevID,2,  pos,0,  cmd, goto,0
844.0, elevID,3,  pos,-1,  cmd, goto,-1
845.0, elevID,2,  pos,0,  cmd, goto,0
845.0, elevID,3,  pos,-1,  cmd, goto,-1
846.0, elevID,2,  pos,0,  cmd, goto,0
846.0, elevID,3,  pos,-1,  cmd, goto,-1
847.0, elevID,2,  pos,0,  cmd, goto,0
847.0, elevID,3,  pos,-1,  cmd, goto,-1
848.0, elevID,2,  pos,0,  cmd, goto,0
848.0, elevID,3,  pos,-1,  cmd, goto,-1
849.0, elevID,2,  pos,0,  cmd, goto,0
849.0, elevID,3,  pos,-1,  cmd, goto,-1
850.0, elevID,2,  pos,0,  cmd, goto,0
850.0, elevID,3,  pos,-1,  cmd, goto,-1
851.0, elevID,2,  pos,0,  cmd, goto,0
851.0, elevID,3,  pos,-1,  cmd, goto,-1
852.0, elevID,2,  pos,0,  cmd, goto,0
852.0, elevID,3,  pos,-1,  cmd, goto,-1
853.0, elevID,2,  pos,0,  cmd, goto,0
853.0, elevID,3,  pos,-1,  cmd, goto,-1
854.0, elevID,2,  pos,0,  cmd, goto,0
854.0, elevID,3,  pos,-1,  cmd, goto,-1
855.0, elevID,3,  pos,-1,  cmd, goto,-1
855.0,Elevator call,854.2002278085795,6,-1,1,1, got allocated to elevator, 1
855.0, elevID,2,  pos,0,  cmd, goto,0
855.0, elevID,3,  pos,-1,  cmd, goto,-1
856.0, elevID,2,  pos,0,  cmd, goto,0
856.0, elevID,3,  pos,-1,  cmd, goto,-1
857.0, elevID,2,  pos,0,  cmd, goto,0
857.0, elevID,3,  pos,-1,  cmd, goto,-1
858.0, elevID,2,  pos,0,  cmd, goto,0
858.0, elevID,3,  pos,-1,  cmd, goto,-1
859.0, elevID,2,  pos,0,  cmd, goto,0
859.0, elevID,3,  pos,-1,  cmd, goto,-1
860.0, elevID,2,  pos,0,  cmd, goto,0
860.0, elevID,3,  pos,-1,  cmd, goto,-1
861.0, elevID,2,  pos,0,  cmd, goto,0
861.0, elevID,3,  pos,-1,  cmd, goto,-1
862.0, elevID,2,  pos,0,  cmd, goto,0
862.0, elevID,3,  pos,-1,  cmd, goto,-1
863.0, elevID,2,  pos,0,  cmd, goto,0
863.0, elevID,3,  pos,-1,  cmd, goto,-1
864.0, elevID,2,  pos,0,  cmd, goto,0
864.0,Elevator call,863.893291272948,0,-1,1,0, got allocated to elevator, 0
864.0,Elev,2,  arrived at src, 0, Elevator call,863.893291272948,0,-1,2,0
864.0, elevID,2,  pos,0,  cmd, goto,0
864.0, elevID,3,  pos,-1,  cmd, goto,-1
865.0, elevID,2,  pos,0,  cmd, goto,0
865.0, elevID,3,  pos,-1,  cmd, goto,-1
866.0, elevID,2,  pos,0,  cmd, goto,0
866.0, elevID,3,  pos,-1,  cmd, goto,-1
867.0, elevID,2,  pos,0,  cmd, goto,0
867.0, elevID,3,  pos,-1,  cmd, goto,-1
868.0, elevID,2,  pos,0,  cmd, goto,0
868.0, elevID,3,  pos,-1,  cmd, goto,-1
869.0, elevID,2,  pos,0,  cmd, goto,0
869.0, elevID,3,  pos,-1,  cmd, goto,-1
870.0, elevID,2,  pos,0,  cmd, goto,0
870.0, elevID,3,  pos,-1,  cmd, goto,-1
871.0, elevID,2,  pos,0,  cmd, goto,0
871.0,Elevator call,870.5053023797483,0,7,1,0, got allocated to elevator, 0
871.0,Elev,2,  arrived at src, 0, Elevator call,870.5053023797483,0,7,2,0
871.0, elevID,2,  pos,0,  cmd, goto,0
871.0, elevID,3,  pos,-1,  cmd, goto,-1
872.0, elevID,2,  pos,0,  cmd, goto,0
872.0, elevID,3,  pos,-1,  cmd, goto,-1
873.0, elevID,2,  pos,0,  cmd, goto,0
873.0, elevID,3,  pos,-1,  cmd, goto,-1
874.0, elevID,2,  pos,0,  cmd, goto,0
874.0, elevID,3,  pos,-1,  cmd, goto,-1
875.0, elevID,2,  pos,0,  cmd, goto,0
875.0, elevID,3,  pos,-1,  cmd, goto,-1
876.0, elevID,2,  pos,0,  cmd, goto,0
876.0, elevID,3,  pos,-1,  cmd, goto,-1
877.0, elevID,2,  pos,0,  cmd, goto,0
877.0, elevID,3,  pos,-1,  cmd, goto,-1
878.0, elevID,2,  pos,0,  cmd, goto,0
878.0, elevID,3,  pos,-1,  cmd, goto,-1
879.0, elevID,2,  pos,0,  cmd, goto,0
879.0, elevID,3,  pos,-1,  cmd, goto,-1
880.0, elevID,2,  pos,0,  cmd, goto,0
880.0, elevID,3,  pos,-1,  cmd, goto,-1
881.0, elevID,2,  pos,0,  cmd, goto,0
881.0, elevID,3,  pos,-1,  cmd, goto,-1
882.0, elevID,2,  pos,0,  cmd, goto,0
882.0, elevID,3,  pos,-1,  cmd, goto,-1
883.0, elevID,2,  pos,0,  cmd, goto,0
883.0, elevID,3,  pos,-1,  cmd, goto,-1
884.0, elevID,2,  pos,0,  cmd, goto,0
884.0, elevID,3,  pos,-1,  cmd, goto,-1
885.0, elevID,2,  pos,0,  cmd, goto,0
885.0, elevID,3,  pos,-1,  cmd, goto,-1
886.0, elevID,2,  pos,0,  cmd, goto,0
886.0, elevID,3,  pos,-1,  cmd, goto,-1
887.0, elevID,2,  pos,0,  cmd, goto,0
887.0,Elevator call,886.5649993239458,-1,-2,1,0, got allocated to elevator, 0
887.0, elevID,2,  pos,0,  cmd, goto,0
887.0, elevID,3,  pos,-1,  cmd, goto,-1
888.0, elevID,2,  pos,0,  cmd, goto,0
888.0, elevID,3,  pos,-1,  cmd, goto,-1
889.0, elevID,2,  pos,0,  cmd, goto,0
889.0, elevID,3,  pos,-1,  cmd, goto,-1
890.0, elevID,2,  pos,0,  cmd, goto,0
890.0, elevID,3,  pos,-1,  cmd, goto,-1
891.0, elevID,2,  pos,0,  cmd, goto,0
891.0, elevID,3,  pos,-1,  cmd, goto,-1
892.0, elevID,2,  pos,0,  cmd, goto,0
892.0, elevID,3,  pos,-1,  cmd, goto,-1
893.0, elevID,2,  pos,0,  cmd, goto,0
893.0,Elevator call,892.5212150591021,9,-1,1,0, got allocated to elevator, 0
893.0, elevID,2,  pos,0,  cmd, goto,0
893.0, elevID,3,  pos,-1,  cmd, goto,-1
894.0, elevID,2,  pos,0,  cmd, goto,0
894.0, elevID,3,  pos,-1,  cmd, goto,-1
895.0, elevID,2,  pos,0,  cmd, goto,0
895.0, elevID,3,  pos,-1,  cmd, goto,-1
896.0, elevID,2,  pos,0,  cmd, goto,0
896.0, elevID,3,  pos,-1,  cmd, goto,-1
897.0, elevID,2,  pos,0,  cmd, goto,0
897.0, elevID,3,  pos,-1,  cmd, goto,-1
898.0, elevID,2,  pos,0,  cmd, goto,0
898.0, elevID,3,  pos,-1,  cmd, goto,-1
899.0, elevID,2,  pos,0,  cmd, goto,0
899.0, elevID,3,  pos,-1,  cmd, goto,-1
900.0, elevID,2,  pos,0,  cmd, goto,0
900.0, elevID,3,  pos,-1,  cmd, goto,-1
901.0, elevID,2,  pos,0,  cmd, goto,0
901.0, elevID,3,  pos,-1,  cmd, goto,-1
902.0, elevID,2,  pos,0,  cmd, goto,0
902.0, elevID,3,  pos,-1,  cmd, goto,-1
903.0, elevID,2,  pos,0,  cmd, goto,0
903.0, elevID,3,  pos,-1,  cmd, goto,-1
904.0, elevID,2,  pos,0,  cmd, goto,0
904.0, elevID,3,  pos,-1,  cmd, goto,-1
905.0, elevID,2,  pos,0,  cmd, goto,0
905.0, elevID,3,  pos,-1,  cmd, goto,-1
906.0, elevID,2,  pos,0,  cmd, goto,0
906.0, elevID,3,  pos,-1,  cmd, goto,-1
907.0, elevID,2,  pos,0,  cmd, goto,0
907.0, elevID,3,  pos,-1,  cmd, goto,-1
908.0, elevID,2,  pos,0,  cmd, goto,0
908.0, elevID,3,  pos,-1,  cmd, goto,-1
909.0, elevID,2,  pos,0,  cmd, goto,0
909.0, elevID,3,  pos,-1,  cmd, goto,-1
910.0, elevID,2,  pos,0,  cmd, goto,0
910.0, elevID,3,  pos,-1,  cmd, goto,-1
911.0, elevID,3,  pos,-1,  cmd, goto,-1
911.0,Elevator call,910.5388559417848,6,5,1,1, got allocated to elevator, 1
911.0, elevID,2,  pos,0,  cmd, goto,0
911.0, elevID,3,  pos,-1,  cmd, goto,-1
912.0, elevID,2,  pos,0,  cmd, goto,0
912.0, elevID,3,  pos,-1,  cmd, goto,-1
913.0, elevID,2,  pos,0,  cmd, goto,0
913.0, elevID,3,  pos,-1,  cmd, goto,-1
914.0, elevID,2,  pos,0,  cmd, goto,0
914.0, elevID,3,  pos,-1,  cmd, goto,-1
915.0, elevID,2,  pos,0,  cmd, goto,0
915.0, elevID,3,  pos,-1,  cmd, goto,-1
916.0, elevID,3,  pos,-1,  cmd, goto,-1
916.0,Elevator call,915.9490574608818,4,-1,1,1, got allocated to elevator, 1
916.0, elevID,2,  pos,0,  cmd, goto,0
916.0, elevID,3,  pos,-1,  cmd, goto,-1
917.0, elevID,2,  pos,0,  cmd, goto,0
917.0, elevID,3,  pos,-1,  cmd, goto,-1
918.0, elevID,2,  pos,0,  cmd, goto,0
918.0, elevID,3,  pos,-1,  cmd, goto,-1
919.0, elevID,2,  pos,0,  cmd, goto,0
919.0, elevID,3,  pos,-1,  cmd, goto,-1
920.0, elevID,2,  pos,0,  cmd, goto,0
920.0, elevID,3,  pos,-1,  cmd, goto,-1
921.0, elevID,2,  pos,0,  cmd, goto,0
921.0, elevID,3,  pos,-1,  cmd, goto,-1
922.0, elevID,2,  pos,0,  cmd, goto,0
922.0, elevID,3,  pos,-1,  cmd, goto,-1
923.0, elevID,2,  pos,0,  cmd, goto,0
923.0, elevID,3,  pos,-1,  cmd, goto,-1
924.0, elevID,2,  pos,0,  cmd, goto,0
924.0, elevID,3,  pos,-1,  cmd, goto,-1
925.0, elevID,2,  pos,0,  cmd, goto,0
925.0, elevID,3,  pos,-1,  cmd, goto,-1
926.0, elevID,2,  pos,0,  cmd, goto,0
926.0, elevID,3,  pos,-1,  cmd, goto,-1
927.0, elevID,2,  pos,0,  cmd, goto,0
927.0, elevID,3,  pos,-1,  cmd, goto,-1
928.0, elevID,2,  pos,0,  cmd, goto,0
928.0, elevID,3,  pos,-1,  cmd, goto,-1
929.0, elevID,2,  pos,0,  cmd, goto,0
929.0, elevID,3,  pos,-1,  cmd, goto,-1
930.0, elevID,2,  pos,0,  cmd, goto,0
930.0, elevID,3,  pos,-1,  cmd, goto,-1
931.0, elevID,2,  pos,0,  cmd, goto,0
931.0, elevID,3,  pos,-1,  cmd, goto,-1
932.0, elevID,2,  pos,0,  cmd, goto,0
932.0, elevID,3,  pos,-1,  cmd, goto,-1
933.0, elevID,2,  pos,0,  cmd, goto,0
933.0, elevID,3,  pos,-1,  cmd, goto,-1
934.0, elevID,3,  pos,-1,  cmd, goto,-1
934.0,Elevator call,933.8580452488764,7,5,1,1, got allocated to elevator, 1
934.0, elevID,2,  pos,0,  cmd, goto,0
934.0, elevID,3,  pos,-1,  cmd, goto,-1
935.0, elevID,2,  pos,0,  cmd, goto,0
935.0, elevID,3,  pos,-1,  cmd, goto,-1
936.0, elevID,2,  pos,0,  cmd, goto,0
936.0, elevID,3,  pos,-1,  cmd, goto,-1
937.0, elevID,2,  pos,0,  cmd, goto,0
937.0, elevID,3,  pos,-1,  cmd, goto,-1
938.0, elevID,2,  pos,0,  cmd, goto,0
938.0, elevID,3,  pos,-1,  cmd, goto,-1
939.0, elevID,2,  pos,0,  cmd, goto,0
939.0, elevID,3,  pos,-1,  cmd, goto,-1
940.0, elevID,2,  pos,0,  cmd, goto,0
940.0, elevID,3,  pos,-1,  cmd, goto,-1
941.0, elevID,2,  pos,0,  cmd, goto,0
941.0, elevID,3,  pos,-1,  cmd, goto,-1
942.0, elevID,2,  pos,0,  cmd, goto,0
942.0, elevID,3,  pos,-1,  cmd, goto,-1
943.0, elevID,2,  pos,0,  cmd, goto,0
943.0, elevID,3,  pos,-1,  cmd, goto,-1
944.0, elevID,2,  pos,0,  cmd, goto,0
944.0, elevID,3,  pos,-1,  cmd, goto,-1
945.0, elevID,2,  pos,0,  cmd, goto,0
945.0, elevID,3,  pos,-1,  cmd, goto,-1
946.0, elevID,2,  pos,0,  cmd, goto,0
946.0, elevID,3,  pos,-1,  cmd, goto,-1
947.0, elevID,2,  pos,0,  cmd, goto,0
947.0, elevID,3,  pos,-1,  cmd, goto,-1
948.0, elevID,2,  pos,0,  cmd, goto,0
948.0, elevID,3,  pos,-1,  cmd, goto,-1
949.0, elevID,2,  pos,0,  cmd, goto,0
949.0, elevID,3,  pos,-1,  cmd, goto,-1
950.0, elevID,2,  pos,0,  cmd, goto,0
950.0, elevID,3,  pos,-1,  cmd, goto,-1
951.0, elevID,2,  pos,0,  cmd, goto,0
951.0, elevID,3,  pos,-1,  cmd, goto,-1
952.0, elevID,2,  pos,0,  cmd, goto,0
952.0, elevID,3,  pos,-1,  cmd, goto,-1
953.0, elevID,2,  pos,0,  cmd, goto,0
953.0, elevID,3,  pos,-1,  cmd, goto,-1
954.0, elevID,2,  pos,0,  cmd, goto,0
954.0, elevID,3,  pos,-1,  cmd, goto,-1
955.0, elevID,2,  pos,0,  cmd, goto,0
955.0, elevID,3,  pos,-1,  cmd, goto,-1
956.0, elevID,2,  pos,0,  cmd, goto,0
956.0, elevID,3,  pos,-1,  cmd, goto,-1
957.0, elevID,2,  pos,0,  cmd, goto,0
957.0, elevID,3,  pos,-1,  cmd, goto,-1
958.0, elevID,2,  pos,0,  cmd, goto,0
958.0, elevID,3,  pos,-1,  cmd, goto,-1
959.0, elevID,2,  pos,0,  cmd, goto,0
959.0, elevID,3,  pos,-1,  cmd, goto,-1
960.0, elevID,2,  pos,0,  cmd, goto,0
960.0, elevID,3,  pos,-1,  cmd, goto,-1
961.0, elevID,2,  pos,0,  cmd, goto,0
961.0, elevID,3,  pos,-1,  cmd, goto,-1
962.0, elevID,3,  pos,-1,  cmd, goto,-1
962.0,Elevator call,961.6862855708133,6,-1,1,1, got allocated to elevator, 1
962.0, elevID,2,  pos,0,  cmd, goto,0
962.0, elevID,3,  pos,-1,  cmd, goto,-1
963.0, elevID,2,  pos,0,  cmd, goto,0
963.0, elevID,3,  pos,-1,  cmd, goto,-1
964.0, elevID,2,  pos,0,  cmd, goto,0
964.0, elevID,3,  pos,-1,  cmd, goto,-1
965.0, elevID,2,  pos,0,  cmd, goto,0
965.0, elevID,3,  pos,-1,  cmd, goto,-1
966.0, elevID,2,  pos,0,  cmd, goto,0
966.0, elevID,3,  pos,-1,  cmd, goto,-1
967.0, elevID,2,  pos,0,  cmd, goto,0
967.0, elevID,3,  pos,-1,  cmd, goto,-1
968.0, elevID,2,  pos,0,  cmd, goto,0
968.0, elevID,3,  pos,-1,  cmd, goto,-1
969.0, elevID,2,  pos,0,  cmd, goto,0
969.0, elevID,3,  pos,-1,  cmd, goto,-1
970.0, elevID,2,  pos,0,  cmd, goto,0
970.0, elevID,3,  pos,-1,  cmd, goto,-1
971.0, elevID,2,  pos,0,  cmd, goto,0
971.0, elevID,3,  pos,-1,  cmd, goto,-1
972.0, elevID,2,  pos,0,  cmd, goto,0
972.0, elevID,3,  pos,-1,  cmd, goto,-1
973.0, elevID,3,  pos,-1,  cmd, goto,-1
973.0,Elevator call,972.8032126022729,1,0,1,1, got allocated to elevator, 1
973.0, elevID,2,  pos,0,  cmd, goto,0
973.0, elevID,3,  pos,-1,  cmd, goto,-1
974.0, elevID,2,  pos,0,  cmd, goto,0
974.0, elevID,3,  pos,-1,  cmd, goto,-1
975.0, elevID,2,  pos,0,  cmd, goto,0
975.0, elevID,3,  pos,-1,  cmd, goto,-1
976.0, elevID,2,  pos,0,  cmd, goto,0
976.0,Elevator call,975.8361202753667,0,-1,1,0, got allocated to elevator, 0
976.0,Elev,2,  arrived at src, 0, Elevator call,975.8361202753667,0,-1,2,0
976.0, elevID,2,  pos,0,  cmd, goto,0
976.0, elevID,3,  pos,-1,  cmd, goto,-1
977.0, elevID,2,  pos,0,  cmd, goto,0
977.0, elevID,3,  pos,-1,  cmd, goto,-1
978.0, elevID,2,  pos,0,  cmd, goto,0
978.0, elevID,3,  pos,-1,  cmd, goto,-1
979.0, elevID,2,  pos,0,  cmd, goto,0
979.0,Elevator call,978.5925148564796,10,0,1,0, got allocated to elevator, 0
979.0, elevID,2,  pos,0,  cmd, goto,0
979.0,Elevator call,978.6210500641439,10,-1,1,0, got allocated to elevator, 0
979.0, elevID,2,  pos,0,  cmd, goto,0
979.0, elevID,3,  pos,-1,  cmd, goto,-1
980.0, elevID,2,  pos,0,  cmd, goto,0
980.0, elevID,3,  pos,-1,  cmd, goto,-1
981.0, elevID,2,  pos,0,  cmd, goto,0
981.0, elevID,3,  pos,-1,  cmd, goto,-1
982.0, elevID,2,  pos,0,  cmd, goto,0
982.0, elevID,3,  pos,-1,  cmd, goto,-1
983.0, elevID,2,  pos,0,  cmd, goto,0
983.0, elevID,3,  pos,-1,  cmd, goto,-1
984.0, elevID,2,  pos,0,  cmd, goto,0
984.0, elevID,3,  pos,-1,  cmd, goto,-1
985.0, elevID,3,  pos,-1,  cmd, goto,-1
985.0,Elevator call,984.1840185574983,7,0,1,1, got allocated to elevator, 1
985.0, elevID,2,  pos,0,  cmd, goto,0
985.0, elevID,3,  pos,-1,  cmd, goto,-1
986.0, elevID,2,  pos,0,  cmd, goto,0
986.0, elevID,3,  pos,-1,  cmd, goto,-1
987.0, elevID,2,  pos,0,  cmd, goto,0
987.0, elevID,3,  pos,-1,  cmd, goto,-1
988.0, elevID,2,  pos,0,  cmd, goto,0
988.0, elevID,3,  pos,-1,  cmd, goto,-1
989.0, elevID,2,  pos,0,  cmd, goto,0
989.0, elevID,3,  pos,-1,  cmd, goto,-1
990.0, elevID,2,  pos,0,  cmd, goto,0
990.0, elevID,3,  pos,-1,  cmd, goto,-1
991.0, elevID,2,  pos,0,  cmd, goto,0
991.0, elevID,3,  pos,-1,  cmd, goto,-1
992.0, elevID,2,  pos,0,  cmd, goto,0
992.0, elevID,3,  pos,-1,  cmd, goto,-1
993.0, elevID,2,  pos,0,  cmd, goto,0
993.0, elevID,3,  pos,-1,  cmd, goto,-1
994.0, elevID,2,  pos,0,  cmd, goto,0
994.0, elevID,3,  pos,-1,  cmd, goto,-1
995.0, elevID,2,  pos,0,  cmd, goto,0
995.0, elevID,3,  pos,-1,  cmd, goto,-1
996.0, elevID,2,  pos,0,  cmd, goto,0
996.0, elevID,3,  pos,-1,  cmd, goto,-1
997.0, elevID,2,  pos,0,  cmd, goto,0
997.0, elevID,3,  pos,-1,  cmd, goto,-1
998.0, elevID,2,  pos,0,  cmd, goto,0
998.0, elevID,3,  pos,-1,  cmd, goto,-1
999.0, elevID,2,  pos,0,  cmd, goto,0
999.0, elevID,3,  pos,-1,  cmd, goto,-1
1000.0,************* Simulation Ended ************
Code Owners,123456789,  Case,2,  Total waiting time: 49726.79282212018,  average waiting time per call: 497.2679282212018,  unCompleted calls,100,  certificate, -45972825858
